[2024-07-24T18:06:12.814+0000] {processor.py:161} INFO - Started process (PID=98) to work on /home/airflow/.local/lib/python3.12/site-packages/airflow/example_dags/example_latest_only_with_trigger.py
[2024-07-24T18:06:12.815+0000] {processor.py:830} INFO - Processing file /home/airflow/.local/lib/python3.12/site-packages/airflow/example_dags/example_latest_only_with_trigger.py for tasks to queue
[2024-07-24T18:06:12.831+0000] {logging_mixin.py:188} INFO - [2024-07-24T18:06:12.831+0000] {dagbag.py:545} INFO - Filling up the DagBag from /home/airflow/.local/lib/python3.12/site-packages/airflow/example_dags/example_latest_only_with_trigger.py
[2024-07-24T18:06:12.850+0000] {processor.py:840} INFO - DAG(s) 'latest_only_with_trigger' retrieved from /home/airflow/.local/lib/python3.12/site-packages/airflow/example_dags/example_latest_only_with_trigger.py
[2024-07-24T18:06:13.126+0000] {logging_mixin.py:188} INFO - [2024-07-24T18:06:13.126+0000] {dag.py:3089} INFO - Sync 1 DAGs
[2024-07-24T18:06:13.238+0000] {logging_mixin.py:188} INFO - [2024-07-24T18:06:13.237+0000] {dag.py:3947} INFO - Setting next_dagrun for latest_only_with_trigger to 2024-07-24 12:00:00+00:00, run_after=2024-07-24 16:00:00+00:00
[2024-07-24T18:06:13.305+0000] {processor.py:183} INFO - Processing /home/airflow/.local/lib/python3.12/site-packages/airflow/example_dags/example_latest_only_with_trigger.py took 0.509 seconds
[2024-07-24T18:06:43.963+0000] {processor.py:161} INFO - Started process (PID=156) to work on /home/airflow/.local/lib/python3.12/site-packages/airflow/example_dags/example_latest_only_with_trigger.py
[2024-07-24T18:06:43.966+0000] {processor.py:830} INFO - Processing file /home/airflow/.local/lib/python3.12/site-packages/airflow/example_dags/example_latest_only_with_trigger.py for tasks to queue
[2024-07-24T18:06:43.968+0000] {logging_mixin.py:188} INFO - [2024-07-24T18:06:43.967+0000] {dagbag.py:545} INFO - Filling up the DagBag from /home/airflow/.local/lib/python3.12/site-packages/airflow/example_dags/example_latest_only_with_trigger.py
[2024-07-24T18:06:43.972+0000] {processor.py:840} INFO - DAG(s) 'latest_only_with_trigger' retrieved from /home/airflow/.local/lib/python3.12/site-packages/airflow/example_dags/example_latest_only_with_trigger.py
[2024-07-24T18:06:43.995+0000] {logging_mixin.py:188} INFO - [2024-07-24T18:06:43.995+0000] {dag.py:3089} INFO - Sync 1 DAGs
[2024-07-24T18:06:44.016+0000] {logging_mixin.py:188} INFO - [2024-07-24T18:06:44.015+0000] {dag.py:3947} INFO - Setting next_dagrun for latest_only_with_trigger to 2024-07-24 12:00:00+00:00, run_after=2024-07-24 16:00:00+00:00
[2024-07-24T18:06:44.034+0000] {processor.py:183} INFO - Processing /home/airflow/.local/lib/python3.12/site-packages/airflow/example_dags/example_latest_only_with_trigger.py took 0.076 seconds
[2024-07-24T18:07:14.266+0000] {processor.py:161} INFO - Started process (PID=214) to work on /home/airflow/.local/lib/python3.12/site-packages/airflow/example_dags/example_latest_only_with_trigger.py
[2024-07-24T18:07:14.267+0000] {processor.py:830} INFO - Processing file /home/airflow/.local/lib/python3.12/site-packages/airflow/example_dags/example_latest_only_with_trigger.py for tasks to queue
[2024-07-24T18:07:14.270+0000] {logging_mixin.py:188} INFO - [2024-07-24T18:07:14.270+0000] {dagbag.py:545} INFO - Filling up the DagBag from /home/airflow/.local/lib/python3.12/site-packages/airflow/example_dags/example_latest_only_with_trigger.py
[2024-07-24T18:07:14.275+0000] {processor.py:840} INFO - DAG(s) 'latest_only_with_trigger' retrieved from /home/airflow/.local/lib/python3.12/site-packages/airflow/example_dags/example_latest_only_with_trigger.py
[2024-07-24T18:07:14.298+0000] {logging_mixin.py:188} INFO - [2024-07-24T18:07:14.298+0000] {dag.py:3089} INFO - Sync 1 DAGs
[2024-07-24T18:07:14.320+0000] {logging_mixin.py:188} INFO - [2024-07-24T18:07:14.320+0000] {dag.py:3947} INFO - Setting next_dagrun for latest_only_with_trigger to 2024-07-24 12:00:00+00:00, run_after=2024-07-24 16:00:00+00:00
[2024-07-24T18:07:14.343+0000] {processor.py:183} INFO - Processing /home/airflow/.local/lib/python3.12/site-packages/airflow/example_dags/example_latest_only_with_trigger.py took 0.082 seconds
[2024-07-24T18:07:44.615+0000] {processor.py:161} INFO - Started process (PID=272) to work on /home/airflow/.local/lib/python3.12/site-packages/airflow/example_dags/example_latest_only_with_trigger.py
[2024-07-24T18:07:44.615+0000] {processor.py:830} INFO - Processing file /home/airflow/.local/lib/python3.12/site-packages/airflow/example_dags/example_latest_only_with_trigger.py for tasks to queue
[2024-07-24T18:07:44.619+0000] {logging_mixin.py:188} INFO - [2024-07-24T18:07:44.619+0000] {dagbag.py:545} INFO - Filling up the DagBag from /home/airflow/.local/lib/python3.12/site-packages/airflow/example_dags/example_latest_only_with_trigger.py
[2024-07-24T18:07:44.624+0000] {processor.py:840} INFO - DAG(s) 'latest_only_with_trigger' retrieved from /home/airflow/.local/lib/python3.12/site-packages/airflow/example_dags/example_latest_only_with_trigger.py
[2024-07-24T18:07:44.645+0000] {logging_mixin.py:188} INFO - [2024-07-24T18:07:44.645+0000] {dag.py:3089} INFO - Sync 1 DAGs
[2024-07-24T18:07:44.667+0000] {logging_mixin.py:188} INFO - [2024-07-24T18:07:44.666+0000] {dag.py:3947} INFO - Setting next_dagrun for latest_only_with_trigger to 2024-07-24 12:00:00+00:00, run_after=2024-07-24 16:00:00+00:00
[2024-07-24T18:07:44.684+0000] {processor.py:183} INFO - Processing /home/airflow/.local/lib/python3.12/site-packages/airflow/example_dags/example_latest_only_with_trigger.py took 0.075 seconds
[2024-07-24T18:08:15.007+0000] {processor.py:161} INFO - Started process (PID=329) to work on /home/airflow/.local/lib/python3.12/site-packages/airflow/example_dags/example_latest_only_with_trigger.py
[2024-07-24T18:08:15.009+0000] {processor.py:830} INFO - Processing file /home/airflow/.local/lib/python3.12/site-packages/airflow/example_dags/example_latest_only_with_trigger.py for tasks to queue
[2024-07-24T18:08:15.011+0000] {logging_mixin.py:188} INFO - [2024-07-24T18:08:15.011+0000] {dagbag.py:545} INFO - Filling up the DagBag from /home/airflow/.local/lib/python3.12/site-packages/airflow/example_dags/example_latest_only_with_trigger.py
[2024-07-24T18:08:15.016+0000] {processor.py:840} INFO - DAG(s) 'latest_only_with_trigger' retrieved from /home/airflow/.local/lib/python3.12/site-packages/airflow/example_dags/example_latest_only_with_trigger.py
[2024-07-24T18:08:15.041+0000] {logging_mixin.py:188} INFO - [2024-07-24T18:08:15.041+0000] {dag.py:3089} INFO - Sync 1 DAGs
[2024-07-24T18:08:15.076+0000] {logging_mixin.py:188} INFO - [2024-07-24T18:08:15.076+0000] {dag.py:3947} INFO - Setting next_dagrun for latest_only_with_trigger to 2024-07-24 12:00:00+00:00, run_after=2024-07-24 16:00:00+00:00
[2024-07-24T18:08:15.105+0000] {processor.py:183} INFO - Processing /home/airflow/.local/lib/python3.12/site-packages/airflow/example_dags/example_latest_only_with_trigger.py took 0.103 seconds
[2024-07-24T18:08:45.301+0000] {processor.py:161} INFO - Started process (PID=387) to work on /home/airflow/.local/lib/python3.12/site-packages/airflow/example_dags/example_latest_only_with_trigger.py
[2024-07-24T18:08:45.301+0000] {processor.py:830} INFO - Processing file /home/airflow/.local/lib/python3.12/site-packages/airflow/example_dags/example_latest_only_with_trigger.py for tasks to queue
[2024-07-24T18:08:45.303+0000] {logging_mixin.py:188} INFO - [2024-07-24T18:08:45.302+0000] {dagbag.py:545} INFO - Filling up the DagBag from /home/airflow/.local/lib/python3.12/site-packages/airflow/example_dags/example_latest_only_with_trigger.py
[2024-07-24T18:08:45.310+0000] {processor.py:840} INFO - DAG(s) 'latest_only_with_trigger' retrieved from /home/airflow/.local/lib/python3.12/site-packages/airflow/example_dags/example_latest_only_with_trigger.py
[2024-07-24T18:08:45.333+0000] {logging_mixin.py:188} INFO - [2024-07-24T18:08:45.332+0000] {dag.py:3089} INFO - Sync 1 DAGs
[2024-07-24T18:08:45.369+0000] {logging_mixin.py:188} INFO - [2024-07-24T18:08:45.368+0000] {dag.py:3947} INFO - Setting next_dagrun for latest_only_with_trigger to 2024-07-24 12:00:00+00:00, run_after=2024-07-24 16:00:00+00:00
[2024-07-24T18:08:45.397+0000] {processor.py:183} INFO - Processing /home/airflow/.local/lib/python3.12/site-packages/airflow/example_dags/example_latest_only_with_trigger.py took 0.102 seconds
[2024-07-24T18:09:15.470+0000] {processor.py:161} INFO - Started process (PID=445) to work on /home/airflow/.local/lib/python3.12/site-packages/airflow/example_dags/example_latest_only_with_trigger.py
[2024-07-24T18:09:15.473+0000] {processor.py:830} INFO - Processing file /home/airflow/.local/lib/python3.12/site-packages/airflow/example_dags/example_latest_only_with_trigger.py for tasks to queue
[2024-07-24T18:09:15.475+0000] {logging_mixin.py:188} INFO - [2024-07-24T18:09:15.474+0000] {dagbag.py:545} INFO - Filling up the DagBag from /home/airflow/.local/lib/python3.12/site-packages/airflow/example_dags/example_latest_only_with_trigger.py
[2024-07-24T18:09:15.480+0000] {processor.py:840} INFO - DAG(s) 'latest_only_with_trigger' retrieved from /home/airflow/.local/lib/python3.12/site-packages/airflow/example_dags/example_latest_only_with_trigger.py
[2024-07-24T18:09:15.503+0000] {logging_mixin.py:188} INFO - [2024-07-24T18:09:15.502+0000] {dag.py:3089} INFO - Sync 1 DAGs
[2024-07-24T18:09:15.528+0000] {logging_mixin.py:188} INFO - [2024-07-24T18:09:15.528+0000] {dag.py:3947} INFO - Setting next_dagrun for latest_only_with_trigger to 2024-07-24 12:00:00+00:00, run_after=2024-07-24 16:00:00+00:00
[2024-07-24T18:09:15.548+0000] {processor.py:183} INFO - Processing /home/airflow/.local/lib/python3.12/site-packages/airflow/example_dags/example_latest_only_with_trigger.py took 0.083 seconds
[2024-07-24T18:09:46.085+0000] {processor.py:161} INFO - Started process (PID=503) to work on /home/airflow/.local/lib/python3.12/site-packages/airflow/example_dags/example_latest_only_with_trigger.py
[2024-07-24T18:09:46.086+0000] {processor.py:830} INFO - Processing file /home/airflow/.local/lib/python3.12/site-packages/airflow/example_dags/example_latest_only_with_trigger.py for tasks to queue
[2024-07-24T18:09:46.087+0000] {logging_mixin.py:188} INFO - [2024-07-24T18:09:46.087+0000] {dagbag.py:545} INFO - Filling up the DagBag from /home/airflow/.local/lib/python3.12/site-packages/airflow/example_dags/example_latest_only_with_trigger.py
[2024-07-24T18:09:46.095+0000] {processor.py:840} INFO - DAG(s) 'latest_only_with_trigger' retrieved from /home/airflow/.local/lib/python3.12/site-packages/airflow/example_dags/example_latest_only_with_trigger.py
[2024-07-24T18:09:46.114+0000] {logging_mixin.py:188} INFO - [2024-07-24T18:09:46.114+0000] {dag.py:3089} INFO - Sync 1 DAGs
[2024-07-24T18:09:46.138+0000] {logging_mixin.py:188} INFO - [2024-07-24T18:09:46.138+0000] {dag.py:3947} INFO - Setting next_dagrun for latest_only_with_trigger to 2024-07-24 12:00:00+00:00, run_after=2024-07-24 16:00:00+00:00
[2024-07-24T18:09:46.156+0000] {processor.py:183} INFO - Processing /home/airflow/.local/lib/python3.12/site-packages/airflow/example_dags/example_latest_only_with_trigger.py took 0.076 seconds
[2024-07-24T18:10:16.441+0000] {processor.py:161} INFO - Started process (PID=561) to work on /home/airflow/.local/lib/python3.12/site-packages/airflow/example_dags/example_latest_only_with_trigger.py
[2024-07-24T18:10:16.443+0000] {processor.py:830} INFO - Processing file /home/airflow/.local/lib/python3.12/site-packages/airflow/example_dags/example_latest_only_with_trigger.py for tasks to queue
[2024-07-24T18:10:16.444+0000] {logging_mixin.py:188} INFO - [2024-07-24T18:10:16.444+0000] {dagbag.py:545} INFO - Filling up the DagBag from /home/airflow/.local/lib/python3.12/site-packages/airflow/example_dags/example_latest_only_with_trigger.py
[2024-07-24T18:10:16.451+0000] {processor.py:840} INFO - DAG(s) 'latest_only_with_trigger' retrieved from /home/airflow/.local/lib/python3.12/site-packages/airflow/example_dags/example_latest_only_with_trigger.py
[2024-07-24T18:10:16.495+0000] {logging_mixin.py:188} INFO - [2024-07-24T18:10:16.491+0000] {dag.py:3089} INFO - Sync 1 DAGs
[2024-07-24T18:10:16.543+0000] {logging_mixin.py:188} INFO - [2024-07-24T18:10:16.542+0000] {dag.py:3947} INFO - Setting next_dagrun for latest_only_with_trigger to 2024-07-24 12:00:00+00:00, run_after=2024-07-24 16:00:00+00:00
[2024-07-24T18:10:16.585+0000] {processor.py:183} INFO - Processing /home/airflow/.local/lib/python3.12/site-packages/airflow/example_dags/example_latest_only_with_trigger.py took 0.158 seconds
[2024-07-24T18:10:46.673+0000] {processor.py:161} INFO - Started process (PID=619) to work on /home/airflow/.local/lib/python3.12/site-packages/airflow/example_dags/example_latest_only_with_trigger.py
[2024-07-24T18:10:46.677+0000] {processor.py:830} INFO - Processing file /home/airflow/.local/lib/python3.12/site-packages/airflow/example_dags/example_latest_only_with_trigger.py for tasks to queue
[2024-07-24T18:10:46.679+0000] {logging_mixin.py:188} INFO - [2024-07-24T18:10:46.678+0000] {dagbag.py:545} INFO - Filling up the DagBag from /home/airflow/.local/lib/python3.12/site-packages/airflow/example_dags/example_latest_only_with_trigger.py
[2024-07-24T18:10:46.684+0000] {processor.py:840} INFO - DAG(s) 'latest_only_with_trigger' retrieved from /home/airflow/.local/lib/python3.12/site-packages/airflow/example_dags/example_latest_only_with_trigger.py
[2024-07-24T18:10:46.752+0000] {logging_mixin.py:188} INFO - [2024-07-24T18:10:46.751+0000] {dag.py:3089} INFO - Sync 1 DAGs
[2024-07-24T18:10:46.792+0000] {logging_mixin.py:188} INFO - [2024-07-24T18:10:46.792+0000] {dag.py:3947} INFO - Setting next_dagrun for latest_only_with_trigger to 2024-07-24 12:00:00+00:00, run_after=2024-07-24 16:00:00+00:00
[2024-07-24T18:10:46.870+0000] {processor.py:183} INFO - Processing /home/airflow/.local/lib/python3.12/site-packages/airflow/example_dags/example_latest_only_with_trigger.py took 0.212 seconds
[2024-07-24T18:11:17.087+0000] {processor.py:161} INFO - Started process (PID=676) to work on /home/airflow/.local/lib/python3.12/site-packages/airflow/example_dags/example_latest_only_with_trigger.py
[2024-07-24T18:11:17.090+0000] {processor.py:830} INFO - Processing file /home/airflow/.local/lib/python3.12/site-packages/airflow/example_dags/example_latest_only_with_trigger.py for tasks to queue
[2024-07-24T18:11:17.091+0000] {logging_mixin.py:188} INFO - [2024-07-24T18:11:17.091+0000] {dagbag.py:545} INFO - Filling up the DagBag from /home/airflow/.local/lib/python3.12/site-packages/airflow/example_dags/example_latest_only_with_trigger.py
[2024-07-24T18:11:17.096+0000] {processor.py:840} INFO - DAG(s) 'latest_only_with_trigger' retrieved from /home/airflow/.local/lib/python3.12/site-packages/airflow/example_dags/example_latest_only_with_trigger.py
[2024-07-24T18:11:17.121+0000] {logging_mixin.py:188} INFO - [2024-07-24T18:11:17.121+0000] {dag.py:3089} INFO - Sync 1 DAGs
[2024-07-24T18:11:17.144+0000] {logging_mixin.py:188} INFO - [2024-07-24T18:11:17.144+0000] {dag.py:3947} INFO - Setting next_dagrun for latest_only_with_trigger to 2024-07-24 12:00:00+00:00, run_after=2024-07-24 16:00:00+00:00
[2024-07-24T18:11:17.167+0000] {processor.py:183} INFO - Processing /home/airflow/.local/lib/python3.12/site-packages/airflow/example_dags/example_latest_only_with_trigger.py took 0.085 seconds
[2024-07-24T18:11:47.548+0000] {processor.py:161} INFO - Started process (PID=734) to work on /home/airflow/.local/lib/python3.12/site-packages/airflow/example_dags/example_latest_only_with_trigger.py
[2024-07-24T18:11:47.552+0000] {processor.py:830} INFO - Processing file /home/airflow/.local/lib/python3.12/site-packages/airflow/example_dags/example_latest_only_with_trigger.py for tasks to queue
[2024-07-24T18:11:47.553+0000] {logging_mixin.py:188} INFO - [2024-07-24T18:11:47.553+0000] {dagbag.py:545} INFO - Filling up the DagBag from /home/airflow/.local/lib/python3.12/site-packages/airflow/example_dags/example_latest_only_with_trigger.py
[2024-07-24T18:11:47.558+0000] {processor.py:840} INFO - DAG(s) 'latest_only_with_trigger' retrieved from /home/airflow/.local/lib/python3.12/site-packages/airflow/example_dags/example_latest_only_with_trigger.py
[2024-07-24T18:11:47.583+0000] {logging_mixin.py:188} INFO - [2024-07-24T18:11:47.583+0000] {dag.py:3089} INFO - Sync 1 DAGs
[2024-07-24T18:11:47.605+0000] {logging_mixin.py:188} INFO - [2024-07-24T18:11:47.605+0000] {dag.py:3947} INFO - Setting next_dagrun for latest_only_with_trigger to 2024-07-24 12:00:00+00:00, run_after=2024-07-24 16:00:00+00:00
[2024-07-24T18:11:47.624+0000] {processor.py:183} INFO - Processing /home/airflow/.local/lib/python3.12/site-packages/airflow/example_dags/example_latest_only_with_trigger.py took 0.082 seconds
[2024-07-24T18:12:18.114+0000] {processor.py:161} INFO - Started process (PID=798) to work on /home/airflow/.local/lib/python3.12/site-packages/airflow/example_dags/example_latest_only_with_trigger.py
[2024-07-24T18:12:18.115+0000] {processor.py:830} INFO - Processing file /home/airflow/.local/lib/python3.12/site-packages/airflow/example_dags/example_latest_only_with_trigger.py for tasks to queue
[2024-07-24T18:12:18.119+0000] {logging_mixin.py:188} INFO - [2024-07-24T18:12:18.119+0000] {dagbag.py:545} INFO - Filling up the DagBag from /home/airflow/.local/lib/python3.12/site-packages/airflow/example_dags/example_latest_only_with_trigger.py
[2024-07-24T18:12:18.125+0000] {processor.py:840} INFO - DAG(s) 'latest_only_with_trigger' retrieved from /home/airflow/.local/lib/python3.12/site-packages/airflow/example_dags/example_latest_only_with_trigger.py
[2024-07-24T18:12:18.150+0000] {logging_mixin.py:188} INFO - [2024-07-24T18:12:18.150+0000] {dag.py:3089} INFO - Sync 1 DAGs
[2024-07-24T18:12:18.175+0000] {logging_mixin.py:188} INFO - [2024-07-24T18:12:18.175+0000] {dag.py:3947} INFO - Setting next_dagrun for latest_only_with_trigger to 2024-07-24 12:00:00+00:00, run_after=2024-07-24 16:00:00+00:00
[2024-07-24T18:12:18.196+0000] {processor.py:183} INFO - Processing /home/airflow/.local/lib/python3.12/site-packages/airflow/example_dags/example_latest_only_with_trigger.py took 0.090 seconds
[2024-07-24T18:12:48.972+0000] {processor.py:161} INFO - Started process (PID=856) to work on /home/airflow/.local/lib/python3.12/site-packages/airflow/example_dags/example_latest_only_with_trigger.py
[2024-07-24T18:12:48.974+0000] {processor.py:830} INFO - Processing file /home/airflow/.local/lib/python3.12/site-packages/airflow/example_dags/example_latest_only_with_trigger.py for tasks to queue
[2024-07-24T18:12:48.976+0000] {logging_mixin.py:188} INFO - [2024-07-24T18:12:48.976+0000] {dagbag.py:545} INFO - Filling up the DagBag from /home/airflow/.local/lib/python3.12/site-packages/airflow/example_dags/example_latest_only_with_trigger.py
[2024-07-24T18:12:48.982+0000] {processor.py:840} INFO - DAG(s) 'latest_only_with_trigger' retrieved from /home/airflow/.local/lib/python3.12/site-packages/airflow/example_dags/example_latest_only_with_trigger.py
[2024-07-24T18:12:49.003+0000] {logging_mixin.py:188} INFO - [2024-07-24T18:12:49.003+0000] {dag.py:3089} INFO - Sync 1 DAGs
[2024-07-24T18:12:49.028+0000] {logging_mixin.py:188} INFO - [2024-07-24T18:12:49.028+0000] {dag.py:3947} INFO - Setting next_dagrun for latest_only_with_trigger to 2024-07-24 12:00:00+00:00, run_after=2024-07-24 16:00:00+00:00
[2024-07-24T18:12:49.047+0000] {processor.py:183} INFO - Processing /home/airflow/.local/lib/python3.12/site-packages/airflow/example_dags/example_latest_only_with_trigger.py took 0.082 seconds
[2024-07-24T18:13:19.977+0000] {processor.py:161} INFO - Started process (PID=914) to work on /home/airflow/.local/lib/python3.12/site-packages/airflow/example_dags/example_latest_only_with_trigger.py
[2024-07-24T18:13:19.978+0000] {processor.py:830} INFO - Processing file /home/airflow/.local/lib/python3.12/site-packages/airflow/example_dags/example_latest_only_with_trigger.py for tasks to queue
[2024-07-24T18:13:19.979+0000] {logging_mixin.py:188} INFO - [2024-07-24T18:13:19.979+0000] {dagbag.py:545} INFO - Filling up the DagBag from /home/airflow/.local/lib/python3.12/site-packages/airflow/example_dags/example_latest_only_with_trigger.py
[2024-07-24T18:13:19.986+0000] {processor.py:840} INFO - DAG(s) 'latest_only_with_trigger' retrieved from /home/airflow/.local/lib/python3.12/site-packages/airflow/example_dags/example_latest_only_with_trigger.py
[2024-07-24T18:13:20.011+0000] {logging_mixin.py:188} INFO - [2024-07-24T18:13:20.011+0000] {dag.py:3089} INFO - Sync 1 DAGs
[2024-07-24T18:13:20.035+0000] {logging_mixin.py:188} INFO - [2024-07-24T18:13:20.034+0000] {dag.py:3947} INFO - Setting next_dagrun for latest_only_with_trigger to 2024-07-24 12:00:00+00:00, run_after=2024-07-24 16:00:00+00:00
[2024-07-24T18:13:20.061+0000] {processor.py:183} INFO - Processing /home/airflow/.local/lib/python3.12/site-packages/airflow/example_dags/example_latest_only_with_trigger.py took 0.090 seconds
[2024-07-24T18:13:52.540+0000] {processor.py:161} INFO - Started process (PID=972) to work on /home/airflow/.local/lib/python3.12/site-packages/airflow/example_dags/example_latest_only_with_trigger.py
[2024-07-24T18:13:52.546+0000] {processor.py:830} INFO - Processing file /home/airflow/.local/lib/python3.12/site-packages/airflow/example_dags/example_latest_only_with_trigger.py for tasks to queue
[2024-07-24T18:13:52.548+0000] {logging_mixin.py:188} INFO - [2024-07-24T18:13:52.548+0000] {dagbag.py:545} INFO - Filling up the DagBag from /home/airflow/.local/lib/python3.12/site-packages/airflow/example_dags/example_latest_only_with_trigger.py
[2024-07-24T18:13:52.558+0000] {processor.py:840} INFO - DAG(s) 'latest_only_with_trigger' retrieved from /home/airflow/.local/lib/python3.12/site-packages/airflow/example_dags/example_latest_only_with_trigger.py
[2024-07-24T18:13:52.580+0000] {logging_mixin.py:188} INFO - [2024-07-24T18:13:52.580+0000] {dag.py:3089} INFO - Sync 1 DAGs
[2024-07-24T18:13:52.603+0000] {logging_mixin.py:188} INFO - [2024-07-24T18:13:52.603+0000] {dag.py:3947} INFO - Setting next_dagrun for latest_only_with_trigger to 2024-07-24 12:00:00+00:00, run_after=2024-07-24 16:00:00+00:00
[2024-07-24T18:13:52.621+0000] {processor.py:183} INFO - Processing /home/airflow/.local/lib/python3.12/site-packages/airflow/example_dags/example_latest_only_with_trigger.py took 0.089 seconds
[2024-07-24T18:14:23.085+0000] {processor.py:161} INFO - Started process (PID=1029) to work on /home/airflow/.local/lib/python3.12/site-packages/airflow/example_dags/example_latest_only_with_trigger.py
[2024-07-24T18:14:23.086+0000] {processor.py:830} INFO - Processing file /home/airflow/.local/lib/python3.12/site-packages/airflow/example_dags/example_latest_only_with_trigger.py for tasks to queue
[2024-07-24T18:14:23.087+0000] {logging_mixin.py:188} INFO - [2024-07-24T18:14:23.087+0000] {dagbag.py:545} INFO - Filling up the DagBag from /home/airflow/.local/lib/python3.12/site-packages/airflow/example_dags/example_latest_only_with_trigger.py
[2024-07-24T18:14:23.093+0000] {processor.py:840} INFO - DAG(s) 'latest_only_with_trigger' retrieved from /home/airflow/.local/lib/python3.12/site-packages/airflow/example_dags/example_latest_only_with_trigger.py
[2024-07-24T18:14:23.116+0000] {logging_mixin.py:188} INFO - [2024-07-24T18:14:23.115+0000] {dag.py:3089} INFO - Sync 1 DAGs
[2024-07-24T18:14:23.139+0000] {logging_mixin.py:188} INFO - [2024-07-24T18:14:23.139+0000] {dag.py:3947} INFO - Setting next_dagrun for latest_only_with_trigger to 2024-07-24 12:00:00+00:00, run_after=2024-07-24 16:00:00+00:00
[2024-07-24T18:14:23.158+0000] {processor.py:183} INFO - Processing /home/airflow/.local/lib/python3.12/site-packages/airflow/example_dags/example_latest_only_with_trigger.py took 0.080 seconds
[2024-07-24T18:14:53.652+0000] {processor.py:161} INFO - Started process (PID=1087) to work on /home/airflow/.local/lib/python3.12/site-packages/airflow/example_dags/example_latest_only_with_trigger.py
[2024-07-24T18:14:53.656+0000] {processor.py:830} INFO - Processing file /home/airflow/.local/lib/python3.12/site-packages/airflow/example_dags/example_latest_only_with_trigger.py for tasks to queue
[2024-07-24T18:14:53.657+0000] {logging_mixin.py:188} INFO - [2024-07-24T18:14:53.657+0000] {dagbag.py:545} INFO - Filling up the DagBag from /home/airflow/.local/lib/python3.12/site-packages/airflow/example_dags/example_latest_only_with_trigger.py
[2024-07-24T18:14:53.662+0000] {processor.py:840} INFO - DAG(s) 'latest_only_with_trigger' retrieved from /home/airflow/.local/lib/python3.12/site-packages/airflow/example_dags/example_latest_only_with_trigger.py
[2024-07-24T18:14:53.686+0000] {logging_mixin.py:188} INFO - [2024-07-24T18:14:53.686+0000] {dag.py:3089} INFO - Sync 1 DAGs
[2024-07-24T18:14:53.708+0000] {logging_mixin.py:188} INFO - [2024-07-24T18:14:53.707+0000] {dag.py:3947} INFO - Setting next_dagrun for latest_only_with_trigger to 2024-07-24 12:00:00+00:00, run_after=2024-07-24 16:00:00+00:00
[2024-07-24T18:14:53.727+0000] {processor.py:183} INFO - Processing /home/airflow/.local/lib/python3.12/site-packages/airflow/example_dags/example_latest_only_with_trigger.py took 0.082 seconds
[2024-07-24T18:15:24.277+0000] {processor.py:161} INFO - Started process (PID=1145) to work on /home/airflow/.local/lib/python3.12/site-packages/airflow/example_dags/example_latest_only_with_trigger.py
[2024-07-24T18:15:24.279+0000] {processor.py:830} INFO - Processing file /home/airflow/.local/lib/python3.12/site-packages/airflow/example_dags/example_latest_only_with_trigger.py for tasks to queue
[2024-07-24T18:15:24.280+0000] {logging_mixin.py:188} INFO - [2024-07-24T18:15:24.280+0000] {dagbag.py:545} INFO - Filling up the DagBag from /home/airflow/.local/lib/python3.12/site-packages/airflow/example_dags/example_latest_only_with_trigger.py
[2024-07-24T18:15:24.286+0000] {processor.py:840} INFO - DAG(s) 'latest_only_with_trigger' retrieved from /home/airflow/.local/lib/python3.12/site-packages/airflow/example_dags/example_latest_only_with_trigger.py
[2024-07-24T18:15:24.311+0000] {logging_mixin.py:188} INFO - [2024-07-24T18:15:24.311+0000] {dag.py:3089} INFO - Sync 1 DAGs
[2024-07-24T18:15:24.334+0000] {logging_mixin.py:188} INFO - [2024-07-24T18:15:24.333+0000] {dag.py:3947} INFO - Setting next_dagrun for latest_only_with_trigger to 2024-07-24 12:00:00+00:00, run_after=2024-07-24 16:00:00+00:00
[2024-07-24T18:15:24.357+0000] {processor.py:183} INFO - Processing /home/airflow/.local/lib/python3.12/site-packages/airflow/example_dags/example_latest_only_with_trigger.py took 0.086 seconds
[2024-07-24T18:15:54.772+0000] {processor.py:161} INFO - Started process (PID=1202) to work on /home/airflow/.local/lib/python3.12/site-packages/airflow/example_dags/example_latest_only_with_trigger.py
[2024-07-24T18:15:54.773+0000] {processor.py:830} INFO - Processing file /home/airflow/.local/lib/python3.12/site-packages/airflow/example_dags/example_latest_only_with_trigger.py for tasks to queue
[2024-07-24T18:15:54.776+0000] {logging_mixin.py:188} INFO - [2024-07-24T18:15:54.776+0000] {dagbag.py:545} INFO - Filling up the DagBag from /home/airflow/.local/lib/python3.12/site-packages/airflow/example_dags/example_latest_only_with_trigger.py
[2024-07-24T18:15:54.799+0000] {processor.py:840} INFO - DAG(s) 'latest_only_with_trigger' retrieved from /home/airflow/.local/lib/python3.12/site-packages/airflow/example_dags/example_latest_only_with_trigger.py
[2024-07-24T18:15:54.841+0000] {logging_mixin.py:188} INFO - [2024-07-24T18:15:54.841+0000] {dag.py:3089} INFO - Sync 1 DAGs
[2024-07-24T18:15:54.866+0000] {logging_mixin.py:188} INFO - [2024-07-24T18:15:54.865+0000] {dag.py:3947} INFO - Setting next_dagrun for latest_only_with_trigger to 2024-07-24 12:00:00+00:00, run_after=2024-07-24 16:00:00+00:00
[2024-07-24T18:15:54.885+0000] {processor.py:183} INFO - Processing /home/airflow/.local/lib/python3.12/site-packages/airflow/example_dags/example_latest_only_with_trigger.py took 0.122 seconds
[2024-07-24T18:16:26.819+0000] {processor.py:161} INFO - Started process (PID=1260) to work on /home/airflow/.local/lib/python3.12/site-packages/airflow/example_dags/example_latest_only_with_trigger.py
[2024-07-24T18:16:26.821+0000] {processor.py:830} INFO - Processing file /home/airflow/.local/lib/python3.12/site-packages/airflow/example_dags/example_latest_only_with_trigger.py for tasks to queue
[2024-07-24T18:16:26.825+0000] {logging_mixin.py:188} INFO - [2024-07-24T18:16:26.825+0000] {dagbag.py:545} INFO - Filling up the DagBag from /home/airflow/.local/lib/python3.12/site-packages/airflow/example_dags/example_latest_only_with_trigger.py
[2024-07-24T18:16:26.835+0000] {processor.py:840} INFO - DAG(s) 'latest_only_with_trigger' retrieved from /home/airflow/.local/lib/python3.12/site-packages/airflow/example_dags/example_latest_only_with_trigger.py
[2024-07-24T18:16:26.874+0000] {logging_mixin.py:188} INFO - [2024-07-24T18:16:26.874+0000] {dag.py:3089} INFO - Sync 1 DAGs
[2024-07-24T18:16:26.908+0000] {logging_mixin.py:188} INFO - [2024-07-24T18:16:26.908+0000] {dag.py:3947} INFO - Setting next_dagrun for latest_only_with_trigger to 2024-07-24 12:00:00+00:00, run_after=2024-07-24 16:00:00+00:00
[2024-07-24T18:16:26.947+0000] {processor.py:183} INFO - Processing /home/airflow/.local/lib/python3.12/site-packages/airflow/example_dags/example_latest_only_with_trigger.py took 0.139 seconds
