[2024-07-24T18:06:00.437+0000] {processor.py:161} INFO - Started process (PID=66) to work on /home/airflow/.local/lib/python3.12/site-packages/airflow/example_dags/example_subdag_operator.py
[2024-07-24T18:06:00.438+0000] {processor.py:830} INFO - Processing file /home/airflow/.local/lib/python3.12/site-packages/airflow/example_dags/example_subdag_operator.py for tasks to queue
[2024-07-24T18:06:00.445+0000] {logging_mixin.py:188} INFO - [2024-07-24T18:06:00.445+0000] {dagbag.py:545} INFO - Filling up the DagBag from /home/airflow/.local/lib/python3.12/site-packages/airflow/example_dags/example_subdag_operator.py
[2024-07-24T18:06:00.546+0000] {processor.py:840} INFO - DAG(s) 'example_subdag_operator.section-1', 'example_subdag_operator.section-2', 'example_subdag_operator' retrieved from /home/airflow/.local/lib/python3.12/site-packages/airflow/example_dags/example_subdag_operator.py
[2024-07-24T18:06:00.992+0000] {logging_mixin.py:188} INFO - [2024-07-24T18:06:00.989+0000] {dag.py:3089} INFO - Sync 3 DAGs
[2024-07-24T18:06:01.045+0000] {logging_mixin.py:188} INFO - [2024-07-24T18:06:01.045+0000] {dag.py:3947} INFO - Setting next_dagrun for example_subdag_operator to 2022-01-01 00:00:00+00:00, run_after=2022-01-01 00:00:00+00:00
[2024-07-24T18:06:01.062+0000] {logging_mixin.py:188} INFO - [2024-07-24T18:06:01.061+0000] {dag.py:3947} INFO - Setting next_dagrun for example_subdag_operator.section-1 to None, run_after=None
[2024-07-24T18:06:01.065+0000] {logging_mixin.py:188} INFO - [2024-07-24T18:06:01.065+0000] {dag.py:3947} INFO - Setting next_dagrun for example_subdag_operator.section-2 to None, run_after=None
[2024-07-24T18:06:01.086+0000] {logging_mixin.py:188} INFO - [2024-07-24T18:06:01.086+0000] {dag.py:3089} INFO - Sync 2 DAGs
[2024-07-24T18:06:01.097+0000] {logging_mixin.py:188} INFO - [2024-07-24T18:06:01.097+0000] {dag.py:3947} INFO - Setting next_dagrun for example_subdag_operator.section-1 to None, run_after=None
[2024-07-24T18:06:01.098+0000] {logging_mixin.py:188} INFO - [2024-07-24T18:06:01.098+0000] {dag.py:3947} INFO - Setting next_dagrun for example_subdag_operator.section-2 to None, run_after=None
[2024-07-24T18:06:01.127+0000] {processor.py:183} INFO - Processing /home/airflow/.local/lib/python3.12/site-packages/airflow/example_dags/example_subdag_operator.py took 0.724 seconds
[2024-07-24T18:06:31.290+0000] {processor.py:161} INFO - Started process (PID=124) to work on /home/airflow/.local/lib/python3.12/site-packages/airflow/example_dags/example_subdag_operator.py
[2024-07-24T18:06:31.292+0000] {processor.py:830} INFO - Processing file /home/airflow/.local/lib/python3.12/site-packages/airflow/example_dags/example_subdag_operator.py for tasks to queue
[2024-07-24T18:06:31.294+0000] {logging_mixin.py:188} INFO - [2024-07-24T18:06:31.294+0000] {dagbag.py:545} INFO - Filling up the DagBag from /home/airflow/.local/lib/python3.12/site-packages/airflow/example_dags/example_subdag_operator.py
[2024-07-24T18:06:31.325+0000] {processor.py:840} INFO - DAG(s) 'example_subdag_operator.section-1', 'example_subdag_operator.section-2', 'example_subdag_operator' retrieved from /home/airflow/.local/lib/python3.12/site-packages/airflow/example_dags/example_subdag_operator.py
[2024-07-24T18:06:31.344+0000] {logging_mixin.py:188} INFO - [2024-07-24T18:06:31.343+0000] {dag.py:3089} INFO - Sync 3 DAGs
[2024-07-24T18:06:31.367+0000] {logging_mixin.py:188} INFO - [2024-07-24T18:06:31.367+0000] {dag.py:3947} INFO - Setting next_dagrun for example_subdag_operator to 2022-01-01 00:00:00+00:00, run_after=2022-01-01 00:00:00+00:00
[2024-07-24T18:06:31.370+0000] {logging_mixin.py:188} INFO - [2024-07-24T18:06:31.370+0000] {dag.py:3947} INFO - Setting next_dagrun for example_subdag_operator.section-1 to None, run_after=None
[2024-07-24T18:06:31.372+0000] {logging_mixin.py:188} INFO - [2024-07-24T18:06:31.372+0000] {dag.py:3947} INFO - Setting next_dagrun for example_subdag_operator.section-2 to None, run_after=None
[2024-07-24T18:06:31.381+0000] {logging_mixin.py:188} INFO - [2024-07-24T18:06:31.381+0000] {dag.py:3089} INFO - Sync 2 DAGs
[2024-07-24T18:06:31.388+0000] {logging_mixin.py:188} INFO - [2024-07-24T18:06:31.387+0000] {dag.py:3947} INFO - Setting next_dagrun for example_subdag_operator.section-1 to None, run_after=None
[2024-07-24T18:06:31.388+0000] {logging_mixin.py:188} INFO - [2024-07-24T18:06:31.388+0000] {dag.py:3947} INFO - Setting next_dagrun for example_subdag_operator.section-2 to None, run_after=None
[2024-07-24T18:06:31.403+0000] {processor.py:183} INFO - Processing /home/airflow/.local/lib/python3.12/site-packages/airflow/example_dags/example_subdag_operator.py took 0.121 seconds
[2024-07-24T18:07:01.625+0000] {processor.py:161} INFO - Started process (PID=182) to work on /home/airflow/.local/lib/python3.12/site-packages/airflow/example_dags/example_subdag_operator.py
[2024-07-24T18:07:01.626+0000] {processor.py:830} INFO - Processing file /home/airflow/.local/lib/python3.12/site-packages/airflow/example_dags/example_subdag_operator.py for tasks to queue
[2024-07-24T18:07:01.628+0000] {logging_mixin.py:188} INFO - [2024-07-24T18:07:01.627+0000] {dagbag.py:545} INFO - Filling up the DagBag from /home/airflow/.local/lib/python3.12/site-packages/airflow/example_dags/example_subdag_operator.py
[2024-07-24T18:07:01.661+0000] {processor.py:840} INFO - DAG(s) 'example_subdag_operator.section-1', 'example_subdag_operator.section-2', 'example_subdag_operator' retrieved from /home/airflow/.local/lib/python3.12/site-packages/airflow/example_dags/example_subdag_operator.py
[2024-07-24T18:07:01.679+0000] {logging_mixin.py:188} INFO - [2024-07-24T18:07:01.679+0000] {dag.py:3089} INFO - Sync 3 DAGs
[2024-07-24T18:07:01.703+0000] {logging_mixin.py:188} INFO - [2024-07-24T18:07:01.703+0000] {dag.py:3947} INFO - Setting next_dagrun for example_subdag_operator to 2022-01-01 00:00:00+00:00, run_after=2022-01-01 00:00:00+00:00
[2024-07-24T18:07:01.708+0000] {logging_mixin.py:188} INFO - [2024-07-24T18:07:01.708+0000] {dag.py:3947} INFO - Setting next_dagrun for example_subdag_operator.section-1 to None, run_after=None
[2024-07-24T18:07:01.710+0000] {logging_mixin.py:188} INFO - [2024-07-24T18:07:01.709+0000] {dag.py:3947} INFO - Setting next_dagrun for example_subdag_operator.section-2 to None, run_after=None
[2024-07-24T18:07:01.717+0000] {logging_mixin.py:188} INFO - [2024-07-24T18:07:01.717+0000] {dag.py:3089} INFO - Sync 2 DAGs
[2024-07-24T18:07:01.726+0000] {logging_mixin.py:188} INFO - [2024-07-24T18:07:01.726+0000] {dag.py:3947} INFO - Setting next_dagrun for example_subdag_operator.section-1 to None, run_after=None
[2024-07-24T18:07:01.727+0000] {logging_mixin.py:188} INFO - [2024-07-24T18:07:01.726+0000] {dag.py:3947} INFO - Setting next_dagrun for example_subdag_operator.section-2 to None, run_after=None
[2024-07-24T18:07:01.744+0000] {processor.py:183} INFO - Processing /home/airflow/.local/lib/python3.12/site-packages/airflow/example_dags/example_subdag_operator.py took 0.126 seconds
[2024-07-24T18:07:31.775+0000] {processor.py:161} INFO - Started process (PID=240) to work on /home/airflow/.local/lib/python3.12/site-packages/airflow/example_dags/example_subdag_operator.py
[2024-07-24T18:07:31.776+0000] {processor.py:830} INFO - Processing file /home/airflow/.local/lib/python3.12/site-packages/airflow/example_dags/example_subdag_operator.py for tasks to queue
[2024-07-24T18:07:31.777+0000] {logging_mixin.py:188} INFO - [2024-07-24T18:07:31.777+0000] {dagbag.py:545} INFO - Filling up the DagBag from /home/airflow/.local/lib/python3.12/site-packages/airflow/example_dags/example_subdag_operator.py
[2024-07-24T18:07:31.808+0000] {processor.py:840} INFO - DAG(s) 'example_subdag_operator.section-1', 'example_subdag_operator.section-2', 'example_subdag_operator' retrieved from /home/airflow/.local/lib/python3.12/site-packages/airflow/example_dags/example_subdag_operator.py
[2024-07-24T18:07:31.825+0000] {logging_mixin.py:188} INFO - [2024-07-24T18:07:31.824+0000] {dag.py:3089} INFO - Sync 3 DAGs
[2024-07-24T18:07:31.848+0000] {logging_mixin.py:188} INFO - [2024-07-24T18:07:31.847+0000] {dag.py:3947} INFO - Setting next_dagrun for example_subdag_operator to 2022-01-01 00:00:00+00:00, run_after=2022-01-01 00:00:00+00:00
[2024-07-24T18:07:31.851+0000] {logging_mixin.py:188} INFO - [2024-07-24T18:07:31.850+0000] {dag.py:3947} INFO - Setting next_dagrun for example_subdag_operator.section-1 to None, run_after=None
[2024-07-24T18:07:31.852+0000] {logging_mixin.py:188} INFO - [2024-07-24T18:07:31.852+0000] {dag.py:3947} INFO - Setting next_dagrun for example_subdag_operator.section-2 to None, run_after=None
[2024-07-24T18:07:31.862+0000] {logging_mixin.py:188} INFO - [2024-07-24T18:07:31.862+0000] {dag.py:3089} INFO - Sync 2 DAGs
[2024-07-24T18:07:31.868+0000] {logging_mixin.py:188} INFO - [2024-07-24T18:07:31.868+0000] {dag.py:3947} INFO - Setting next_dagrun for example_subdag_operator.section-1 to None, run_after=None
[2024-07-24T18:07:31.869+0000] {logging_mixin.py:188} INFO - [2024-07-24T18:07:31.868+0000] {dag.py:3947} INFO - Setting next_dagrun for example_subdag_operator.section-2 to None, run_after=None
[2024-07-24T18:07:31.889+0000] {processor.py:183} INFO - Processing /home/airflow/.local/lib/python3.12/site-packages/airflow/example_dags/example_subdag_operator.py took 0.120 seconds
[2024-07-24T18:08:02.159+0000] {processor.py:161} INFO - Started process (PID=297) to work on /home/airflow/.local/lib/python3.12/site-packages/airflow/example_dags/example_subdag_operator.py
[2024-07-24T18:08:02.162+0000] {processor.py:830} INFO - Processing file /home/airflow/.local/lib/python3.12/site-packages/airflow/example_dags/example_subdag_operator.py for tasks to queue
[2024-07-24T18:08:02.163+0000] {logging_mixin.py:188} INFO - [2024-07-24T18:08:02.163+0000] {dagbag.py:545} INFO - Filling up the DagBag from /home/airflow/.local/lib/python3.12/site-packages/airflow/example_dags/example_subdag_operator.py
[2024-07-24T18:08:02.192+0000] {processor.py:840} INFO - DAG(s) 'example_subdag_operator.section-1', 'example_subdag_operator.section-2', 'example_subdag_operator' retrieved from /home/airflow/.local/lib/python3.12/site-packages/airflow/example_dags/example_subdag_operator.py
[2024-07-24T18:08:02.209+0000] {logging_mixin.py:188} INFO - [2024-07-24T18:08:02.209+0000] {dag.py:3089} INFO - Sync 3 DAGs
[2024-07-24T18:08:02.232+0000] {logging_mixin.py:188} INFO - [2024-07-24T18:08:02.232+0000] {dag.py:3947} INFO - Setting next_dagrun for example_subdag_operator to 2022-01-01 00:00:00+00:00, run_after=2022-01-01 00:00:00+00:00
[2024-07-24T18:08:02.236+0000] {logging_mixin.py:188} INFO - [2024-07-24T18:08:02.235+0000] {dag.py:3947} INFO - Setting next_dagrun for example_subdag_operator.section-1 to None, run_after=None
[2024-07-24T18:08:02.237+0000] {logging_mixin.py:188} INFO - [2024-07-24T18:08:02.237+0000] {dag.py:3947} INFO - Setting next_dagrun for example_subdag_operator.section-2 to None, run_after=None
[2024-07-24T18:08:02.246+0000] {logging_mixin.py:188} INFO - [2024-07-24T18:08:02.246+0000] {dag.py:3089} INFO - Sync 2 DAGs
[2024-07-24T18:08:02.252+0000] {logging_mixin.py:188} INFO - [2024-07-24T18:08:02.252+0000] {dag.py:3947} INFO - Setting next_dagrun for example_subdag_operator.section-1 to None, run_after=None
[2024-07-24T18:08:02.252+0000] {logging_mixin.py:188} INFO - [2024-07-24T18:08:02.252+0000] {dag.py:3947} INFO - Setting next_dagrun for example_subdag_operator.section-2 to None, run_after=None
[2024-07-24T18:08:02.269+0000] {processor.py:183} INFO - Processing /home/airflow/.local/lib/python3.12/site-packages/airflow/example_dags/example_subdag_operator.py took 0.116 seconds
[2024-07-24T18:08:33.049+0000] {processor.py:161} INFO - Started process (PID=355) to work on /home/airflow/.local/lib/python3.12/site-packages/airflow/example_dags/example_subdag_operator.py
[2024-07-24T18:08:33.052+0000] {processor.py:830} INFO - Processing file /home/airflow/.local/lib/python3.12/site-packages/airflow/example_dags/example_subdag_operator.py for tasks to queue
[2024-07-24T18:08:33.056+0000] {logging_mixin.py:188} INFO - [2024-07-24T18:08:33.056+0000] {dagbag.py:545} INFO - Filling up the DagBag from /home/airflow/.local/lib/python3.12/site-packages/airflow/example_dags/example_subdag_operator.py
[2024-07-24T18:08:33.113+0000] {processor.py:840} INFO - DAG(s) 'example_subdag_operator.section-1', 'example_subdag_operator.section-2', 'example_subdag_operator' retrieved from /home/airflow/.local/lib/python3.12/site-packages/airflow/example_dags/example_subdag_operator.py
[2024-07-24T18:08:33.144+0000] {logging_mixin.py:188} INFO - [2024-07-24T18:08:33.143+0000] {dag.py:3089} INFO - Sync 3 DAGs
[2024-07-24T18:08:33.196+0000] {logging_mixin.py:188} INFO - [2024-07-24T18:08:33.196+0000] {dag.py:3947} INFO - Setting next_dagrun for example_subdag_operator to 2022-01-01 00:00:00+00:00, run_after=2022-01-01 00:00:00+00:00
[2024-07-24T18:08:33.203+0000] {logging_mixin.py:188} INFO - [2024-07-24T18:08:33.202+0000] {dag.py:3947} INFO - Setting next_dagrun for example_subdag_operator.section-1 to None, run_after=None
[2024-07-24T18:08:33.205+0000] {logging_mixin.py:188} INFO - [2024-07-24T18:08:33.204+0000] {dag.py:3947} INFO - Setting next_dagrun for example_subdag_operator.section-2 to None, run_after=None
[2024-07-24T18:08:33.220+0000] {logging_mixin.py:188} INFO - [2024-07-24T18:08:33.220+0000] {dag.py:3089} INFO - Sync 2 DAGs
[2024-07-24T18:08:33.232+0000] {logging_mixin.py:188} INFO - [2024-07-24T18:08:33.231+0000] {dag.py:3947} INFO - Setting next_dagrun for example_subdag_operator.section-1 to None, run_after=None
[2024-07-24T18:08:33.232+0000] {logging_mixin.py:188} INFO - [2024-07-24T18:08:33.232+0000] {dag.py:3947} INFO - Setting next_dagrun for example_subdag_operator.section-2 to None, run_after=None
[2024-07-24T18:08:33.258+0000] {processor.py:183} INFO - Processing /home/airflow/.local/lib/python3.12/site-packages/airflow/example_dags/example_subdag_operator.py took 0.233 seconds
[2024-07-24T18:09:03.824+0000] {processor.py:161} INFO - Started process (PID=413) to work on /home/airflow/.local/lib/python3.12/site-packages/airflow/example_dags/example_subdag_operator.py
[2024-07-24T18:09:03.827+0000] {processor.py:830} INFO - Processing file /home/airflow/.local/lib/python3.12/site-packages/airflow/example_dags/example_subdag_operator.py for tasks to queue
[2024-07-24T18:09:03.829+0000] {logging_mixin.py:188} INFO - [2024-07-24T18:09:03.828+0000] {dagbag.py:545} INFO - Filling up the DagBag from /home/airflow/.local/lib/python3.12/site-packages/airflow/example_dags/example_subdag_operator.py
[2024-07-24T18:09:03.854+0000] {processor.py:840} INFO - DAG(s) 'example_subdag_operator.section-1', 'example_subdag_operator.section-2', 'example_subdag_operator' retrieved from /home/airflow/.local/lib/python3.12/site-packages/airflow/example_dags/example_subdag_operator.py
[2024-07-24T18:09:03.871+0000] {logging_mixin.py:188} INFO - [2024-07-24T18:09:03.871+0000] {dag.py:3089} INFO - Sync 3 DAGs
[2024-07-24T18:09:03.895+0000] {logging_mixin.py:188} INFO - [2024-07-24T18:09:03.895+0000] {dag.py:3947} INFO - Setting next_dagrun for example_subdag_operator to 2022-01-01 00:00:00+00:00, run_after=2022-01-01 00:00:00+00:00
[2024-07-24T18:09:03.900+0000] {logging_mixin.py:188} INFO - [2024-07-24T18:09:03.900+0000] {dag.py:3947} INFO - Setting next_dagrun for example_subdag_operator.section-1 to None, run_after=None
[2024-07-24T18:09:03.901+0000] {logging_mixin.py:188} INFO - [2024-07-24T18:09:03.901+0000] {dag.py:3947} INFO - Setting next_dagrun for example_subdag_operator.section-2 to None, run_after=None
[2024-07-24T18:09:03.909+0000] {logging_mixin.py:188} INFO - [2024-07-24T18:09:03.909+0000] {dag.py:3089} INFO - Sync 2 DAGs
[2024-07-24T18:09:03.913+0000] {logging_mixin.py:188} INFO - [2024-07-24T18:09:03.913+0000] {dag.py:3947} INFO - Setting next_dagrun for example_subdag_operator.section-1 to None, run_after=None
[2024-07-24T18:09:03.913+0000] {logging_mixin.py:188} INFO - [2024-07-24T18:09:03.913+0000] {dag.py:3947} INFO - Setting next_dagrun for example_subdag_operator.section-2 to None, run_after=None
[2024-07-24T18:09:03.923+0000] {processor.py:183} INFO - Processing /home/airflow/.local/lib/python3.12/site-packages/airflow/example_dags/example_subdag_operator.py took 0.105 seconds
[2024-07-24T18:09:33.949+0000] {processor.py:161} INFO - Started process (PID=471) to work on /home/airflow/.local/lib/python3.12/site-packages/airflow/example_dags/example_subdag_operator.py
[2024-07-24T18:09:33.950+0000] {processor.py:830} INFO - Processing file /home/airflow/.local/lib/python3.12/site-packages/airflow/example_dags/example_subdag_operator.py for tasks to queue
[2024-07-24T18:09:33.952+0000] {logging_mixin.py:188} INFO - [2024-07-24T18:09:33.951+0000] {dagbag.py:545} INFO - Filling up the DagBag from /home/airflow/.local/lib/python3.12/site-packages/airflow/example_dags/example_subdag_operator.py
[2024-07-24T18:09:33.983+0000] {processor.py:840} INFO - DAG(s) 'example_subdag_operator.section-1', 'example_subdag_operator.section-2', 'example_subdag_operator' retrieved from /home/airflow/.local/lib/python3.12/site-packages/airflow/example_dags/example_subdag_operator.py
[2024-07-24T18:09:33.999+0000] {logging_mixin.py:188} INFO - [2024-07-24T18:09:33.999+0000] {dag.py:3089} INFO - Sync 3 DAGs
[2024-07-24T18:09:34.023+0000] {logging_mixin.py:188} INFO - [2024-07-24T18:09:34.023+0000] {dag.py:3947} INFO - Setting next_dagrun for example_subdag_operator to 2022-01-01 00:00:00+00:00, run_after=2022-01-01 00:00:00+00:00
[2024-07-24T18:09:34.026+0000] {logging_mixin.py:188} INFO - [2024-07-24T18:09:34.026+0000] {dag.py:3947} INFO - Setting next_dagrun for example_subdag_operator.section-1 to None, run_after=None
[2024-07-24T18:09:34.028+0000] {logging_mixin.py:188} INFO - [2024-07-24T18:09:34.028+0000] {dag.py:3947} INFO - Setting next_dagrun for example_subdag_operator.section-2 to None, run_after=None
[2024-07-24T18:09:34.036+0000] {logging_mixin.py:188} INFO - [2024-07-24T18:09:34.036+0000] {dag.py:3089} INFO - Sync 2 DAGs
[2024-07-24T18:09:34.043+0000] {logging_mixin.py:188} INFO - [2024-07-24T18:09:34.043+0000] {dag.py:3947} INFO - Setting next_dagrun for example_subdag_operator.section-1 to None, run_after=None
[2024-07-24T18:09:34.043+0000] {logging_mixin.py:188} INFO - [2024-07-24T18:09:34.043+0000] {dag.py:3947} INFO - Setting next_dagrun for example_subdag_operator.section-2 to None, run_after=None
[2024-07-24T18:09:34.059+0000] {processor.py:183} INFO - Processing /home/airflow/.local/lib/python3.12/site-packages/airflow/example_dags/example_subdag_operator.py took 0.117 seconds
[2024-07-24T18:10:04.115+0000] {processor.py:161} INFO - Started process (PID=529) to work on /home/airflow/.local/lib/python3.12/site-packages/airflow/example_dags/example_subdag_operator.py
[2024-07-24T18:10:04.118+0000] {processor.py:830} INFO - Processing file /home/airflow/.local/lib/python3.12/site-packages/airflow/example_dags/example_subdag_operator.py for tasks to queue
[2024-07-24T18:10:04.120+0000] {logging_mixin.py:188} INFO - [2024-07-24T18:10:04.120+0000] {dagbag.py:545} INFO - Filling up the DagBag from /home/airflow/.local/lib/python3.12/site-packages/airflow/example_dags/example_subdag_operator.py
[2024-07-24T18:10:04.150+0000] {processor.py:840} INFO - DAG(s) 'example_subdag_operator.section-1', 'example_subdag_operator.section-2', 'example_subdag_operator' retrieved from /home/airflow/.local/lib/python3.12/site-packages/airflow/example_dags/example_subdag_operator.py
[2024-07-24T18:10:04.169+0000] {logging_mixin.py:188} INFO - [2024-07-24T18:10:04.169+0000] {dag.py:3089} INFO - Sync 3 DAGs
[2024-07-24T18:10:04.193+0000] {logging_mixin.py:188} INFO - [2024-07-24T18:10:04.192+0000] {dag.py:3947} INFO - Setting next_dagrun for example_subdag_operator to 2022-01-01 00:00:00+00:00, run_after=2022-01-01 00:00:00+00:00
[2024-07-24T18:10:04.196+0000] {logging_mixin.py:188} INFO - [2024-07-24T18:10:04.196+0000] {dag.py:3947} INFO - Setting next_dagrun for example_subdag_operator.section-1 to None, run_after=None
[2024-07-24T18:10:04.199+0000] {logging_mixin.py:188} INFO - [2024-07-24T18:10:04.198+0000] {dag.py:3947} INFO - Setting next_dagrun for example_subdag_operator.section-2 to None, run_after=None
[2024-07-24T18:10:04.207+0000] {logging_mixin.py:188} INFO - [2024-07-24T18:10:04.207+0000] {dag.py:3089} INFO - Sync 2 DAGs
[2024-07-24T18:10:04.213+0000] {logging_mixin.py:188} INFO - [2024-07-24T18:10:04.213+0000] {dag.py:3947} INFO - Setting next_dagrun for example_subdag_operator.section-1 to None, run_after=None
[2024-07-24T18:10:04.213+0000] {logging_mixin.py:188} INFO - [2024-07-24T18:10:04.213+0000] {dag.py:3947} INFO - Setting next_dagrun for example_subdag_operator.section-2 to None, run_after=None
[2024-07-24T18:10:04.232+0000] {processor.py:183} INFO - Processing /home/airflow/.local/lib/python3.12/site-packages/airflow/example_dags/example_subdag_operator.py took 0.122 seconds
[2024-07-24T18:10:34.556+0000] {processor.py:161} INFO - Started process (PID=587) to work on /home/airflow/.local/lib/python3.12/site-packages/airflow/example_dags/example_subdag_operator.py
[2024-07-24T18:10:34.557+0000] {processor.py:830} INFO - Processing file /home/airflow/.local/lib/python3.12/site-packages/airflow/example_dags/example_subdag_operator.py for tasks to queue
[2024-07-24T18:10:34.558+0000] {logging_mixin.py:188} INFO - [2024-07-24T18:10:34.558+0000] {dagbag.py:545} INFO - Filling up the DagBag from /home/airflow/.local/lib/python3.12/site-packages/airflow/example_dags/example_subdag_operator.py
[2024-07-24T18:10:34.581+0000] {processor.py:840} INFO - DAG(s) 'example_subdag_operator.section-1', 'example_subdag_operator.section-2', 'example_subdag_operator' retrieved from /home/airflow/.local/lib/python3.12/site-packages/airflow/example_dags/example_subdag_operator.py
[2024-07-24T18:10:34.598+0000] {logging_mixin.py:188} INFO - [2024-07-24T18:10:34.597+0000] {dag.py:3089} INFO - Sync 3 DAGs
[2024-07-24T18:10:34.648+0000] {logging_mixin.py:188} INFO - [2024-07-24T18:10:34.648+0000] {dag.py:3947} INFO - Setting next_dagrun for example_subdag_operator to 2022-01-01 00:00:00+00:00, run_after=2022-01-01 00:00:00+00:00
[2024-07-24T18:10:34.651+0000] {logging_mixin.py:188} INFO - [2024-07-24T18:10:34.651+0000] {dag.py:3947} INFO - Setting next_dagrun for example_subdag_operator.section-1 to None, run_after=None
[2024-07-24T18:10:34.652+0000] {logging_mixin.py:188} INFO - [2024-07-24T18:10:34.652+0000] {dag.py:3947} INFO - Setting next_dagrun for example_subdag_operator.section-2 to None, run_after=None
[2024-07-24T18:10:34.660+0000] {logging_mixin.py:188} INFO - [2024-07-24T18:10:34.660+0000] {dag.py:3089} INFO - Sync 2 DAGs
[2024-07-24T18:10:34.666+0000] {logging_mixin.py:188} INFO - [2024-07-24T18:10:34.665+0000] {dag.py:3947} INFO - Setting next_dagrun for example_subdag_operator.section-1 to None, run_after=None
[2024-07-24T18:10:34.666+0000] {logging_mixin.py:188} INFO - [2024-07-24T18:10:34.666+0000] {dag.py:3947} INFO - Setting next_dagrun for example_subdag_operator.section-2 to None, run_after=None
[2024-07-24T18:10:34.684+0000] {processor.py:183} INFO - Processing /home/airflow/.local/lib/python3.12/site-packages/airflow/example_dags/example_subdag_operator.py took 0.136 seconds
[2024-07-24T18:11:05.072+0000] {processor.py:161} INFO - Started process (PID=644) to work on /home/airflow/.local/lib/python3.12/site-packages/airflow/example_dags/example_subdag_operator.py
[2024-07-24T18:11:05.079+0000] {processor.py:830} INFO - Processing file /home/airflow/.local/lib/python3.12/site-packages/airflow/example_dags/example_subdag_operator.py for tasks to queue
[2024-07-24T18:11:05.080+0000] {logging_mixin.py:188} INFO - [2024-07-24T18:11:05.080+0000] {dagbag.py:545} INFO - Filling up the DagBag from /home/airflow/.local/lib/python3.12/site-packages/airflow/example_dags/example_subdag_operator.py
[2024-07-24T18:11:05.104+0000] {processor.py:840} INFO - DAG(s) 'example_subdag_operator.section-1', 'example_subdag_operator.section-2', 'example_subdag_operator' retrieved from /home/airflow/.local/lib/python3.12/site-packages/airflow/example_dags/example_subdag_operator.py
[2024-07-24T18:11:05.121+0000] {logging_mixin.py:188} INFO - [2024-07-24T18:11:05.121+0000] {dag.py:3089} INFO - Sync 3 DAGs
[2024-07-24T18:11:05.143+0000] {logging_mixin.py:188} INFO - [2024-07-24T18:11:05.143+0000] {dag.py:3947} INFO - Setting next_dagrun for example_subdag_operator to 2022-01-01 00:00:00+00:00, run_after=2022-01-01 00:00:00+00:00
[2024-07-24T18:11:05.148+0000] {logging_mixin.py:188} INFO - [2024-07-24T18:11:05.148+0000] {dag.py:3947} INFO - Setting next_dagrun for example_subdag_operator.section-1 to None, run_after=None
[2024-07-24T18:11:05.149+0000] {logging_mixin.py:188} INFO - [2024-07-24T18:11:05.149+0000] {dag.py:3947} INFO - Setting next_dagrun for example_subdag_operator.section-2 to None, run_after=None
[2024-07-24T18:11:05.156+0000] {logging_mixin.py:188} INFO - [2024-07-24T18:11:05.156+0000] {dag.py:3089} INFO - Sync 2 DAGs
[2024-07-24T18:11:05.160+0000] {logging_mixin.py:188} INFO - [2024-07-24T18:11:05.160+0000] {dag.py:3947} INFO - Setting next_dagrun for example_subdag_operator.section-1 to None, run_after=None
[2024-07-24T18:11:05.160+0000] {logging_mixin.py:188} INFO - [2024-07-24T18:11:05.160+0000] {dag.py:3947} INFO - Setting next_dagrun for example_subdag_operator.section-2 to None, run_after=None
[2024-07-24T18:11:05.182+0000] {processor.py:183} INFO - Processing /home/airflow/.local/lib/python3.12/site-packages/airflow/example_dags/example_subdag_operator.py took 0.116 seconds
[2024-07-24T18:11:35.579+0000] {processor.py:161} INFO - Started process (PID=702) to work on /home/airflow/.local/lib/python3.12/site-packages/airflow/example_dags/example_subdag_operator.py
[2024-07-24T18:11:35.580+0000] {processor.py:830} INFO - Processing file /home/airflow/.local/lib/python3.12/site-packages/airflow/example_dags/example_subdag_operator.py for tasks to queue
[2024-07-24T18:11:35.581+0000] {logging_mixin.py:188} INFO - [2024-07-24T18:11:35.581+0000] {dagbag.py:545} INFO - Filling up the DagBag from /home/airflow/.local/lib/python3.12/site-packages/airflow/example_dags/example_subdag_operator.py
[2024-07-24T18:11:35.607+0000] {processor.py:840} INFO - DAG(s) 'example_subdag_operator.section-1', 'example_subdag_operator.section-2', 'example_subdag_operator' retrieved from /home/airflow/.local/lib/python3.12/site-packages/airflow/example_dags/example_subdag_operator.py
[2024-07-24T18:11:35.632+0000] {logging_mixin.py:188} INFO - [2024-07-24T18:11:35.632+0000] {dag.py:3089} INFO - Sync 3 DAGs
[2024-07-24T18:11:35.655+0000] {logging_mixin.py:188} INFO - [2024-07-24T18:11:35.655+0000] {dag.py:3947} INFO - Setting next_dagrun for example_subdag_operator to 2022-01-01 00:00:00+00:00, run_after=2022-01-01 00:00:00+00:00
[2024-07-24T18:11:35.659+0000] {logging_mixin.py:188} INFO - [2024-07-24T18:11:35.659+0000] {dag.py:3947} INFO - Setting next_dagrun for example_subdag_operator.section-1 to None, run_after=None
[2024-07-24T18:11:35.660+0000] {logging_mixin.py:188} INFO - [2024-07-24T18:11:35.660+0000] {dag.py:3947} INFO - Setting next_dagrun for example_subdag_operator.section-2 to None, run_after=None
[2024-07-24T18:11:35.670+0000] {logging_mixin.py:188} INFO - [2024-07-24T18:11:35.669+0000] {dag.py:3089} INFO - Sync 2 DAGs
[2024-07-24T18:11:35.675+0000] {logging_mixin.py:188} INFO - [2024-07-24T18:11:35.675+0000] {dag.py:3947} INFO - Setting next_dagrun for example_subdag_operator.section-1 to None, run_after=None
[2024-07-24T18:11:35.675+0000] {logging_mixin.py:188} INFO - [2024-07-24T18:11:35.675+0000] {dag.py:3947} INFO - Setting next_dagrun for example_subdag_operator.section-2 to None, run_after=None
[2024-07-24T18:11:35.685+0000] {processor.py:183} INFO - Processing /home/airflow/.local/lib/python3.12/site-packages/airflow/example_dags/example_subdag_operator.py took 0.113 seconds
[2024-07-24T18:12:05.911+0000] {processor.py:161} INFO - Started process (PID=760) to work on /home/airflow/.local/lib/python3.12/site-packages/airflow/example_dags/example_subdag_operator.py
[2024-07-24T18:12:05.914+0000] {processor.py:830} INFO - Processing file /home/airflow/.local/lib/python3.12/site-packages/airflow/example_dags/example_subdag_operator.py for tasks to queue
[2024-07-24T18:12:05.916+0000] {logging_mixin.py:188} INFO - [2024-07-24T18:12:05.915+0000] {dagbag.py:545} INFO - Filling up the DagBag from /home/airflow/.local/lib/python3.12/site-packages/airflow/example_dags/example_subdag_operator.py
[2024-07-24T18:12:05.945+0000] {processor.py:840} INFO - DAG(s) 'example_subdag_operator.section-1', 'example_subdag_operator.section-2', 'example_subdag_operator' retrieved from /home/airflow/.local/lib/python3.12/site-packages/airflow/example_dags/example_subdag_operator.py
[2024-07-24T18:12:05.964+0000] {logging_mixin.py:188} INFO - [2024-07-24T18:12:05.964+0000] {dag.py:3089} INFO - Sync 3 DAGs
[2024-07-24T18:12:05.987+0000] {logging_mixin.py:188} INFO - [2024-07-24T18:12:05.987+0000] {dag.py:3947} INFO - Setting next_dagrun for example_subdag_operator to 2022-01-01 00:00:00+00:00, run_after=2022-01-01 00:00:00+00:00
[2024-07-24T18:12:05.991+0000] {logging_mixin.py:188} INFO - [2024-07-24T18:12:05.991+0000] {dag.py:3947} INFO - Setting next_dagrun for example_subdag_operator.section-1 to None, run_after=None
[2024-07-24T18:12:05.992+0000] {logging_mixin.py:188} INFO - [2024-07-24T18:12:05.992+0000] {dag.py:3947} INFO - Setting next_dagrun for example_subdag_operator.section-2 to None, run_after=None
[2024-07-24T18:12:06.000+0000] {logging_mixin.py:188} INFO - [2024-07-24T18:12:06.000+0000] {dag.py:3089} INFO - Sync 2 DAGs
[2024-07-24T18:12:06.007+0000] {logging_mixin.py:188} INFO - [2024-07-24T18:12:06.007+0000] {dag.py:3947} INFO - Setting next_dagrun for example_subdag_operator.section-1 to None, run_after=None
[2024-07-24T18:12:06.007+0000] {logging_mixin.py:188} INFO - [2024-07-24T18:12:06.007+0000] {dag.py:3947} INFO - Setting next_dagrun for example_subdag_operator.section-2 to None, run_after=None
[2024-07-24T18:12:06.025+0000] {processor.py:183} INFO - Processing /home/airflow/.local/lib/python3.12/site-packages/airflow/example_dags/example_subdag_operator.py took 0.122 seconds
[2024-07-24T18:12:37.038+0000] {processor.py:161} INFO - Started process (PID=818) to work on /home/airflow/.local/lib/python3.12/site-packages/airflow/example_dags/example_subdag_operator.py
[2024-07-24T18:12:37.039+0000] {processor.py:830} INFO - Processing file /home/airflow/.local/lib/python3.12/site-packages/airflow/example_dags/example_subdag_operator.py for tasks to queue
[2024-07-24T18:12:37.040+0000] {logging_mixin.py:188} INFO - [2024-07-24T18:12:37.040+0000] {dagbag.py:545} INFO - Filling up the DagBag from /home/airflow/.local/lib/python3.12/site-packages/airflow/example_dags/example_subdag_operator.py
[2024-07-24T18:12:37.067+0000] {processor.py:840} INFO - DAG(s) 'example_subdag_operator.section-1', 'example_subdag_operator.section-2', 'example_subdag_operator' retrieved from /home/airflow/.local/lib/python3.12/site-packages/airflow/example_dags/example_subdag_operator.py
[2024-07-24T18:12:37.082+0000] {logging_mixin.py:188} INFO - [2024-07-24T18:12:37.082+0000] {dag.py:3089} INFO - Sync 3 DAGs
[2024-07-24T18:12:37.106+0000] {logging_mixin.py:188} INFO - [2024-07-24T18:12:37.106+0000] {dag.py:3947} INFO - Setting next_dagrun for example_subdag_operator to 2022-01-01 00:00:00+00:00, run_after=2022-01-01 00:00:00+00:00
[2024-07-24T18:12:37.112+0000] {logging_mixin.py:188} INFO - [2024-07-24T18:12:37.112+0000] {dag.py:3947} INFO - Setting next_dagrun for example_subdag_operator.section-1 to None, run_after=None
[2024-07-24T18:12:37.113+0000] {logging_mixin.py:188} INFO - [2024-07-24T18:12:37.113+0000] {dag.py:3947} INFO - Setting next_dagrun for example_subdag_operator.section-2 to None, run_after=None
[2024-07-24T18:12:37.120+0000] {logging_mixin.py:188} INFO - [2024-07-24T18:12:37.120+0000] {dag.py:3089} INFO - Sync 2 DAGs
[2024-07-24T18:12:37.124+0000] {logging_mixin.py:188} INFO - [2024-07-24T18:12:37.124+0000] {dag.py:3947} INFO - Setting next_dagrun for example_subdag_operator.section-1 to None, run_after=None
[2024-07-24T18:12:37.124+0000] {logging_mixin.py:188} INFO - [2024-07-24T18:12:37.124+0000] {dag.py:3947} INFO - Setting next_dagrun for example_subdag_operator.section-2 to None, run_after=None
[2024-07-24T18:12:37.137+0000] {processor.py:183} INFO - Processing /home/airflow/.local/lib/python3.12/site-packages/airflow/example_dags/example_subdag_operator.py took 0.105 seconds
[2024-07-24T18:13:07.974+0000] {processor.py:161} INFO - Started process (PID=876) to work on /home/airflow/.local/lib/python3.12/site-packages/airflow/example_dags/example_subdag_operator.py
[2024-07-24T18:13:07.980+0000] {processor.py:830} INFO - Processing file /home/airflow/.local/lib/python3.12/site-packages/airflow/example_dags/example_subdag_operator.py for tasks to queue
[2024-07-24T18:13:07.982+0000] {logging_mixin.py:188} INFO - [2024-07-24T18:13:07.981+0000] {dagbag.py:545} INFO - Filling up the DagBag from /home/airflow/.local/lib/python3.12/site-packages/airflow/example_dags/example_subdag_operator.py
[2024-07-24T18:13:08.012+0000] {processor.py:840} INFO - DAG(s) 'example_subdag_operator.section-1', 'example_subdag_operator.section-2', 'example_subdag_operator' retrieved from /home/airflow/.local/lib/python3.12/site-packages/airflow/example_dags/example_subdag_operator.py
[2024-07-24T18:13:08.034+0000] {logging_mixin.py:188} INFO - [2024-07-24T18:13:08.034+0000] {dag.py:3089} INFO - Sync 3 DAGs
[2024-07-24T18:13:08.056+0000] {logging_mixin.py:188} INFO - [2024-07-24T18:13:08.056+0000] {dag.py:3947} INFO - Setting next_dagrun for example_subdag_operator to 2022-01-01 00:00:00+00:00, run_after=2022-01-01 00:00:00+00:00
[2024-07-24T18:13:08.062+0000] {logging_mixin.py:188} INFO - [2024-07-24T18:13:08.062+0000] {dag.py:3947} INFO - Setting next_dagrun for example_subdag_operator.section-1 to None, run_after=None
[2024-07-24T18:13:08.063+0000] {logging_mixin.py:188} INFO - [2024-07-24T18:13:08.063+0000] {dag.py:3947} INFO - Setting next_dagrun for example_subdag_operator.section-2 to None, run_after=None
[2024-07-24T18:13:08.070+0000] {logging_mixin.py:188} INFO - [2024-07-24T18:13:08.070+0000] {dag.py:3089} INFO - Sync 2 DAGs
[2024-07-24T18:13:08.074+0000] {logging_mixin.py:188} INFO - [2024-07-24T18:13:08.074+0000] {dag.py:3947} INFO - Setting next_dagrun for example_subdag_operator.section-1 to None, run_after=None
[2024-07-24T18:13:08.074+0000] {logging_mixin.py:188} INFO - [2024-07-24T18:13:08.074+0000] {dag.py:3947} INFO - Setting next_dagrun for example_subdag_operator.section-2 to None, run_after=None
[2024-07-24T18:13:08.085+0000] {processor.py:183} INFO - Processing /home/airflow/.local/lib/python3.12/site-packages/airflow/example_dags/example_subdag_operator.py took 0.118 seconds
[2024-07-24T18:13:38.167+0000] {processor.py:161} INFO - Started process (PID=934) to work on /home/airflow/.local/lib/python3.12/site-packages/airflow/example_dags/example_subdag_operator.py
[2024-07-24T18:13:38.172+0000] {processor.py:830} INFO - Processing file /home/airflow/.local/lib/python3.12/site-packages/airflow/example_dags/example_subdag_operator.py for tasks to queue
[2024-07-24T18:13:38.174+0000] {logging_mixin.py:188} INFO - [2024-07-24T18:13:38.173+0000] {dagbag.py:545} INFO - Filling up the DagBag from /home/airflow/.local/lib/python3.12/site-packages/airflow/example_dags/example_subdag_operator.py
[2024-07-24T18:13:38.210+0000] {processor.py:840} INFO - DAG(s) 'example_subdag_operator.section-1', 'example_subdag_operator.section-2', 'example_subdag_operator' retrieved from /home/airflow/.local/lib/python3.12/site-packages/airflow/example_dags/example_subdag_operator.py
[2024-07-24T18:13:38.228+0000] {logging_mixin.py:188} INFO - [2024-07-24T18:13:38.228+0000] {dag.py:3089} INFO - Sync 3 DAGs
[2024-07-24T18:13:38.268+0000] {logging_mixin.py:188} INFO - [2024-07-24T18:13:38.268+0000] {dag.py:3947} INFO - Setting next_dagrun for example_subdag_operator to 2022-01-01 00:00:00+00:00, run_after=2022-01-01 00:00:00+00:00
[2024-07-24T18:13:38.278+0000] {logging_mixin.py:188} INFO - [2024-07-24T18:13:38.278+0000] {dag.py:3947} INFO - Setting next_dagrun for example_subdag_operator.section-1 to None, run_after=None
[2024-07-24T18:13:38.281+0000] {logging_mixin.py:188} INFO - [2024-07-24T18:13:38.281+0000] {dag.py:3947} INFO - Setting next_dagrun for example_subdag_operator.section-2 to None, run_after=None
[2024-07-24T18:13:38.294+0000] {logging_mixin.py:188} INFO - [2024-07-24T18:13:38.294+0000] {dag.py:3089} INFO - Sync 2 DAGs
[2024-07-24T18:13:38.304+0000] {logging_mixin.py:188} INFO - [2024-07-24T18:13:38.304+0000] {dag.py:3947} INFO - Setting next_dagrun for example_subdag_operator.section-1 to None, run_after=None
[2024-07-24T18:13:38.304+0000] {logging_mixin.py:188} INFO - [2024-07-24T18:13:38.304+0000] {dag.py:3947} INFO - Setting next_dagrun for example_subdag_operator.section-2 to None, run_after=None
[2024-07-24T18:13:38.319+0000] {processor.py:183} INFO - Processing /home/airflow/.local/lib/python3.12/site-packages/airflow/example_dags/example_subdag_operator.py took 0.158 seconds
[2024-07-24T18:14:08.451+0000] {processor.py:161} INFO - Started process (PID=992) to work on /home/airflow/.local/lib/python3.12/site-packages/airflow/example_dags/example_subdag_operator.py
[2024-07-24T18:14:08.455+0000] {processor.py:830} INFO - Processing file /home/airflow/.local/lib/python3.12/site-packages/airflow/example_dags/example_subdag_operator.py for tasks to queue
[2024-07-24T18:14:08.456+0000] {logging_mixin.py:188} INFO - [2024-07-24T18:14:08.456+0000] {dagbag.py:545} INFO - Filling up the DagBag from /home/airflow/.local/lib/python3.12/site-packages/airflow/example_dags/example_subdag_operator.py
[2024-07-24T18:14:08.560+0000] {processor.py:840} INFO - DAG(s) 'example_subdag_operator.section-1', 'example_subdag_operator.section-2', 'example_subdag_operator' retrieved from /home/airflow/.local/lib/python3.12/site-packages/airflow/example_dags/example_subdag_operator.py
[2024-07-24T18:14:08.640+0000] {logging_mixin.py:188} INFO - [2024-07-24T18:14:08.640+0000] {dag.py:3089} INFO - Sync 3 DAGs
[2024-07-24T18:14:08.695+0000] {logging_mixin.py:188} INFO - [2024-07-24T18:14:08.695+0000] {dag.py:3947} INFO - Setting next_dagrun for example_subdag_operator to 2022-01-01 00:00:00+00:00, run_after=2022-01-01 00:00:00+00:00
[2024-07-24T18:14:08.712+0000] {logging_mixin.py:188} INFO - [2024-07-24T18:14:08.712+0000] {dag.py:3947} INFO - Setting next_dagrun for example_subdag_operator.section-1 to None, run_after=None
[2024-07-24T18:14:08.713+0000] {logging_mixin.py:188} INFO - [2024-07-24T18:14:08.713+0000] {dag.py:3947} INFO - Setting next_dagrun for example_subdag_operator.section-2 to None, run_after=None
[2024-07-24T18:14:08.730+0000] {logging_mixin.py:188} INFO - [2024-07-24T18:14:08.729+0000] {dag.py:3089} INFO - Sync 2 DAGs
[2024-07-24T18:14:08.755+0000] {logging_mixin.py:188} INFO - [2024-07-24T18:14:08.755+0000] {dag.py:3947} INFO - Setting next_dagrun for example_subdag_operator.section-1 to None, run_after=None
[2024-07-24T18:14:08.756+0000] {logging_mixin.py:188} INFO - [2024-07-24T18:14:08.756+0000] {dag.py:3947} INFO - Setting next_dagrun for example_subdag_operator.section-2 to None, run_after=None
[2024-07-24T18:14:08.825+0000] {processor.py:183} INFO - Processing /home/airflow/.local/lib/python3.12/site-packages/airflow/example_dags/example_subdag_operator.py took 0.398 seconds
[2024-07-24T18:14:39.565+0000] {processor.py:161} INFO - Started process (PID=1049) to work on /home/airflow/.local/lib/python3.12/site-packages/airflow/example_dags/example_subdag_operator.py
[2024-07-24T18:14:39.566+0000] {processor.py:830} INFO - Processing file /home/airflow/.local/lib/python3.12/site-packages/airflow/example_dags/example_subdag_operator.py for tasks to queue
[2024-07-24T18:14:39.568+0000] {logging_mixin.py:188} INFO - [2024-07-24T18:14:39.568+0000] {dagbag.py:545} INFO - Filling up the DagBag from /home/airflow/.local/lib/python3.12/site-packages/airflow/example_dags/example_subdag_operator.py
[2024-07-24T18:14:39.600+0000] {processor.py:840} INFO - DAG(s) 'example_subdag_operator.section-1', 'example_subdag_operator.section-2', 'example_subdag_operator' retrieved from /home/airflow/.local/lib/python3.12/site-packages/airflow/example_dags/example_subdag_operator.py
[2024-07-24T18:14:39.614+0000] {logging_mixin.py:188} INFO - [2024-07-24T18:14:39.614+0000] {dag.py:3089} INFO - Sync 3 DAGs
[2024-07-24T18:14:39.638+0000] {logging_mixin.py:188} INFO - [2024-07-24T18:14:39.638+0000] {dag.py:3947} INFO - Setting next_dagrun for example_subdag_operator to 2022-01-01 00:00:00+00:00, run_after=2022-01-01 00:00:00+00:00
[2024-07-24T18:14:39.641+0000] {logging_mixin.py:188} INFO - [2024-07-24T18:14:39.641+0000] {dag.py:3947} INFO - Setting next_dagrun for example_subdag_operator.section-1 to None, run_after=None
[2024-07-24T18:14:39.642+0000] {logging_mixin.py:188} INFO - [2024-07-24T18:14:39.642+0000] {dag.py:3947} INFO - Setting next_dagrun for example_subdag_operator.section-2 to None, run_after=None
[2024-07-24T18:14:39.650+0000] {logging_mixin.py:188} INFO - [2024-07-24T18:14:39.650+0000] {dag.py:3089} INFO - Sync 2 DAGs
[2024-07-24T18:14:39.655+0000] {logging_mixin.py:188} INFO - [2024-07-24T18:14:39.655+0000] {dag.py:3947} INFO - Setting next_dagrun for example_subdag_operator.section-1 to None, run_after=None
[2024-07-24T18:14:39.656+0000] {logging_mixin.py:188} INFO - [2024-07-24T18:14:39.656+0000] {dag.py:3947} INFO - Setting next_dagrun for example_subdag_operator.section-2 to None, run_after=None
[2024-07-24T18:14:39.667+0000] {processor.py:183} INFO - Processing /home/airflow/.local/lib/python3.12/site-packages/airflow/example_dags/example_subdag_operator.py took 0.109 seconds
[2024-07-24T18:15:10.109+0000] {processor.py:161} INFO - Started process (PID=1107) to work on /home/airflow/.local/lib/python3.12/site-packages/airflow/example_dags/example_subdag_operator.py
[2024-07-24T18:15:10.115+0000] {processor.py:830} INFO - Processing file /home/airflow/.local/lib/python3.12/site-packages/airflow/example_dags/example_subdag_operator.py for tasks to queue
[2024-07-24T18:15:10.116+0000] {logging_mixin.py:188} INFO - [2024-07-24T18:15:10.116+0000] {dagbag.py:545} INFO - Filling up the DagBag from /home/airflow/.local/lib/python3.12/site-packages/airflow/example_dags/example_subdag_operator.py
[2024-07-24T18:15:10.141+0000] {processor.py:840} INFO - DAG(s) 'example_subdag_operator.section-1', 'example_subdag_operator.section-2', 'example_subdag_operator' retrieved from /home/airflow/.local/lib/python3.12/site-packages/airflow/example_dags/example_subdag_operator.py
[2024-07-24T18:15:10.157+0000] {logging_mixin.py:188} INFO - [2024-07-24T18:15:10.156+0000] {dag.py:3089} INFO - Sync 3 DAGs
[2024-07-24T18:15:10.181+0000] {logging_mixin.py:188} INFO - [2024-07-24T18:15:10.179+0000] {dag.py:3947} INFO - Setting next_dagrun for example_subdag_operator to 2022-01-01 00:00:00+00:00, run_after=2022-01-01 00:00:00+00:00
[2024-07-24T18:15:10.184+0000] {logging_mixin.py:188} INFO - [2024-07-24T18:15:10.184+0000] {dag.py:3947} INFO - Setting next_dagrun for example_subdag_operator.section-1 to None, run_after=None
[2024-07-24T18:15:10.185+0000] {logging_mixin.py:188} INFO - [2024-07-24T18:15:10.185+0000] {dag.py:3947} INFO - Setting next_dagrun for example_subdag_operator.section-2 to None, run_after=None
[2024-07-24T18:15:10.192+0000] {logging_mixin.py:188} INFO - [2024-07-24T18:15:10.192+0000] {dag.py:3089} INFO - Sync 2 DAGs
[2024-07-24T18:15:10.196+0000] {logging_mixin.py:188} INFO - [2024-07-24T18:15:10.196+0000] {dag.py:3947} INFO - Setting next_dagrun for example_subdag_operator.section-1 to None, run_after=None
[2024-07-24T18:15:10.197+0000] {logging_mixin.py:188} INFO - [2024-07-24T18:15:10.197+0000] {dag.py:3947} INFO - Setting next_dagrun for example_subdag_operator.section-2 to None, run_after=None
[2024-07-24T18:15:10.212+0000] {processor.py:183} INFO - Processing /home/airflow/.local/lib/python3.12/site-packages/airflow/example_dags/example_subdag_operator.py took 0.109 seconds
[2024-07-24T18:15:40.822+0000] {processor.py:161} INFO - Started process (PID=1165) to work on /home/airflow/.local/lib/python3.12/site-packages/airflow/example_dags/example_subdag_operator.py
[2024-07-24T18:15:40.826+0000] {processor.py:830} INFO - Processing file /home/airflow/.local/lib/python3.12/site-packages/airflow/example_dags/example_subdag_operator.py for tasks to queue
[2024-07-24T18:15:40.828+0000] {logging_mixin.py:188} INFO - [2024-07-24T18:15:40.827+0000] {dagbag.py:545} INFO - Filling up the DagBag from /home/airflow/.local/lib/python3.12/site-packages/airflow/example_dags/example_subdag_operator.py
[2024-07-24T18:15:40.850+0000] {processor.py:840} INFO - DAG(s) 'example_subdag_operator.section-1', 'example_subdag_operator.section-2', 'example_subdag_operator' retrieved from /home/airflow/.local/lib/python3.12/site-packages/airflow/example_dags/example_subdag_operator.py
[2024-07-24T18:15:40.868+0000] {logging_mixin.py:188} INFO - [2024-07-24T18:15:40.868+0000] {dag.py:3089} INFO - Sync 3 DAGs
[2024-07-24T18:15:40.892+0000] {logging_mixin.py:188} INFO - [2024-07-24T18:15:40.892+0000] {dag.py:3947} INFO - Setting next_dagrun for example_subdag_operator to 2022-01-01 00:00:00+00:00, run_after=2022-01-01 00:00:00+00:00
[2024-07-24T18:15:40.895+0000] {logging_mixin.py:188} INFO - [2024-07-24T18:15:40.895+0000] {dag.py:3947} INFO - Setting next_dagrun for example_subdag_operator.section-1 to None, run_after=None
[2024-07-24T18:15:40.898+0000] {logging_mixin.py:188} INFO - [2024-07-24T18:15:40.897+0000] {dag.py:3947} INFO - Setting next_dagrun for example_subdag_operator.section-2 to None, run_after=None
[2024-07-24T18:15:40.903+0000] {logging_mixin.py:188} INFO - [2024-07-24T18:15:40.903+0000] {dag.py:3089} INFO - Sync 2 DAGs
[2024-07-24T18:15:40.908+0000] {logging_mixin.py:188} INFO - [2024-07-24T18:15:40.908+0000] {dag.py:3947} INFO - Setting next_dagrun for example_subdag_operator.section-1 to None, run_after=None
[2024-07-24T18:15:40.908+0000] {logging_mixin.py:188} INFO - [2024-07-24T18:15:40.908+0000] {dag.py:3947} INFO - Setting next_dagrun for example_subdag_operator.section-2 to None, run_after=None
[2024-07-24T18:15:40.920+0000] {processor.py:183} INFO - Processing /home/airflow/.local/lib/python3.12/site-packages/airflow/example_dags/example_subdag_operator.py took 0.103 seconds
[2024-07-24T18:16:11.417+0000] {processor.py:161} INFO - Started process (PID=1222) to work on /home/airflow/.local/lib/python3.12/site-packages/airflow/example_dags/example_subdag_operator.py
[2024-07-24T18:16:11.418+0000] {processor.py:830} INFO - Processing file /home/airflow/.local/lib/python3.12/site-packages/airflow/example_dags/example_subdag_operator.py for tasks to queue
[2024-07-24T18:16:11.420+0000] {logging_mixin.py:188} INFO - [2024-07-24T18:16:11.419+0000] {dagbag.py:545} INFO - Filling up the DagBag from /home/airflow/.local/lib/python3.12/site-packages/airflow/example_dags/example_subdag_operator.py
[2024-07-24T18:16:11.446+0000] {processor.py:840} INFO - DAG(s) 'example_subdag_operator.section-1', 'example_subdag_operator.section-2', 'example_subdag_operator' retrieved from /home/airflow/.local/lib/python3.12/site-packages/airflow/example_dags/example_subdag_operator.py
[2024-07-24T18:16:11.465+0000] {logging_mixin.py:188} INFO - [2024-07-24T18:16:11.465+0000] {dag.py:3089} INFO - Sync 3 DAGs
[2024-07-24T18:16:11.486+0000] {logging_mixin.py:188} INFO - [2024-07-24T18:16:11.486+0000] {dag.py:3947} INFO - Setting next_dagrun for example_subdag_operator to 2022-01-01 00:00:00+00:00, run_after=2022-01-01 00:00:00+00:00
[2024-07-24T18:16:11.491+0000] {logging_mixin.py:188} INFO - [2024-07-24T18:16:11.491+0000] {dag.py:3947} INFO - Setting next_dagrun for example_subdag_operator.section-1 to None, run_after=None
[2024-07-24T18:16:11.492+0000] {logging_mixin.py:188} INFO - [2024-07-24T18:16:11.492+0000] {dag.py:3947} INFO - Setting next_dagrun for example_subdag_operator.section-2 to None, run_after=None
[2024-07-24T18:16:11.500+0000] {logging_mixin.py:188} INFO - [2024-07-24T18:16:11.500+0000] {dag.py:3089} INFO - Sync 2 DAGs
[2024-07-24T18:16:11.506+0000] {logging_mixin.py:188} INFO - [2024-07-24T18:16:11.506+0000] {dag.py:3947} INFO - Setting next_dagrun for example_subdag_operator.section-1 to None, run_after=None
[2024-07-24T18:16:11.506+0000] {logging_mixin.py:188} INFO - [2024-07-24T18:16:11.506+0000] {dag.py:3947} INFO - Setting next_dagrun for example_subdag_operator.section-2 to None, run_after=None
[2024-07-24T18:16:11.516+0000] {processor.py:183} INFO - Processing /home/airflow/.local/lib/python3.12/site-packages/airflow/example_dags/example_subdag_operator.py took 0.106 seconds
