[2024-07-24T18:06:04.977+0000] {processor.py:161} INFO - Started process (PID=79) to work on /home/airflow/.local/lib/python3.12/site-packages/airflow/example_dags/example_xcomargs.py
[2024-07-24T18:06:04.981+0000] {processor.py:830} INFO - Processing file /home/airflow/.local/lib/python3.12/site-packages/airflow/example_dags/example_xcomargs.py for tasks to queue
[2024-07-24T18:06:04.983+0000] {logging_mixin.py:188} INFO - [2024-07-24T18:06:04.983+0000] {dagbag.py:545} INFO - Filling up the DagBag from /home/airflow/.local/lib/python3.12/site-packages/airflow/example_dags/example_xcomargs.py
[2024-07-24T18:06:05.007+0000] {processor.py:840} INFO - DAG(s) 'example_xcom_args_with_operators', 'example_xcom_args' retrieved from /home/airflow/.local/lib/python3.12/site-packages/airflow/example_dags/example_xcomargs.py
[2024-07-24T18:06:05.384+0000] {logging_mixin.py:188} INFO - [2024-07-24T18:06:05.384+0000] {dag.py:3089} INFO - Sync 2 DAGs
[2024-07-24T18:06:05.408+0000] {logging_mixin.py:188} INFO - [2024-07-24T18:06:05.408+0000] {dag.py:3947} INFO - Setting next_dagrun for example_xcom_args to None, run_after=None
[2024-07-24T18:06:05.422+0000] {logging_mixin.py:188} INFO - [2024-07-24T18:06:05.422+0000] {dag.py:3947} INFO - Setting next_dagrun for example_xcom_args_with_operators to None, run_after=None
[2024-07-24T18:06:05.488+0000] {processor.py:183} INFO - Processing /home/airflow/.local/lib/python3.12/site-packages/airflow/example_dags/example_xcomargs.py took 0.520 seconds
[2024-07-24T18:06:35.908+0000] {processor.py:161} INFO - Started process (PID=137) to work on /home/airflow/.local/lib/python3.12/site-packages/airflow/example_dags/example_xcomargs.py
[2024-07-24T18:06:35.910+0000] {processor.py:830} INFO - Processing file /home/airflow/.local/lib/python3.12/site-packages/airflow/example_dags/example_xcomargs.py for tasks to queue
[2024-07-24T18:06:35.912+0000] {logging_mixin.py:188} INFO - [2024-07-24T18:06:35.911+0000] {dagbag.py:545} INFO - Filling up the DagBag from /home/airflow/.local/lib/python3.12/site-packages/airflow/example_dags/example_xcomargs.py
[2024-07-24T18:06:35.921+0000] {processor.py:840} INFO - DAG(s) 'example_xcom_args', 'example_xcom_args_with_operators' retrieved from /home/airflow/.local/lib/python3.12/site-packages/airflow/example_dags/example_xcomargs.py
[2024-07-24T18:06:35.950+0000] {logging_mixin.py:188} INFO - [2024-07-24T18:06:35.950+0000] {dag.py:3089} INFO - Sync 2 DAGs
[2024-07-24T18:06:35.966+0000] {logging_mixin.py:188} INFO - [2024-07-24T18:06:35.965+0000] {dag.py:3947} INFO - Setting next_dagrun for example_xcom_args to None, run_after=None
[2024-07-24T18:06:35.969+0000] {logging_mixin.py:188} INFO - [2024-07-24T18:06:35.969+0000] {dag.py:3947} INFO - Setting next_dagrun for example_xcom_args_with_operators to None, run_after=None
[2024-07-24T18:06:35.990+0000] {processor.py:183} INFO - Processing /home/airflow/.local/lib/python3.12/site-packages/airflow/example_dags/example_xcomargs.py took 0.088 seconds
[2024-07-24T18:07:06.253+0000] {processor.py:161} INFO - Started process (PID=195) to work on /home/airflow/.local/lib/python3.12/site-packages/airflow/example_dags/example_xcomargs.py
[2024-07-24T18:07:06.255+0000] {processor.py:830} INFO - Processing file /home/airflow/.local/lib/python3.12/site-packages/airflow/example_dags/example_xcomargs.py for tasks to queue
[2024-07-24T18:07:06.257+0000] {logging_mixin.py:188} INFO - [2024-07-24T18:07:06.256+0000] {dagbag.py:545} INFO - Filling up the DagBag from /home/airflow/.local/lib/python3.12/site-packages/airflow/example_dags/example_xcomargs.py
[2024-07-24T18:07:06.265+0000] {processor.py:840} INFO - DAG(s) 'example_xcom_args_with_operators', 'example_xcom_args' retrieved from /home/airflow/.local/lib/python3.12/site-packages/airflow/example_dags/example_xcomargs.py
[2024-07-24T18:07:06.291+0000] {logging_mixin.py:188} INFO - [2024-07-24T18:07:06.290+0000] {dag.py:3089} INFO - Sync 2 DAGs
[2024-07-24T18:07:06.306+0000] {logging_mixin.py:188} INFO - [2024-07-24T18:07:06.306+0000] {dag.py:3947} INFO - Setting next_dagrun for example_xcom_args to None, run_after=None
[2024-07-24T18:07:06.310+0000] {logging_mixin.py:188} INFO - [2024-07-24T18:07:06.310+0000] {dag.py:3947} INFO - Setting next_dagrun for example_xcom_args_with_operators to None, run_after=None
[2024-07-24T18:07:06.331+0000] {processor.py:183} INFO - Processing /home/airflow/.local/lib/python3.12/site-packages/airflow/example_dags/example_xcomargs.py took 0.084 seconds
[2024-07-24T18:07:36.449+0000] {processor.py:161} INFO - Started process (PID=253) to work on /home/airflow/.local/lib/python3.12/site-packages/airflow/example_dags/example_xcomargs.py
[2024-07-24T18:07:36.449+0000] {processor.py:830} INFO - Processing file /home/airflow/.local/lib/python3.12/site-packages/airflow/example_dags/example_xcomargs.py for tasks to queue
[2024-07-24T18:07:36.451+0000] {logging_mixin.py:188} INFO - [2024-07-24T18:07:36.451+0000] {dagbag.py:545} INFO - Filling up the DagBag from /home/airflow/.local/lib/python3.12/site-packages/airflow/example_dags/example_xcomargs.py
[2024-07-24T18:07:36.461+0000] {processor.py:840} INFO - DAG(s) 'example_xcom_args', 'example_xcom_args_with_operators' retrieved from /home/airflow/.local/lib/python3.12/site-packages/airflow/example_dags/example_xcomargs.py
[2024-07-24T18:07:36.486+0000] {logging_mixin.py:188} INFO - [2024-07-24T18:07:36.485+0000] {dag.py:3089} INFO - Sync 2 DAGs
[2024-07-24T18:07:36.497+0000] {logging_mixin.py:188} INFO - [2024-07-24T18:07:36.497+0000] {dag.py:3947} INFO - Setting next_dagrun for example_xcom_args to None, run_after=None
[2024-07-24T18:07:36.504+0000] {logging_mixin.py:188} INFO - [2024-07-24T18:07:36.504+0000] {dag.py:3947} INFO - Setting next_dagrun for example_xcom_args_with_operators to None, run_after=None
[2024-07-24T18:07:36.526+0000] {processor.py:183} INFO - Processing /home/airflow/.local/lib/python3.12/site-packages/airflow/example_dags/example_xcomargs.py took 0.083 seconds
[2024-07-24T18:08:06.854+0000] {processor.py:161} INFO - Started process (PID=310) to work on /home/airflow/.local/lib/python3.12/site-packages/airflow/example_dags/example_xcomargs.py
[2024-07-24T18:08:06.857+0000] {processor.py:830} INFO - Processing file /home/airflow/.local/lib/python3.12/site-packages/airflow/example_dags/example_xcomargs.py for tasks to queue
[2024-07-24T18:08:06.858+0000] {logging_mixin.py:188} INFO - [2024-07-24T18:08:06.858+0000] {dagbag.py:545} INFO - Filling up the DagBag from /home/airflow/.local/lib/python3.12/site-packages/airflow/example_dags/example_xcomargs.py
[2024-07-24T18:08:06.867+0000] {processor.py:840} INFO - DAG(s) 'example_xcom_args', 'example_xcom_args_with_operators' retrieved from /home/airflow/.local/lib/python3.12/site-packages/airflow/example_dags/example_xcomargs.py
[2024-07-24T18:08:06.896+0000] {logging_mixin.py:188} INFO - [2024-07-24T18:08:06.896+0000] {dag.py:3089} INFO - Sync 2 DAGs
[2024-07-24T18:08:06.907+0000] {logging_mixin.py:188} INFO - [2024-07-24T18:08:06.907+0000] {dag.py:3947} INFO - Setting next_dagrun for example_xcom_args to None, run_after=None
[2024-07-24T18:08:06.913+0000] {logging_mixin.py:188} INFO - [2024-07-24T18:08:06.913+0000] {dag.py:3947} INFO - Setting next_dagrun for example_xcom_args_with_operators to None, run_after=None
[2024-07-24T18:08:06.935+0000] {processor.py:183} INFO - Processing /home/airflow/.local/lib/python3.12/site-packages/airflow/example_dags/example_xcomargs.py took 0.086 seconds
[2024-07-24T18:08:37.180+0000] {processor.py:161} INFO - Started process (PID=368) to work on /home/airflow/.local/lib/python3.12/site-packages/airflow/example_dags/example_xcomargs.py
[2024-07-24T18:08:37.180+0000] {processor.py:830} INFO - Processing file /home/airflow/.local/lib/python3.12/site-packages/airflow/example_dags/example_xcomargs.py for tasks to queue
[2024-07-24T18:08:37.182+0000] {logging_mixin.py:188} INFO - [2024-07-24T18:08:37.181+0000] {dagbag.py:545} INFO - Filling up the DagBag from /home/airflow/.local/lib/python3.12/site-packages/airflow/example_dags/example_xcomargs.py
[2024-07-24T18:08:37.191+0000] {processor.py:840} INFO - DAG(s) 'example_xcom_args_with_operators', 'example_xcom_args' retrieved from /home/airflow/.local/lib/python3.12/site-packages/airflow/example_dags/example_xcomargs.py
[2024-07-24T18:08:37.227+0000] {logging_mixin.py:188} INFO - [2024-07-24T18:08:37.227+0000] {dag.py:3089} INFO - Sync 2 DAGs
[2024-07-24T18:08:37.242+0000] {logging_mixin.py:188} INFO - [2024-07-24T18:08:37.242+0000] {dag.py:3947} INFO - Setting next_dagrun for example_xcom_args to None, run_after=None
[2024-07-24T18:08:37.245+0000] {logging_mixin.py:188} INFO - [2024-07-24T18:08:37.245+0000] {dag.py:3947} INFO - Setting next_dagrun for example_xcom_args_with_operators to None, run_after=None
[2024-07-24T18:08:37.267+0000] {processor.py:183} INFO - Processing /home/airflow/.local/lib/python3.12/site-packages/airflow/example_dags/example_xcomargs.py took 0.092 seconds
[2024-07-24T18:09:08.223+0000] {processor.py:161} INFO - Started process (PID=426) to work on /home/airflow/.local/lib/python3.12/site-packages/airflow/example_dags/example_xcomargs.py
[2024-07-24T18:09:08.226+0000] {processor.py:830} INFO - Processing file /home/airflow/.local/lib/python3.12/site-packages/airflow/example_dags/example_xcomargs.py for tasks to queue
[2024-07-24T18:09:08.228+0000] {logging_mixin.py:188} INFO - [2024-07-24T18:09:08.227+0000] {dagbag.py:545} INFO - Filling up the DagBag from /home/airflow/.local/lib/python3.12/site-packages/airflow/example_dags/example_xcomargs.py
[2024-07-24T18:09:08.241+0000] {processor.py:840} INFO - DAG(s) 'example_xcom_args', 'example_xcom_args_with_operators' retrieved from /home/airflow/.local/lib/python3.12/site-packages/airflow/example_dags/example_xcomargs.py
[2024-07-24T18:09:08.275+0000] {logging_mixin.py:188} INFO - [2024-07-24T18:09:08.275+0000] {dag.py:3089} INFO - Sync 2 DAGs
[2024-07-24T18:09:08.291+0000] {logging_mixin.py:188} INFO - [2024-07-24T18:09:08.290+0000] {dag.py:3947} INFO - Setting next_dagrun for example_xcom_args to None, run_after=None
[2024-07-24T18:09:08.294+0000] {logging_mixin.py:188} INFO - [2024-07-24T18:09:08.293+0000] {dag.py:3947} INFO - Setting next_dagrun for example_xcom_args_with_operators to None, run_after=None
[2024-07-24T18:09:08.309+0000] {processor.py:183} INFO - Processing /home/airflow/.local/lib/python3.12/site-packages/airflow/example_dags/example_xcomargs.py took 0.096 seconds
[2024-07-24T18:09:38.825+0000] {processor.py:161} INFO - Started process (PID=484) to work on /home/airflow/.local/lib/python3.12/site-packages/airflow/example_dags/example_xcomargs.py
[2024-07-24T18:09:38.839+0000] {processor.py:830} INFO - Processing file /home/airflow/.local/lib/python3.12/site-packages/airflow/example_dags/example_xcomargs.py for tasks to queue
[2024-07-24T18:09:38.845+0000] {logging_mixin.py:188} INFO - [2024-07-24T18:09:38.840+0000] {dagbag.py:545} INFO - Filling up the DagBag from /home/airflow/.local/lib/python3.12/site-packages/airflow/example_dags/example_xcomargs.py
[2024-07-24T18:09:38.865+0000] {processor.py:840} INFO - DAG(s) 'example_xcom_args', 'example_xcom_args_with_operators' retrieved from /home/airflow/.local/lib/python3.12/site-packages/airflow/example_dags/example_xcomargs.py
[2024-07-24T18:09:38.968+0000] {logging_mixin.py:188} INFO - [2024-07-24T18:09:38.967+0000] {dag.py:3089} INFO - Sync 2 DAGs
[2024-07-24T18:09:39.001+0000] {logging_mixin.py:188} INFO - [2024-07-24T18:09:39.000+0000] {dag.py:3947} INFO - Setting next_dagrun for example_xcom_args to None, run_after=None
[2024-07-24T18:09:39.014+0000] {logging_mixin.py:188} INFO - [2024-07-24T18:09:39.014+0000] {dag.py:3947} INFO - Setting next_dagrun for example_xcom_args_with_operators to None, run_after=None
[2024-07-24T18:09:39.055+0000] {processor.py:183} INFO - Processing /home/airflow/.local/lib/python3.12/site-packages/airflow/example_dags/example_xcomargs.py took 0.250 seconds
[2024-07-24T18:10:10.000+0000] {processor.py:161} INFO - Started process (PID=542) to work on /home/airflow/.local/lib/python3.12/site-packages/airflow/example_dags/example_xcomargs.py
[2024-07-24T18:10:10.003+0000] {processor.py:830} INFO - Processing file /home/airflow/.local/lib/python3.12/site-packages/airflow/example_dags/example_xcomargs.py for tasks to queue
[2024-07-24T18:10:10.004+0000] {logging_mixin.py:188} INFO - [2024-07-24T18:10:10.004+0000] {dagbag.py:545} INFO - Filling up the DagBag from /home/airflow/.local/lib/python3.12/site-packages/airflow/example_dags/example_xcomargs.py
[2024-07-24T18:10:10.014+0000] {processor.py:840} INFO - DAG(s) 'example_xcom_args', 'example_xcom_args_with_operators' retrieved from /home/airflow/.local/lib/python3.12/site-packages/airflow/example_dags/example_xcomargs.py
[2024-07-24T18:10:10.037+0000] {logging_mixin.py:188} INFO - [2024-07-24T18:10:10.037+0000] {dag.py:3089} INFO - Sync 2 DAGs
[2024-07-24T18:10:10.052+0000] {logging_mixin.py:188} INFO - [2024-07-24T18:10:10.052+0000] {dag.py:3947} INFO - Setting next_dagrun for example_xcom_args to None, run_after=None
[2024-07-24T18:10:10.055+0000] {logging_mixin.py:188} INFO - [2024-07-24T18:10:10.055+0000] {dag.py:3947} INFO - Setting next_dagrun for example_xcom_args_with_operators to None, run_after=None
[2024-07-24T18:10:10.072+0000] {processor.py:183} INFO - Processing /home/airflow/.local/lib/python3.12/site-packages/airflow/example_dags/example_xcomargs.py took 0.077 seconds
[2024-07-24T18:10:40.329+0000] {processor.py:161} INFO - Started process (PID=600) to work on /home/airflow/.local/lib/python3.12/site-packages/airflow/example_dags/example_xcomargs.py
[2024-07-24T18:10:40.330+0000] {processor.py:830} INFO - Processing file /home/airflow/.local/lib/python3.12/site-packages/airflow/example_dags/example_xcomargs.py for tasks to queue
[2024-07-24T18:10:40.333+0000] {logging_mixin.py:188} INFO - [2024-07-24T18:10:40.331+0000] {dagbag.py:545} INFO - Filling up the DagBag from /home/airflow/.local/lib/python3.12/site-packages/airflow/example_dags/example_xcomargs.py
[2024-07-24T18:10:40.340+0000] {processor.py:840} INFO - DAG(s) 'example_xcom_args_with_operators', 'example_xcom_args' retrieved from /home/airflow/.local/lib/python3.12/site-packages/airflow/example_dags/example_xcomargs.py
[2024-07-24T18:10:40.365+0000] {logging_mixin.py:188} INFO - [2024-07-24T18:10:40.365+0000] {dag.py:3089} INFO - Sync 2 DAGs
[2024-07-24T18:10:40.380+0000] {logging_mixin.py:188} INFO - [2024-07-24T18:10:40.380+0000] {dag.py:3947} INFO - Setting next_dagrun for example_xcom_args to None, run_after=None
[2024-07-24T18:10:40.384+0000] {logging_mixin.py:188} INFO - [2024-07-24T18:10:40.384+0000] {dag.py:3947} INFO - Setting next_dagrun for example_xcom_args_with_operators to None, run_after=None
[2024-07-24T18:10:40.400+0000] {processor.py:183} INFO - Processing /home/airflow/.local/lib/python3.12/site-packages/airflow/example_dags/example_xcomargs.py took 0.076 seconds
[2024-07-24T18:11:10.803+0000] {processor.py:161} INFO - Started process (PID=657) to work on /home/airflow/.local/lib/python3.12/site-packages/airflow/example_dags/example_xcomargs.py
[2024-07-24T18:11:10.807+0000] {processor.py:830} INFO - Processing file /home/airflow/.local/lib/python3.12/site-packages/airflow/example_dags/example_xcomargs.py for tasks to queue
[2024-07-24T18:11:10.809+0000] {logging_mixin.py:188} INFO - [2024-07-24T18:11:10.808+0000] {dagbag.py:545} INFO - Filling up the DagBag from /home/airflow/.local/lib/python3.12/site-packages/airflow/example_dags/example_xcomargs.py
[2024-07-24T18:11:10.817+0000] {processor.py:840} INFO - DAG(s) 'example_xcom_args', 'example_xcom_args_with_operators' retrieved from /home/airflow/.local/lib/python3.12/site-packages/airflow/example_dags/example_xcomargs.py
[2024-07-24T18:11:10.846+0000] {logging_mixin.py:188} INFO - [2024-07-24T18:11:10.846+0000] {dag.py:3089} INFO - Sync 2 DAGs
[2024-07-24T18:11:10.860+0000] {logging_mixin.py:188} INFO - [2024-07-24T18:11:10.860+0000] {dag.py:3947} INFO - Setting next_dagrun for example_xcom_args to None, run_after=None
[2024-07-24T18:11:10.864+0000] {logging_mixin.py:188} INFO - [2024-07-24T18:11:10.864+0000] {dag.py:3947} INFO - Setting next_dagrun for example_xcom_args_with_operators to None, run_after=None
[2024-07-24T18:11:10.882+0000] {processor.py:183} INFO - Processing /home/airflow/.local/lib/python3.12/site-packages/airflow/example_dags/example_xcomargs.py took 0.087 seconds
[2024-07-24T18:11:41.277+0000] {processor.py:161} INFO - Started process (PID=715) to work on /home/airflow/.local/lib/python3.12/site-packages/airflow/example_dags/example_xcomargs.py
[2024-07-24T18:11:41.278+0000] {processor.py:830} INFO - Processing file /home/airflow/.local/lib/python3.12/site-packages/airflow/example_dags/example_xcomargs.py for tasks to queue
[2024-07-24T18:11:41.279+0000] {logging_mixin.py:188} INFO - [2024-07-24T18:11:41.279+0000] {dagbag.py:545} INFO - Filling up the DagBag from /home/airflow/.local/lib/python3.12/site-packages/airflow/example_dags/example_xcomargs.py
[2024-07-24T18:11:41.289+0000] {processor.py:840} INFO - DAG(s) 'example_xcom_args', 'example_xcom_args_with_operators' retrieved from /home/airflow/.local/lib/python3.12/site-packages/airflow/example_dags/example_xcomargs.py
[2024-07-24T18:11:41.315+0000] {logging_mixin.py:188} INFO - [2024-07-24T18:11:41.315+0000] {dag.py:3089} INFO - Sync 2 DAGs
[2024-07-24T18:11:41.331+0000] {logging_mixin.py:188} INFO - [2024-07-24T18:11:41.331+0000] {dag.py:3947} INFO - Setting next_dagrun for example_xcom_args to None, run_after=None
[2024-07-24T18:11:41.340+0000] {logging_mixin.py:188} INFO - [2024-07-24T18:11:41.340+0000] {dag.py:3947} INFO - Setting next_dagrun for example_xcom_args_with_operators to None, run_after=None
[2024-07-24T18:11:41.359+0000] {processor.py:183} INFO - Processing /home/airflow/.local/lib/python3.12/site-packages/airflow/example_dags/example_xcomargs.py took 0.087 seconds
[2024-07-24T18:12:11.789+0000] {processor.py:161} INFO - Started process (PID=773) to work on /home/airflow/.local/lib/python3.12/site-packages/airflow/example_dags/example_xcomargs.py
[2024-07-24T18:12:11.794+0000] {processor.py:830} INFO - Processing file /home/airflow/.local/lib/python3.12/site-packages/airflow/example_dags/example_xcomargs.py for tasks to queue
[2024-07-24T18:12:11.795+0000] {logging_mixin.py:188} INFO - [2024-07-24T18:12:11.795+0000] {dagbag.py:545} INFO - Filling up the DagBag from /home/airflow/.local/lib/python3.12/site-packages/airflow/example_dags/example_xcomargs.py
[2024-07-24T18:12:11.807+0000] {processor.py:840} INFO - DAG(s) 'example_xcom_args_with_operators', 'example_xcom_args' retrieved from /home/airflow/.local/lib/python3.12/site-packages/airflow/example_dags/example_xcomargs.py
[2024-07-24T18:12:11.834+0000] {logging_mixin.py:188} INFO - [2024-07-24T18:12:11.834+0000] {dag.py:3089} INFO - Sync 2 DAGs
[2024-07-24T18:12:11.848+0000] {logging_mixin.py:188} INFO - [2024-07-24T18:12:11.848+0000] {dag.py:3947} INFO - Setting next_dagrun for example_xcom_args to None, run_after=None
[2024-07-24T18:12:11.851+0000] {logging_mixin.py:188} INFO - [2024-07-24T18:12:11.851+0000] {dag.py:3947} INFO - Setting next_dagrun for example_xcom_args_with_operators to None, run_after=None
[2024-07-24T18:12:11.869+0000] {processor.py:183} INFO - Processing /home/airflow/.local/lib/python3.12/site-packages/airflow/example_dags/example_xcomargs.py took 0.089 seconds
[2024-07-24T18:12:42.748+0000] {processor.py:161} INFO - Started process (PID=831) to work on /home/airflow/.local/lib/python3.12/site-packages/airflow/example_dags/example_xcomargs.py
[2024-07-24T18:12:42.749+0000] {processor.py:830} INFO - Processing file /home/airflow/.local/lib/python3.12/site-packages/airflow/example_dags/example_xcomargs.py for tasks to queue
[2024-07-24T18:12:42.752+0000] {logging_mixin.py:188} INFO - [2024-07-24T18:12:42.752+0000] {dagbag.py:545} INFO - Filling up the DagBag from /home/airflow/.local/lib/python3.12/site-packages/airflow/example_dags/example_xcomargs.py
[2024-07-24T18:12:42.761+0000] {processor.py:840} INFO - DAG(s) 'example_xcom_args', 'example_xcom_args_with_operators' retrieved from /home/airflow/.local/lib/python3.12/site-packages/airflow/example_dags/example_xcomargs.py
[2024-07-24T18:12:42.789+0000] {logging_mixin.py:188} INFO - [2024-07-24T18:12:42.789+0000] {dag.py:3089} INFO - Sync 2 DAGs
[2024-07-24T18:12:42.802+0000] {logging_mixin.py:188} INFO - [2024-07-24T18:12:42.801+0000] {dag.py:3947} INFO - Setting next_dagrun for example_xcom_args to None, run_after=None
[2024-07-24T18:12:42.806+0000] {logging_mixin.py:188} INFO - [2024-07-24T18:12:42.806+0000] {dag.py:3947} INFO - Setting next_dagrun for example_xcom_args_with_operators to None, run_after=None
[2024-07-24T18:12:42.822+0000] {processor.py:183} INFO - Processing /home/airflow/.local/lib/python3.12/site-packages/airflow/example_dags/example_xcomargs.py took 0.079 seconds
[2024-07-24T18:13:13.717+0000] {processor.py:161} INFO - Started process (PID=889) to work on /home/airflow/.local/lib/python3.12/site-packages/airflow/example_dags/example_xcomargs.py
[2024-07-24T18:13:13.719+0000] {processor.py:830} INFO - Processing file /home/airflow/.local/lib/python3.12/site-packages/airflow/example_dags/example_xcomargs.py for tasks to queue
[2024-07-24T18:13:13.720+0000] {logging_mixin.py:188} INFO - [2024-07-24T18:13:13.720+0000] {dagbag.py:545} INFO - Filling up the DagBag from /home/airflow/.local/lib/python3.12/site-packages/airflow/example_dags/example_xcomargs.py
[2024-07-24T18:13:13.727+0000] {processor.py:840} INFO - DAG(s) 'example_xcom_args', 'example_xcom_args_with_operators' retrieved from /home/airflow/.local/lib/python3.12/site-packages/airflow/example_dags/example_xcomargs.py
[2024-07-24T18:13:13.754+0000] {logging_mixin.py:188} INFO - [2024-07-24T18:13:13.754+0000] {dag.py:3089} INFO - Sync 2 DAGs
[2024-07-24T18:13:13.769+0000] {logging_mixin.py:188} INFO - [2024-07-24T18:13:13.769+0000] {dag.py:3947} INFO - Setting next_dagrun for example_xcom_args to None, run_after=None
[2024-07-24T18:13:13.774+0000] {logging_mixin.py:188} INFO - [2024-07-24T18:13:13.774+0000] {dag.py:3947} INFO - Setting next_dagrun for example_xcom_args_with_operators to None, run_after=None
[2024-07-24T18:13:13.789+0000] {processor.py:183} INFO - Processing /home/airflow/.local/lib/python3.12/site-packages/airflow/example_dags/example_xcomargs.py took 0.077 seconds
[2024-07-24T18:13:43.848+0000] {processor.py:161} INFO - Started process (PID=947) to work on /home/airflow/.local/lib/python3.12/site-packages/airflow/example_dags/example_xcomargs.py
[2024-07-24T18:13:43.849+0000] {processor.py:830} INFO - Processing file /home/airflow/.local/lib/python3.12/site-packages/airflow/example_dags/example_xcomargs.py for tasks to queue
[2024-07-24T18:13:43.850+0000] {logging_mixin.py:188} INFO - [2024-07-24T18:13:43.850+0000] {dagbag.py:545} INFO - Filling up the DagBag from /home/airflow/.local/lib/python3.12/site-packages/airflow/example_dags/example_xcomargs.py
[2024-07-24T18:13:43.859+0000] {processor.py:840} INFO - DAG(s) 'example_xcom_args', 'example_xcom_args_with_operators' retrieved from /home/airflow/.local/lib/python3.12/site-packages/airflow/example_dags/example_xcomargs.py
[2024-07-24T18:13:43.885+0000] {logging_mixin.py:188} INFO - [2024-07-24T18:13:43.885+0000] {dag.py:3089} INFO - Sync 2 DAGs
[2024-07-24T18:13:43.899+0000] {logging_mixin.py:188} INFO - [2024-07-24T18:13:43.899+0000] {dag.py:3947} INFO - Setting next_dagrun for example_xcom_args to None, run_after=None
[2024-07-24T18:13:43.902+0000] {logging_mixin.py:188} INFO - [2024-07-24T18:13:43.902+0000] {dag.py:3947} INFO - Setting next_dagrun for example_xcom_args_with_operators to None, run_after=None
[2024-07-24T18:13:43.927+0000] {processor.py:183} INFO - Processing /home/airflow/.local/lib/python3.12/site-packages/airflow/example_dags/example_xcomargs.py took 0.085 seconds
[2024-07-24T18:14:14.789+0000] {processor.py:161} INFO - Started process (PID=1005) to work on /home/airflow/.local/lib/python3.12/site-packages/airflow/example_dags/example_xcomargs.py
[2024-07-24T18:14:14.791+0000] {processor.py:830} INFO - Processing file /home/airflow/.local/lib/python3.12/site-packages/airflow/example_dags/example_xcomargs.py for tasks to queue
[2024-07-24T18:14:14.793+0000] {logging_mixin.py:188} INFO - [2024-07-24T18:14:14.793+0000] {dagbag.py:545} INFO - Filling up the DagBag from /home/airflow/.local/lib/python3.12/site-packages/airflow/example_dags/example_xcomargs.py
[2024-07-24T18:14:14.801+0000] {processor.py:840} INFO - DAG(s) 'example_xcom_args', 'example_xcom_args_with_operators' retrieved from /home/airflow/.local/lib/python3.12/site-packages/airflow/example_dags/example_xcomargs.py
[2024-07-24T18:14:14.827+0000] {logging_mixin.py:188} INFO - [2024-07-24T18:14:14.827+0000] {dag.py:3089} INFO - Sync 2 DAGs
[2024-07-24T18:14:14.842+0000] {logging_mixin.py:188} INFO - [2024-07-24T18:14:14.842+0000] {dag.py:3947} INFO - Setting next_dagrun for example_xcom_args to None, run_after=None
[2024-07-24T18:14:14.845+0000] {logging_mixin.py:188} INFO - [2024-07-24T18:14:14.845+0000] {dag.py:3947} INFO - Setting next_dagrun for example_xcom_args_with_operators to None, run_after=None
[2024-07-24T18:14:14.862+0000] {processor.py:183} INFO - Processing /home/airflow/.local/lib/python3.12/site-packages/airflow/example_dags/example_xcomargs.py took 0.080 seconds
[2024-07-24T18:14:45.168+0000] {processor.py:161} INFO - Started process (PID=1062) to work on /home/airflow/.local/lib/python3.12/site-packages/airflow/example_dags/example_xcomargs.py
[2024-07-24T18:14:45.180+0000] {processor.py:830} INFO - Processing file /home/airflow/.local/lib/python3.12/site-packages/airflow/example_dags/example_xcomargs.py for tasks to queue
[2024-07-24T18:14:45.186+0000] {logging_mixin.py:188} INFO - [2024-07-24T18:14:45.185+0000] {dagbag.py:545} INFO - Filling up the DagBag from /home/airflow/.local/lib/python3.12/site-packages/airflow/example_dags/example_xcomargs.py
[2024-07-24T18:14:45.213+0000] {processor.py:840} INFO - DAG(s) 'example_xcom_args', 'example_xcom_args_with_operators' retrieved from /home/airflow/.local/lib/python3.12/site-packages/airflow/example_dags/example_xcomargs.py
[2024-07-24T18:14:45.321+0000] {logging_mixin.py:188} INFO - [2024-07-24T18:14:45.321+0000] {dag.py:3089} INFO - Sync 2 DAGs
[2024-07-24T18:14:45.352+0000] {logging_mixin.py:188} INFO - [2024-07-24T18:14:45.351+0000] {dag.py:3947} INFO - Setting next_dagrun for example_xcom_args to None, run_after=None
[2024-07-24T18:14:45.364+0000] {logging_mixin.py:188} INFO - [2024-07-24T18:14:45.363+0000] {dag.py:3947} INFO - Setting next_dagrun for example_xcom_args_with_operators to None, run_after=None
[2024-07-24T18:14:45.409+0000] {processor.py:183} INFO - Processing /home/airflow/.local/lib/python3.12/site-packages/airflow/example_dags/example_xcomargs.py took 0.255 seconds
[2024-07-24T18:15:16.109+0000] {processor.py:161} INFO - Started process (PID=1120) to work on /home/airflow/.local/lib/python3.12/site-packages/airflow/example_dags/example_xcomargs.py
[2024-07-24T18:15:16.114+0000] {processor.py:830} INFO - Processing file /home/airflow/.local/lib/python3.12/site-packages/airflow/example_dags/example_xcomargs.py for tasks to queue
[2024-07-24T18:15:16.117+0000] {logging_mixin.py:188} INFO - [2024-07-24T18:15:16.117+0000] {dagbag.py:545} INFO - Filling up the DagBag from /home/airflow/.local/lib/python3.12/site-packages/airflow/example_dags/example_xcomargs.py
[2024-07-24T18:15:16.180+0000] {processor.py:840} INFO - DAG(s) 'example_xcom_args_with_operators', 'example_xcom_args' retrieved from /home/airflow/.local/lib/python3.12/site-packages/airflow/example_dags/example_xcomargs.py
[2024-07-24T18:15:16.258+0000] {logging_mixin.py:188} INFO - [2024-07-24T18:15:16.258+0000] {dag.py:3089} INFO - Sync 2 DAGs
[2024-07-24T18:15:16.298+0000] {logging_mixin.py:188} INFO - [2024-07-24T18:15:16.298+0000] {dag.py:3947} INFO - Setting next_dagrun for example_xcom_args to None, run_after=None
[2024-07-24T18:15:16.316+0000] {logging_mixin.py:188} INFO - [2024-07-24T18:15:16.316+0000] {dag.py:3947} INFO - Setting next_dagrun for example_xcom_args_with_operators to None, run_after=None
[2024-07-24T18:15:16.377+0000] {processor.py:183} INFO - Processing /home/airflow/.local/lib/python3.12/site-packages/airflow/example_dags/example_xcomargs.py took 0.288 seconds
[2024-07-24T18:15:46.453+0000] {processor.py:161} INFO - Started process (PID=1178) to work on /home/airflow/.local/lib/python3.12/site-packages/airflow/example_dags/example_xcomargs.py
[2024-07-24T18:15:46.454+0000] {processor.py:830} INFO - Processing file /home/airflow/.local/lib/python3.12/site-packages/airflow/example_dags/example_xcomargs.py for tasks to queue
[2024-07-24T18:15:46.455+0000] {logging_mixin.py:188} INFO - [2024-07-24T18:15:46.455+0000] {dagbag.py:545} INFO - Filling up the DagBag from /home/airflow/.local/lib/python3.12/site-packages/airflow/example_dags/example_xcomargs.py
[2024-07-24T18:15:46.466+0000] {processor.py:840} INFO - DAG(s) 'example_xcom_args_with_operators', 'example_xcom_args' retrieved from /home/airflow/.local/lib/python3.12/site-packages/airflow/example_dags/example_xcomargs.py
[2024-07-24T18:15:46.488+0000] {logging_mixin.py:188} INFO - [2024-07-24T18:15:46.488+0000] {dag.py:3089} INFO - Sync 2 DAGs
[2024-07-24T18:15:46.502+0000] {logging_mixin.py:188} INFO - [2024-07-24T18:15:46.502+0000] {dag.py:3947} INFO - Setting next_dagrun for example_xcom_args to None, run_after=None
[2024-07-24T18:15:46.506+0000] {logging_mixin.py:188} INFO - [2024-07-24T18:15:46.506+0000] {dag.py:3947} INFO - Setting next_dagrun for example_xcom_args_with_operators to None, run_after=None
[2024-07-24T18:15:46.520+0000] {processor.py:183} INFO - Processing /home/airflow/.local/lib/python3.12/site-packages/airflow/example_dags/example_xcomargs.py took 0.073 seconds
[2024-07-24T18:16:17.174+0000] {processor.py:161} INFO - Started process (PID=1235) to work on /home/airflow/.local/lib/python3.12/site-packages/airflow/example_dags/example_xcomargs.py
[2024-07-24T18:16:17.177+0000] {processor.py:830} INFO - Processing file /home/airflow/.local/lib/python3.12/site-packages/airflow/example_dags/example_xcomargs.py for tasks to queue
[2024-07-24T18:16:17.179+0000] {logging_mixin.py:188} INFO - [2024-07-24T18:16:17.179+0000] {dagbag.py:545} INFO - Filling up the DagBag from /home/airflow/.local/lib/python3.12/site-packages/airflow/example_dags/example_xcomargs.py
[2024-07-24T18:16:17.191+0000] {processor.py:840} INFO - DAG(s) 'example_xcom_args_with_operators', 'example_xcom_args' retrieved from /home/airflow/.local/lib/python3.12/site-packages/airflow/example_dags/example_xcomargs.py
[2024-07-24T18:16:17.218+0000] {logging_mixin.py:188} INFO - [2024-07-24T18:16:17.217+0000] {dag.py:3089} INFO - Sync 2 DAGs
[2024-07-24T18:16:17.235+0000] {logging_mixin.py:188} INFO - [2024-07-24T18:16:17.235+0000] {dag.py:3947} INFO - Setting next_dagrun for example_xcom_args to None, run_after=None
[2024-07-24T18:16:17.240+0000] {logging_mixin.py:188} INFO - [2024-07-24T18:16:17.240+0000] {dag.py:3947} INFO - Setting next_dagrun for example_xcom_args_with_operators to None, run_after=None
[2024-07-24T18:16:17.266+0000] {processor.py:183} INFO - Processing /home/airflow/.local/lib/python3.12/site-packages/airflow/example_dags/example_xcomargs.py took 0.106 seconds
