[2024-07-24T18:05:58.467+0000] {processor.py:161} INFO - Started process (PID=60) to work on /home/airflow/.local/lib/python3.12/site-packages/airflow/example_dags/example_sensor_decorator.py
[2024-07-24T18:05:58.470+0000] {processor.py:830} INFO - Processing file /home/airflow/.local/lib/python3.12/site-packages/airflow/example_dags/example_sensor_decorator.py for tasks to queue
[2024-07-24T18:05:58.489+0000] {logging_mixin.py:188} INFO - [2024-07-24T18:05:58.489+0000] {dagbag.py:545} INFO - Filling up the DagBag from /home/airflow/.local/lib/python3.12/site-packages/airflow/example_dags/example_sensor_decorator.py
[2024-07-24T18:05:58.550+0000] {processor.py:840} INFO - DAG(s) 'example_sensor_decorator' retrieved from /home/airflow/.local/lib/python3.12/site-packages/airflow/example_dags/example_sensor_decorator.py
[2024-07-24T18:05:58.863+0000] {logging_mixin.py:188} INFO - [2024-07-24T18:05:58.862+0000] {dag.py:3089} INFO - Sync 1 DAGs
[2024-07-24T18:05:58.876+0000] {logging_mixin.py:188} INFO - [2024-07-24T18:05:58.875+0000] {dag.py:3947} INFO - Setting next_dagrun for example_sensor_decorator to None, run_after=None
[2024-07-24T18:05:58.893+0000] {processor.py:183} INFO - Processing /home/airflow/.local/lib/python3.12/site-packages/airflow/example_dags/example_sensor_decorator.py took 0.435 seconds
[2024-07-24T18:06:29.032+0000] {processor.py:161} INFO - Started process (PID=118) to work on /home/airflow/.local/lib/python3.12/site-packages/airflow/example_dags/example_sensor_decorator.py
[2024-07-24T18:06:29.035+0000] {processor.py:830} INFO - Processing file /home/airflow/.local/lib/python3.12/site-packages/airflow/example_dags/example_sensor_decorator.py for tasks to queue
[2024-07-24T18:06:29.036+0000] {logging_mixin.py:188} INFO - [2024-07-24T18:06:29.036+0000] {dagbag.py:545} INFO - Filling up the DagBag from /home/airflow/.local/lib/python3.12/site-packages/airflow/example_dags/example_sensor_decorator.py
[2024-07-24T18:06:29.042+0000] {processor.py:840} INFO - DAG(s) 'example_sensor_decorator' retrieved from /home/airflow/.local/lib/python3.12/site-packages/airflow/example_dags/example_sensor_decorator.py
[2024-07-24T18:06:29.071+0000] {logging_mixin.py:188} INFO - [2024-07-24T18:06:29.071+0000] {dag.py:3089} INFO - Sync 1 DAGs
[2024-07-24T18:06:29.084+0000] {logging_mixin.py:188} INFO - [2024-07-24T18:06:29.084+0000] {dag.py:3947} INFO - Setting next_dagrun for example_sensor_decorator to None, run_after=None
[2024-07-24T18:06:29.110+0000] {processor.py:183} INFO - Processing /home/airflow/.local/lib/python3.12/site-packages/airflow/example_dags/example_sensor_decorator.py took 0.084 seconds
[2024-07-24T18:06:59.357+0000] {processor.py:161} INFO - Started process (PID=176) to work on /home/airflow/.local/lib/python3.12/site-packages/airflow/example_dags/example_sensor_decorator.py
[2024-07-24T18:06:59.359+0000] {processor.py:830} INFO - Processing file /home/airflow/.local/lib/python3.12/site-packages/airflow/example_dags/example_sensor_decorator.py for tasks to queue
[2024-07-24T18:06:59.361+0000] {logging_mixin.py:188} INFO - [2024-07-24T18:06:59.360+0000] {dagbag.py:545} INFO - Filling up the DagBag from /home/airflow/.local/lib/python3.12/site-packages/airflow/example_dags/example_sensor_decorator.py
[2024-07-24T18:06:59.368+0000] {processor.py:840} INFO - DAG(s) 'example_sensor_decorator' retrieved from /home/airflow/.local/lib/python3.12/site-packages/airflow/example_dags/example_sensor_decorator.py
[2024-07-24T18:06:59.394+0000] {logging_mixin.py:188} INFO - [2024-07-24T18:06:59.394+0000] {dag.py:3089} INFO - Sync 1 DAGs
[2024-07-24T18:06:59.407+0000] {logging_mixin.py:188} INFO - [2024-07-24T18:06:59.407+0000] {dag.py:3947} INFO - Setting next_dagrun for example_sensor_decorator to None, run_after=None
[2024-07-24T18:06:59.434+0000] {processor.py:183} INFO - Processing /home/airflow/.local/lib/python3.12/site-packages/airflow/example_dags/example_sensor_decorator.py took 0.083 seconds
[2024-07-24T18:07:29.503+0000] {processor.py:161} INFO - Started process (PID=234) to work on /home/airflow/.local/lib/python3.12/site-packages/airflow/example_dags/example_sensor_decorator.py
[2024-07-24T18:07:29.505+0000] {processor.py:830} INFO - Processing file /home/airflow/.local/lib/python3.12/site-packages/airflow/example_dags/example_sensor_decorator.py for tasks to queue
[2024-07-24T18:07:29.507+0000] {logging_mixin.py:188} INFO - [2024-07-24T18:07:29.507+0000] {dagbag.py:545} INFO - Filling up the DagBag from /home/airflow/.local/lib/python3.12/site-packages/airflow/example_dags/example_sensor_decorator.py
[2024-07-24T18:07:29.512+0000] {processor.py:840} INFO - DAG(s) 'example_sensor_decorator' retrieved from /home/airflow/.local/lib/python3.12/site-packages/airflow/example_dags/example_sensor_decorator.py
[2024-07-24T18:07:29.537+0000] {logging_mixin.py:188} INFO - [2024-07-24T18:07:29.537+0000] {dag.py:3089} INFO - Sync 1 DAGs
[2024-07-24T18:07:29.552+0000] {logging_mixin.py:188} INFO - [2024-07-24T18:07:29.552+0000] {dag.py:3947} INFO - Setting next_dagrun for example_sensor_decorator to None, run_after=None
[2024-07-24T18:07:29.579+0000] {processor.py:183} INFO - Processing /home/airflow/.local/lib/python3.12/site-packages/airflow/example_dags/example_sensor_decorator.py took 0.081 seconds
[2024-07-24T18:07:59.814+0000] {processor.py:161} INFO - Started process (PID=291) to work on /home/airflow/.local/lib/python3.12/site-packages/airflow/example_dags/example_sensor_decorator.py
[2024-07-24T18:07:59.818+0000] {processor.py:830} INFO - Processing file /home/airflow/.local/lib/python3.12/site-packages/airflow/example_dags/example_sensor_decorator.py for tasks to queue
[2024-07-24T18:07:59.822+0000] {logging_mixin.py:188} INFO - [2024-07-24T18:07:59.822+0000] {dagbag.py:545} INFO - Filling up the DagBag from /home/airflow/.local/lib/python3.12/site-packages/airflow/example_dags/example_sensor_decorator.py
[2024-07-24T18:07:59.834+0000] {processor.py:840} INFO - DAG(s) 'example_sensor_decorator' retrieved from /home/airflow/.local/lib/python3.12/site-packages/airflow/example_dags/example_sensor_decorator.py
[2024-07-24T18:07:59.876+0000] {logging_mixin.py:188} INFO - [2024-07-24T18:07:59.876+0000] {dag.py:3089} INFO - Sync 1 DAGs
[2024-07-24T18:07:59.905+0000] {logging_mixin.py:188} INFO - [2024-07-24T18:07:59.904+0000] {dag.py:3947} INFO - Setting next_dagrun for example_sensor_decorator to None, run_after=None
[2024-07-24T18:07:59.943+0000] {processor.py:183} INFO - Processing /home/airflow/.local/lib/python3.12/site-packages/airflow/example_dags/example_sensor_decorator.py took 0.145 seconds
[2024-07-24T18:08:30.244+0000] {processor.py:161} INFO - Started process (PID=349) to work on /home/airflow/.local/lib/python3.12/site-packages/airflow/example_dags/example_sensor_decorator.py
[2024-07-24T18:08:30.246+0000] {processor.py:830} INFO - Processing file /home/airflow/.local/lib/python3.12/site-packages/airflow/example_dags/example_sensor_decorator.py for tasks to queue
[2024-07-24T18:08:30.250+0000] {logging_mixin.py:188} INFO - [2024-07-24T18:08:30.250+0000] {dagbag.py:545} INFO - Filling up the DagBag from /home/airflow/.local/lib/python3.12/site-packages/airflow/example_dags/example_sensor_decorator.py
[2024-07-24T18:08:30.257+0000] {processor.py:840} INFO - DAG(s) 'example_sensor_decorator' retrieved from /home/airflow/.local/lib/python3.12/site-packages/airflow/example_dags/example_sensor_decorator.py
[2024-07-24T18:08:30.281+0000] {logging_mixin.py:188} INFO - [2024-07-24T18:08:30.281+0000] {dag.py:3089} INFO - Sync 1 DAGs
[2024-07-24T18:08:30.294+0000] {logging_mixin.py:188} INFO - [2024-07-24T18:08:30.294+0000] {dag.py:3947} INFO - Setting next_dagrun for example_sensor_decorator to None, run_after=None
[2024-07-24T18:08:30.318+0000] {processor.py:183} INFO - Processing /home/airflow/.local/lib/python3.12/site-packages/airflow/example_dags/example_sensor_decorator.py took 0.079 seconds
[2024-07-24T18:09:00.496+0000] {processor.py:161} INFO - Started process (PID=407) to work on /home/airflow/.local/lib/python3.12/site-packages/airflow/example_dags/example_sensor_decorator.py
[2024-07-24T18:09:00.500+0000] {processor.py:830} INFO - Processing file /home/airflow/.local/lib/python3.12/site-packages/airflow/example_dags/example_sensor_decorator.py for tasks to queue
[2024-07-24T18:09:00.501+0000] {logging_mixin.py:188} INFO - [2024-07-24T18:09:00.501+0000] {dagbag.py:545} INFO - Filling up the DagBag from /home/airflow/.local/lib/python3.12/site-packages/airflow/example_dags/example_sensor_decorator.py
[2024-07-24T18:09:00.508+0000] {processor.py:840} INFO - DAG(s) 'example_sensor_decorator' retrieved from /home/airflow/.local/lib/python3.12/site-packages/airflow/example_dags/example_sensor_decorator.py
[2024-07-24T18:09:00.533+0000] {logging_mixin.py:188} INFO - [2024-07-24T18:09:00.533+0000] {dag.py:3089} INFO - Sync 1 DAGs
[2024-07-24T18:09:00.547+0000] {logging_mixin.py:188} INFO - [2024-07-24T18:09:00.547+0000] {dag.py:3947} INFO - Setting next_dagrun for example_sensor_decorator to None, run_after=None
[2024-07-24T18:09:00.572+0000] {processor.py:183} INFO - Processing /home/airflow/.local/lib/python3.12/site-packages/airflow/example_dags/example_sensor_decorator.py took 0.081 seconds
[2024-07-24T18:09:30.612+0000] {processor.py:161} INFO - Started process (PID=465) to work on /home/airflow/.local/lib/python3.12/site-packages/airflow/example_dags/example_sensor_decorator.py
[2024-07-24T18:09:30.613+0000] {processor.py:830} INFO - Processing file /home/airflow/.local/lib/python3.12/site-packages/airflow/example_dags/example_sensor_decorator.py for tasks to queue
[2024-07-24T18:09:30.614+0000] {logging_mixin.py:188} INFO - [2024-07-24T18:09:30.614+0000] {dagbag.py:545} INFO - Filling up the DagBag from /home/airflow/.local/lib/python3.12/site-packages/airflow/example_dags/example_sensor_decorator.py
[2024-07-24T18:09:30.622+0000] {processor.py:840} INFO - DAG(s) 'example_sensor_decorator' retrieved from /home/airflow/.local/lib/python3.12/site-packages/airflow/example_dags/example_sensor_decorator.py
[2024-07-24T18:09:30.652+0000] {logging_mixin.py:188} INFO - [2024-07-24T18:09:30.651+0000] {dag.py:3089} INFO - Sync 1 DAGs
[2024-07-24T18:09:30.666+0000] {logging_mixin.py:188} INFO - [2024-07-24T18:09:30.666+0000] {dag.py:3947} INFO - Setting next_dagrun for example_sensor_decorator to None, run_after=None
[2024-07-24T18:09:30.689+0000] {processor.py:183} INFO - Processing /home/airflow/.local/lib/python3.12/site-packages/airflow/example_dags/example_sensor_decorator.py took 0.084 seconds
[2024-07-24T18:10:00.798+0000] {processor.py:161} INFO - Started process (PID=523) to work on /home/airflow/.local/lib/python3.12/site-packages/airflow/example_dags/example_sensor_decorator.py
[2024-07-24T18:10:00.802+0000] {processor.py:830} INFO - Processing file /home/airflow/.local/lib/python3.12/site-packages/airflow/example_dags/example_sensor_decorator.py for tasks to queue
[2024-07-24T18:10:00.803+0000] {logging_mixin.py:188} INFO - [2024-07-24T18:10:00.803+0000] {dagbag.py:545} INFO - Filling up the DagBag from /home/airflow/.local/lib/python3.12/site-packages/airflow/example_dags/example_sensor_decorator.py
[2024-07-24T18:10:00.809+0000] {processor.py:840} INFO - DAG(s) 'example_sensor_decorator' retrieved from /home/airflow/.local/lib/python3.12/site-packages/airflow/example_dags/example_sensor_decorator.py
[2024-07-24T18:10:00.836+0000] {logging_mixin.py:188} INFO - [2024-07-24T18:10:00.836+0000] {dag.py:3089} INFO - Sync 1 DAGs
[2024-07-24T18:10:00.851+0000] {logging_mixin.py:188} INFO - [2024-07-24T18:10:00.851+0000] {dag.py:3947} INFO - Setting next_dagrun for example_sensor_decorator to None, run_after=None
[2024-07-24T18:10:00.872+0000] {processor.py:183} INFO - Processing /home/airflow/.local/lib/python3.12/site-packages/airflow/example_dags/example_sensor_decorator.py took 0.080 seconds
[2024-07-24T18:10:31.239+0000] {processor.py:161} INFO - Started process (PID=581) to work on /home/airflow/.local/lib/python3.12/site-packages/airflow/example_dags/example_sensor_decorator.py
[2024-07-24T18:10:31.242+0000] {processor.py:830} INFO - Processing file /home/airflow/.local/lib/python3.12/site-packages/airflow/example_dags/example_sensor_decorator.py for tasks to queue
[2024-07-24T18:10:31.243+0000] {logging_mixin.py:188} INFO - [2024-07-24T18:10:31.243+0000] {dagbag.py:545} INFO - Filling up the DagBag from /home/airflow/.local/lib/python3.12/site-packages/airflow/example_dags/example_sensor_decorator.py
[2024-07-24T18:10:31.249+0000] {processor.py:840} INFO - DAG(s) 'example_sensor_decorator' retrieved from /home/airflow/.local/lib/python3.12/site-packages/airflow/example_dags/example_sensor_decorator.py
[2024-07-24T18:10:31.276+0000] {logging_mixin.py:188} INFO - [2024-07-24T18:10:31.275+0000] {dag.py:3089} INFO - Sync 1 DAGs
[2024-07-24T18:10:31.290+0000] {logging_mixin.py:188} INFO - [2024-07-24T18:10:31.290+0000] {dag.py:3947} INFO - Setting next_dagrun for example_sensor_decorator to None, run_after=None
[2024-07-24T18:10:31.316+0000] {processor.py:183} INFO - Processing /home/airflow/.local/lib/python3.12/site-packages/airflow/example_dags/example_sensor_decorator.py took 0.084 seconds
[2024-07-24T18:11:01.831+0000] {processor.py:161} INFO - Started process (PID=638) to work on /home/airflow/.local/lib/python3.12/site-packages/airflow/example_dags/example_sensor_decorator.py
[2024-07-24T18:11:01.832+0000] {processor.py:830} INFO - Processing file /home/airflow/.local/lib/python3.12/site-packages/airflow/example_dags/example_sensor_decorator.py for tasks to queue
[2024-07-24T18:11:01.836+0000] {logging_mixin.py:188} INFO - [2024-07-24T18:11:01.836+0000] {dagbag.py:545} INFO - Filling up the DagBag from /home/airflow/.local/lib/python3.12/site-packages/airflow/example_dags/example_sensor_decorator.py
[2024-07-24T18:11:01.841+0000] {processor.py:840} INFO - DAG(s) 'example_sensor_decorator' retrieved from /home/airflow/.local/lib/python3.12/site-packages/airflow/example_dags/example_sensor_decorator.py
[2024-07-24T18:11:01.863+0000] {logging_mixin.py:188} INFO - [2024-07-24T18:11:01.863+0000] {dag.py:3089} INFO - Sync 1 DAGs
[2024-07-24T18:11:01.875+0000] {logging_mixin.py:188} INFO - [2024-07-24T18:11:01.875+0000] {dag.py:3947} INFO - Setting next_dagrun for example_sensor_decorator to None, run_after=None
[2024-07-24T18:11:01.905+0000] {processor.py:183} INFO - Processing /home/airflow/.local/lib/python3.12/site-packages/airflow/example_dags/example_sensor_decorator.py took 0.079 seconds
[2024-07-24T18:11:32.259+0000] {processor.py:161} INFO - Started process (PID=696) to work on /home/airflow/.local/lib/python3.12/site-packages/airflow/example_dags/example_sensor_decorator.py
[2024-07-24T18:11:32.260+0000] {processor.py:830} INFO - Processing file /home/airflow/.local/lib/python3.12/site-packages/airflow/example_dags/example_sensor_decorator.py for tasks to queue
[2024-07-24T18:11:32.261+0000] {logging_mixin.py:188} INFO - [2024-07-24T18:11:32.261+0000] {dagbag.py:545} INFO - Filling up the DagBag from /home/airflow/.local/lib/python3.12/site-packages/airflow/example_dags/example_sensor_decorator.py
[2024-07-24T18:11:32.268+0000] {processor.py:840} INFO - DAG(s) 'example_sensor_decorator' retrieved from /home/airflow/.local/lib/python3.12/site-packages/airflow/example_dags/example_sensor_decorator.py
[2024-07-24T18:11:32.292+0000] {logging_mixin.py:188} INFO - [2024-07-24T18:11:32.292+0000] {dag.py:3089} INFO - Sync 1 DAGs
[2024-07-24T18:11:32.306+0000] {logging_mixin.py:188} INFO - [2024-07-24T18:11:32.306+0000] {dag.py:3947} INFO - Setting next_dagrun for example_sensor_decorator to None, run_after=None
[2024-07-24T18:11:32.332+0000] {processor.py:183} INFO - Processing /home/airflow/.local/lib/python3.12/site-packages/airflow/example_dags/example_sensor_decorator.py took 0.078 seconds
[2024-07-24T18:12:02.603+0000] {processor.py:161} INFO - Started process (PID=754) to work on /home/airflow/.local/lib/python3.12/site-packages/airflow/example_dags/example_sensor_decorator.py
[2024-07-24T18:12:02.606+0000] {processor.py:830} INFO - Processing file /home/airflow/.local/lib/python3.12/site-packages/airflow/example_dags/example_sensor_decorator.py for tasks to queue
[2024-07-24T18:12:02.607+0000] {logging_mixin.py:188} INFO - [2024-07-24T18:12:02.607+0000] {dagbag.py:545} INFO - Filling up the DagBag from /home/airflow/.local/lib/python3.12/site-packages/airflow/example_dags/example_sensor_decorator.py
[2024-07-24T18:12:02.613+0000] {processor.py:840} INFO - DAG(s) 'example_sensor_decorator' retrieved from /home/airflow/.local/lib/python3.12/site-packages/airflow/example_dags/example_sensor_decorator.py
[2024-07-24T18:12:02.633+0000] {logging_mixin.py:188} INFO - [2024-07-24T18:12:02.633+0000] {dag.py:3089} INFO - Sync 1 DAGs
[2024-07-24T18:12:02.645+0000] {logging_mixin.py:188} INFO - [2024-07-24T18:12:02.645+0000] {dag.py:3947} INFO - Setting next_dagrun for example_sensor_decorator to None, run_after=None
[2024-07-24T18:12:02.662+0000] {processor.py:183} INFO - Processing /home/airflow/.local/lib/python3.12/site-packages/airflow/example_dags/example_sensor_decorator.py took 0.065 seconds
[2024-07-24T18:12:32.700+0000] {processor.py:161} INFO - Started process (PID=812) to work on /home/airflow/.local/lib/python3.12/site-packages/airflow/example_dags/example_sensor_decorator.py
[2024-07-24T18:12:32.701+0000] {processor.py:830} INFO - Processing file /home/airflow/.local/lib/python3.12/site-packages/airflow/example_dags/example_sensor_decorator.py for tasks to queue
[2024-07-24T18:12:32.702+0000] {logging_mixin.py:188} INFO - [2024-07-24T18:12:32.702+0000] {dagbag.py:545} INFO - Filling up the DagBag from /home/airflow/.local/lib/python3.12/site-packages/airflow/example_dags/example_sensor_decorator.py
[2024-07-24T18:12:32.712+0000] {processor.py:840} INFO - DAG(s) 'example_sensor_decorator' retrieved from /home/airflow/.local/lib/python3.12/site-packages/airflow/example_dags/example_sensor_decorator.py
[2024-07-24T18:12:32.734+0000] {logging_mixin.py:188} INFO - [2024-07-24T18:12:32.733+0000] {dag.py:3089} INFO - Sync 1 DAGs
[2024-07-24T18:12:32.749+0000] {logging_mixin.py:188} INFO - [2024-07-24T18:12:32.749+0000] {dag.py:3947} INFO - Setting next_dagrun for example_sensor_decorator to None, run_after=None
[2024-07-24T18:12:32.778+0000] {processor.py:183} INFO - Processing /home/airflow/.local/lib/python3.12/site-packages/airflow/example_dags/example_sensor_decorator.py took 0.083 seconds
[2024-07-24T18:13:03.660+0000] {processor.py:161} INFO - Started process (PID=870) to work on /home/airflow/.local/lib/python3.12/site-packages/airflow/example_dags/example_sensor_decorator.py
[2024-07-24T18:13:03.662+0000] {processor.py:830} INFO - Processing file /home/airflow/.local/lib/python3.12/site-packages/airflow/example_dags/example_sensor_decorator.py for tasks to queue
[2024-07-24T18:13:03.665+0000] {logging_mixin.py:188} INFO - [2024-07-24T18:13:03.665+0000] {dagbag.py:545} INFO - Filling up the DagBag from /home/airflow/.local/lib/python3.12/site-packages/airflow/example_dags/example_sensor_decorator.py
[2024-07-24T18:13:03.672+0000] {processor.py:840} INFO - DAG(s) 'example_sensor_decorator' retrieved from /home/airflow/.local/lib/python3.12/site-packages/airflow/example_dags/example_sensor_decorator.py
[2024-07-24T18:13:03.698+0000] {logging_mixin.py:188} INFO - [2024-07-24T18:13:03.697+0000] {dag.py:3089} INFO - Sync 1 DAGs
[2024-07-24T18:13:03.713+0000] {logging_mixin.py:188} INFO - [2024-07-24T18:13:03.713+0000] {dag.py:3947} INFO - Setting next_dagrun for example_sensor_decorator to None, run_after=None
[2024-07-24T18:13:03.737+0000] {processor.py:183} INFO - Processing /home/airflow/.local/lib/python3.12/site-packages/airflow/example_dags/example_sensor_decorator.py took 0.083 seconds
[2024-07-24T18:13:34.420+0000] {processor.py:161} INFO - Started process (PID=928) to work on /home/airflow/.local/lib/python3.12/site-packages/airflow/example_dags/example_sensor_decorator.py
[2024-07-24T18:13:34.420+0000] {processor.py:830} INFO - Processing file /home/airflow/.local/lib/python3.12/site-packages/airflow/example_dags/example_sensor_decorator.py for tasks to queue
[2024-07-24T18:13:34.422+0000] {logging_mixin.py:188} INFO - [2024-07-24T18:13:34.421+0000] {dagbag.py:545} INFO - Filling up the DagBag from /home/airflow/.local/lib/python3.12/site-packages/airflow/example_dags/example_sensor_decorator.py
[2024-07-24T18:13:34.427+0000] {processor.py:840} INFO - DAG(s) 'example_sensor_decorator' retrieved from /home/airflow/.local/lib/python3.12/site-packages/airflow/example_dags/example_sensor_decorator.py
[2024-07-24T18:13:34.449+0000] {logging_mixin.py:188} INFO - [2024-07-24T18:13:34.449+0000] {dag.py:3089} INFO - Sync 1 DAGs
[2024-07-24T18:13:34.461+0000] {logging_mixin.py:188} INFO - [2024-07-24T18:13:34.461+0000] {dag.py:3947} INFO - Setting next_dagrun for example_sensor_decorator to None, run_after=None
[2024-07-24T18:13:34.488+0000] {processor.py:183} INFO - Processing /home/airflow/.local/lib/python3.12/site-packages/airflow/example_dags/example_sensor_decorator.py took 0.074 seconds
[2024-07-24T18:14:05.186+0000] {processor.py:161} INFO - Started process (PID=984) to work on /home/airflow/.local/lib/python3.12/site-packages/airflow/example_dags/example_sensor_decorator.py
[2024-07-24T18:14:05.188+0000] {processor.py:830} INFO - Processing file /home/airflow/.local/lib/python3.12/site-packages/airflow/example_dags/example_sensor_decorator.py for tasks to queue
[2024-07-24T18:14:05.191+0000] {logging_mixin.py:188} INFO - [2024-07-24T18:14:05.189+0000] {dagbag.py:545} INFO - Filling up the DagBag from /home/airflow/.local/lib/python3.12/site-packages/airflow/example_dags/example_sensor_decorator.py
[2024-07-24T18:14:05.196+0000] {processor.py:840} INFO - DAG(s) 'example_sensor_decorator' retrieved from /home/airflow/.local/lib/python3.12/site-packages/airflow/example_dags/example_sensor_decorator.py
[2024-07-24T18:14:05.217+0000] {logging_mixin.py:188} INFO - [2024-07-24T18:14:05.216+0000] {dag.py:3089} INFO - Sync 1 DAGs
[2024-07-24T18:14:05.231+0000] {logging_mixin.py:188} INFO - [2024-07-24T18:14:05.231+0000] {dag.py:3947} INFO - Setting next_dagrun for example_sensor_decorator to None, run_after=None
[2024-07-24T18:14:05.248+0000] {processor.py:183} INFO - Processing /home/airflow/.local/lib/python3.12/site-packages/airflow/example_dags/example_sensor_decorator.py took 0.067 seconds
[2024-07-24T18:14:35.765+0000] {processor.py:161} INFO - Started process (PID=1041) to work on /home/airflow/.local/lib/python3.12/site-packages/airflow/example_dags/example_sensor_decorator.py
[2024-07-24T18:14:35.766+0000] {processor.py:830} INFO - Processing file /home/airflow/.local/lib/python3.12/site-packages/airflow/example_dags/example_sensor_decorator.py for tasks to queue
[2024-07-24T18:14:35.768+0000] {logging_mixin.py:188} INFO - [2024-07-24T18:14:35.767+0000] {dagbag.py:545} INFO - Filling up the DagBag from /home/airflow/.local/lib/python3.12/site-packages/airflow/example_dags/example_sensor_decorator.py
[2024-07-24T18:14:35.775+0000] {processor.py:840} INFO - DAG(s) 'example_sensor_decorator' retrieved from /home/airflow/.local/lib/python3.12/site-packages/airflow/example_dags/example_sensor_decorator.py
[2024-07-24T18:14:35.796+0000] {logging_mixin.py:188} INFO - [2024-07-24T18:14:35.796+0000] {dag.py:3089} INFO - Sync 1 DAGs
[2024-07-24T18:14:35.808+0000] {logging_mixin.py:188} INFO - [2024-07-24T18:14:35.808+0000] {dag.py:3947} INFO - Setting next_dagrun for example_sensor_decorator to None, run_after=None
[2024-07-24T18:14:35.832+0000] {processor.py:183} INFO - Processing /home/airflow/.local/lib/python3.12/site-packages/airflow/example_dags/example_sensor_decorator.py took 0.073 seconds
[2024-07-24T18:15:06.323+0000] {processor.py:161} INFO - Started process (PID=1099) to work on /home/airflow/.local/lib/python3.12/site-packages/airflow/example_dags/example_sensor_decorator.py
[2024-07-24T18:15:06.326+0000] {processor.py:830} INFO - Processing file /home/airflow/.local/lib/python3.12/site-packages/airflow/example_dags/example_sensor_decorator.py for tasks to queue
[2024-07-24T18:15:06.328+0000] {logging_mixin.py:188} INFO - [2024-07-24T18:15:06.328+0000] {dagbag.py:545} INFO - Filling up the DagBag from /home/airflow/.local/lib/python3.12/site-packages/airflow/example_dags/example_sensor_decorator.py
[2024-07-24T18:15:06.333+0000] {processor.py:840} INFO - DAG(s) 'example_sensor_decorator' retrieved from /home/airflow/.local/lib/python3.12/site-packages/airflow/example_dags/example_sensor_decorator.py
[2024-07-24T18:15:06.354+0000] {logging_mixin.py:188} INFO - [2024-07-24T18:15:06.353+0000] {dag.py:3089} INFO - Sync 1 DAGs
[2024-07-24T18:15:06.367+0000] {logging_mixin.py:188} INFO - [2024-07-24T18:15:06.367+0000] {dag.py:3947} INFO - Setting next_dagrun for example_sensor_decorator to None, run_after=None
[2024-07-24T18:15:06.395+0000] {processor.py:183} INFO - Processing /home/airflow/.local/lib/python3.12/site-packages/airflow/example_dags/example_sensor_decorator.py took 0.078 seconds
[2024-07-24T18:15:36.940+0000] {processor.py:161} INFO - Started process (PID=1157) to work on /home/airflow/.local/lib/python3.12/site-packages/airflow/example_dags/example_sensor_decorator.py
[2024-07-24T18:15:36.941+0000] {processor.py:830} INFO - Processing file /home/airflow/.local/lib/python3.12/site-packages/airflow/example_dags/example_sensor_decorator.py for tasks to queue
[2024-07-24T18:15:36.943+0000] {logging_mixin.py:188} INFO - [2024-07-24T18:15:36.943+0000] {dagbag.py:545} INFO - Filling up the DagBag from /home/airflow/.local/lib/python3.12/site-packages/airflow/example_dags/example_sensor_decorator.py
[2024-07-24T18:15:36.950+0000] {processor.py:840} INFO - DAG(s) 'example_sensor_decorator' retrieved from /home/airflow/.local/lib/python3.12/site-packages/airflow/example_dags/example_sensor_decorator.py
[2024-07-24T18:15:36.973+0000] {logging_mixin.py:188} INFO - [2024-07-24T18:15:36.972+0000] {dag.py:3089} INFO - Sync 1 DAGs
[2024-07-24T18:15:36.986+0000] {logging_mixin.py:188} INFO - [2024-07-24T18:15:36.986+0000] {dag.py:3947} INFO - Setting next_dagrun for example_sensor_decorator to None, run_after=None
[2024-07-24T18:15:37.013+0000] {processor.py:183} INFO - Processing /home/airflow/.local/lib/python3.12/site-packages/airflow/example_dags/example_sensor_decorator.py took 0.077 seconds
[2024-07-24T18:16:07.551+0000] {processor.py:161} INFO - Started process (PID=1214) to work on /home/airflow/.local/lib/python3.12/site-packages/airflow/example_dags/example_sensor_decorator.py
[2024-07-24T18:16:07.553+0000] {processor.py:830} INFO - Processing file /home/airflow/.local/lib/python3.12/site-packages/airflow/example_dags/example_sensor_decorator.py for tasks to queue
[2024-07-24T18:16:07.555+0000] {logging_mixin.py:188} INFO - [2024-07-24T18:16:07.555+0000] {dagbag.py:545} INFO - Filling up the DagBag from /home/airflow/.local/lib/python3.12/site-packages/airflow/example_dags/example_sensor_decorator.py
[2024-07-24T18:16:07.561+0000] {processor.py:840} INFO - DAG(s) 'example_sensor_decorator' retrieved from /home/airflow/.local/lib/python3.12/site-packages/airflow/example_dags/example_sensor_decorator.py
[2024-07-24T18:16:07.588+0000] {logging_mixin.py:188} INFO - [2024-07-24T18:16:07.588+0000] {dag.py:3089} INFO - Sync 1 DAGs
[2024-07-24T18:16:07.601+0000] {logging_mixin.py:188} INFO - [2024-07-24T18:16:07.601+0000] {dag.py:3947} INFO - Setting next_dagrun for example_sensor_decorator to None, run_after=None
[2024-07-24T18:16:07.628+0000] {processor.py:183} INFO - Processing /home/airflow/.local/lib/python3.12/site-packages/airflow/example_dags/example_sensor_decorator.py took 0.082 seconds
