[2024-07-24T18:06:01.983+0000] {processor.py:161} INFO - Started process (PID=70) to work on /home/airflow/.local/lib/python3.12/site-packages/airflow/example_dags/example_sensors.py
[2024-07-24T18:06:01.984+0000] {processor.py:830} INFO - Processing file /home/airflow/.local/lib/python3.12/site-packages/airflow/example_dags/example_sensors.py for tasks to queue
[2024-07-24T18:06:01.986+0000] {logging_mixin.py:188} INFO - [2024-07-24T18:06:01.986+0000] {dagbag.py:545} INFO - Filling up the DagBag from /home/airflow/.local/lib/python3.12/site-packages/airflow/example_dags/example_sensors.py
[2024-07-24T18:06:02.012+0000] {processor.py:840} INFO - DAG(s) 'example_sensors' retrieved from /home/airflow/.local/lib/python3.12/site-packages/airflow/example_dags/example_sensors.py
[2024-07-24T18:06:02.423+0000] {logging_mixin.py:188} INFO - [2024-07-24T18:06:02.423+0000] {dag.py:3089} INFO - Sync 1 DAGs
[2024-07-24T18:06:02.451+0000] {logging_mixin.py:188} INFO - [2024-07-24T18:06:02.450+0000] {dag.py:3947} INFO - Setting next_dagrun for example_sensors to None, run_after=None
[2024-07-24T18:06:02.513+0000] {processor.py:183} INFO - Processing /home/airflow/.local/lib/python3.12/site-packages/airflow/example_dags/example_sensors.py took 0.563 seconds
[2024-07-24T18:06:33.416+0000] {processor.py:161} INFO - Started process (PID=128) to work on /home/airflow/.local/lib/python3.12/site-packages/airflow/example_dags/example_sensors.py
[2024-07-24T18:06:33.421+0000] {processor.py:830} INFO - Processing file /home/airflow/.local/lib/python3.12/site-packages/airflow/example_dags/example_sensors.py for tasks to queue
[2024-07-24T18:06:33.424+0000] {logging_mixin.py:188} INFO - [2024-07-24T18:06:33.422+0000] {dagbag.py:545} INFO - Filling up the DagBag from /home/airflow/.local/lib/python3.12/site-packages/airflow/example_dags/example_sensors.py
[2024-07-24T18:06:33.443+0000] {processor.py:840} INFO - DAG(s) 'example_sensors' retrieved from /home/airflow/.local/lib/python3.12/site-packages/airflow/example_dags/example_sensors.py
[2024-07-24T18:06:33.470+0000] {logging_mixin.py:188} INFO - [2024-07-24T18:06:33.470+0000] {dag.py:3089} INFO - Sync 1 DAGs
[2024-07-24T18:06:33.484+0000] {logging_mixin.py:188} INFO - [2024-07-24T18:06:33.484+0000] {dag.py:3947} INFO - Setting next_dagrun for example_sensors to None, run_after=None
[2024-07-24T18:06:33.501+0000] {processor.py:183} INFO - Processing /home/airflow/.local/lib/python3.12/site-packages/airflow/example_dags/example_sensors.py took 0.091 seconds
[2024-07-24T18:07:03.772+0000] {processor.py:161} INFO - Started process (PID=186) to work on /home/airflow/.local/lib/python3.12/site-packages/airflow/example_dags/example_sensors.py
[2024-07-24T18:07:03.773+0000] {processor.py:830} INFO - Processing file /home/airflow/.local/lib/python3.12/site-packages/airflow/example_dags/example_sensors.py for tasks to queue
[2024-07-24T18:07:03.776+0000] {logging_mixin.py:188} INFO - [2024-07-24T18:07:03.776+0000] {dagbag.py:545} INFO - Filling up the DagBag from /home/airflow/.local/lib/python3.12/site-packages/airflow/example_dags/example_sensors.py
[2024-07-24T18:07:03.786+0000] {processor.py:840} INFO - DAG(s) 'example_sensors' retrieved from /home/airflow/.local/lib/python3.12/site-packages/airflow/example_dags/example_sensors.py
[2024-07-24T18:07:03.821+0000] {logging_mixin.py:188} INFO - [2024-07-24T18:07:03.821+0000] {dag.py:3089} INFO - Sync 1 DAGs
[2024-07-24T18:07:03.847+0000] {logging_mixin.py:188} INFO - [2024-07-24T18:07:03.847+0000] {dag.py:3947} INFO - Setting next_dagrun for example_sensors to None, run_after=None
[2024-07-24T18:07:03.868+0000] {processor.py:183} INFO - Processing /home/airflow/.local/lib/python3.12/site-packages/airflow/example_dags/example_sensors.py took 0.101 seconds
[2024-07-24T18:07:33.911+0000] {processor.py:161} INFO - Started process (PID=244) to work on /home/airflow/.local/lib/python3.12/site-packages/airflow/example_dags/example_sensors.py
[2024-07-24T18:07:33.912+0000] {processor.py:830} INFO - Processing file /home/airflow/.local/lib/python3.12/site-packages/airflow/example_dags/example_sensors.py for tasks to queue
[2024-07-24T18:07:33.913+0000] {logging_mixin.py:188} INFO - [2024-07-24T18:07:33.913+0000] {dagbag.py:545} INFO - Filling up the DagBag from /home/airflow/.local/lib/python3.12/site-packages/airflow/example_dags/example_sensors.py
[2024-07-24T18:07:33.923+0000] {processor.py:840} INFO - DAG(s) 'example_sensors' retrieved from /home/airflow/.local/lib/python3.12/site-packages/airflow/example_dags/example_sensors.py
[2024-07-24T18:07:33.950+0000] {logging_mixin.py:188} INFO - [2024-07-24T18:07:33.950+0000] {dag.py:3089} INFO - Sync 1 DAGs
[2024-07-24T18:07:33.964+0000] {logging_mixin.py:188} INFO - [2024-07-24T18:07:33.964+0000] {dag.py:3947} INFO - Setting next_dagrun for example_sensors to None, run_after=None
[2024-07-24T18:07:33.984+0000] {processor.py:183} INFO - Processing /home/airflow/.local/lib/python3.12/site-packages/airflow/example_dags/example_sensors.py took 0.078 seconds
[2024-07-24T18:08:04.295+0000] {processor.py:161} INFO - Started process (PID=301) to work on /home/airflow/.local/lib/python3.12/site-packages/airflow/example_dags/example_sensors.py
[2024-07-24T18:08:04.296+0000] {processor.py:830} INFO - Processing file /home/airflow/.local/lib/python3.12/site-packages/airflow/example_dags/example_sensors.py for tasks to queue
[2024-07-24T18:08:04.298+0000] {logging_mixin.py:188} INFO - [2024-07-24T18:08:04.297+0000] {dagbag.py:545} INFO - Filling up the DagBag from /home/airflow/.local/lib/python3.12/site-packages/airflow/example_dags/example_sensors.py
[2024-07-24T18:08:04.306+0000] {processor.py:840} INFO - DAG(s) 'example_sensors' retrieved from /home/airflow/.local/lib/python3.12/site-packages/airflow/example_dags/example_sensors.py
[2024-07-24T18:08:04.334+0000] {logging_mixin.py:188} INFO - [2024-07-24T18:08:04.334+0000] {dag.py:3089} INFO - Sync 1 DAGs
[2024-07-24T18:08:04.347+0000] {logging_mixin.py:188} INFO - [2024-07-24T18:08:04.347+0000] {dag.py:3947} INFO - Setting next_dagrun for example_sensors to None, run_after=None
[2024-07-24T18:08:04.369+0000] {processor.py:183} INFO - Processing /home/airflow/.local/lib/python3.12/site-packages/airflow/example_dags/example_sensors.py took 0.080 seconds
[2024-07-24T18:08:34.678+0000] {processor.py:161} INFO - Started process (PID=359) to work on /home/airflow/.local/lib/python3.12/site-packages/airflow/example_dags/example_sensors.py
[2024-07-24T18:08:34.682+0000] {processor.py:830} INFO - Processing file /home/airflow/.local/lib/python3.12/site-packages/airflow/example_dags/example_sensors.py for tasks to queue
[2024-07-24T18:08:34.683+0000] {logging_mixin.py:188} INFO - [2024-07-24T18:08:34.683+0000] {dagbag.py:545} INFO - Filling up the DagBag from /home/airflow/.local/lib/python3.12/site-packages/airflow/example_dags/example_sensors.py
[2024-07-24T18:08:34.700+0000] {processor.py:840} INFO - DAG(s) 'example_sensors' retrieved from /home/airflow/.local/lib/python3.12/site-packages/airflow/example_dags/example_sensors.py
[2024-07-24T18:08:34.768+0000] {logging_mixin.py:188} INFO - [2024-07-24T18:08:34.767+0000] {dag.py:3089} INFO - Sync 1 DAGs
[2024-07-24T18:08:34.780+0000] {logging_mixin.py:188} INFO - [2024-07-24T18:08:34.780+0000] {dag.py:3947} INFO - Setting next_dagrun for example_sensors to None, run_after=None
[2024-07-24T18:08:34.802+0000] {processor.py:183} INFO - Processing /home/airflow/.local/lib/python3.12/site-packages/airflow/example_dags/example_sensors.py took 0.135 seconds
[2024-07-24T18:09:05.079+0000] {processor.py:161} INFO - Started process (PID=417) to work on /home/airflow/.local/lib/python3.12/site-packages/airflow/example_dags/example_sensors.py
[2024-07-24T18:09:05.081+0000] {processor.py:830} INFO - Processing file /home/airflow/.local/lib/python3.12/site-packages/airflow/example_dags/example_sensors.py for tasks to queue
[2024-07-24T18:09:05.082+0000] {logging_mixin.py:188} INFO - [2024-07-24T18:09:05.082+0000] {dagbag.py:545} INFO - Filling up the DagBag from /home/airflow/.local/lib/python3.12/site-packages/airflow/example_dags/example_sensors.py
[2024-07-24T18:09:05.111+0000] {processor.py:840} INFO - DAG(s) 'example_sensors' retrieved from /home/airflow/.local/lib/python3.12/site-packages/airflow/example_dags/example_sensors.py
[2024-07-24T18:09:05.179+0000] {logging_mixin.py:188} INFO - [2024-07-24T18:09:05.179+0000] {dag.py:3089} INFO - Sync 1 DAGs
[2024-07-24T18:09:05.210+0000] {logging_mixin.py:188} INFO - [2024-07-24T18:09:05.210+0000] {dag.py:3947} INFO - Setting next_dagrun for example_sensors to None, run_after=None
[2024-07-24T18:09:05.251+0000] {processor.py:183} INFO - Processing /home/airflow/.local/lib/python3.12/site-packages/airflow/example_dags/example_sensors.py took 0.187 seconds
[2024-07-24T18:09:35.341+0000] {processor.py:161} INFO - Started process (PID=475) to work on /home/airflow/.local/lib/python3.12/site-packages/airflow/example_dags/example_sensors.py
[2024-07-24T18:09:35.341+0000] {processor.py:830} INFO - Processing file /home/airflow/.local/lib/python3.12/site-packages/airflow/example_dags/example_sensors.py for tasks to queue
[2024-07-24T18:09:35.345+0000] {logging_mixin.py:188} INFO - [2024-07-24T18:09:35.344+0000] {dagbag.py:545} INFO - Filling up the DagBag from /home/airflow/.local/lib/python3.12/site-packages/airflow/example_dags/example_sensors.py
[2024-07-24T18:09:35.353+0000] {processor.py:840} INFO - DAG(s) 'example_sensors' retrieved from /home/airflow/.local/lib/python3.12/site-packages/airflow/example_dags/example_sensors.py
[2024-07-24T18:09:35.383+0000] {logging_mixin.py:188} INFO - [2024-07-24T18:09:35.383+0000] {dag.py:3089} INFO - Sync 1 DAGs
[2024-07-24T18:09:35.395+0000] {logging_mixin.py:188} INFO - [2024-07-24T18:09:35.395+0000] {dag.py:3947} INFO - Setting next_dagrun for example_sensors to None, run_after=None
[2024-07-24T18:09:35.416+0000] {processor.py:183} INFO - Processing /home/airflow/.local/lib/python3.12/site-packages/airflow/example_dags/example_sensors.py took 0.080 seconds
[2024-07-24T18:10:05.560+0000] {processor.py:161} INFO - Started process (PID=533) to work on /home/airflow/.local/lib/python3.12/site-packages/airflow/example_dags/example_sensors.py
[2024-07-24T18:10:05.562+0000] {processor.py:830} INFO - Processing file /home/airflow/.local/lib/python3.12/site-packages/airflow/example_dags/example_sensors.py for tasks to queue
[2024-07-24T18:10:05.563+0000] {logging_mixin.py:188} INFO - [2024-07-24T18:10:05.563+0000] {dagbag.py:545} INFO - Filling up the DagBag from /home/airflow/.local/lib/python3.12/site-packages/airflow/example_dags/example_sensors.py
[2024-07-24T18:10:05.573+0000] {processor.py:840} INFO - DAG(s) 'example_sensors' retrieved from /home/airflow/.local/lib/python3.12/site-packages/airflow/example_dags/example_sensors.py
[2024-07-24T18:10:05.600+0000] {logging_mixin.py:188} INFO - [2024-07-24T18:10:05.600+0000] {dag.py:3089} INFO - Sync 1 DAGs
[2024-07-24T18:10:05.614+0000] {logging_mixin.py:188} INFO - [2024-07-24T18:10:05.614+0000] {dag.py:3947} INFO - Setting next_dagrun for example_sensors to None, run_after=None
[2024-07-24T18:10:05.632+0000] {processor.py:183} INFO - Processing /home/airflow/.local/lib/python3.12/site-packages/airflow/example_dags/example_sensors.py took 0.080 seconds
[2024-07-24T18:10:35.825+0000] {processor.py:161} INFO - Started process (PID=591) to work on /home/airflow/.local/lib/python3.12/site-packages/airflow/example_dags/example_sensors.py
[2024-07-24T18:10:35.826+0000] {processor.py:830} INFO - Processing file /home/airflow/.local/lib/python3.12/site-packages/airflow/example_dags/example_sensors.py for tasks to queue
[2024-07-24T18:10:35.827+0000] {logging_mixin.py:188} INFO - [2024-07-24T18:10:35.827+0000] {dagbag.py:545} INFO - Filling up the DagBag from /home/airflow/.local/lib/python3.12/site-packages/airflow/example_dags/example_sensors.py
[2024-07-24T18:10:35.837+0000] {processor.py:840} INFO - DAG(s) 'example_sensors' retrieved from /home/airflow/.local/lib/python3.12/site-packages/airflow/example_dags/example_sensors.py
[2024-07-24T18:10:35.863+0000] {logging_mixin.py:188} INFO - [2024-07-24T18:10:35.863+0000] {dag.py:3089} INFO - Sync 1 DAGs
[2024-07-24T18:10:35.878+0000] {logging_mixin.py:188} INFO - [2024-07-24T18:10:35.878+0000] {dag.py:3947} INFO - Setting next_dagrun for example_sensors to None, run_after=None
[2024-07-24T18:10:35.896+0000] {processor.py:183} INFO - Processing /home/airflow/.local/lib/python3.12/site-packages/airflow/example_dags/example_sensors.py took 0.078 seconds
[2024-07-24T18:11:06.335+0000] {processor.py:161} INFO - Started process (PID=648) to work on /home/airflow/.local/lib/python3.12/site-packages/airflow/example_dags/example_sensors.py
[2024-07-24T18:11:06.337+0000] {processor.py:830} INFO - Processing file /home/airflow/.local/lib/python3.12/site-packages/airflow/example_dags/example_sensors.py for tasks to queue
[2024-07-24T18:11:06.338+0000] {logging_mixin.py:188} INFO - [2024-07-24T18:11:06.338+0000] {dagbag.py:545} INFO - Filling up the DagBag from /home/airflow/.local/lib/python3.12/site-packages/airflow/example_dags/example_sensors.py
[2024-07-24T18:11:06.345+0000] {processor.py:840} INFO - DAG(s) 'example_sensors' retrieved from /home/airflow/.local/lib/python3.12/site-packages/airflow/example_dags/example_sensors.py
[2024-07-24T18:11:06.374+0000] {logging_mixin.py:188} INFO - [2024-07-24T18:11:06.374+0000] {dag.py:3089} INFO - Sync 1 DAGs
[2024-07-24T18:11:06.391+0000] {logging_mixin.py:188} INFO - [2024-07-24T18:11:06.391+0000] {dag.py:3947} INFO - Setting next_dagrun for example_sensors to None, run_after=None
[2024-07-24T18:11:06.417+0000] {processor.py:183} INFO - Processing /home/airflow/.local/lib/python3.12/site-packages/airflow/example_dags/example_sensors.py took 0.088 seconds
[2024-07-24T18:11:36.820+0000] {processor.py:161} INFO - Started process (PID=706) to work on /home/airflow/.local/lib/python3.12/site-packages/airflow/example_dags/example_sensors.py
[2024-07-24T18:11:36.820+0000] {processor.py:830} INFO - Processing file /home/airflow/.local/lib/python3.12/site-packages/airflow/example_dags/example_sensors.py for tasks to queue
[2024-07-24T18:11:36.822+0000] {logging_mixin.py:188} INFO - [2024-07-24T18:11:36.821+0000] {dagbag.py:545} INFO - Filling up the DagBag from /home/airflow/.local/lib/python3.12/site-packages/airflow/example_dags/example_sensors.py
[2024-07-24T18:11:36.831+0000] {processor.py:840} INFO - DAG(s) 'example_sensors' retrieved from /home/airflow/.local/lib/python3.12/site-packages/airflow/example_dags/example_sensors.py
[2024-07-24T18:11:36.863+0000] {logging_mixin.py:188} INFO - [2024-07-24T18:11:36.863+0000] {dag.py:3089} INFO - Sync 1 DAGs
[2024-07-24T18:11:36.876+0000] {logging_mixin.py:188} INFO - [2024-07-24T18:11:36.876+0000] {dag.py:3947} INFO - Setting next_dagrun for example_sensors to None, run_after=None
[2024-07-24T18:11:36.894+0000] {processor.py:183} INFO - Processing /home/airflow/.local/lib/python3.12/site-packages/airflow/example_dags/example_sensors.py took 0.080 seconds
[2024-07-24T18:12:07.289+0000] {processor.py:161} INFO - Started process (PID=764) to work on /home/airflow/.local/lib/python3.12/site-packages/airflow/example_dags/example_sensors.py
[2024-07-24T18:12:07.294+0000] {processor.py:830} INFO - Processing file /home/airflow/.local/lib/python3.12/site-packages/airflow/example_dags/example_sensors.py for tasks to queue
[2024-07-24T18:12:07.297+0000] {logging_mixin.py:188} INFO - [2024-07-24T18:12:07.296+0000] {dagbag.py:545} INFO - Filling up the DagBag from /home/airflow/.local/lib/python3.12/site-packages/airflow/example_dags/example_sensors.py
[2024-07-24T18:12:07.306+0000] {processor.py:840} INFO - DAG(s) 'example_sensors' retrieved from /home/airflow/.local/lib/python3.12/site-packages/airflow/example_dags/example_sensors.py
[2024-07-24T18:12:07.358+0000] {logging_mixin.py:188} INFO - [2024-07-24T18:12:07.357+0000] {dag.py:3089} INFO - Sync 1 DAGs
[2024-07-24T18:12:07.381+0000] {logging_mixin.py:188} INFO - [2024-07-24T18:12:07.378+0000] {dag.py:3947} INFO - Setting next_dagrun for example_sensors to None, run_after=None
[2024-07-24T18:12:07.400+0000] {processor.py:183} INFO - Processing /home/airflow/.local/lib/python3.12/site-packages/airflow/example_dags/example_sensors.py took 0.118 seconds
[2024-07-24T18:12:38.287+0000] {processor.py:161} INFO - Started process (PID=822) to work on /home/airflow/.local/lib/python3.12/site-packages/airflow/example_dags/example_sensors.py
[2024-07-24T18:12:38.287+0000] {processor.py:830} INFO - Processing file /home/airflow/.local/lib/python3.12/site-packages/airflow/example_dags/example_sensors.py for tasks to queue
[2024-07-24T18:12:38.289+0000] {logging_mixin.py:188} INFO - [2024-07-24T18:12:38.288+0000] {dagbag.py:545} INFO - Filling up the DagBag from /home/airflow/.local/lib/python3.12/site-packages/airflow/example_dags/example_sensors.py
[2024-07-24T18:12:38.299+0000] {processor.py:840} INFO - DAG(s) 'example_sensors' retrieved from /home/airflow/.local/lib/python3.12/site-packages/airflow/example_dags/example_sensors.py
[2024-07-24T18:12:38.328+0000] {logging_mixin.py:188} INFO - [2024-07-24T18:12:38.328+0000] {dag.py:3089} INFO - Sync 1 DAGs
[2024-07-24T18:12:38.342+0000] {logging_mixin.py:188} INFO - [2024-07-24T18:12:38.342+0000] {dag.py:3947} INFO - Setting next_dagrun for example_sensors to None, run_after=None
[2024-07-24T18:12:38.362+0000] {processor.py:183} INFO - Processing /home/airflow/.local/lib/python3.12/site-packages/airflow/example_dags/example_sensors.py took 0.080 seconds
[2024-07-24T18:13:09.235+0000] {processor.py:161} INFO - Started process (PID=880) to work on /home/airflow/.local/lib/python3.12/site-packages/airflow/example_dags/example_sensors.py
[2024-07-24T18:13:09.238+0000] {processor.py:830} INFO - Processing file /home/airflow/.local/lib/python3.12/site-packages/airflow/example_dags/example_sensors.py for tasks to queue
[2024-07-24T18:13:09.240+0000] {logging_mixin.py:188} INFO - [2024-07-24T18:13:09.239+0000] {dagbag.py:545} INFO - Filling up the DagBag from /home/airflow/.local/lib/python3.12/site-packages/airflow/example_dags/example_sensors.py
[2024-07-24T18:13:09.248+0000] {processor.py:840} INFO - DAG(s) 'example_sensors' retrieved from /home/airflow/.local/lib/python3.12/site-packages/airflow/example_dags/example_sensors.py
[2024-07-24T18:13:09.278+0000] {logging_mixin.py:188} INFO - [2024-07-24T18:13:09.278+0000] {dag.py:3089} INFO - Sync 1 DAGs
[2024-07-24T18:13:09.290+0000] {logging_mixin.py:188} INFO - [2024-07-24T18:13:09.290+0000] {dag.py:3947} INFO - Setting next_dagrun for example_sensors to None, run_after=None
[2024-07-24T18:13:09.316+0000] {processor.py:183} INFO - Processing /home/airflow/.local/lib/python3.12/site-packages/airflow/example_dags/example_sensors.py took 0.086 seconds
[2024-07-24T18:13:39.471+0000] {processor.py:161} INFO - Started process (PID=938) to work on /home/airflow/.local/lib/python3.12/site-packages/airflow/example_dags/example_sensors.py
[2024-07-24T18:13:39.472+0000] {processor.py:830} INFO - Processing file /home/airflow/.local/lib/python3.12/site-packages/airflow/example_dags/example_sensors.py for tasks to queue
[2024-07-24T18:13:39.473+0000] {logging_mixin.py:188} INFO - [2024-07-24T18:13:39.473+0000] {dagbag.py:545} INFO - Filling up the DagBag from /home/airflow/.local/lib/python3.12/site-packages/airflow/example_dags/example_sensors.py
[2024-07-24T18:13:39.483+0000] {processor.py:840} INFO - DAG(s) 'example_sensors' retrieved from /home/airflow/.local/lib/python3.12/site-packages/airflow/example_dags/example_sensors.py
[2024-07-24T18:13:39.510+0000] {logging_mixin.py:188} INFO - [2024-07-24T18:13:39.510+0000] {dag.py:3089} INFO - Sync 1 DAGs
[2024-07-24T18:13:39.524+0000] {logging_mixin.py:188} INFO - [2024-07-24T18:13:39.523+0000] {dag.py:3947} INFO - Setting next_dagrun for example_sensors to None, run_after=None
[2024-07-24T18:13:39.551+0000] {processor.py:183} INFO - Processing /home/airflow/.local/lib/python3.12/site-packages/airflow/example_dags/example_sensors.py took 0.086 seconds
[2024-07-24T18:14:10.173+0000] {processor.py:161} INFO - Started process (PID=996) to work on /home/airflow/.local/lib/python3.12/site-packages/airflow/example_dags/example_sensors.py
[2024-07-24T18:14:10.177+0000] {processor.py:830} INFO - Processing file /home/airflow/.local/lib/python3.12/site-packages/airflow/example_dags/example_sensors.py for tasks to queue
[2024-07-24T18:14:10.181+0000] {logging_mixin.py:188} INFO - [2024-07-24T18:14:10.180+0000] {dagbag.py:545} INFO - Filling up the DagBag from /home/airflow/.local/lib/python3.12/site-packages/airflow/example_dags/example_sensors.py
[2024-07-24T18:14:10.219+0000] {processor.py:840} INFO - DAG(s) 'example_sensors' retrieved from /home/airflow/.local/lib/python3.12/site-packages/airflow/example_dags/example_sensors.py
[2024-07-24T18:14:10.325+0000] {logging_mixin.py:188} INFO - [2024-07-24T18:14:10.324+0000] {dag.py:3089} INFO - Sync 1 DAGs
[2024-07-24T18:14:10.364+0000] {logging_mixin.py:188} INFO - [2024-07-24T18:14:10.364+0000] {dag.py:3947} INFO - Setting next_dagrun for example_sensors to None, run_after=None
[2024-07-24T18:14:10.451+0000] {processor.py:183} INFO - Processing /home/airflow/.local/lib/python3.12/site-packages/airflow/example_dags/example_sensors.py took 0.295 seconds
[2024-07-24T18:14:40.818+0000] {processor.py:161} INFO - Started process (PID=1053) to work on /home/airflow/.local/lib/python3.12/site-packages/airflow/example_dags/example_sensors.py
[2024-07-24T18:14:40.819+0000] {processor.py:830} INFO - Processing file /home/airflow/.local/lib/python3.12/site-packages/airflow/example_dags/example_sensors.py for tasks to queue
[2024-07-24T18:14:40.820+0000] {logging_mixin.py:188} INFO - [2024-07-24T18:14:40.820+0000] {dagbag.py:545} INFO - Filling up the DagBag from /home/airflow/.local/lib/python3.12/site-packages/airflow/example_dags/example_sensors.py
[2024-07-24T18:14:40.830+0000] {processor.py:840} INFO - DAG(s) 'example_sensors' retrieved from /home/airflow/.local/lib/python3.12/site-packages/airflow/example_dags/example_sensors.py
[2024-07-24T18:14:40.869+0000] {logging_mixin.py:188} INFO - [2024-07-24T18:14:40.869+0000] {dag.py:3089} INFO - Sync 1 DAGs
[2024-07-24T18:14:40.881+0000] {logging_mixin.py:188} INFO - [2024-07-24T18:14:40.880+0000] {dag.py:3947} INFO - Setting next_dagrun for example_sensors to None, run_after=None
[2024-07-24T18:14:40.900+0000] {processor.py:183} INFO - Processing /home/airflow/.local/lib/python3.12/site-packages/airflow/example_dags/example_sensors.py took 0.087 seconds
[2024-07-24T18:15:11.363+0000] {processor.py:161} INFO - Started process (PID=1111) to work on /home/airflow/.local/lib/python3.12/site-packages/airflow/example_dags/example_sensors.py
[2024-07-24T18:15:11.366+0000] {processor.py:830} INFO - Processing file /home/airflow/.local/lib/python3.12/site-packages/airflow/example_dags/example_sensors.py for tasks to queue
[2024-07-24T18:15:11.367+0000] {logging_mixin.py:188} INFO - [2024-07-24T18:15:11.367+0000] {dagbag.py:545} INFO - Filling up the DagBag from /home/airflow/.local/lib/python3.12/site-packages/airflow/example_dags/example_sensors.py
[2024-07-24T18:15:11.376+0000] {processor.py:840} INFO - DAG(s) 'example_sensors' retrieved from /home/airflow/.local/lib/python3.12/site-packages/airflow/example_dags/example_sensors.py
[2024-07-24T18:15:11.407+0000] {logging_mixin.py:188} INFO - [2024-07-24T18:15:11.407+0000] {dag.py:3089} INFO - Sync 1 DAGs
[2024-07-24T18:15:11.420+0000] {logging_mixin.py:188} INFO - [2024-07-24T18:15:11.420+0000] {dag.py:3947} INFO - Setting next_dagrun for example_sensors to None, run_after=None
[2024-07-24T18:15:11.439+0000] {processor.py:183} INFO - Processing /home/airflow/.local/lib/python3.12/site-packages/airflow/example_dags/example_sensors.py took 0.082 seconds
[2024-07-24T18:15:42.073+0000] {processor.py:161} INFO - Started process (PID=1169) to work on /home/airflow/.local/lib/python3.12/site-packages/airflow/example_dags/example_sensors.py
[2024-07-24T18:15:42.074+0000] {processor.py:830} INFO - Processing file /home/airflow/.local/lib/python3.12/site-packages/airflow/example_dags/example_sensors.py for tasks to queue
[2024-07-24T18:15:42.077+0000] {logging_mixin.py:188} INFO - [2024-07-24T18:15:42.077+0000] {dagbag.py:545} INFO - Filling up the DagBag from /home/airflow/.local/lib/python3.12/site-packages/airflow/example_dags/example_sensors.py
[2024-07-24T18:15:42.087+0000] {processor.py:840} INFO - DAG(s) 'example_sensors' retrieved from /home/airflow/.local/lib/python3.12/site-packages/airflow/example_dags/example_sensors.py
[2024-07-24T18:15:42.114+0000] {logging_mixin.py:188} INFO - [2024-07-24T18:15:42.114+0000] {dag.py:3089} INFO - Sync 1 DAGs
[2024-07-24T18:15:42.128+0000] {logging_mixin.py:188} INFO - [2024-07-24T18:15:42.128+0000] {dag.py:3947} INFO - Setting next_dagrun for example_sensors to None, run_after=None
[2024-07-24T18:15:42.146+0000] {processor.py:183} INFO - Processing /home/airflow/.local/lib/python3.12/site-packages/airflow/example_dags/example_sensors.py took 0.078 seconds
[2024-07-24T18:16:12.672+0000] {processor.py:161} INFO - Started process (PID=1226) to work on /home/airflow/.local/lib/python3.12/site-packages/airflow/example_dags/example_sensors.py
[2024-07-24T18:16:12.675+0000] {processor.py:830} INFO - Processing file /home/airflow/.local/lib/python3.12/site-packages/airflow/example_dags/example_sensors.py for tasks to queue
[2024-07-24T18:16:12.677+0000] {logging_mixin.py:188} INFO - [2024-07-24T18:16:12.676+0000] {dagbag.py:545} INFO - Filling up the DagBag from /home/airflow/.local/lib/python3.12/site-packages/airflow/example_dags/example_sensors.py
[2024-07-24T18:16:12.687+0000] {processor.py:840} INFO - DAG(s) 'example_sensors' retrieved from /home/airflow/.local/lib/python3.12/site-packages/airflow/example_dags/example_sensors.py
[2024-07-24T18:16:12.719+0000] {logging_mixin.py:188} INFO - [2024-07-24T18:16:12.719+0000] {dag.py:3089} INFO - Sync 1 DAGs
[2024-07-24T18:16:12.733+0000] {logging_mixin.py:188} INFO - [2024-07-24T18:16:12.733+0000] {dag.py:3947} INFO - Setting next_dagrun for example_sensors to None, run_after=None
[2024-07-24T18:16:12.752+0000] {processor.py:183} INFO - Processing /home/airflow/.local/lib/python3.12/site-packages/airflow/example_dags/example_sensors.py took 0.084 seconds
