[2024-07-24T18:06:09.940+0000] {processor.py:161} INFO - Started process (PID=91) to work on /home/airflow/.local/lib/python3.12/site-packages/airflow/example_dags/example_short_circuit_operator.py
[2024-07-24T18:06:09.943+0000] {processor.py:830} INFO - Processing file /home/airflow/.local/lib/python3.12/site-packages/airflow/example_dags/example_short_circuit_operator.py for tasks to queue
[2024-07-24T18:06:09.961+0000] {logging_mixin.py:188} INFO - [2024-07-24T18:06:09.961+0000] {dagbag.py:545} INFO - Filling up the DagBag from /home/airflow/.local/lib/python3.12/site-packages/airflow/example_dags/example_short_circuit_operator.py
[2024-07-24T18:06:10.013+0000] {processor.py:840} INFO - DAG(s) 'example_short_circuit_operator' retrieved from /home/airflow/.local/lib/python3.12/site-packages/airflow/example_dags/example_short_circuit_operator.py
[2024-07-24T18:06:10.393+0000] {logging_mixin.py:188} INFO - [2024-07-24T18:06:10.392+0000] {dag.py:3089} INFO - Sync 1 DAGs
[2024-07-24T18:06:10.449+0000] {logging_mixin.py:188} INFO - [2024-07-24T18:06:10.448+0000] {dag.py:3947} INFO - Setting next_dagrun for example_short_circuit_operator to 2024-07-23 00:00:00+00:00, run_after=2024-07-24 00:00:00+00:00
[2024-07-24T18:06:10.510+0000] {processor.py:183} INFO - Processing /home/airflow/.local/lib/python3.12/site-packages/airflow/example_dags/example_short_circuit_operator.py took 0.586 seconds
[2024-07-24T18:06:40.596+0000] {processor.py:161} INFO - Started process (PID=149) to work on /home/airflow/.local/lib/python3.12/site-packages/airflow/example_dags/example_short_circuit_operator.py
[2024-07-24T18:06:40.598+0000] {processor.py:830} INFO - Processing file /home/airflow/.local/lib/python3.12/site-packages/airflow/example_dags/example_short_circuit_operator.py for tasks to queue
[2024-07-24T18:06:40.599+0000] {logging_mixin.py:188} INFO - [2024-07-24T18:06:40.599+0000] {dagbag.py:545} INFO - Filling up the DagBag from /home/airflow/.local/lib/python3.12/site-packages/airflow/example_dags/example_short_circuit_operator.py
[2024-07-24T18:06:40.605+0000] {processor.py:840} INFO - DAG(s) 'example_short_circuit_operator' retrieved from /home/airflow/.local/lib/python3.12/site-packages/airflow/example_dags/example_short_circuit_operator.py
[2024-07-24T18:06:40.632+0000] {logging_mixin.py:188} INFO - [2024-07-24T18:06:40.632+0000] {dag.py:3089} INFO - Sync 1 DAGs
[2024-07-24T18:06:40.656+0000] {logging_mixin.py:188} INFO - [2024-07-24T18:06:40.656+0000] {dag.py:3947} INFO - Setting next_dagrun for example_short_circuit_operator to 2024-07-23 00:00:00+00:00, run_after=2024-07-24 00:00:00+00:00
[2024-07-24T18:06:40.678+0000] {processor.py:183} INFO - Processing /home/airflow/.local/lib/python3.12/site-packages/airflow/example_dags/example_short_circuit_operator.py took 0.090 seconds
[2024-07-24T18:07:11.008+0000] {processor.py:161} INFO - Started process (PID=207) to work on /home/airflow/.local/lib/python3.12/site-packages/airflow/example_dags/example_short_circuit_operator.py
[2024-07-24T18:07:11.011+0000] {processor.py:830} INFO - Processing file /home/airflow/.local/lib/python3.12/site-packages/airflow/example_dags/example_short_circuit_operator.py for tasks to queue
[2024-07-24T18:07:11.013+0000] {logging_mixin.py:188} INFO - [2024-07-24T18:07:11.012+0000] {dagbag.py:545} INFO - Filling up the DagBag from /home/airflow/.local/lib/python3.12/site-packages/airflow/example_dags/example_short_circuit_operator.py
[2024-07-24T18:07:11.021+0000] {processor.py:840} INFO - DAG(s) 'example_short_circuit_operator' retrieved from /home/airflow/.local/lib/python3.12/site-packages/airflow/example_dags/example_short_circuit_operator.py
[2024-07-24T18:07:11.047+0000] {logging_mixin.py:188} INFO - [2024-07-24T18:07:11.047+0000] {dag.py:3089} INFO - Sync 1 DAGs
[2024-07-24T18:07:11.071+0000] {logging_mixin.py:188} INFO - [2024-07-24T18:07:11.071+0000] {dag.py:3947} INFO - Setting next_dagrun for example_short_circuit_operator to 2024-07-23 00:00:00+00:00, run_after=2024-07-24 00:00:00+00:00
[2024-07-24T18:07:11.097+0000] {processor.py:183} INFO - Processing /home/airflow/.local/lib/python3.12/site-packages/airflow/example_dags/example_short_circuit_operator.py took 0.094 seconds
[2024-07-24T18:07:41.327+0000] {processor.py:161} INFO - Started process (PID=265) to work on /home/airflow/.local/lib/python3.12/site-packages/airflow/example_dags/example_short_circuit_operator.py
[2024-07-24T18:07:41.328+0000] {processor.py:830} INFO - Processing file /home/airflow/.local/lib/python3.12/site-packages/airflow/example_dags/example_short_circuit_operator.py for tasks to queue
[2024-07-24T18:07:41.329+0000] {logging_mixin.py:188} INFO - [2024-07-24T18:07:41.329+0000] {dagbag.py:545} INFO - Filling up the DagBag from /home/airflow/.local/lib/python3.12/site-packages/airflow/example_dags/example_short_circuit_operator.py
[2024-07-24T18:07:41.338+0000] {processor.py:840} INFO - DAG(s) 'example_short_circuit_operator' retrieved from /home/airflow/.local/lib/python3.12/site-packages/airflow/example_dags/example_short_circuit_operator.py
[2024-07-24T18:07:41.369+0000] {logging_mixin.py:188} INFO - [2024-07-24T18:07:41.369+0000] {dag.py:3089} INFO - Sync 1 DAGs
[2024-07-24T18:07:41.394+0000] {logging_mixin.py:188} INFO - [2024-07-24T18:07:41.393+0000] {dag.py:3947} INFO - Setting next_dagrun for example_short_circuit_operator to 2024-07-23 00:00:00+00:00, run_after=2024-07-24 00:00:00+00:00
[2024-07-24T18:07:41.418+0000] {processor.py:183} INFO - Processing /home/airflow/.local/lib/python3.12/site-packages/airflow/example_dags/example_short_circuit_operator.py took 0.097 seconds
[2024-07-24T18:08:11.660+0000] {processor.py:161} INFO - Started process (PID=322) to work on /home/airflow/.local/lib/python3.12/site-packages/airflow/example_dags/example_short_circuit_operator.py
[2024-07-24T18:08:11.661+0000] {processor.py:830} INFO - Processing file /home/airflow/.local/lib/python3.12/site-packages/airflow/example_dags/example_short_circuit_operator.py for tasks to queue
[2024-07-24T18:08:11.663+0000] {logging_mixin.py:188} INFO - [2024-07-24T18:08:11.663+0000] {dagbag.py:545} INFO - Filling up the DagBag from /home/airflow/.local/lib/python3.12/site-packages/airflow/example_dags/example_short_circuit_operator.py
[2024-07-24T18:08:11.669+0000] {processor.py:840} INFO - DAG(s) 'example_short_circuit_operator' retrieved from /home/airflow/.local/lib/python3.12/site-packages/airflow/example_dags/example_short_circuit_operator.py
[2024-07-24T18:08:11.696+0000] {logging_mixin.py:188} INFO - [2024-07-24T18:08:11.695+0000] {dag.py:3089} INFO - Sync 1 DAGs
[2024-07-24T18:08:11.719+0000] {logging_mixin.py:188} INFO - [2024-07-24T18:08:11.719+0000] {dag.py:3947} INFO - Setting next_dagrun for example_short_circuit_operator to 2024-07-23 00:00:00+00:00, run_after=2024-07-24 00:00:00+00:00
[2024-07-24T18:08:11.739+0000] {processor.py:183} INFO - Processing /home/airflow/.local/lib/python3.12/site-packages/airflow/example_dags/example_short_circuit_operator.py took 0.088 seconds
[2024-07-24T18:08:41.960+0000] {processor.py:161} INFO - Started process (PID=380) to work on /home/airflow/.local/lib/python3.12/site-packages/airflow/example_dags/example_short_circuit_operator.py
[2024-07-24T18:08:41.961+0000] {processor.py:830} INFO - Processing file /home/airflow/.local/lib/python3.12/site-packages/airflow/example_dags/example_short_circuit_operator.py for tasks to queue
[2024-07-24T18:08:41.963+0000] {logging_mixin.py:188} INFO - [2024-07-24T18:08:41.962+0000] {dagbag.py:545} INFO - Filling up the DagBag from /home/airflow/.local/lib/python3.12/site-packages/airflow/example_dags/example_short_circuit_operator.py
[2024-07-24T18:08:41.972+0000] {processor.py:840} INFO - DAG(s) 'example_short_circuit_operator' retrieved from /home/airflow/.local/lib/python3.12/site-packages/airflow/example_dags/example_short_circuit_operator.py
[2024-07-24T18:08:42.002+0000] {logging_mixin.py:188} INFO - [2024-07-24T18:08:42.001+0000] {dag.py:3089} INFO - Sync 1 DAGs
[2024-07-24T18:08:42.024+0000] {logging_mixin.py:188} INFO - [2024-07-24T18:08:42.023+0000] {dag.py:3947} INFO - Setting next_dagrun for example_short_circuit_operator to 2024-07-23 00:00:00+00:00, run_after=2024-07-24 00:00:00+00:00
[2024-07-24T18:08:42.041+0000] {processor.py:183} INFO - Processing /home/airflow/.local/lib/python3.12/site-packages/airflow/example_dags/example_short_circuit_operator.py took 0.086 seconds
[2024-07-24T18:09:12.120+0000] {processor.py:161} INFO - Started process (PID=438) to work on /home/airflow/.local/lib/python3.12/site-packages/airflow/example_dags/example_short_circuit_operator.py
[2024-07-24T18:09:12.123+0000] {processor.py:830} INFO - Processing file /home/airflow/.local/lib/python3.12/site-packages/airflow/example_dags/example_short_circuit_operator.py for tasks to queue
[2024-07-24T18:09:12.124+0000] {logging_mixin.py:188} INFO - [2024-07-24T18:09:12.124+0000] {dagbag.py:545} INFO - Filling up the DagBag from /home/airflow/.local/lib/python3.12/site-packages/airflow/example_dags/example_short_circuit_operator.py
[2024-07-24T18:09:12.130+0000] {processor.py:840} INFO - DAG(s) 'example_short_circuit_operator' retrieved from /home/airflow/.local/lib/python3.12/site-packages/airflow/example_dags/example_short_circuit_operator.py
[2024-07-24T18:09:12.155+0000] {logging_mixin.py:188} INFO - [2024-07-24T18:09:12.155+0000] {dag.py:3089} INFO - Sync 1 DAGs
[2024-07-24T18:09:12.180+0000] {logging_mixin.py:188} INFO - [2024-07-24T18:09:12.180+0000] {dag.py:3947} INFO - Setting next_dagrun for example_short_circuit_operator to 2024-07-23 00:00:00+00:00, run_after=2024-07-24 00:00:00+00:00
[2024-07-24T18:09:12.201+0000] {processor.py:183} INFO - Processing /home/airflow/.local/lib/python3.12/site-packages/airflow/example_dags/example_short_circuit_operator.py took 0.087 seconds
[2024-07-24T18:09:42.792+0000] {processor.py:161} INFO - Started process (PID=496) to work on /home/airflow/.local/lib/python3.12/site-packages/airflow/example_dags/example_short_circuit_operator.py
[2024-07-24T18:09:42.797+0000] {processor.py:830} INFO - Processing file /home/airflow/.local/lib/python3.12/site-packages/airflow/example_dags/example_short_circuit_operator.py for tasks to queue
[2024-07-24T18:09:42.798+0000] {logging_mixin.py:188} INFO - [2024-07-24T18:09:42.798+0000] {dagbag.py:545} INFO - Filling up the DagBag from /home/airflow/.local/lib/python3.12/site-packages/airflow/example_dags/example_short_circuit_operator.py
[2024-07-24T18:09:42.807+0000] {processor.py:840} INFO - DAG(s) 'example_short_circuit_operator' retrieved from /home/airflow/.local/lib/python3.12/site-packages/airflow/example_dags/example_short_circuit_operator.py
[2024-07-24T18:09:42.829+0000] {logging_mixin.py:188} INFO - [2024-07-24T18:09:42.829+0000] {dag.py:3089} INFO - Sync 1 DAGs
[2024-07-24T18:09:42.852+0000] {logging_mixin.py:188} INFO - [2024-07-24T18:09:42.851+0000] {dag.py:3947} INFO - Setting next_dagrun for example_short_circuit_operator to 2024-07-23 00:00:00+00:00, run_after=2024-07-24 00:00:00+00:00
[2024-07-24T18:09:42.875+0000] {processor.py:183} INFO - Processing /home/airflow/.local/lib/python3.12/site-packages/airflow/example_dags/example_short_circuit_operator.py took 0.088 seconds
[2024-07-24T18:10:14.586+0000] {processor.py:161} INFO - Started process (PID=554) to work on /home/airflow/.local/lib/python3.12/site-packages/airflow/example_dags/example_short_circuit_operator.py
[2024-07-24T18:10:14.588+0000] {processor.py:830} INFO - Processing file /home/airflow/.local/lib/python3.12/site-packages/airflow/example_dags/example_short_circuit_operator.py for tasks to queue
[2024-07-24T18:10:14.591+0000] {logging_mixin.py:188} INFO - [2024-07-24T18:10:14.591+0000] {dagbag.py:545} INFO - Filling up the DagBag from /home/airflow/.local/lib/python3.12/site-packages/airflow/example_dags/example_short_circuit_operator.py
[2024-07-24T18:10:14.630+0000] {processor.py:840} INFO - DAG(s) 'example_short_circuit_operator' retrieved from /home/airflow/.local/lib/python3.12/site-packages/airflow/example_dags/example_short_circuit_operator.py
[2024-07-24T18:10:14.732+0000] {logging_mixin.py:188} INFO - [2024-07-24T18:10:14.731+0000] {dag.py:3089} INFO - Sync 1 DAGs
[2024-07-24T18:10:14.841+0000] {logging_mixin.py:188} INFO - [2024-07-24T18:10:14.841+0000] {dag.py:3947} INFO - Setting next_dagrun for example_short_circuit_operator to 2024-07-23 00:00:00+00:00, run_after=2024-07-24 00:00:00+00:00
[2024-07-24T18:10:14.903+0000] {processor.py:183} INFO - Processing /home/airflow/.local/lib/python3.12/site-packages/airflow/example_dags/example_short_circuit_operator.py took 0.325 seconds
[2024-07-24T18:10:45.004+0000] {processor.py:161} INFO - Started process (PID=612) to work on /home/airflow/.local/lib/python3.12/site-packages/airflow/example_dags/example_short_circuit_operator.py
[2024-07-24T18:10:45.005+0000] {processor.py:830} INFO - Processing file /home/airflow/.local/lib/python3.12/site-packages/airflow/example_dags/example_short_circuit_operator.py for tasks to queue
[2024-07-24T18:10:45.006+0000] {logging_mixin.py:188} INFO - [2024-07-24T18:10:45.006+0000] {dagbag.py:545} INFO - Filling up the DagBag from /home/airflow/.local/lib/python3.12/site-packages/airflow/example_dags/example_short_circuit_operator.py
[2024-07-24T18:10:45.016+0000] {processor.py:840} INFO - DAG(s) 'example_short_circuit_operator' retrieved from /home/airflow/.local/lib/python3.12/site-packages/airflow/example_dags/example_short_circuit_operator.py
[2024-07-24T18:10:45.051+0000] {logging_mixin.py:188} INFO - [2024-07-24T18:10:45.048+0000] {dag.py:3089} INFO - Sync 1 DAGs
[2024-07-24T18:10:45.074+0000] {logging_mixin.py:188} INFO - [2024-07-24T18:10:45.073+0000] {dag.py:3947} INFO - Setting next_dagrun for example_short_circuit_operator to 2024-07-23 00:00:00+00:00, run_after=2024-07-24 00:00:00+00:00
[2024-07-24T18:10:45.101+0000] {processor.py:183} INFO - Processing /home/airflow/.local/lib/python3.12/site-packages/airflow/example_dags/example_short_circuit_operator.py took 0.104 seconds
[2024-07-24T18:11:15.572+0000] {processor.py:161} INFO - Started process (PID=669) to work on /home/airflow/.local/lib/python3.12/site-packages/airflow/example_dags/example_short_circuit_operator.py
[2024-07-24T18:11:15.574+0000] {processor.py:830} INFO - Processing file /home/airflow/.local/lib/python3.12/site-packages/airflow/example_dags/example_short_circuit_operator.py for tasks to queue
[2024-07-24T18:11:15.575+0000] {logging_mixin.py:188} INFO - [2024-07-24T18:11:15.575+0000] {dagbag.py:545} INFO - Filling up the DagBag from /home/airflow/.local/lib/python3.12/site-packages/airflow/example_dags/example_short_circuit_operator.py
[2024-07-24T18:11:15.583+0000] {processor.py:840} INFO - DAG(s) 'example_short_circuit_operator' retrieved from /home/airflow/.local/lib/python3.12/site-packages/airflow/example_dags/example_short_circuit_operator.py
[2024-07-24T18:11:15.607+0000] {logging_mixin.py:188} INFO - [2024-07-24T18:11:15.607+0000] {dag.py:3089} INFO - Sync 1 DAGs
[2024-07-24T18:11:15.631+0000] {logging_mixin.py:188} INFO - [2024-07-24T18:11:15.630+0000] {dag.py:3947} INFO - Setting next_dagrun for example_short_circuit_operator to 2024-07-23 00:00:00+00:00, run_after=2024-07-24 00:00:00+00:00
[2024-07-24T18:11:15.646+0000] {processor.py:183} INFO - Processing /home/airflow/.local/lib/python3.12/site-packages/airflow/example_dags/example_short_circuit_operator.py took 0.081 seconds
[2024-07-24T18:11:46.062+0000] {processor.py:161} INFO - Started process (PID=727) to work on /home/airflow/.local/lib/python3.12/site-packages/airflow/example_dags/example_short_circuit_operator.py
[2024-07-24T18:11:46.065+0000] {processor.py:830} INFO - Processing file /home/airflow/.local/lib/python3.12/site-packages/airflow/example_dags/example_short_circuit_operator.py for tasks to queue
[2024-07-24T18:11:46.066+0000] {logging_mixin.py:188} INFO - [2024-07-24T18:11:46.066+0000] {dagbag.py:545} INFO - Filling up the DagBag from /home/airflow/.local/lib/python3.12/site-packages/airflow/example_dags/example_short_circuit_operator.py
[2024-07-24T18:11:46.074+0000] {processor.py:840} INFO - DAG(s) 'example_short_circuit_operator' retrieved from /home/airflow/.local/lib/python3.12/site-packages/airflow/example_dags/example_short_circuit_operator.py
[2024-07-24T18:11:46.100+0000] {logging_mixin.py:188} INFO - [2024-07-24T18:11:46.100+0000] {dag.py:3089} INFO - Sync 1 DAGs
[2024-07-24T18:11:46.122+0000] {logging_mixin.py:188} INFO - [2024-07-24T18:11:46.122+0000] {dag.py:3947} INFO - Setting next_dagrun for example_short_circuit_operator to 2024-07-23 00:00:00+00:00, run_after=2024-07-24 00:00:00+00:00
[2024-07-24T18:11:46.141+0000] {processor.py:183} INFO - Processing /home/airflow/.local/lib/python3.12/site-packages/airflow/example_dags/example_short_circuit_operator.py took 0.084 seconds
[2024-07-24T18:12:16.601+0000] {processor.py:161} INFO - Started process (PID=785) to work on /home/airflow/.local/lib/python3.12/site-packages/airflow/example_dags/example_short_circuit_operator.py
[2024-07-24T18:12:16.606+0000] {processor.py:830} INFO - Processing file /home/airflow/.local/lib/python3.12/site-packages/airflow/example_dags/example_short_circuit_operator.py for tasks to queue
[2024-07-24T18:12:16.607+0000] {logging_mixin.py:188} INFO - [2024-07-24T18:12:16.607+0000] {dagbag.py:545} INFO - Filling up the DagBag from /home/airflow/.local/lib/python3.12/site-packages/airflow/example_dags/example_short_circuit_operator.py
[2024-07-24T18:12:16.613+0000] {processor.py:840} INFO - DAG(s) 'example_short_circuit_operator' retrieved from /home/airflow/.local/lib/python3.12/site-packages/airflow/example_dags/example_short_circuit_operator.py
[2024-07-24T18:12:16.640+0000] {logging_mixin.py:188} INFO - [2024-07-24T18:12:16.640+0000] {dag.py:3089} INFO - Sync 1 DAGs
[2024-07-24T18:12:16.664+0000] {logging_mixin.py:188} INFO - [2024-07-24T18:12:16.664+0000] {dag.py:3947} INFO - Setting next_dagrun for example_short_circuit_operator to 2024-07-23 00:00:00+00:00, run_after=2024-07-24 00:00:00+00:00
[2024-07-24T18:12:16.683+0000] {processor.py:183} INFO - Processing /home/airflow/.local/lib/python3.12/site-packages/airflow/example_dags/example_short_circuit_operator.py took 0.089 seconds
[2024-07-24T18:12:47.528+0000] {processor.py:161} INFO - Started process (PID=843) to work on /home/airflow/.local/lib/python3.12/site-packages/airflow/example_dags/example_short_circuit_operator.py
[2024-07-24T18:12:47.532+0000] {processor.py:830} INFO - Processing file /home/airflow/.local/lib/python3.12/site-packages/airflow/example_dags/example_short_circuit_operator.py for tasks to queue
[2024-07-24T18:12:47.534+0000] {logging_mixin.py:188} INFO - [2024-07-24T18:12:47.533+0000] {dagbag.py:545} INFO - Filling up the DagBag from /home/airflow/.local/lib/python3.12/site-packages/airflow/example_dags/example_short_circuit_operator.py
[2024-07-24T18:12:47.541+0000] {processor.py:840} INFO - DAG(s) 'example_short_circuit_operator' retrieved from /home/airflow/.local/lib/python3.12/site-packages/airflow/example_dags/example_short_circuit_operator.py
[2024-07-24T18:12:47.567+0000] {logging_mixin.py:188} INFO - [2024-07-24T18:12:47.567+0000] {dag.py:3089} INFO - Sync 1 DAGs
[2024-07-24T18:12:47.589+0000] {logging_mixin.py:188} INFO - [2024-07-24T18:12:47.589+0000] {dag.py:3947} INFO - Setting next_dagrun for example_short_circuit_operator to 2024-07-23 00:00:00+00:00, run_after=2024-07-24 00:00:00+00:00
[2024-07-24T18:12:47.609+0000] {processor.py:183} INFO - Processing /home/airflow/.local/lib/python3.12/site-packages/airflow/example_dags/example_short_circuit_operator.py took 0.085 seconds
[2024-07-24T18:13:18.478+0000] {processor.py:161} INFO - Started process (PID=907) to work on /home/airflow/.local/lib/python3.12/site-packages/airflow/example_dags/example_short_circuit_operator.py
[2024-07-24T18:13:18.479+0000] {processor.py:830} INFO - Processing file /home/airflow/.local/lib/python3.12/site-packages/airflow/example_dags/example_short_circuit_operator.py for tasks to queue
[2024-07-24T18:13:18.481+0000] {logging_mixin.py:188} INFO - [2024-07-24T18:13:18.481+0000] {dagbag.py:545} INFO - Filling up the DagBag from /home/airflow/.local/lib/python3.12/site-packages/airflow/example_dags/example_short_circuit_operator.py
[2024-07-24T18:13:18.487+0000] {processor.py:840} INFO - DAG(s) 'example_short_circuit_operator' retrieved from /home/airflow/.local/lib/python3.12/site-packages/airflow/example_dags/example_short_circuit_operator.py
[2024-07-24T18:13:18.513+0000] {logging_mixin.py:188} INFO - [2024-07-24T18:13:18.513+0000] {dag.py:3089} INFO - Sync 1 DAGs
[2024-07-24T18:13:18.536+0000] {logging_mixin.py:188} INFO - [2024-07-24T18:13:18.536+0000] {dag.py:3947} INFO - Setting next_dagrun for example_short_circuit_operator to 2024-07-23 00:00:00+00:00, run_after=2024-07-24 00:00:00+00:00
[2024-07-24T18:13:18.554+0000] {processor.py:183} INFO - Processing /home/airflow/.local/lib/python3.12/site-packages/airflow/example_dags/example_short_circuit_operator.py took 0.084 seconds
[2024-07-24T18:13:52.038+0000] {processor.py:161} INFO - Started process (PID=965) to work on /home/airflow/.local/lib/python3.12/site-packages/airflow/example_dags/example_short_circuit_operator.py
[2024-07-24T18:13:52.041+0000] {processor.py:830} INFO - Processing file /home/airflow/.local/lib/python3.12/site-packages/airflow/example_dags/example_short_circuit_operator.py for tasks to queue
[2024-07-24T18:13:52.042+0000] {logging_mixin.py:188} INFO - [2024-07-24T18:13:52.042+0000] {dagbag.py:545} INFO - Filling up the DagBag from /home/airflow/.local/lib/python3.12/site-packages/airflow/example_dags/example_short_circuit_operator.py
[2024-07-24T18:13:52.049+0000] {processor.py:840} INFO - DAG(s) 'example_short_circuit_operator' retrieved from /home/airflow/.local/lib/python3.12/site-packages/airflow/example_dags/example_short_circuit_operator.py
[2024-07-24T18:13:52.074+0000] {logging_mixin.py:188} INFO - [2024-07-24T18:13:52.074+0000] {dag.py:3089} INFO - Sync 1 DAGs
[2024-07-24T18:13:52.098+0000] {logging_mixin.py:188} INFO - [2024-07-24T18:13:52.098+0000] {dag.py:3947} INFO - Setting next_dagrun for example_short_circuit_operator to 2024-07-23 00:00:00+00:00, run_after=2024-07-24 00:00:00+00:00
[2024-07-24T18:13:52.117+0000] {processor.py:183} INFO - Processing /home/airflow/.local/lib/python3.12/site-packages/airflow/example_dags/example_short_circuit_operator.py took 0.085 seconds
[2024-07-24T18:14:22.610+0000] {processor.py:161} INFO - Started process (PID=1022) to work on /home/airflow/.local/lib/python3.12/site-packages/airflow/example_dags/example_short_circuit_operator.py
[2024-07-24T18:14:22.611+0000] {processor.py:830} INFO - Processing file /home/airflow/.local/lib/python3.12/site-packages/airflow/example_dags/example_short_circuit_operator.py for tasks to queue
[2024-07-24T18:14:22.613+0000] {logging_mixin.py:188} INFO - [2024-07-24T18:14:22.613+0000] {dagbag.py:545} INFO - Filling up the DagBag from /home/airflow/.local/lib/python3.12/site-packages/airflow/example_dags/example_short_circuit_operator.py
[2024-07-24T18:14:22.621+0000] {processor.py:840} INFO - DAG(s) 'example_short_circuit_operator' retrieved from /home/airflow/.local/lib/python3.12/site-packages/airflow/example_dags/example_short_circuit_operator.py
[2024-07-24T18:14:22.646+0000] {logging_mixin.py:188} INFO - [2024-07-24T18:14:22.646+0000] {dag.py:3089} INFO - Sync 1 DAGs
[2024-07-24T18:14:22.670+0000] {logging_mixin.py:188} INFO - [2024-07-24T18:14:22.670+0000] {dag.py:3947} INFO - Setting next_dagrun for example_short_circuit_operator to 2024-07-23 00:00:00+00:00, run_after=2024-07-24 00:00:00+00:00
[2024-07-24T18:14:22.694+0000] {processor.py:183} INFO - Processing /home/airflow/.local/lib/python3.12/site-packages/airflow/example_dags/example_short_circuit_operator.py took 0.091 seconds
[2024-07-24T18:14:53.185+0000] {processor.py:161} INFO - Started process (PID=1080) to work on /home/airflow/.local/lib/python3.12/site-packages/airflow/example_dags/example_short_circuit_operator.py
[2024-07-24T18:14:53.189+0000] {processor.py:830} INFO - Processing file /home/airflow/.local/lib/python3.12/site-packages/airflow/example_dags/example_short_circuit_operator.py for tasks to queue
[2024-07-24T18:14:53.190+0000] {logging_mixin.py:188} INFO - [2024-07-24T18:14:53.190+0000] {dagbag.py:545} INFO - Filling up the DagBag from /home/airflow/.local/lib/python3.12/site-packages/airflow/example_dags/example_short_circuit_operator.py
[2024-07-24T18:14:53.197+0000] {processor.py:840} INFO - DAG(s) 'example_short_circuit_operator' retrieved from /home/airflow/.local/lib/python3.12/site-packages/airflow/example_dags/example_short_circuit_operator.py
[2024-07-24T18:14:53.229+0000] {logging_mixin.py:188} INFO - [2024-07-24T18:14:53.229+0000] {dag.py:3089} INFO - Sync 1 DAGs
[2024-07-24T18:14:53.254+0000] {logging_mixin.py:188} INFO - [2024-07-24T18:14:53.253+0000] {dag.py:3947} INFO - Setting next_dagrun for example_short_circuit_operator to 2024-07-23 00:00:00+00:00, run_after=2024-07-24 00:00:00+00:00
[2024-07-24T18:14:53.273+0000] {processor.py:183} INFO - Processing /home/airflow/.local/lib/python3.12/site-packages/airflow/example_dags/example_short_circuit_operator.py took 0.095 seconds
[2024-07-24T18:15:23.833+0000] {processor.py:161} INFO - Started process (PID=1138) to work on /home/airflow/.local/lib/python3.12/site-packages/airflow/example_dags/example_short_circuit_operator.py
[2024-07-24T18:15:23.835+0000] {processor.py:830} INFO - Processing file /home/airflow/.local/lib/python3.12/site-packages/airflow/example_dags/example_short_circuit_operator.py for tasks to queue
[2024-07-24T18:15:23.837+0000] {logging_mixin.py:188} INFO - [2024-07-24T18:15:23.837+0000] {dagbag.py:545} INFO - Filling up the DagBag from /home/airflow/.local/lib/python3.12/site-packages/airflow/example_dags/example_short_circuit_operator.py
[2024-07-24T18:15:23.844+0000] {processor.py:840} INFO - DAG(s) 'example_short_circuit_operator' retrieved from /home/airflow/.local/lib/python3.12/site-packages/airflow/example_dags/example_short_circuit_operator.py
[2024-07-24T18:15:23.868+0000] {logging_mixin.py:188} INFO - [2024-07-24T18:15:23.867+0000] {dag.py:3089} INFO - Sync 1 DAGs
[2024-07-24T18:15:23.892+0000] {logging_mixin.py:188} INFO - [2024-07-24T18:15:23.892+0000] {dag.py:3947} INFO - Setting next_dagrun for example_short_circuit_operator to 2024-07-23 00:00:00+00:00, run_after=2024-07-24 00:00:00+00:00
[2024-07-24T18:15:23.911+0000] {processor.py:183} INFO - Processing /home/airflow/.local/lib/python3.12/site-packages/airflow/example_dags/example_short_circuit_operator.py took 0.083 seconds
[2024-07-24T18:15:54.059+0000] {processor.py:161} INFO - Started process (PID=1194) to work on /home/airflow/.local/lib/python3.12/site-packages/airflow/example_dags/example_short_circuit_operator.py
[2024-07-24T18:15:54.060+0000] {processor.py:830} INFO - Processing file /home/airflow/.local/lib/python3.12/site-packages/airflow/example_dags/example_short_circuit_operator.py for tasks to queue
[2024-07-24T18:15:54.061+0000] {logging_mixin.py:188} INFO - [2024-07-24T18:15:54.061+0000] {dagbag.py:545} INFO - Filling up the DagBag from /home/airflow/.local/lib/python3.12/site-packages/airflow/example_dags/example_short_circuit_operator.py
[2024-07-24T18:15:54.068+0000] {processor.py:840} INFO - DAG(s) 'example_short_circuit_operator' retrieved from /home/airflow/.local/lib/python3.12/site-packages/airflow/example_dags/example_short_circuit_operator.py
[2024-07-24T18:15:54.095+0000] {logging_mixin.py:188} INFO - [2024-07-24T18:15:54.095+0000] {dag.py:3089} INFO - Sync 1 DAGs
[2024-07-24T18:15:54.122+0000] {logging_mixin.py:188} INFO - [2024-07-24T18:15:54.122+0000] {dag.py:3947} INFO - Setting next_dagrun for example_short_circuit_operator to 2024-07-23 00:00:00+00:00, run_after=2024-07-24 00:00:00+00:00
[2024-07-24T18:15:54.140+0000] {processor.py:183} INFO - Processing /home/airflow/.local/lib/python3.12/site-packages/airflow/example_dags/example_short_circuit_operator.py took 0.088 seconds
[2024-07-24T18:16:25.742+0000] {processor.py:161} INFO - Started process (PID=1253) to work on /home/airflow/.local/lib/python3.12/site-packages/airflow/example_dags/example_short_circuit_operator.py
[2024-07-24T18:16:25.754+0000] {processor.py:830} INFO - Processing file /home/airflow/.local/lib/python3.12/site-packages/airflow/example_dags/example_short_circuit_operator.py for tasks to queue
[2024-07-24T18:16:25.758+0000] {logging_mixin.py:188} INFO - [2024-07-24T18:16:25.755+0000] {dagbag.py:545} INFO - Filling up the DagBag from /home/airflow/.local/lib/python3.12/site-packages/airflow/example_dags/example_short_circuit_operator.py
[2024-07-24T18:16:25.784+0000] {processor.py:840} INFO - DAG(s) 'example_short_circuit_operator' retrieved from /home/airflow/.local/lib/python3.12/site-packages/airflow/example_dags/example_short_circuit_operator.py
[2024-07-24T18:16:25.917+0000] {logging_mixin.py:188} INFO - [2024-07-24T18:16:25.916+0000] {dag.py:3089} INFO - Sync 1 DAGs
[2024-07-24T18:16:25.980+0000] {logging_mixin.py:188} INFO - [2024-07-24T18:16:25.980+0000] {dag.py:3947} INFO - Setting next_dagrun for example_short_circuit_operator to 2024-07-23 00:00:00+00:00, run_after=2024-07-24 00:00:00+00:00
[2024-07-24T18:16:26.045+0000] {processor.py:183} INFO - Processing /home/airflow/.local/lib/python3.12/site-packages/airflow/example_dags/example_short_circuit_operator.py took 0.322 seconds
