[2024-07-24T18:06:04.293+0000] {processor.py:161} INFO - Started process (PID=76) to work on /home/airflow/.local/lib/python3.12/site-packages/airflow/example_dags/example_display_name.py
[2024-07-24T18:06:04.298+0000] {processor.py:830} INFO - Processing file /home/airflow/.local/lib/python3.12/site-packages/airflow/example_dags/example_display_name.py for tasks to queue
[2024-07-24T18:06:04.300+0000] {logging_mixin.py:188} INFO - [2024-07-24T18:06:04.299+0000] {dagbag.py:545} INFO - Filling up the DagBag from /home/airflow/.local/lib/python3.12/site-packages/airflow/example_dags/example_display_name.py
[2024-07-24T18:06:04.320+0000] {processor.py:840} INFO - DAG(s) 'example_display_name' retrieved from /home/airflow/.local/lib/python3.12/site-packages/airflow/example_dags/example_display_name.py
[2024-07-24T18:06:04.576+0000] {logging_mixin.py:188} INFO - [2024-07-24T18:06:04.575+0000] {dag.py:3089} INFO - Sync 1 DAGs
[2024-07-24T18:06:04.622+0000] {logging_mixin.py:188} INFO - [2024-07-24T18:06:04.622+0000] {dag.py:3947} INFO - Setting next_dagrun for example_display_name to None, run_after=None
[2024-07-24T18:06:04.720+0000] {processor.py:183} INFO - Processing /home/airflow/.local/lib/python3.12/site-packages/airflow/example_dags/example_display_name.py took 0.438 seconds
[2024-07-24T18:06:34.782+0000] {processor.py:161} INFO - Started process (PID=134) to work on /home/airflow/.local/lib/python3.12/site-packages/airflow/example_dags/example_display_name.py
[2024-07-24T18:06:34.785+0000] {processor.py:830} INFO - Processing file /home/airflow/.local/lib/python3.12/site-packages/airflow/example_dags/example_display_name.py for tasks to queue
[2024-07-24T18:06:34.786+0000] {logging_mixin.py:188} INFO - [2024-07-24T18:06:34.786+0000] {dagbag.py:545} INFO - Filling up the DagBag from /home/airflow/.local/lib/python3.12/site-packages/airflow/example_dags/example_display_name.py
[2024-07-24T18:06:34.791+0000] {processor.py:840} INFO - DAG(s) 'example_display_name' retrieved from /home/airflow/.local/lib/python3.12/site-packages/airflow/example_dags/example_display_name.py
[2024-07-24T18:06:34.817+0000] {logging_mixin.py:188} INFO - [2024-07-24T18:06:34.817+0000] {dag.py:3089} INFO - Sync 1 DAGs
[2024-07-24T18:06:34.832+0000] {logging_mixin.py:188} INFO - [2024-07-24T18:06:34.832+0000] {dag.py:3947} INFO - Setting next_dagrun for example_display_name to None, run_after=None
[2024-07-24T18:06:34.857+0000] {processor.py:183} INFO - Processing /home/airflow/.local/lib/python3.12/site-packages/airflow/example_dags/example_display_name.py took 0.079 seconds
[2024-07-24T18:07:05.122+0000] {processor.py:161} INFO - Started process (PID=192) to work on /home/airflow/.local/lib/python3.12/site-packages/airflow/example_dags/example_display_name.py
[2024-07-24T18:07:05.124+0000] {processor.py:830} INFO - Processing file /home/airflow/.local/lib/python3.12/site-packages/airflow/example_dags/example_display_name.py for tasks to queue
[2024-07-24T18:07:05.125+0000] {logging_mixin.py:188} INFO - [2024-07-24T18:07:05.125+0000] {dagbag.py:545} INFO - Filling up the DagBag from /home/airflow/.local/lib/python3.12/site-packages/airflow/example_dags/example_display_name.py
[2024-07-24T18:07:05.130+0000] {processor.py:840} INFO - DAG(s) 'example_display_name' retrieved from /home/airflow/.local/lib/python3.12/site-packages/airflow/example_dags/example_display_name.py
[2024-07-24T18:07:05.157+0000] {logging_mixin.py:188} INFO - [2024-07-24T18:07:05.157+0000] {dag.py:3089} INFO - Sync 1 DAGs
[2024-07-24T18:07:05.171+0000] {logging_mixin.py:188} INFO - [2024-07-24T18:07:05.171+0000] {dag.py:3947} INFO - Setting next_dagrun for example_display_name to None, run_after=None
[2024-07-24T18:07:05.199+0000] {processor.py:183} INFO - Processing /home/airflow/.local/lib/python3.12/site-packages/airflow/example_dags/example_display_name.py took 0.082 seconds
[2024-07-24T18:07:36.143+0000] {processor.py:161} INFO - Started process (PID=250) to work on /home/airflow/.local/lib/python3.12/site-packages/airflow/example_dags/example_display_name.py
[2024-07-24T18:07:36.144+0000] {processor.py:830} INFO - Processing file /home/airflow/.local/lib/python3.12/site-packages/airflow/example_dags/example_display_name.py for tasks to queue
[2024-07-24T18:07:36.145+0000] {logging_mixin.py:188} INFO - [2024-07-24T18:07:36.145+0000] {dagbag.py:545} INFO - Filling up the DagBag from /home/airflow/.local/lib/python3.12/site-packages/airflow/example_dags/example_display_name.py
[2024-07-24T18:07:36.153+0000] {processor.py:840} INFO - DAG(s) 'example_display_name' retrieved from /home/airflow/.local/lib/python3.12/site-packages/airflow/example_dags/example_display_name.py
[2024-07-24T18:07:36.175+0000] {logging_mixin.py:188} INFO - [2024-07-24T18:07:36.175+0000] {dag.py:3089} INFO - Sync 1 DAGs
[2024-07-24T18:07:36.187+0000] {logging_mixin.py:188} INFO - [2024-07-24T18:07:36.187+0000] {dag.py:3947} INFO - Setting next_dagrun for example_display_name to None, run_after=None
[2024-07-24T18:07:36.213+0000] {processor.py:183} INFO - Processing /home/airflow/.local/lib/python3.12/site-packages/airflow/example_dags/example_display_name.py took 0.074 seconds
[2024-07-24T18:08:06.539+0000] {processor.py:161} INFO - Started process (PID=307) to work on /home/airflow/.local/lib/python3.12/site-packages/airflow/example_dags/example_display_name.py
[2024-07-24T18:08:06.542+0000] {processor.py:830} INFO - Processing file /home/airflow/.local/lib/python3.12/site-packages/airflow/example_dags/example_display_name.py for tasks to queue
[2024-07-24T18:08:06.543+0000] {logging_mixin.py:188} INFO - [2024-07-24T18:08:06.543+0000] {dagbag.py:545} INFO - Filling up the DagBag from /home/airflow/.local/lib/python3.12/site-packages/airflow/example_dags/example_display_name.py
[2024-07-24T18:08:06.553+0000] {processor.py:840} INFO - DAG(s) 'example_display_name' retrieved from /home/airflow/.local/lib/python3.12/site-packages/airflow/example_dags/example_display_name.py
[2024-07-24T18:08:06.573+0000] {logging_mixin.py:188} INFO - [2024-07-24T18:08:06.573+0000] {dag.py:3089} INFO - Sync 1 DAGs
[2024-07-24T18:08:06.587+0000] {logging_mixin.py:188} INFO - [2024-07-24T18:08:06.587+0000] {dag.py:3947} INFO - Setting next_dagrun for example_display_name to None, run_after=None
[2024-07-24T18:08:06.607+0000] {processor.py:183} INFO - Processing /home/airflow/.local/lib/python3.12/site-packages/airflow/example_dags/example_display_name.py took 0.074 seconds
[2024-07-24T18:08:36.871+0000] {processor.py:161} INFO - Started process (PID=365) to work on /home/airflow/.local/lib/python3.12/site-packages/airflow/example_dags/example_display_name.py
[2024-07-24T18:08:36.872+0000] {processor.py:830} INFO - Processing file /home/airflow/.local/lib/python3.12/site-packages/airflow/example_dags/example_display_name.py for tasks to queue
[2024-07-24T18:08:36.873+0000] {logging_mixin.py:188} INFO - [2024-07-24T18:08:36.873+0000] {dagbag.py:545} INFO - Filling up the DagBag from /home/airflow/.local/lib/python3.12/site-packages/airflow/example_dags/example_display_name.py
[2024-07-24T18:08:36.878+0000] {processor.py:840} INFO - DAG(s) 'example_display_name' retrieved from /home/airflow/.local/lib/python3.12/site-packages/airflow/example_dags/example_display_name.py
[2024-07-24T18:08:36.900+0000] {logging_mixin.py:188} INFO - [2024-07-24T18:08:36.900+0000] {dag.py:3089} INFO - Sync 1 DAGs
[2024-07-24T18:08:36.912+0000] {logging_mixin.py:188} INFO - [2024-07-24T18:08:36.912+0000] {dag.py:3947} INFO - Setting next_dagrun for example_display_name to None, run_after=None
[2024-07-24T18:08:36.930+0000] {processor.py:183} INFO - Processing /home/airflow/.local/lib/python3.12/site-packages/airflow/example_dags/example_display_name.py took 0.065 seconds
[2024-07-24T18:09:07.741+0000] {processor.py:161} INFO - Started process (PID=423) to work on /home/airflow/.local/lib/python3.12/site-packages/airflow/example_dags/example_display_name.py
[2024-07-24T18:09:07.746+0000] {processor.py:830} INFO - Processing file /home/airflow/.local/lib/python3.12/site-packages/airflow/example_dags/example_display_name.py for tasks to queue
[2024-07-24T18:09:07.756+0000] {logging_mixin.py:188} INFO - [2024-07-24T18:09:07.748+0000] {dagbag.py:545} INFO - Filling up the DagBag from /home/airflow/.local/lib/python3.12/site-packages/airflow/example_dags/example_display_name.py
[2024-07-24T18:09:07.791+0000] {processor.py:840} INFO - DAG(s) 'example_display_name' retrieved from /home/airflow/.local/lib/python3.12/site-packages/airflow/example_dags/example_display_name.py
[2024-07-24T18:09:07.851+0000] {logging_mixin.py:188} INFO - [2024-07-24T18:09:07.851+0000] {dag.py:3089} INFO - Sync 1 DAGs
[2024-07-24T18:09:07.886+0000] {logging_mixin.py:188} INFO - [2024-07-24T18:09:07.886+0000] {dag.py:3947} INFO - Setting next_dagrun for example_display_name to None, run_after=None
[2024-07-24T18:09:07.915+0000] {processor.py:183} INFO - Processing /home/airflow/.local/lib/python3.12/site-packages/airflow/example_dags/example_display_name.py took 0.198 seconds
[2024-07-24T18:09:38.523+0000] {processor.py:161} INFO - Started process (PID=481) to work on /home/airflow/.local/lib/python3.12/site-packages/airflow/example_dags/example_display_name.py
[2024-07-24T18:09:38.526+0000] {processor.py:830} INFO - Processing file /home/airflow/.local/lib/python3.12/site-packages/airflow/example_dags/example_display_name.py for tasks to queue
[2024-07-24T18:09:38.530+0000] {logging_mixin.py:188} INFO - [2024-07-24T18:09:38.527+0000] {dagbag.py:545} INFO - Filling up the DagBag from /home/airflow/.local/lib/python3.12/site-packages/airflow/example_dags/example_display_name.py
[2024-07-24T18:09:38.543+0000] {processor.py:840} INFO - DAG(s) 'example_display_name' retrieved from /home/airflow/.local/lib/python3.12/site-packages/airflow/example_dags/example_display_name.py
[2024-07-24T18:09:38.635+0000] {logging_mixin.py:188} INFO - [2024-07-24T18:09:38.634+0000] {dag.py:3089} INFO - Sync 1 DAGs
[2024-07-24T18:09:38.681+0000] {logging_mixin.py:188} INFO - [2024-07-24T18:09:38.681+0000] {dag.py:3947} INFO - Setting next_dagrun for example_display_name to None, run_after=None
[2024-07-24T18:09:38.756+0000] {processor.py:183} INFO - Processing /home/airflow/.local/lib/python3.12/site-packages/airflow/example_dags/example_display_name.py took 0.244 seconds
[2024-07-24T18:10:08.899+0000] {processor.py:161} INFO - Started process (PID=540) to work on /home/airflow/.local/lib/python3.12/site-packages/airflow/example_dags/example_display_name.py
[2024-07-24T18:10:08.900+0000] {processor.py:830} INFO - Processing file /home/airflow/.local/lib/python3.12/site-packages/airflow/example_dags/example_display_name.py for tasks to queue
[2024-07-24T18:10:08.901+0000] {logging_mixin.py:188} INFO - [2024-07-24T18:10:08.901+0000] {dagbag.py:545} INFO - Filling up the DagBag from /home/airflow/.local/lib/python3.12/site-packages/airflow/example_dags/example_display_name.py
[2024-07-24T18:10:08.908+0000] {processor.py:840} INFO - DAG(s) 'example_display_name' retrieved from /home/airflow/.local/lib/python3.12/site-packages/airflow/example_dags/example_display_name.py
[2024-07-24T18:10:08.933+0000] {logging_mixin.py:188} INFO - [2024-07-24T18:10:08.932+0000] {dag.py:3089} INFO - Sync 1 DAGs
[2024-07-24T18:10:08.946+0000] {logging_mixin.py:188} INFO - [2024-07-24T18:10:08.945+0000] {dag.py:3947} INFO - Setting next_dagrun for example_display_name to None, run_after=None
[2024-07-24T18:10:08.966+0000] {processor.py:183} INFO - Processing /home/airflow/.local/lib/python3.12/site-packages/airflow/example_dags/example_display_name.py took 0.076 seconds
[2024-07-24T18:10:39.084+0000] {processor.py:161} INFO - Started process (PID=597) to work on /home/airflow/.local/lib/python3.12/site-packages/airflow/example_dags/example_display_name.py
[2024-07-24T18:10:39.085+0000] {processor.py:830} INFO - Processing file /home/airflow/.local/lib/python3.12/site-packages/airflow/example_dags/example_display_name.py for tasks to queue
[2024-07-24T18:10:39.086+0000] {logging_mixin.py:188} INFO - [2024-07-24T18:10:39.086+0000] {dagbag.py:545} INFO - Filling up the DagBag from /home/airflow/.local/lib/python3.12/site-packages/airflow/example_dags/example_display_name.py
[2024-07-24T18:10:39.094+0000] {processor.py:840} INFO - DAG(s) 'example_display_name' retrieved from /home/airflow/.local/lib/python3.12/site-packages/airflow/example_dags/example_display_name.py
[2024-07-24T18:10:39.116+0000] {logging_mixin.py:188} INFO - [2024-07-24T18:10:39.115+0000] {dag.py:3089} INFO - Sync 1 DAGs
[2024-07-24T18:10:39.136+0000] {logging_mixin.py:188} INFO - [2024-07-24T18:10:39.134+0000] {dag.py:3947} INFO - Setting next_dagrun for example_display_name to None, run_after=None
[2024-07-24T18:10:39.158+0000] {processor.py:183} INFO - Processing /home/airflow/.local/lib/python3.12/site-packages/airflow/example_dags/example_display_name.py took 0.084 seconds
[2024-07-24T18:11:09.581+0000] {processor.py:161} INFO - Started process (PID=654) to work on /home/airflow/.local/lib/python3.12/site-packages/airflow/example_dags/example_display_name.py
[2024-07-24T18:11:09.584+0000] {processor.py:830} INFO - Processing file /home/airflow/.local/lib/python3.12/site-packages/airflow/example_dags/example_display_name.py for tasks to queue
[2024-07-24T18:11:09.586+0000] {logging_mixin.py:188} INFO - [2024-07-24T18:11:09.586+0000] {dagbag.py:545} INFO - Filling up the DagBag from /home/airflow/.local/lib/python3.12/site-packages/airflow/example_dags/example_display_name.py
[2024-07-24T18:11:09.592+0000] {processor.py:840} INFO - DAG(s) 'example_display_name' retrieved from /home/airflow/.local/lib/python3.12/site-packages/airflow/example_dags/example_display_name.py
[2024-07-24T18:11:09.612+0000] {logging_mixin.py:188} INFO - [2024-07-24T18:11:09.612+0000] {dag.py:3089} INFO - Sync 1 DAGs
[2024-07-24T18:11:09.623+0000] {logging_mixin.py:188} INFO - [2024-07-24T18:11:09.623+0000] {dag.py:3947} INFO - Setting next_dagrun for example_display_name to None, run_after=None
[2024-07-24T18:11:09.644+0000] {processor.py:183} INFO - Processing /home/airflow/.local/lib/python3.12/site-packages/airflow/example_dags/example_display_name.py took 0.069 seconds
[2024-07-24T18:11:40.061+0000] {processor.py:161} INFO - Started process (PID=712) to work on /home/airflow/.local/lib/python3.12/site-packages/airflow/example_dags/example_display_name.py
[2024-07-24T18:11:40.061+0000] {processor.py:830} INFO - Processing file /home/airflow/.local/lib/python3.12/site-packages/airflow/example_dags/example_display_name.py for tasks to queue
[2024-07-24T18:11:40.063+0000] {logging_mixin.py:188} INFO - [2024-07-24T18:11:40.062+0000] {dagbag.py:545} INFO - Filling up the DagBag from /home/airflow/.local/lib/python3.12/site-packages/airflow/example_dags/example_display_name.py
[2024-07-24T18:11:40.071+0000] {processor.py:840} INFO - DAG(s) 'example_display_name' retrieved from /home/airflow/.local/lib/python3.12/site-packages/airflow/example_dags/example_display_name.py
[2024-07-24T18:11:40.093+0000] {logging_mixin.py:188} INFO - [2024-07-24T18:11:40.092+0000] {dag.py:3089} INFO - Sync 1 DAGs
[2024-07-24T18:11:40.104+0000] {logging_mixin.py:188} INFO - [2024-07-24T18:11:40.104+0000] {dag.py:3947} INFO - Setting next_dagrun for example_display_name to None, run_after=None
[2024-07-24T18:11:40.122+0000] {processor.py:183} INFO - Processing /home/airflow/.local/lib/python3.12/site-packages/airflow/example_dags/example_display_name.py took 0.069 seconds
[2024-07-24T18:12:10.565+0000] {processor.py:161} INFO - Started process (PID=770) to work on /home/airflow/.local/lib/python3.12/site-packages/airflow/example_dags/example_display_name.py
[2024-07-24T18:12:10.570+0000] {processor.py:830} INFO - Processing file /home/airflow/.local/lib/python3.12/site-packages/airflow/example_dags/example_display_name.py for tasks to queue
[2024-07-24T18:12:10.572+0000] {logging_mixin.py:188} INFO - [2024-07-24T18:12:10.572+0000] {dagbag.py:545} INFO - Filling up the DagBag from /home/airflow/.local/lib/python3.12/site-packages/airflow/example_dags/example_display_name.py
[2024-07-24T18:12:10.578+0000] {processor.py:840} INFO - DAG(s) 'example_display_name' retrieved from /home/airflow/.local/lib/python3.12/site-packages/airflow/example_dags/example_display_name.py
[2024-07-24T18:12:10.598+0000] {logging_mixin.py:188} INFO - [2024-07-24T18:12:10.597+0000] {dag.py:3089} INFO - Sync 1 DAGs
[2024-07-24T18:12:10.612+0000] {logging_mixin.py:188} INFO - [2024-07-24T18:12:10.612+0000] {dag.py:3947} INFO - Setting next_dagrun for example_display_name to None, run_after=None
[2024-07-24T18:12:10.628+0000] {processor.py:183} INFO - Processing /home/airflow/.local/lib/python3.12/site-packages/airflow/example_dags/example_display_name.py took 0.068 seconds
[2024-07-24T18:12:41.528+0000] {processor.py:161} INFO - Started process (PID=828) to work on /home/airflow/.local/lib/python3.12/site-packages/airflow/example_dags/example_display_name.py
[2024-07-24T18:12:41.529+0000] {processor.py:830} INFO - Processing file /home/airflow/.local/lib/python3.12/site-packages/airflow/example_dags/example_display_name.py for tasks to queue
[2024-07-24T18:12:41.530+0000] {logging_mixin.py:188} INFO - [2024-07-24T18:12:41.530+0000] {dagbag.py:545} INFO - Filling up the DagBag from /home/airflow/.local/lib/python3.12/site-packages/airflow/example_dags/example_display_name.py
[2024-07-24T18:12:41.538+0000] {processor.py:840} INFO - DAG(s) 'example_display_name' retrieved from /home/airflow/.local/lib/python3.12/site-packages/airflow/example_dags/example_display_name.py
[2024-07-24T18:12:41.559+0000] {logging_mixin.py:188} INFO - [2024-07-24T18:12:41.558+0000] {dag.py:3089} INFO - Sync 1 DAGs
[2024-07-24T18:12:41.570+0000] {logging_mixin.py:188} INFO - [2024-07-24T18:12:41.570+0000] {dag.py:3947} INFO - Setting next_dagrun for example_display_name to None, run_after=None
[2024-07-24T18:12:41.593+0000] {processor.py:183} INFO - Processing /home/airflow/.local/lib/python3.12/site-packages/airflow/example_dags/example_display_name.py took 0.071 seconds
[2024-07-24T18:13:12.488+0000] {processor.py:161} INFO - Started process (PID=886) to work on /home/airflow/.local/lib/python3.12/site-packages/airflow/example_dags/example_display_name.py
[2024-07-24T18:13:12.491+0000] {processor.py:830} INFO - Processing file /home/airflow/.local/lib/python3.12/site-packages/airflow/example_dags/example_display_name.py for tasks to queue
[2024-07-24T18:13:12.492+0000] {logging_mixin.py:188} INFO - [2024-07-24T18:13:12.492+0000] {dagbag.py:545} INFO - Filling up the DagBag from /home/airflow/.local/lib/python3.12/site-packages/airflow/example_dags/example_display_name.py
[2024-07-24T18:13:12.497+0000] {processor.py:840} INFO - DAG(s) 'example_display_name' retrieved from /home/airflow/.local/lib/python3.12/site-packages/airflow/example_dags/example_display_name.py
[2024-07-24T18:13:12.519+0000] {logging_mixin.py:188} INFO - [2024-07-24T18:13:12.519+0000] {dag.py:3089} INFO - Sync 1 DAGs
[2024-07-24T18:13:12.533+0000] {logging_mixin.py:188} INFO - [2024-07-24T18:13:12.533+0000] {dag.py:3947} INFO - Setting next_dagrun for example_display_name to None, run_after=None
[2024-07-24T18:13:12.553+0000] {processor.py:183} INFO - Processing /home/airflow/.local/lib/python3.12/site-packages/airflow/example_dags/example_display_name.py took 0.072 seconds
[2024-07-24T18:13:42.625+0000] {processor.py:161} INFO - Started process (PID=944) to work on /home/airflow/.local/lib/python3.12/site-packages/airflow/example_dags/example_display_name.py
[2024-07-24T18:13:42.628+0000] {processor.py:830} INFO - Processing file /home/airflow/.local/lib/python3.12/site-packages/airflow/example_dags/example_display_name.py for tasks to queue
[2024-07-24T18:13:42.630+0000] {logging_mixin.py:188} INFO - [2024-07-24T18:13:42.629+0000] {dagbag.py:545} INFO - Filling up the DagBag from /home/airflow/.local/lib/python3.12/site-packages/airflow/example_dags/example_display_name.py
[2024-07-24T18:13:42.634+0000] {processor.py:840} INFO - DAG(s) 'example_display_name' retrieved from /home/airflow/.local/lib/python3.12/site-packages/airflow/example_dags/example_display_name.py
[2024-07-24T18:13:42.653+0000] {logging_mixin.py:188} INFO - [2024-07-24T18:13:42.653+0000] {dag.py:3089} INFO - Sync 1 DAGs
[2024-07-24T18:13:42.667+0000] {logging_mixin.py:188} INFO - [2024-07-24T18:13:42.667+0000] {dag.py:3947} INFO - Setting next_dagrun for example_display_name to None, run_after=None
[2024-07-24T18:13:42.686+0000] {processor.py:183} INFO - Processing /home/airflow/.local/lib/python3.12/site-packages/airflow/example_dags/example_display_name.py took 0.066 seconds
[2024-07-24T18:14:13.577+0000] {processor.py:161} INFO - Started process (PID=1002) to work on /home/airflow/.local/lib/python3.12/site-packages/airflow/example_dags/example_display_name.py
[2024-07-24T18:14:13.580+0000] {processor.py:830} INFO - Processing file /home/airflow/.local/lib/python3.12/site-packages/airflow/example_dags/example_display_name.py for tasks to queue
[2024-07-24T18:14:13.582+0000] {logging_mixin.py:188} INFO - [2024-07-24T18:14:13.582+0000] {dagbag.py:545} INFO - Filling up the DagBag from /home/airflow/.local/lib/python3.12/site-packages/airflow/example_dags/example_display_name.py
[2024-07-24T18:14:13.589+0000] {processor.py:840} INFO - DAG(s) 'example_display_name' retrieved from /home/airflow/.local/lib/python3.12/site-packages/airflow/example_dags/example_display_name.py
[2024-07-24T18:14:13.608+0000] {logging_mixin.py:188} INFO - [2024-07-24T18:14:13.607+0000] {dag.py:3089} INFO - Sync 1 DAGs
[2024-07-24T18:14:13.621+0000] {logging_mixin.py:188} INFO - [2024-07-24T18:14:13.621+0000] {dag.py:3947} INFO - Setting next_dagrun for example_display_name to None, run_after=None
[2024-07-24T18:14:13.643+0000] {processor.py:183} INFO - Processing /home/airflow/.local/lib/python3.12/site-packages/airflow/example_dags/example_display_name.py took 0.070 seconds
[2024-07-24T18:14:44.329+0000] {processor.py:161} INFO - Started process (PID=1059) to work on /home/airflow/.local/lib/python3.12/site-packages/airflow/example_dags/example_display_name.py
[2024-07-24T18:14:44.334+0000] {processor.py:830} INFO - Processing file /home/airflow/.local/lib/python3.12/site-packages/airflow/example_dags/example_display_name.py for tasks to queue
[2024-07-24T18:14:44.337+0000] {logging_mixin.py:188} INFO - [2024-07-24T18:14:44.335+0000] {dagbag.py:545} INFO - Filling up the DagBag from /home/airflow/.local/lib/python3.12/site-packages/airflow/example_dags/example_display_name.py
[2024-07-24T18:14:44.366+0000] {processor.py:840} INFO - DAG(s) 'example_display_name' retrieved from /home/airflow/.local/lib/python3.12/site-packages/airflow/example_dags/example_display_name.py
[2024-07-24T18:14:44.457+0000] {logging_mixin.py:188} INFO - [2024-07-24T18:14:44.448+0000] {dag.py:3089} INFO - Sync 1 DAGs
[2024-07-24T18:14:44.509+0000] {logging_mixin.py:188} INFO - [2024-07-24T18:14:44.508+0000] {dag.py:3947} INFO - Setting next_dagrun for example_display_name to None, run_after=None
[2024-07-24T18:14:44.581+0000] {processor.py:183} INFO - Processing /home/airflow/.local/lib/python3.12/site-packages/airflow/example_dags/example_display_name.py took 0.269 seconds
[2024-07-24T18:15:15.637+0000] {processor.py:161} INFO - Started process (PID=1117) to work on /home/airflow/.local/lib/python3.12/site-packages/airflow/example_dags/example_display_name.py
[2024-07-24T18:15:15.639+0000] {processor.py:830} INFO - Processing file /home/airflow/.local/lib/python3.12/site-packages/airflow/example_dags/example_display_name.py for tasks to queue
[2024-07-24T18:15:15.646+0000] {logging_mixin.py:188} INFO - [2024-07-24T18:15:15.644+0000] {dagbag.py:545} INFO - Filling up the DagBag from /home/airflow/.local/lib/python3.12/site-packages/airflow/example_dags/example_display_name.py
[2024-07-24T18:15:15.667+0000] {processor.py:840} INFO - DAG(s) 'example_display_name' retrieved from /home/airflow/.local/lib/python3.12/site-packages/airflow/example_dags/example_display_name.py
[2024-07-24T18:15:15.712+0000] {logging_mixin.py:188} INFO - [2024-07-24T18:15:15.711+0000] {dag.py:3089} INFO - Sync 1 DAGs
[2024-07-24T18:15:15.730+0000] {logging_mixin.py:188} INFO - [2024-07-24T18:15:15.730+0000] {dag.py:3947} INFO - Setting next_dagrun for example_display_name to None, run_after=None
[2024-07-24T18:15:15.776+0000] {processor.py:183} INFO - Processing /home/airflow/.local/lib/python3.12/site-packages/airflow/example_dags/example_display_name.py took 0.154 seconds
[2024-07-24T18:15:46.228+0000] {processor.py:161} INFO - Started process (PID=1175) to work on /home/airflow/.local/lib/python3.12/site-packages/airflow/example_dags/example_display_name.py
[2024-07-24T18:15:46.229+0000] {processor.py:830} INFO - Processing file /home/airflow/.local/lib/python3.12/site-packages/airflow/example_dags/example_display_name.py for tasks to queue
[2024-07-24T18:15:46.230+0000] {logging_mixin.py:188} INFO - [2024-07-24T18:15:46.230+0000] {dagbag.py:545} INFO - Filling up the DagBag from /home/airflow/.local/lib/python3.12/site-packages/airflow/example_dags/example_display_name.py
[2024-07-24T18:15:46.237+0000] {processor.py:840} INFO - DAG(s) 'example_display_name' retrieved from /home/airflow/.local/lib/python3.12/site-packages/airflow/example_dags/example_display_name.py
[2024-07-24T18:15:46.256+0000] {logging_mixin.py:188} INFO - [2024-07-24T18:15:46.256+0000] {dag.py:3089} INFO - Sync 1 DAGs
[2024-07-24T18:15:46.270+0000] {logging_mixin.py:188} INFO - [2024-07-24T18:15:46.270+0000] {dag.py:3947} INFO - Setting next_dagrun for example_display_name to None, run_after=None
[2024-07-24T18:15:46.286+0000] {processor.py:183} INFO - Processing /home/airflow/.local/lib/python3.12/site-packages/airflow/example_dags/example_display_name.py took 0.066 seconds
[2024-07-24T18:16:16.931+0000] {processor.py:161} INFO - Started process (PID=1232) to work on /home/airflow/.local/lib/python3.12/site-packages/airflow/example_dags/example_display_name.py
[2024-07-24T18:16:16.936+0000] {processor.py:830} INFO - Processing file /home/airflow/.local/lib/python3.12/site-packages/airflow/example_dags/example_display_name.py for tasks to queue
[2024-07-24T18:16:16.937+0000] {logging_mixin.py:188} INFO - [2024-07-24T18:16:16.937+0000] {dagbag.py:545} INFO - Filling up the DagBag from /home/airflow/.local/lib/python3.12/site-packages/airflow/example_dags/example_display_name.py
[2024-07-24T18:16:16.944+0000] {processor.py:840} INFO - DAG(s) 'example_display_name' retrieved from /home/airflow/.local/lib/python3.12/site-packages/airflow/example_dags/example_display_name.py
[2024-07-24T18:16:16.964+0000] {logging_mixin.py:188} INFO - [2024-07-24T18:16:16.964+0000] {dag.py:3089} INFO - Sync 1 DAGs
[2024-07-24T18:16:16.976+0000] {logging_mixin.py:188} INFO - [2024-07-24T18:16:16.976+0000] {dag.py:3947} INFO - Setting next_dagrun for example_display_name to None, run_after=None
[2024-07-24T18:16:16.998+0000] {processor.py:183} INFO - Processing /home/airflow/.local/lib/python3.12/site-packages/airflow/example_dags/example_display_name.py took 0.072 seconds
