[2024-07-24T18:06:10.559+0000] {processor.py:161} INFO - Started process (PID=92) to work on /home/airflow/.local/lib/python3.12/site-packages/airflow/example_dags/example_datasets.py
[2024-07-24T18:06:10.560+0000] {processor.py:830} INFO - Processing file /home/airflow/.local/lib/python3.12/site-packages/airflow/example_dags/example_datasets.py for tasks to queue
[2024-07-24T18:06:10.563+0000] {logging_mixin.py:188} INFO - [2024-07-24T18:06:10.563+0000] {dagbag.py:545} INFO - Filling up the DagBag from /home/airflow/.local/lib/python3.12/site-packages/airflow/example_dags/example_datasets.py
[2024-07-24T18:06:10.615+0000] {processor.py:840} INFO - DAG(s) 'dataset_consumes_unknown_never_scheduled', 'dataset_consumes_1_and_2', 'dataset_produces_1', 'consume_1_or_2_with_dataset_expressions', 'consume_1_or_both_2_and_3_with_dataset_expressions', 'dataset_consumes_1_never_scheduled', 'conditional_dataset_and_time_based_timetable', 'dataset_consumes_1', 'consume_1_and_2_with_dataset_expressions', 'dataset_produces_2' retrieved from /home/airflow/.local/lib/python3.12/site-packages/airflow/example_dags/example_datasets.py
[2024-07-24T18:06:11.373+0000] {logging_mixin.py:188} INFO - [2024-07-24T18:06:11.373+0000] {dag.py:3089} INFO - Sync 10 DAGs
[2024-07-24T18:06:11.501+0000] {logging_mixin.py:188} INFO - [2024-07-24T18:06:11.498+0000] {dag.py:3947} INFO - Setting next_dagrun for conditional_dataset_and_time_based_timetable to 2024-07-24 01:00:00+00:00, run_after=2024-07-24 01:00:00+00:00
[2024-07-24T18:06:11.525+0000] {logging_mixin.py:188} INFO - [2024-07-24T18:06:11.525+0000] {dag.py:3947} INFO - Setting next_dagrun for consume_1_and_2_with_dataset_expressions to None, run_after=None
[2024-07-24T18:06:11.531+0000] {logging_mixin.py:188} INFO - [2024-07-24T18:06:11.531+0000] {dag.py:3947} INFO - Setting next_dagrun for consume_1_or_2_with_dataset_expressions to None, run_after=None
[2024-07-24T18:06:11.534+0000] {logging_mixin.py:188} INFO - [2024-07-24T18:06:11.534+0000] {dag.py:3947} INFO - Setting next_dagrun for consume_1_or_both_2_and_3_with_dataset_expressions to None, run_after=None
[2024-07-24T18:06:11.540+0000] {logging_mixin.py:188} INFO - [2024-07-24T18:06:11.540+0000] {dag.py:3947} INFO - Setting next_dagrun for dataset_consumes_1 to None, run_after=None
[2024-07-24T18:06:11.544+0000] {logging_mixin.py:188} INFO - [2024-07-24T18:06:11.543+0000] {dag.py:3947} INFO - Setting next_dagrun for dataset_consumes_1_and_2 to None, run_after=None
[2024-07-24T18:06:11.545+0000] {logging_mixin.py:188} INFO - [2024-07-24T18:06:11.544+0000] {dag.py:3947} INFO - Setting next_dagrun for dataset_consumes_1_never_scheduled to None, run_after=None
[2024-07-24T18:06:11.550+0000] {logging_mixin.py:188} INFO - [2024-07-24T18:06:11.550+0000] {dag.py:3947} INFO - Setting next_dagrun for dataset_consumes_unknown_never_scheduled to None, run_after=None
[2024-07-24T18:06:11.555+0000] {logging_mixin.py:188} INFO - [2024-07-24T18:06:11.555+0000] {dag.py:3947} INFO - Setting next_dagrun for dataset_produces_1 to 2024-07-23 00:00:00+00:00, run_after=2024-07-24 00:00:00+00:00
[2024-07-24T18:06:11.562+0000] {logging_mixin.py:188} INFO - [2024-07-24T18:06:11.562+0000] {dag.py:3947} INFO - Setting next_dagrun for dataset_produces_2 to None, run_after=None
[2024-07-24T18:06:11.690+0000] {processor.py:183} INFO - Processing /home/airflow/.local/lib/python3.12/site-packages/airflow/example_dags/example_datasets.py took 1.153 seconds
[2024-07-24T18:06:41.809+0000] {processor.py:161} INFO - Started process (PID=151) to work on /home/airflow/.local/lib/python3.12/site-packages/airflow/example_dags/example_datasets.py
[2024-07-24T18:06:41.811+0000] {processor.py:830} INFO - Processing file /home/airflow/.local/lib/python3.12/site-packages/airflow/example_dags/example_datasets.py for tasks to queue
[2024-07-24T18:06:41.812+0000] {logging_mixin.py:188} INFO - [2024-07-24T18:06:41.812+0000] {dagbag.py:545} INFO - Filling up the DagBag from /home/airflow/.local/lib/python3.12/site-packages/airflow/example_dags/example_datasets.py
[2024-07-24T18:06:41.827+0000] {processor.py:840} INFO - DAG(s) 'dataset_consumes_1_and_2', 'conditional_dataset_and_time_based_timetable', 'dataset_produces_1', 'dataset_produces_2', 'dataset_consumes_unknown_never_scheduled', 'consume_1_or_both_2_and_3_with_dataset_expressions', 'dataset_consumes_1_never_scheduled', 'consume_1_and_2_with_dataset_expressions', 'consume_1_or_2_with_dataset_expressions', 'dataset_consumes_1' retrieved from /home/airflow/.local/lib/python3.12/site-packages/airflow/example_dags/example_datasets.py
[2024-07-24T18:06:41.883+0000] {logging_mixin.py:188} INFO - [2024-07-24T18:06:41.883+0000] {dag.py:3089} INFO - Sync 10 DAGs
[2024-07-24T18:06:41.909+0000] {logging_mixin.py:188} INFO - [2024-07-24T18:06:41.909+0000] {dag.py:3947} INFO - Setting next_dagrun for conditional_dataset_and_time_based_timetable to 2024-07-24 01:00:00+00:00, run_after=2024-07-24 01:00:00+00:00
[2024-07-24T18:06:41.912+0000] {logging_mixin.py:188} INFO - [2024-07-24T18:06:41.912+0000] {dag.py:3947} INFO - Setting next_dagrun for consume_1_and_2_with_dataset_expressions to None, run_after=None
[2024-07-24T18:06:41.916+0000] {logging_mixin.py:188} INFO - [2024-07-24T18:06:41.916+0000] {dag.py:3947} INFO - Setting next_dagrun for consume_1_or_2_with_dataset_expressions to None, run_after=None
[2024-07-24T18:06:41.917+0000] {logging_mixin.py:188} INFO - [2024-07-24T18:06:41.917+0000] {dag.py:3947} INFO - Setting next_dagrun for consume_1_or_both_2_and_3_with_dataset_expressions to None, run_after=None
[2024-07-24T18:06:41.918+0000] {logging_mixin.py:188} INFO - [2024-07-24T18:06:41.918+0000] {dag.py:3947} INFO - Setting next_dagrun for dataset_consumes_1 to None, run_after=None
[2024-07-24T18:06:41.919+0000] {logging_mixin.py:188} INFO - [2024-07-24T18:06:41.919+0000] {dag.py:3947} INFO - Setting next_dagrun for dataset_consumes_1_and_2 to None, run_after=None
[2024-07-24T18:06:41.920+0000] {logging_mixin.py:188} INFO - [2024-07-24T18:06:41.919+0000] {dag.py:3947} INFO - Setting next_dagrun for dataset_consumes_1_never_scheduled to None, run_after=None
[2024-07-24T18:06:41.921+0000] {logging_mixin.py:188} INFO - [2024-07-24T18:06:41.920+0000] {dag.py:3947} INFO - Setting next_dagrun for dataset_consumes_unknown_never_scheduled to None, run_after=None
[2024-07-24T18:06:41.925+0000] {logging_mixin.py:188} INFO - [2024-07-24T18:06:41.924+0000] {dag.py:3947} INFO - Setting next_dagrun for dataset_produces_1 to 2024-07-23 00:00:00+00:00, run_after=2024-07-24 00:00:00+00:00
[2024-07-24T18:06:41.926+0000] {logging_mixin.py:188} INFO - [2024-07-24T18:06:41.926+0000] {dag.py:3947} INFO - Setting next_dagrun for dataset_produces_2 to None, run_after=None
[2024-07-24T18:06:41.960+0000] {processor.py:183} INFO - Processing /home/airflow/.local/lib/python3.12/site-packages/airflow/example_dags/example_datasets.py took 0.159 seconds
[2024-07-24T18:07:12.024+0000] {processor.py:161} INFO - Started process (PID=208) to work on /home/airflow/.local/lib/python3.12/site-packages/airflow/example_dags/example_datasets.py
[2024-07-24T18:07:12.028+0000] {processor.py:830} INFO - Processing file /home/airflow/.local/lib/python3.12/site-packages/airflow/example_dags/example_datasets.py for tasks to queue
[2024-07-24T18:07:12.031+0000] {logging_mixin.py:188} INFO - [2024-07-24T18:07:12.029+0000] {dagbag.py:545} INFO - Filling up the DagBag from /home/airflow/.local/lib/python3.12/site-packages/airflow/example_dags/example_datasets.py
[2024-07-24T18:07:12.048+0000] {processor.py:840} INFO - DAG(s) 'dataset_consumes_unknown_never_scheduled', 'dataset_consumes_1_and_2', 'dataset_produces_2', 'conditional_dataset_and_time_based_timetable', 'dataset_consumes_1_never_scheduled', 'consume_1_or_both_2_and_3_with_dataset_expressions', 'dataset_produces_1', 'consume_1_or_2_with_dataset_expressions', 'consume_1_and_2_with_dataset_expressions', 'dataset_consumes_1' retrieved from /home/airflow/.local/lib/python3.12/site-packages/airflow/example_dags/example_datasets.py
[2024-07-24T18:07:12.096+0000] {logging_mixin.py:188} INFO - [2024-07-24T18:07:12.096+0000] {dag.py:3089} INFO - Sync 10 DAGs
[2024-07-24T18:07:12.128+0000] {logging_mixin.py:188} INFO - [2024-07-24T18:07:12.128+0000] {dag.py:3947} INFO - Setting next_dagrun for conditional_dataset_and_time_based_timetable to 2024-07-24 01:00:00+00:00, run_after=2024-07-24 01:00:00+00:00
[2024-07-24T18:07:12.131+0000] {logging_mixin.py:188} INFO - [2024-07-24T18:07:12.131+0000] {dag.py:3947} INFO - Setting next_dagrun for consume_1_and_2_with_dataset_expressions to None, run_after=None
[2024-07-24T18:07:12.133+0000] {logging_mixin.py:188} INFO - [2024-07-24T18:07:12.133+0000] {dag.py:3947} INFO - Setting next_dagrun for consume_1_or_2_with_dataset_expressions to None, run_after=None
[2024-07-24T18:07:12.134+0000] {logging_mixin.py:188} INFO - [2024-07-24T18:07:12.134+0000] {dag.py:3947} INFO - Setting next_dagrun for consume_1_or_both_2_and_3_with_dataset_expressions to None, run_after=None
[2024-07-24T18:07:12.138+0000] {logging_mixin.py:188} INFO - [2024-07-24T18:07:12.138+0000] {dag.py:3947} INFO - Setting next_dagrun for dataset_consumes_1 to None, run_after=None
[2024-07-24T18:07:12.140+0000] {logging_mixin.py:188} INFO - [2024-07-24T18:07:12.140+0000] {dag.py:3947} INFO - Setting next_dagrun for dataset_consumes_1_and_2 to None, run_after=None
[2024-07-24T18:07:12.141+0000] {logging_mixin.py:188} INFO - [2024-07-24T18:07:12.141+0000] {dag.py:3947} INFO - Setting next_dagrun for dataset_consumes_1_never_scheduled to None, run_after=None
[2024-07-24T18:07:12.143+0000] {logging_mixin.py:188} INFO - [2024-07-24T18:07:12.142+0000] {dag.py:3947} INFO - Setting next_dagrun for dataset_consumes_unknown_never_scheduled to None, run_after=None
[2024-07-24T18:07:12.146+0000] {logging_mixin.py:188} INFO - [2024-07-24T18:07:12.146+0000] {dag.py:3947} INFO - Setting next_dagrun for dataset_produces_1 to 2024-07-23 00:00:00+00:00, run_after=2024-07-24 00:00:00+00:00
[2024-07-24T18:07:12.147+0000] {logging_mixin.py:188} INFO - [2024-07-24T18:07:12.147+0000] {dag.py:3947} INFO - Setting next_dagrun for dataset_produces_2 to None, run_after=None
[2024-07-24T18:07:12.196+0000] {processor.py:183} INFO - Processing /home/airflow/.local/lib/python3.12/site-packages/airflow/example_dags/example_datasets.py took 0.181 seconds
[2024-07-24T18:07:42.341+0000] {processor.py:161} INFO - Started process (PID=266) to work on /home/airflow/.local/lib/python3.12/site-packages/airflow/example_dags/example_datasets.py
[2024-07-24T18:07:42.343+0000] {processor.py:830} INFO - Processing file /home/airflow/.local/lib/python3.12/site-packages/airflow/example_dags/example_datasets.py for tasks to queue
[2024-07-24T18:07:42.345+0000] {logging_mixin.py:188} INFO - [2024-07-24T18:07:42.345+0000] {dagbag.py:545} INFO - Filling up the DagBag from /home/airflow/.local/lib/python3.12/site-packages/airflow/example_dags/example_datasets.py
[2024-07-24T18:07:42.369+0000] {processor.py:840} INFO - DAG(s) 'consume_1_or_2_with_dataset_expressions', 'dataset_consumes_unknown_never_scheduled', 'dataset_consumes_1_never_scheduled', 'dataset_produces_1', 'consume_1_and_2_with_dataset_expressions', 'conditional_dataset_and_time_based_timetable', 'dataset_consumes_1', 'consume_1_or_both_2_and_3_with_dataset_expressions', 'dataset_consumes_1_and_2', 'dataset_produces_2' retrieved from /home/airflow/.local/lib/python3.12/site-packages/airflow/example_dags/example_datasets.py
[2024-07-24T18:07:42.424+0000] {logging_mixin.py:188} INFO - [2024-07-24T18:07:42.424+0000] {dag.py:3089} INFO - Sync 10 DAGs
[2024-07-24T18:07:42.454+0000] {logging_mixin.py:188} INFO - [2024-07-24T18:07:42.454+0000] {dag.py:3947} INFO - Setting next_dagrun for conditional_dataset_and_time_based_timetable to 2024-07-24 01:00:00+00:00, run_after=2024-07-24 01:00:00+00:00
[2024-07-24T18:07:42.459+0000] {logging_mixin.py:188} INFO - [2024-07-24T18:07:42.459+0000] {dag.py:3947} INFO - Setting next_dagrun for consume_1_and_2_with_dataset_expressions to None, run_after=None
[2024-07-24T18:07:42.460+0000] {logging_mixin.py:188} INFO - [2024-07-24T18:07:42.460+0000] {dag.py:3947} INFO - Setting next_dagrun for consume_1_or_2_with_dataset_expressions to None, run_after=None
[2024-07-24T18:07:42.462+0000] {logging_mixin.py:188} INFO - [2024-07-24T18:07:42.461+0000] {dag.py:3947} INFO - Setting next_dagrun for consume_1_or_both_2_and_3_with_dataset_expressions to None, run_after=None
[2024-07-24T18:07:42.463+0000] {logging_mixin.py:188} INFO - [2024-07-24T18:07:42.463+0000] {dag.py:3947} INFO - Setting next_dagrun for dataset_consumes_1 to None, run_after=None
[2024-07-24T18:07:42.467+0000] {logging_mixin.py:188} INFO - [2024-07-24T18:07:42.467+0000] {dag.py:3947} INFO - Setting next_dagrun for dataset_consumes_1_and_2 to None, run_after=None
[2024-07-24T18:07:42.468+0000] {logging_mixin.py:188} INFO - [2024-07-24T18:07:42.468+0000] {dag.py:3947} INFO - Setting next_dagrun for dataset_consumes_1_never_scheduled to None, run_after=None
[2024-07-24T18:07:42.470+0000] {logging_mixin.py:188} INFO - [2024-07-24T18:07:42.470+0000] {dag.py:3947} INFO - Setting next_dagrun for dataset_consumes_unknown_never_scheduled to None, run_after=None
[2024-07-24T18:07:42.472+0000] {logging_mixin.py:188} INFO - [2024-07-24T18:07:42.472+0000] {dag.py:3947} INFO - Setting next_dagrun for dataset_produces_1 to 2024-07-23 00:00:00+00:00, run_after=2024-07-24 00:00:00+00:00
[2024-07-24T18:07:42.475+0000] {logging_mixin.py:188} INFO - [2024-07-24T18:07:42.475+0000] {dag.py:3947} INFO - Setting next_dagrun for dataset_produces_2 to None, run_after=None
[2024-07-24T18:07:42.524+0000] {processor.py:183} INFO - Processing /home/airflow/.local/lib/python3.12/site-packages/airflow/example_dags/example_datasets.py took 0.191 seconds
[2024-07-24T18:08:12.756+0000] {processor.py:161} INFO - Started process (PID=323) to work on /home/airflow/.local/lib/python3.12/site-packages/airflow/example_dags/example_datasets.py
[2024-07-24T18:08:12.757+0000] {processor.py:830} INFO - Processing file /home/airflow/.local/lib/python3.12/site-packages/airflow/example_dags/example_datasets.py for tasks to queue
[2024-07-24T18:08:12.759+0000] {logging_mixin.py:188} INFO - [2024-07-24T18:08:12.758+0000] {dagbag.py:545} INFO - Filling up the DagBag from /home/airflow/.local/lib/python3.12/site-packages/airflow/example_dags/example_datasets.py
[2024-07-24T18:08:12.775+0000] {processor.py:840} INFO - DAG(s) 'dataset_consumes_1_never_scheduled', 'dataset_consumes_1', 'consume_1_or_2_with_dataset_expressions', 'dataset_produces_1', 'conditional_dataset_and_time_based_timetable', 'dataset_consumes_1_and_2', 'consume_1_or_both_2_and_3_with_dataset_expressions', 'consume_1_and_2_with_dataset_expressions', 'dataset_produces_2', 'dataset_consumes_unknown_never_scheduled' retrieved from /home/airflow/.local/lib/python3.12/site-packages/airflow/example_dags/example_datasets.py
[2024-07-24T18:08:12.826+0000] {logging_mixin.py:188} INFO - [2024-07-24T18:08:12.826+0000] {dag.py:3089} INFO - Sync 10 DAGs
[2024-07-24T18:08:12.852+0000] {logging_mixin.py:188} INFO - [2024-07-24T18:08:12.851+0000] {dag.py:3947} INFO - Setting next_dagrun for conditional_dataset_and_time_based_timetable to 2024-07-24 01:00:00+00:00, run_after=2024-07-24 01:00:00+00:00
[2024-07-24T18:08:12.855+0000] {logging_mixin.py:188} INFO - [2024-07-24T18:08:12.855+0000] {dag.py:3947} INFO - Setting next_dagrun for consume_1_and_2_with_dataset_expressions to None, run_after=None
[2024-07-24T18:08:12.856+0000] {logging_mixin.py:188} INFO - [2024-07-24T18:08:12.856+0000] {dag.py:3947} INFO - Setting next_dagrun for consume_1_or_2_with_dataset_expressions to None, run_after=None
[2024-07-24T18:08:12.857+0000] {logging_mixin.py:188} INFO - [2024-07-24T18:08:12.857+0000] {dag.py:3947} INFO - Setting next_dagrun for consume_1_or_both_2_and_3_with_dataset_expressions to None, run_after=None
[2024-07-24T18:08:12.858+0000] {logging_mixin.py:188} INFO - [2024-07-24T18:08:12.858+0000] {dag.py:3947} INFO - Setting next_dagrun for dataset_consumes_1 to None, run_after=None
[2024-07-24T18:08:12.862+0000] {logging_mixin.py:188} INFO - [2024-07-24T18:08:12.862+0000] {dag.py:3947} INFO - Setting next_dagrun for dataset_consumes_1_and_2 to None, run_after=None
[2024-07-24T18:08:12.863+0000] {logging_mixin.py:188} INFO - [2024-07-24T18:08:12.863+0000] {dag.py:3947} INFO - Setting next_dagrun for dataset_consumes_1_never_scheduled to None, run_after=None
[2024-07-24T18:08:12.866+0000] {logging_mixin.py:188} INFO - [2024-07-24T18:08:12.866+0000] {dag.py:3947} INFO - Setting next_dagrun for dataset_consumes_unknown_never_scheduled to None, run_after=None
[2024-07-24T18:08:12.869+0000] {logging_mixin.py:188} INFO - [2024-07-24T18:08:12.869+0000] {dag.py:3947} INFO - Setting next_dagrun for dataset_produces_1 to 2024-07-23 00:00:00+00:00, run_after=2024-07-24 00:00:00+00:00
[2024-07-24T18:08:12.870+0000] {logging_mixin.py:188} INFO - [2024-07-24T18:08:12.870+0000] {dag.py:3947} INFO - Setting next_dagrun for dataset_produces_2 to None, run_after=None
[2024-07-24T18:08:12.916+0000] {processor.py:183} INFO - Processing /home/airflow/.local/lib/python3.12/site-packages/airflow/example_dags/example_datasets.py took 0.166 seconds
[2024-07-24T18:08:43.060+0000] {processor.py:161} INFO - Started process (PID=381) to work on /home/airflow/.local/lib/python3.12/site-packages/airflow/example_dags/example_datasets.py
[2024-07-24T18:08:43.064+0000] {processor.py:830} INFO - Processing file /home/airflow/.local/lib/python3.12/site-packages/airflow/example_dags/example_datasets.py for tasks to queue
[2024-07-24T18:08:43.066+0000] {logging_mixin.py:188} INFO - [2024-07-24T18:08:43.065+0000] {dagbag.py:545} INFO - Filling up the DagBag from /home/airflow/.local/lib/python3.12/site-packages/airflow/example_dags/example_datasets.py
[2024-07-24T18:08:43.080+0000] {processor.py:840} INFO - DAG(s) 'dataset_consumes_1_and_2', 'dataset_produces_1', 'conditional_dataset_and_time_based_timetable', 'dataset_consumes_1_never_scheduled', 'dataset_consumes_unknown_never_scheduled', 'consume_1_and_2_with_dataset_expressions', 'dataset_consumes_1', 'consume_1_or_both_2_and_3_with_dataset_expressions', 'consume_1_or_2_with_dataset_expressions', 'dataset_produces_2' retrieved from /home/airflow/.local/lib/python3.12/site-packages/airflow/example_dags/example_datasets.py
[2024-07-24T18:08:43.131+0000] {logging_mixin.py:188} INFO - [2024-07-24T18:08:43.131+0000] {dag.py:3089} INFO - Sync 10 DAGs
[2024-07-24T18:08:43.159+0000] {logging_mixin.py:188} INFO - [2024-07-24T18:08:43.159+0000] {dag.py:3947} INFO - Setting next_dagrun for conditional_dataset_and_time_based_timetable to 2024-07-24 01:00:00+00:00, run_after=2024-07-24 01:00:00+00:00
[2024-07-24T18:08:43.166+0000] {logging_mixin.py:188} INFO - [2024-07-24T18:08:43.165+0000] {dag.py:3947} INFO - Setting next_dagrun for consume_1_and_2_with_dataset_expressions to None, run_after=None
[2024-07-24T18:08:43.167+0000] {logging_mixin.py:188} INFO - [2024-07-24T18:08:43.167+0000] {dag.py:3947} INFO - Setting next_dagrun for consume_1_or_2_with_dataset_expressions to None, run_after=None
[2024-07-24T18:08:43.169+0000] {logging_mixin.py:188} INFO - [2024-07-24T18:08:43.169+0000] {dag.py:3947} INFO - Setting next_dagrun for consume_1_or_both_2_and_3_with_dataset_expressions to None, run_after=None
[2024-07-24T18:08:43.171+0000] {logging_mixin.py:188} INFO - [2024-07-24T18:08:43.171+0000] {dag.py:3947} INFO - Setting next_dagrun for dataset_consumes_1 to None, run_after=None
[2024-07-24T18:08:43.173+0000] {logging_mixin.py:188} INFO - [2024-07-24T18:08:43.172+0000] {dag.py:3947} INFO - Setting next_dagrun for dataset_consumes_1_and_2 to None, run_after=None
[2024-07-24T18:08:43.174+0000] {logging_mixin.py:188} INFO - [2024-07-24T18:08:43.174+0000] {dag.py:3947} INFO - Setting next_dagrun for dataset_consumes_1_never_scheduled to None, run_after=None
[2024-07-24T18:08:43.176+0000] {logging_mixin.py:188} INFO - [2024-07-24T18:08:43.176+0000] {dag.py:3947} INFO - Setting next_dagrun for dataset_consumes_unknown_never_scheduled to None, run_after=None
[2024-07-24T18:08:43.178+0000] {logging_mixin.py:188} INFO - [2024-07-24T18:08:43.178+0000] {dag.py:3947} INFO - Setting next_dagrun for dataset_produces_1 to 2024-07-23 00:00:00+00:00, run_after=2024-07-24 00:00:00+00:00
[2024-07-24T18:08:43.182+0000] {logging_mixin.py:188} INFO - [2024-07-24T18:08:43.181+0000] {dag.py:3947} INFO - Setting next_dagrun for dataset_produces_2 to None, run_after=None
[2024-07-24T18:08:43.237+0000] {processor.py:183} INFO - Processing /home/airflow/.local/lib/python3.12/site-packages/airflow/example_dags/example_datasets.py took 0.182 seconds
[2024-07-24T18:09:13.331+0000] {processor.py:161} INFO - Started process (PID=440) to work on /home/airflow/.local/lib/python3.12/site-packages/airflow/example_dags/example_datasets.py
[2024-07-24T18:09:13.333+0000] {processor.py:830} INFO - Processing file /home/airflow/.local/lib/python3.12/site-packages/airflow/example_dags/example_datasets.py for tasks to queue
[2024-07-24T18:09:13.334+0000] {logging_mixin.py:188} INFO - [2024-07-24T18:09:13.334+0000] {dagbag.py:545} INFO - Filling up the DagBag from /home/airflow/.local/lib/python3.12/site-packages/airflow/example_dags/example_datasets.py
[2024-07-24T18:09:13.350+0000] {processor.py:840} INFO - DAG(s) 'consume_1_or_both_2_and_3_with_dataset_expressions', 'conditional_dataset_and_time_based_timetable', 'dataset_produces_1', 'dataset_consumes_1_and_2', 'dataset_consumes_unknown_never_scheduled', 'dataset_consumes_1_never_scheduled', 'consume_1_and_2_with_dataset_expressions', 'consume_1_or_2_with_dataset_expressions', 'dataset_consumes_1', 'dataset_produces_2' retrieved from /home/airflow/.local/lib/python3.12/site-packages/airflow/example_dags/example_datasets.py
[2024-07-24T18:09:13.414+0000] {logging_mixin.py:188} INFO - [2024-07-24T18:09:13.413+0000] {dag.py:3089} INFO - Sync 10 DAGs
[2024-07-24T18:09:13.442+0000] {logging_mixin.py:188} INFO - [2024-07-24T18:09:13.442+0000] {dag.py:3947} INFO - Setting next_dagrun for conditional_dataset_and_time_based_timetable to 2024-07-24 01:00:00+00:00, run_after=2024-07-24 01:00:00+00:00
[2024-07-24T18:09:13.447+0000] {logging_mixin.py:188} INFO - [2024-07-24T18:09:13.446+0000] {dag.py:3947} INFO - Setting next_dagrun for consume_1_and_2_with_dataset_expressions to None, run_after=None
[2024-07-24T18:09:13.448+0000] {logging_mixin.py:188} INFO - [2024-07-24T18:09:13.448+0000] {dag.py:3947} INFO - Setting next_dagrun for consume_1_or_2_with_dataset_expressions to None, run_after=None
[2024-07-24T18:09:13.449+0000] {logging_mixin.py:188} INFO - [2024-07-24T18:09:13.449+0000] {dag.py:3947} INFO - Setting next_dagrun for consume_1_or_both_2_and_3_with_dataset_expressions to None, run_after=None
[2024-07-24T18:09:13.450+0000] {logging_mixin.py:188} INFO - [2024-07-24T18:09:13.450+0000] {dag.py:3947} INFO - Setting next_dagrun for dataset_consumes_1 to None, run_after=None
[2024-07-24T18:09:13.451+0000] {logging_mixin.py:188} INFO - [2024-07-24T18:09:13.451+0000] {dag.py:3947} INFO - Setting next_dagrun for dataset_consumes_1_and_2 to None, run_after=None
[2024-07-24T18:09:13.452+0000] {logging_mixin.py:188} INFO - [2024-07-24T18:09:13.452+0000] {dag.py:3947} INFO - Setting next_dagrun for dataset_consumes_1_never_scheduled to None, run_after=None
[2024-07-24T18:09:13.454+0000] {logging_mixin.py:188} INFO - [2024-07-24T18:09:13.454+0000] {dag.py:3947} INFO - Setting next_dagrun for dataset_consumes_unknown_never_scheduled to None, run_after=None
[2024-07-24T18:09:13.457+0000] {logging_mixin.py:188} INFO - [2024-07-24T18:09:13.457+0000] {dag.py:3947} INFO - Setting next_dagrun for dataset_produces_1 to 2024-07-23 00:00:00+00:00, run_after=2024-07-24 00:00:00+00:00
[2024-07-24T18:09:13.458+0000] {logging_mixin.py:188} INFO - [2024-07-24T18:09:13.458+0000] {dag.py:3947} INFO - Setting next_dagrun for dataset_produces_2 to None, run_after=None
[2024-07-24T18:09:13.512+0000] {processor.py:183} INFO - Processing /home/airflow/.local/lib/python3.12/site-packages/airflow/example_dags/example_datasets.py took 0.187 seconds
[2024-07-24T18:09:43.839+0000] {processor.py:161} INFO - Started process (PID=497) to work on /home/airflow/.local/lib/python3.12/site-packages/airflow/example_dags/example_datasets.py
[2024-07-24T18:09:43.840+0000] {processor.py:830} INFO - Processing file /home/airflow/.local/lib/python3.12/site-packages/airflow/example_dags/example_datasets.py for tasks to queue
[2024-07-24T18:09:43.841+0000] {logging_mixin.py:188} INFO - [2024-07-24T18:09:43.841+0000] {dagbag.py:545} INFO - Filling up the DagBag from /home/airflow/.local/lib/python3.12/site-packages/airflow/example_dags/example_datasets.py
[2024-07-24T18:09:43.855+0000] {processor.py:840} INFO - DAG(s) 'dataset_consumes_1_never_scheduled', 'dataset_consumes_unknown_never_scheduled', 'dataset_consumes_1_and_2', 'dataset_produces_2', 'consume_1_or_2_with_dataset_expressions', 'conditional_dataset_and_time_based_timetable', 'consume_1_and_2_with_dataset_expressions', 'consume_1_or_both_2_and_3_with_dataset_expressions', 'dataset_produces_1', 'dataset_consumes_1' retrieved from /home/airflow/.local/lib/python3.12/site-packages/airflow/example_dags/example_datasets.py
[2024-07-24T18:09:43.922+0000] {logging_mixin.py:188} INFO - [2024-07-24T18:09:43.922+0000] {dag.py:3089} INFO - Sync 10 DAGs
[2024-07-24T18:09:43.949+0000] {logging_mixin.py:188} INFO - [2024-07-24T18:09:43.949+0000] {dag.py:3947} INFO - Setting next_dagrun for conditional_dataset_and_time_based_timetable to 2024-07-24 01:00:00+00:00, run_after=2024-07-24 01:00:00+00:00
[2024-07-24T18:09:43.952+0000] {logging_mixin.py:188} INFO - [2024-07-24T18:09:43.952+0000] {dag.py:3947} INFO - Setting next_dagrun for consume_1_and_2_with_dataset_expressions to None, run_after=None
[2024-07-24T18:09:43.954+0000] {logging_mixin.py:188} INFO - [2024-07-24T18:09:43.954+0000] {dag.py:3947} INFO - Setting next_dagrun for consume_1_or_2_with_dataset_expressions to None, run_after=None
[2024-07-24T18:09:43.955+0000] {logging_mixin.py:188} INFO - [2024-07-24T18:09:43.955+0000] {dag.py:3947} INFO - Setting next_dagrun for consume_1_or_both_2_and_3_with_dataset_expressions to None, run_after=None
[2024-07-24T18:09:43.958+0000] {logging_mixin.py:188} INFO - [2024-07-24T18:09:43.958+0000] {dag.py:3947} INFO - Setting next_dagrun for dataset_consumes_1 to None, run_after=None
[2024-07-24T18:09:43.959+0000] {logging_mixin.py:188} INFO - [2024-07-24T18:09:43.959+0000] {dag.py:3947} INFO - Setting next_dagrun for dataset_consumes_1_and_2 to None, run_after=None
[2024-07-24T18:09:43.960+0000] {logging_mixin.py:188} INFO - [2024-07-24T18:09:43.960+0000] {dag.py:3947} INFO - Setting next_dagrun for dataset_consumes_1_never_scheduled to None, run_after=None
[2024-07-24T18:09:43.961+0000] {logging_mixin.py:188} INFO - [2024-07-24T18:09:43.961+0000] {dag.py:3947} INFO - Setting next_dagrun for dataset_consumes_unknown_never_scheduled to None, run_after=None
[2024-07-24T18:09:43.964+0000] {logging_mixin.py:188} INFO - [2024-07-24T18:09:43.963+0000] {dag.py:3947} INFO - Setting next_dagrun for dataset_produces_1 to 2024-07-23 00:00:00+00:00, run_after=2024-07-24 00:00:00+00:00
[2024-07-24T18:09:43.968+0000] {logging_mixin.py:188} INFO - [2024-07-24T18:09:43.967+0000] {dag.py:3947} INFO - Setting next_dagrun for dataset_produces_2 to None, run_after=None
[2024-07-24T18:09:44.012+0000] {processor.py:183} INFO - Processing /home/airflow/.local/lib/python3.12/site-packages/airflow/example_dags/example_datasets.py took 0.179 seconds
[2024-07-24T18:10:14.713+0000] {processor.py:161} INFO - Started process (PID=555) to work on /home/airflow/.local/lib/python3.12/site-packages/airflow/example_dags/example_datasets.py
[2024-07-24T18:10:14.717+0000] {processor.py:830} INFO - Processing file /home/airflow/.local/lib/python3.12/site-packages/airflow/example_dags/example_datasets.py for tasks to queue
[2024-07-24T18:10:14.730+0000] {logging_mixin.py:188} INFO - [2024-07-24T18:10:14.730+0000] {dagbag.py:545} INFO - Filling up the DagBag from /home/airflow/.local/lib/python3.12/site-packages/airflow/example_dags/example_datasets.py
[2024-07-24T18:10:14.795+0000] {processor.py:840} INFO - DAG(s) 'conditional_dataset_and_time_based_timetable', 'dataset_produces_1', 'dataset_consumes_1_never_scheduled', 'consume_1_and_2_with_dataset_expressions', 'consume_1_or_both_2_and_3_with_dataset_expressions', 'dataset_consumes_unknown_never_scheduled', 'consume_1_or_2_with_dataset_expressions', 'dataset_consumes_1_and_2', 'dataset_produces_2', 'dataset_consumes_1' retrieved from /home/airflow/.local/lib/python3.12/site-packages/airflow/example_dags/example_datasets.py
[2024-07-24T18:10:14.933+0000] {logging_mixin.py:188} INFO - [2024-07-24T18:10:14.933+0000] {dag.py:3089} INFO - Sync 10 DAGs
[2024-07-24T18:10:15.009+0000] {logging_mixin.py:188} INFO - [2024-07-24T18:10:15.009+0000] {dag.py:3947} INFO - Setting next_dagrun for conditional_dataset_and_time_based_timetable to 2024-07-24 01:00:00+00:00, run_after=2024-07-24 01:00:00+00:00
[2024-07-24T18:10:15.029+0000] {logging_mixin.py:188} INFO - [2024-07-24T18:10:15.029+0000] {dag.py:3947} INFO - Setting next_dagrun for consume_1_and_2_with_dataset_expressions to None, run_after=None
[2024-07-24T18:10:15.036+0000] {logging_mixin.py:188} INFO - [2024-07-24T18:10:15.036+0000] {dag.py:3947} INFO - Setting next_dagrun for consume_1_or_2_with_dataset_expressions to None, run_after=None
[2024-07-24T18:10:15.058+0000] {logging_mixin.py:188} INFO - [2024-07-24T18:10:15.041+0000] {dag.py:3947} INFO - Setting next_dagrun for consume_1_or_both_2_and_3_with_dataset_expressions to None, run_after=None
[2024-07-24T18:10:15.066+0000] {logging_mixin.py:188} INFO - [2024-07-24T18:10:15.066+0000] {dag.py:3947} INFO - Setting next_dagrun for dataset_consumes_1 to None, run_after=None
[2024-07-24T18:10:15.079+0000] {logging_mixin.py:188} INFO - [2024-07-24T18:10:15.068+0000] {dag.py:3947} INFO - Setting next_dagrun for dataset_consumes_1_and_2 to None, run_after=None
[2024-07-24T18:10:15.083+0000] {logging_mixin.py:188} INFO - [2024-07-24T18:10:15.082+0000] {dag.py:3947} INFO - Setting next_dagrun for dataset_consumes_1_never_scheduled to None, run_after=None
[2024-07-24T18:10:15.084+0000] {logging_mixin.py:188} INFO - [2024-07-24T18:10:15.084+0000] {dag.py:3947} INFO - Setting next_dagrun for dataset_consumes_unknown_never_scheduled to None, run_after=None
[2024-07-24T18:10:15.103+0000] {logging_mixin.py:188} INFO - [2024-07-24T18:10:15.102+0000] {dag.py:3947} INFO - Setting next_dagrun for dataset_produces_1 to 2024-07-23 00:00:00+00:00, run_after=2024-07-24 00:00:00+00:00
[2024-07-24T18:10:15.118+0000] {logging_mixin.py:188} INFO - [2024-07-24T18:10:15.117+0000] {dag.py:3947} INFO - Setting next_dagrun for dataset_produces_2 to None, run_after=None
[2024-07-24T18:10:15.372+0000] {processor.py:183} INFO - Processing /home/airflow/.local/lib/python3.12/site-packages/airflow/example_dags/example_datasets.py took 0.679 seconds
[2024-07-24T18:10:46.149+0000] {processor.py:161} INFO - Started process (PID=614) to work on /home/airflow/.local/lib/python3.12/site-packages/airflow/example_dags/example_datasets.py
[2024-07-24T18:10:46.150+0000] {processor.py:830} INFO - Processing file /home/airflow/.local/lib/python3.12/site-packages/airflow/example_dags/example_datasets.py for tasks to queue
[2024-07-24T18:10:46.158+0000] {logging_mixin.py:188} INFO - [2024-07-24T18:10:46.157+0000] {dagbag.py:545} INFO - Filling up the DagBag from /home/airflow/.local/lib/python3.12/site-packages/airflow/example_dags/example_datasets.py
[2024-07-24T18:10:46.182+0000] {processor.py:840} INFO - DAG(s) 'dataset_consumes_1_never_scheduled', 'consume_1_and_2_with_dataset_expressions', 'dataset_produces_1', 'conditional_dataset_and_time_based_timetable', 'dataset_produces_2', 'dataset_consumes_unknown_never_scheduled', 'consume_1_or_both_2_and_3_with_dataset_expressions', 'dataset_consumes_1', 'consume_1_or_2_with_dataset_expressions', 'dataset_consumes_1_and_2' retrieved from /home/airflow/.local/lib/python3.12/site-packages/airflow/example_dags/example_datasets.py
[2024-07-24T18:10:46.297+0000] {logging_mixin.py:188} INFO - [2024-07-24T18:10:46.297+0000] {dag.py:3089} INFO - Sync 10 DAGs
[2024-07-24T18:10:46.369+0000] {logging_mixin.py:188} INFO - [2024-07-24T18:10:46.369+0000] {dag.py:3947} INFO - Setting next_dagrun for conditional_dataset_and_time_based_timetable to 2024-07-24 01:00:00+00:00, run_after=2024-07-24 01:00:00+00:00
[2024-07-24T18:10:46.391+0000] {logging_mixin.py:188} INFO - [2024-07-24T18:10:46.391+0000] {dag.py:3947} INFO - Setting next_dagrun for consume_1_and_2_with_dataset_expressions to None, run_after=None
[2024-07-24T18:10:46.396+0000] {logging_mixin.py:188} INFO - [2024-07-24T18:10:46.395+0000] {dag.py:3947} INFO - Setting next_dagrun for consume_1_or_2_with_dataset_expressions to None, run_after=None
[2024-07-24T18:10:46.398+0000] {logging_mixin.py:188} INFO - [2024-07-24T18:10:46.397+0000] {dag.py:3947} INFO - Setting next_dagrun for consume_1_or_both_2_and_3_with_dataset_expressions to None, run_after=None
[2024-07-24T18:10:46.406+0000] {logging_mixin.py:188} INFO - [2024-07-24T18:10:46.405+0000] {dag.py:3947} INFO - Setting next_dagrun for dataset_consumes_1 to None, run_after=None
[2024-07-24T18:10:46.415+0000] {logging_mixin.py:188} INFO - [2024-07-24T18:10:46.415+0000] {dag.py:3947} INFO - Setting next_dagrun for dataset_consumes_1_and_2 to None, run_after=None
[2024-07-24T18:10:46.418+0000] {logging_mixin.py:188} INFO - [2024-07-24T18:10:46.418+0000] {dag.py:3947} INFO - Setting next_dagrun for dataset_consumes_1_never_scheduled to None, run_after=None
[2024-07-24T18:10:46.421+0000] {logging_mixin.py:188} INFO - [2024-07-24T18:10:46.421+0000] {dag.py:3947} INFO - Setting next_dagrun for dataset_consumes_unknown_never_scheduled to None, run_after=None
[2024-07-24T18:10:46.427+0000] {logging_mixin.py:188} INFO - [2024-07-24T18:10:46.423+0000] {dag.py:3947} INFO - Setting next_dagrun for dataset_produces_1 to 2024-07-23 00:00:00+00:00, run_after=2024-07-24 00:00:00+00:00
[2024-07-24T18:10:46.428+0000] {logging_mixin.py:188} INFO - [2024-07-24T18:10:46.428+0000] {dag.py:3947} INFO - Setting next_dagrun for dataset_produces_2 to None, run_after=None
[2024-07-24T18:10:46.516+0000] {processor.py:183} INFO - Processing /home/airflow/.local/lib/python3.12/site-packages/airflow/example_dags/example_datasets.py took 0.377 seconds
[2024-07-24T18:11:16.751+0000] {processor.py:161} INFO - Started process (PID=671) to work on /home/airflow/.local/lib/python3.12/site-packages/airflow/example_dags/example_datasets.py
[2024-07-24T18:11:16.754+0000] {processor.py:830} INFO - Processing file /home/airflow/.local/lib/python3.12/site-packages/airflow/example_dags/example_datasets.py for tasks to queue
[2024-07-24T18:11:16.755+0000] {logging_mixin.py:188} INFO - [2024-07-24T18:11:16.755+0000] {dagbag.py:545} INFO - Filling up the DagBag from /home/airflow/.local/lib/python3.12/site-packages/airflow/example_dags/example_datasets.py
[2024-07-24T18:11:16.770+0000] {processor.py:840} INFO - DAG(s) 'dataset_produces_2', 'conditional_dataset_and_time_based_timetable', 'dataset_consumes_unknown_never_scheduled', 'consume_1_or_both_2_and_3_with_dataset_expressions', 'consume_1_or_2_with_dataset_expressions', 'dataset_consumes_1_and_2', 'dataset_consumes_1', 'consume_1_and_2_with_dataset_expressions', 'dataset_consumes_1_never_scheduled', 'dataset_produces_1' retrieved from /home/airflow/.local/lib/python3.12/site-packages/airflow/example_dags/example_datasets.py
[2024-07-24T18:11:16.829+0000] {logging_mixin.py:188} INFO - [2024-07-24T18:11:16.829+0000] {dag.py:3089} INFO - Sync 10 DAGs
[2024-07-24T18:11:16.857+0000] {logging_mixin.py:188} INFO - [2024-07-24T18:11:16.857+0000] {dag.py:3947} INFO - Setting next_dagrun for conditional_dataset_and_time_based_timetable to 2024-07-24 01:00:00+00:00, run_after=2024-07-24 01:00:00+00:00
[2024-07-24T18:11:16.860+0000] {logging_mixin.py:188} INFO - [2024-07-24T18:11:16.860+0000] {dag.py:3947} INFO - Setting next_dagrun for consume_1_and_2_with_dataset_expressions to None, run_after=None
[2024-07-24T18:11:16.861+0000] {logging_mixin.py:188} INFO - [2024-07-24T18:11:16.860+0000] {dag.py:3947} INFO - Setting next_dagrun for consume_1_or_2_with_dataset_expressions to None, run_after=None
[2024-07-24T18:11:16.861+0000] {logging_mixin.py:188} INFO - [2024-07-24T18:11:16.861+0000] {dag.py:3947} INFO - Setting next_dagrun for consume_1_or_both_2_and_3_with_dataset_expressions to None, run_after=None
[2024-07-24T18:11:16.862+0000] {logging_mixin.py:188} INFO - [2024-07-24T18:11:16.862+0000] {dag.py:3947} INFO - Setting next_dagrun for dataset_consumes_1 to None, run_after=None
[2024-07-24T18:11:16.865+0000] {logging_mixin.py:188} INFO - [2024-07-24T18:11:16.864+0000] {dag.py:3947} INFO - Setting next_dagrun for dataset_consumes_1_and_2 to None, run_after=None
[2024-07-24T18:11:16.865+0000] {logging_mixin.py:188} INFO - [2024-07-24T18:11:16.865+0000] {dag.py:3947} INFO - Setting next_dagrun for dataset_consumes_1_never_scheduled to None, run_after=None
[2024-07-24T18:11:16.866+0000] {logging_mixin.py:188} INFO - [2024-07-24T18:11:16.866+0000] {dag.py:3947} INFO - Setting next_dagrun for dataset_consumes_unknown_never_scheduled to None, run_after=None
[2024-07-24T18:11:16.868+0000] {logging_mixin.py:188} INFO - [2024-07-24T18:11:16.868+0000] {dag.py:3947} INFO - Setting next_dagrun for dataset_produces_1 to 2024-07-23 00:00:00+00:00, run_after=2024-07-24 00:00:00+00:00
[2024-07-24T18:11:16.869+0000] {logging_mixin.py:188} INFO - [2024-07-24T18:11:16.869+0000] {dag.py:3947} INFO - Setting next_dagrun for dataset_produces_2 to None, run_after=None
[2024-07-24T18:11:16.945+0000] {processor.py:183} INFO - Processing /home/airflow/.local/lib/python3.12/site-packages/airflow/example_dags/example_datasets.py took 0.201 seconds
[2024-07-24T18:11:47.226+0000] {processor.py:161} INFO - Started process (PID=729) to work on /home/airflow/.local/lib/python3.12/site-packages/airflow/example_dags/example_datasets.py
[2024-07-24T18:11:47.226+0000] {processor.py:830} INFO - Processing file /home/airflow/.local/lib/python3.12/site-packages/airflow/example_dags/example_datasets.py for tasks to queue
[2024-07-24T18:11:47.228+0000] {logging_mixin.py:188} INFO - [2024-07-24T18:11:47.227+0000] {dagbag.py:545} INFO - Filling up the DagBag from /home/airflow/.local/lib/python3.12/site-packages/airflow/example_dags/example_datasets.py
[2024-07-24T18:11:47.243+0000] {processor.py:840} INFO - DAG(s) 'dataset_consumes_unknown_never_scheduled', 'consume_1_or_2_with_dataset_expressions', 'consume_1_and_2_with_dataset_expressions', 'conditional_dataset_and_time_based_timetable', 'dataset_consumes_1', 'dataset_produces_1', 'dataset_consumes_1_never_scheduled', 'consume_1_or_both_2_and_3_with_dataset_expressions', 'dataset_consumes_1_and_2', 'dataset_produces_2' retrieved from /home/airflow/.local/lib/python3.12/site-packages/airflow/example_dags/example_datasets.py
[2024-07-24T18:11:47.291+0000] {logging_mixin.py:188} INFO - [2024-07-24T18:11:47.291+0000] {dag.py:3089} INFO - Sync 10 DAGs
[2024-07-24T18:11:47.316+0000] {logging_mixin.py:188} INFO - [2024-07-24T18:11:47.316+0000] {dag.py:3947} INFO - Setting next_dagrun for conditional_dataset_and_time_based_timetable to 2024-07-24 01:00:00+00:00, run_after=2024-07-24 01:00:00+00:00
[2024-07-24T18:11:47.319+0000] {logging_mixin.py:188} INFO - [2024-07-24T18:11:47.319+0000] {dag.py:3947} INFO - Setting next_dagrun for consume_1_and_2_with_dataset_expressions to None, run_after=None
[2024-07-24T18:11:47.322+0000] {logging_mixin.py:188} INFO - [2024-07-24T18:11:47.322+0000] {dag.py:3947} INFO - Setting next_dagrun for consume_1_or_2_with_dataset_expressions to None, run_after=None
[2024-07-24T18:11:47.324+0000] {logging_mixin.py:188} INFO - [2024-07-24T18:11:47.324+0000] {dag.py:3947} INFO - Setting next_dagrun for consume_1_or_both_2_and_3_with_dataset_expressions to None, run_after=None
[2024-07-24T18:11:47.325+0000] {logging_mixin.py:188} INFO - [2024-07-24T18:11:47.325+0000] {dag.py:3947} INFO - Setting next_dagrun for dataset_consumes_1 to None, run_after=None
[2024-07-24T18:11:47.327+0000] {logging_mixin.py:188} INFO - [2024-07-24T18:11:47.326+0000] {dag.py:3947} INFO - Setting next_dagrun for dataset_consumes_1_and_2 to None, run_after=None
[2024-07-24T18:11:47.328+0000] {logging_mixin.py:188} INFO - [2024-07-24T18:11:47.328+0000] {dag.py:3947} INFO - Setting next_dagrun for dataset_consumes_1_never_scheduled to None, run_after=None
[2024-07-24T18:11:47.330+0000] {logging_mixin.py:188} INFO - [2024-07-24T18:11:47.330+0000] {dag.py:3947} INFO - Setting next_dagrun for dataset_consumes_unknown_never_scheduled to None, run_after=None
[2024-07-24T18:11:47.333+0000] {logging_mixin.py:188} INFO - [2024-07-24T18:11:47.333+0000] {dag.py:3947} INFO - Setting next_dagrun for dataset_produces_1 to 2024-07-23 00:00:00+00:00, run_after=2024-07-24 00:00:00+00:00
[2024-07-24T18:11:47.334+0000] {logging_mixin.py:188} INFO - [2024-07-24T18:11:47.334+0000] {dag.py:3947} INFO - Setting next_dagrun for dataset_produces_2 to None, run_after=None
[2024-07-24T18:11:47.372+0000] {processor.py:183} INFO - Processing /home/airflow/.local/lib/python3.12/site-packages/airflow/example_dags/example_datasets.py took 0.151 seconds
[2024-07-24T18:12:17.773+0000] {processor.py:161} INFO - Started process (PID=787) to work on /home/airflow/.local/lib/python3.12/site-packages/airflow/example_dags/example_datasets.py
[2024-07-24T18:12:17.774+0000] {processor.py:830} INFO - Processing file /home/airflow/.local/lib/python3.12/site-packages/airflow/example_dags/example_datasets.py for tasks to queue
[2024-07-24T18:12:17.777+0000] {logging_mixin.py:188} INFO - [2024-07-24T18:12:17.777+0000] {dagbag.py:545} INFO - Filling up the DagBag from /home/airflow/.local/lib/python3.12/site-packages/airflow/example_dags/example_datasets.py
[2024-07-24T18:12:17.790+0000] {processor.py:840} INFO - DAG(s) 'dataset_produces_2', 'consume_1_or_2_with_dataset_expressions', 'dataset_consumes_1', 'dataset_produces_1', 'dataset_consumes_1_and_2', 'consume_1_or_both_2_and_3_with_dataset_expressions', 'dataset_consumes_unknown_never_scheduled', 'conditional_dataset_and_time_based_timetable', 'dataset_consumes_1_never_scheduled', 'consume_1_and_2_with_dataset_expressions' retrieved from /home/airflow/.local/lib/python3.12/site-packages/airflow/example_dags/example_datasets.py
[2024-07-24T18:12:17.844+0000] {logging_mixin.py:188} INFO - [2024-07-24T18:12:17.844+0000] {dag.py:3089} INFO - Sync 10 DAGs
[2024-07-24T18:12:17.876+0000] {logging_mixin.py:188} INFO - [2024-07-24T18:12:17.876+0000] {dag.py:3947} INFO - Setting next_dagrun for conditional_dataset_and_time_based_timetable to 2024-07-24 01:00:00+00:00, run_after=2024-07-24 01:00:00+00:00
[2024-07-24T18:12:17.880+0000] {logging_mixin.py:188} INFO - [2024-07-24T18:12:17.880+0000] {dag.py:3947} INFO - Setting next_dagrun for consume_1_and_2_with_dataset_expressions to None, run_after=None
[2024-07-24T18:12:17.881+0000] {logging_mixin.py:188} INFO - [2024-07-24T18:12:17.881+0000] {dag.py:3947} INFO - Setting next_dagrun for consume_1_or_2_with_dataset_expressions to None, run_after=None
[2024-07-24T18:12:17.882+0000] {logging_mixin.py:188} INFO - [2024-07-24T18:12:17.882+0000] {dag.py:3947} INFO - Setting next_dagrun for consume_1_or_both_2_and_3_with_dataset_expressions to None, run_after=None
[2024-07-24T18:12:17.885+0000] {logging_mixin.py:188} INFO - [2024-07-24T18:12:17.885+0000] {dag.py:3947} INFO - Setting next_dagrun for dataset_consumes_1 to None, run_after=None
[2024-07-24T18:12:17.887+0000] {logging_mixin.py:188} INFO - [2024-07-24T18:12:17.886+0000] {dag.py:3947} INFO - Setting next_dagrun for dataset_consumes_1_and_2 to None, run_after=None
[2024-07-24T18:12:17.887+0000] {logging_mixin.py:188} INFO - [2024-07-24T18:12:17.887+0000] {dag.py:3947} INFO - Setting next_dagrun for dataset_consumes_1_never_scheduled to None, run_after=None
[2024-07-24T18:12:17.888+0000] {logging_mixin.py:188} INFO - [2024-07-24T18:12:17.888+0000] {dag.py:3947} INFO - Setting next_dagrun for dataset_consumes_unknown_never_scheduled to None, run_after=None
[2024-07-24T18:12:17.891+0000] {logging_mixin.py:188} INFO - [2024-07-24T18:12:17.891+0000] {dag.py:3947} INFO - Setting next_dagrun for dataset_produces_1 to 2024-07-23 00:00:00+00:00, run_after=2024-07-24 00:00:00+00:00
[2024-07-24T18:12:17.893+0000] {logging_mixin.py:188} INFO - [2024-07-24T18:12:17.893+0000] {dag.py:3947} INFO - Setting next_dagrun for dataset_produces_2 to None, run_after=None
[2024-07-24T18:12:17.971+0000] {processor.py:183} INFO - Processing /home/airflow/.local/lib/python3.12/site-packages/airflow/example_dags/example_datasets.py took 0.203 seconds
[2024-07-24T18:12:48.694+0000] {processor.py:161} INFO - Started process (PID=851) to work on /home/airflow/.local/lib/python3.12/site-packages/airflow/example_dags/example_datasets.py
[2024-07-24T18:12:48.695+0000] {processor.py:830} INFO - Processing file /home/airflow/.local/lib/python3.12/site-packages/airflow/example_dags/example_datasets.py for tasks to queue
[2024-07-24T18:12:48.696+0000] {logging_mixin.py:188} INFO - [2024-07-24T18:12:48.696+0000] {dagbag.py:545} INFO - Filling up the DagBag from /home/airflow/.local/lib/python3.12/site-packages/airflow/example_dags/example_datasets.py
[2024-07-24T18:12:48.713+0000] {processor.py:840} INFO - DAG(s) 'consume_1_and_2_with_dataset_expressions', 'dataset_consumes_1_never_scheduled', 'dataset_produces_1', 'dataset_consumes_1', 'consume_1_or_2_with_dataset_expressions', 'conditional_dataset_and_time_based_timetable', 'dataset_produces_2', 'consume_1_or_both_2_and_3_with_dataset_expressions', 'dataset_consumes_unknown_never_scheduled', 'dataset_consumes_1_and_2' retrieved from /home/airflow/.local/lib/python3.12/site-packages/airflow/example_dags/example_datasets.py
[2024-07-24T18:12:48.761+0000] {logging_mixin.py:188} INFO - [2024-07-24T18:12:48.761+0000] {dag.py:3089} INFO - Sync 10 DAGs
[2024-07-24T18:12:48.787+0000] {logging_mixin.py:188} INFO - [2024-07-24T18:12:48.787+0000] {dag.py:3947} INFO - Setting next_dagrun for conditional_dataset_and_time_based_timetable to 2024-07-24 01:00:00+00:00, run_after=2024-07-24 01:00:00+00:00
[2024-07-24T18:12:48.792+0000] {logging_mixin.py:188} INFO - [2024-07-24T18:12:48.792+0000] {dag.py:3947} INFO - Setting next_dagrun for consume_1_and_2_with_dataset_expressions to None, run_after=None
[2024-07-24T18:12:48.793+0000] {logging_mixin.py:188} INFO - [2024-07-24T18:12:48.793+0000] {dag.py:3947} INFO - Setting next_dagrun for consume_1_or_2_with_dataset_expressions to None, run_after=None
[2024-07-24T18:12:48.794+0000] {logging_mixin.py:188} INFO - [2024-07-24T18:12:48.794+0000] {dag.py:3947} INFO - Setting next_dagrun for consume_1_or_both_2_and_3_with_dataset_expressions to None, run_after=None
[2024-07-24T18:12:48.795+0000] {logging_mixin.py:188} INFO - [2024-07-24T18:12:48.794+0000] {dag.py:3947} INFO - Setting next_dagrun for dataset_consumes_1 to None, run_after=None
[2024-07-24T18:12:48.795+0000] {logging_mixin.py:188} INFO - [2024-07-24T18:12:48.795+0000] {dag.py:3947} INFO - Setting next_dagrun for dataset_consumes_1_and_2 to None, run_after=None
[2024-07-24T18:12:48.796+0000] {logging_mixin.py:188} INFO - [2024-07-24T18:12:48.796+0000] {dag.py:3947} INFO - Setting next_dagrun for dataset_consumes_1_never_scheduled to None, run_after=None
[2024-07-24T18:12:48.797+0000] {logging_mixin.py:188} INFO - [2024-07-24T18:12:48.797+0000] {dag.py:3947} INFO - Setting next_dagrun for dataset_consumes_unknown_never_scheduled to None, run_after=None
[2024-07-24T18:12:48.801+0000] {logging_mixin.py:188} INFO - [2024-07-24T18:12:48.800+0000] {dag.py:3947} INFO - Setting next_dagrun for dataset_produces_1 to 2024-07-23 00:00:00+00:00, run_after=2024-07-24 00:00:00+00:00
[2024-07-24T18:12:48.802+0000] {logging_mixin.py:188} INFO - [2024-07-24T18:12:48.801+0000] {dag.py:3947} INFO - Setting next_dagrun for dataset_produces_2 to None, run_after=None
[2024-07-24T18:12:48.836+0000] {processor.py:183} INFO - Processing /home/airflow/.local/lib/python3.12/site-packages/airflow/example_dags/example_datasets.py took 0.147 seconds
[2024-07-24T18:13:19.670+0000] {processor.py:161} INFO - Started process (PID=909) to work on /home/airflow/.local/lib/python3.12/site-packages/airflow/example_dags/example_datasets.py
[2024-07-24T18:13:19.672+0000] {processor.py:830} INFO - Processing file /home/airflow/.local/lib/python3.12/site-packages/airflow/example_dags/example_datasets.py for tasks to queue
[2024-07-24T18:13:19.673+0000] {logging_mixin.py:188} INFO - [2024-07-24T18:13:19.673+0000] {dagbag.py:545} INFO - Filling up the DagBag from /home/airflow/.local/lib/python3.12/site-packages/airflow/example_dags/example_datasets.py
[2024-07-24T18:13:19.691+0000] {processor.py:840} INFO - DAG(s) 'consume_1_and_2_with_dataset_expressions', 'consume_1_or_2_with_dataset_expressions', 'dataset_consumes_1_never_scheduled', 'dataset_produces_2', 'conditional_dataset_and_time_based_timetable', 'dataset_consumes_1', 'dataset_consumes_unknown_never_scheduled', 'dataset_produces_1', 'dataset_consumes_1_and_2', 'consume_1_or_both_2_and_3_with_dataset_expressions' retrieved from /home/airflow/.local/lib/python3.12/site-packages/airflow/example_dags/example_datasets.py
[2024-07-24T18:13:19.742+0000] {logging_mixin.py:188} INFO - [2024-07-24T18:13:19.741+0000] {dag.py:3089} INFO - Sync 10 DAGs
[2024-07-24T18:13:19.769+0000] {logging_mixin.py:188} INFO - [2024-07-24T18:13:19.769+0000] {dag.py:3947} INFO - Setting next_dagrun for conditional_dataset_and_time_based_timetable to 2024-07-24 01:00:00+00:00, run_after=2024-07-24 01:00:00+00:00
[2024-07-24T18:13:19.772+0000] {logging_mixin.py:188} INFO - [2024-07-24T18:13:19.772+0000] {dag.py:3947} INFO - Setting next_dagrun for consume_1_and_2_with_dataset_expressions to None, run_after=None
[2024-07-24T18:13:19.773+0000] {logging_mixin.py:188} INFO - [2024-07-24T18:13:19.773+0000] {dag.py:3947} INFO - Setting next_dagrun for consume_1_or_2_with_dataset_expressions to None, run_after=None
[2024-07-24T18:13:19.774+0000] {logging_mixin.py:188} INFO - [2024-07-24T18:13:19.774+0000] {dag.py:3947} INFO - Setting next_dagrun for consume_1_or_both_2_and_3_with_dataset_expressions to None, run_after=None
[2024-07-24T18:13:19.775+0000] {logging_mixin.py:188} INFO - [2024-07-24T18:13:19.774+0000] {dag.py:3947} INFO - Setting next_dagrun for dataset_consumes_1 to None, run_after=None
[2024-07-24T18:13:19.779+0000] {logging_mixin.py:188} INFO - [2024-07-24T18:13:19.775+0000] {dag.py:3947} INFO - Setting next_dagrun for dataset_consumes_1_and_2 to None, run_after=None
[2024-07-24T18:13:19.780+0000] {logging_mixin.py:188} INFO - [2024-07-24T18:13:19.780+0000] {dag.py:3947} INFO - Setting next_dagrun for dataset_consumes_1_never_scheduled to None, run_after=None
[2024-07-24T18:13:19.781+0000] {logging_mixin.py:188} INFO - [2024-07-24T18:13:19.780+0000] {dag.py:3947} INFO - Setting next_dagrun for dataset_consumes_unknown_never_scheduled to None, run_after=None
[2024-07-24T18:13:19.782+0000] {logging_mixin.py:188} INFO - [2024-07-24T18:13:19.782+0000] {dag.py:3947} INFO - Setting next_dagrun for dataset_produces_1 to 2024-07-23 00:00:00+00:00, run_after=2024-07-24 00:00:00+00:00
[2024-07-24T18:13:19.783+0000] {logging_mixin.py:188} INFO - [2024-07-24T18:13:19.783+0000] {dag.py:3947} INFO - Setting next_dagrun for dataset_produces_2 to None, run_after=None
[2024-07-24T18:13:19.814+0000] {processor.py:183} INFO - Processing /home/airflow/.local/lib/python3.12/site-packages/airflow/example_dags/example_datasets.py took 0.152 seconds
[2024-07-24T18:13:52.251+0000] {processor.py:161} INFO - Started process (PID=967) to work on /home/airflow/.local/lib/python3.12/site-packages/airflow/example_dags/example_datasets.py
[2024-07-24T18:13:52.254+0000] {processor.py:830} INFO - Processing file /home/airflow/.local/lib/python3.12/site-packages/airflow/example_dags/example_datasets.py for tasks to queue
[2024-07-24T18:13:52.255+0000] {logging_mixin.py:188} INFO - [2024-07-24T18:13:52.255+0000] {dagbag.py:545} INFO - Filling up the DagBag from /home/airflow/.local/lib/python3.12/site-packages/airflow/example_dags/example_datasets.py
[2024-07-24T18:13:52.269+0000] {processor.py:840} INFO - DAG(s) 'dataset_produces_1', 'consume_1_and_2_with_dataset_expressions', 'dataset_consumes_unknown_never_scheduled', 'dataset_produces_2', 'consume_1_or_2_with_dataset_expressions', 'dataset_consumes_1_and_2', 'consume_1_or_both_2_and_3_with_dataset_expressions', 'dataset_consumes_1_never_scheduled', 'conditional_dataset_and_time_based_timetable', 'dataset_consumes_1' retrieved from /home/airflow/.local/lib/python3.12/site-packages/airflow/example_dags/example_datasets.py
[2024-07-24T18:13:52.319+0000] {logging_mixin.py:188} INFO - [2024-07-24T18:13:52.319+0000] {dag.py:3089} INFO - Sync 10 DAGs
[2024-07-24T18:13:52.347+0000] {logging_mixin.py:188} INFO - [2024-07-24T18:13:52.346+0000] {dag.py:3947} INFO - Setting next_dagrun for conditional_dataset_and_time_based_timetable to 2024-07-24 01:00:00+00:00, run_after=2024-07-24 01:00:00+00:00
[2024-07-24T18:13:52.353+0000] {logging_mixin.py:188} INFO - [2024-07-24T18:13:52.353+0000] {dag.py:3947} INFO - Setting next_dagrun for consume_1_and_2_with_dataset_expressions to None, run_after=None
[2024-07-24T18:13:52.354+0000] {logging_mixin.py:188} INFO - [2024-07-24T18:13:52.354+0000] {dag.py:3947} INFO - Setting next_dagrun for consume_1_or_2_with_dataset_expressions to None, run_after=None
[2024-07-24T18:13:52.355+0000] {logging_mixin.py:188} INFO - [2024-07-24T18:13:52.355+0000] {dag.py:3947} INFO - Setting next_dagrun for consume_1_or_both_2_and_3_with_dataset_expressions to None, run_after=None
[2024-07-24T18:13:52.357+0000] {logging_mixin.py:188} INFO - [2024-07-24T18:13:52.357+0000] {dag.py:3947} INFO - Setting next_dagrun for dataset_consumes_1 to None, run_after=None
[2024-07-24T18:13:52.358+0000] {logging_mixin.py:188} INFO - [2024-07-24T18:13:52.358+0000] {dag.py:3947} INFO - Setting next_dagrun for dataset_consumes_1_and_2 to None, run_after=None
[2024-07-24T18:13:52.359+0000] {logging_mixin.py:188} INFO - [2024-07-24T18:13:52.359+0000] {dag.py:3947} INFO - Setting next_dagrun for dataset_consumes_1_never_scheduled to None, run_after=None
[2024-07-24T18:13:52.360+0000] {logging_mixin.py:188} INFO - [2024-07-24T18:13:52.360+0000] {dag.py:3947} INFO - Setting next_dagrun for dataset_consumes_unknown_never_scheduled to None, run_after=None
[2024-07-24T18:13:52.362+0000] {logging_mixin.py:188} INFO - [2024-07-24T18:13:52.362+0000] {dag.py:3947} INFO - Setting next_dagrun for dataset_produces_1 to 2024-07-23 00:00:00+00:00, run_after=2024-07-24 00:00:00+00:00
[2024-07-24T18:13:52.363+0000] {logging_mixin.py:188} INFO - [2024-07-24T18:13:52.363+0000] {dag.py:3947} INFO - Setting next_dagrun for dataset_produces_2 to None, run_after=None
[2024-07-24T18:13:52.395+0000] {processor.py:183} INFO - Processing /home/airflow/.local/lib/python3.12/site-packages/airflow/example_dags/example_datasets.py took 0.150 seconds
[2024-07-24T18:14:22.770+0000] {processor.py:161} INFO - Started process (PID=1024) to work on /home/airflow/.local/lib/python3.12/site-packages/airflow/example_dags/example_datasets.py
[2024-07-24T18:14:22.770+0000] {processor.py:830} INFO - Processing file /home/airflow/.local/lib/python3.12/site-packages/airflow/example_dags/example_datasets.py for tasks to queue
[2024-07-24T18:14:22.772+0000] {logging_mixin.py:188} INFO - [2024-07-24T18:14:22.771+0000] {dagbag.py:545} INFO - Filling up the DagBag from /home/airflow/.local/lib/python3.12/site-packages/airflow/example_dags/example_datasets.py
[2024-07-24T18:14:22.788+0000] {processor.py:840} INFO - DAG(s) 'dataset_produces_2', 'dataset_consumes_1', 'consume_1_and_2_with_dataset_expressions', 'consume_1_or_2_with_dataset_expressions', 'dataset_consumes_unknown_never_scheduled', 'conditional_dataset_and_time_based_timetable', 'dataset_produces_1', 'dataset_consumes_1_never_scheduled', 'dataset_consumes_1_and_2', 'consume_1_or_both_2_and_3_with_dataset_expressions' retrieved from /home/airflow/.local/lib/python3.12/site-packages/airflow/example_dags/example_datasets.py
[2024-07-24T18:14:22.860+0000] {logging_mixin.py:188} INFO - [2024-07-24T18:14:22.859+0000] {dag.py:3089} INFO - Sync 10 DAGs
[2024-07-24T18:14:22.887+0000] {logging_mixin.py:188} INFO - [2024-07-24T18:14:22.887+0000] {dag.py:3947} INFO - Setting next_dagrun for conditional_dataset_and_time_based_timetable to 2024-07-24 01:00:00+00:00, run_after=2024-07-24 01:00:00+00:00
[2024-07-24T18:14:22.891+0000] {logging_mixin.py:188} INFO - [2024-07-24T18:14:22.891+0000] {dag.py:3947} INFO - Setting next_dagrun for consume_1_and_2_with_dataset_expressions to None, run_after=None
[2024-07-24T18:14:22.892+0000] {logging_mixin.py:188} INFO - [2024-07-24T18:14:22.892+0000] {dag.py:3947} INFO - Setting next_dagrun for consume_1_or_2_with_dataset_expressions to None, run_after=None
[2024-07-24T18:14:22.896+0000] {logging_mixin.py:188} INFO - [2024-07-24T18:14:22.896+0000] {dag.py:3947} INFO - Setting next_dagrun for consume_1_or_both_2_and_3_with_dataset_expressions to None, run_after=None
[2024-07-24T18:14:22.897+0000] {logging_mixin.py:188} INFO - [2024-07-24T18:14:22.897+0000] {dag.py:3947} INFO - Setting next_dagrun for dataset_consumes_1 to None, run_after=None
[2024-07-24T18:14:22.898+0000] {logging_mixin.py:188} INFO - [2024-07-24T18:14:22.898+0000] {dag.py:3947} INFO - Setting next_dagrun for dataset_consumes_1_and_2 to None, run_after=None
[2024-07-24T18:14:22.899+0000] {logging_mixin.py:188} INFO - [2024-07-24T18:14:22.899+0000] {dag.py:3947} INFO - Setting next_dagrun for dataset_consumes_1_never_scheduled to None, run_after=None
[2024-07-24T18:14:22.900+0000] {logging_mixin.py:188} INFO - [2024-07-24T18:14:22.899+0000] {dag.py:3947} INFO - Setting next_dagrun for dataset_consumes_unknown_never_scheduled to None, run_after=None
[2024-07-24T18:14:22.901+0000] {logging_mixin.py:188} INFO - [2024-07-24T18:14:22.901+0000] {dag.py:3947} INFO - Setting next_dagrun for dataset_produces_1 to 2024-07-23 00:00:00+00:00, run_after=2024-07-24 00:00:00+00:00
[2024-07-24T18:14:22.904+0000] {logging_mixin.py:188} INFO - [2024-07-24T18:14:22.904+0000] {dag.py:3947} INFO - Setting next_dagrun for dataset_produces_2 to None, run_after=None
[2024-07-24T18:14:22.937+0000] {processor.py:183} INFO - Processing /home/airflow/.local/lib/python3.12/site-packages/airflow/example_dags/example_datasets.py took 0.174 seconds
[2024-07-24T18:14:53.364+0000] {processor.py:161} INFO - Started process (PID=1082) to work on /home/airflow/.local/lib/python3.12/site-packages/airflow/example_dags/example_datasets.py
[2024-07-24T18:14:53.366+0000] {processor.py:830} INFO - Processing file /home/airflow/.local/lib/python3.12/site-packages/airflow/example_dags/example_datasets.py for tasks to queue
[2024-07-24T18:14:53.368+0000] {logging_mixin.py:188} INFO - [2024-07-24T18:14:53.367+0000] {dagbag.py:545} INFO - Filling up the DagBag from /home/airflow/.local/lib/python3.12/site-packages/airflow/example_dags/example_datasets.py
[2024-07-24T18:14:53.381+0000] {processor.py:840} INFO - DAG(s) 'conditional_dataset_and_time_based_timetable', 'dataset_consumes_1_and_2', 'consume_1_or_2_with_dataset_expressions', 'dataset_consumes_1', 'consume_1_and_2_with_dataset_expressions', 'dataset_produces_2', 'dataset_consumes_1_never_scheduled', 'consume_1_or_both_2_and_3_with_dataset_expressions', 'dataset_produces_1', 'dataset_consumes_unknown_never_scheduled' retrieved from /home/airflow/.local/lib/python3.12/site-packages/airflow/example_dags/example_datasets.py
[2024-07-24T18:14:53.437+0000] {logging_mixin.py:188} INFO - [2024-07-24T18:14:53.437+0000] {dag.py:3089} INFO - Sync 10 DAGs
[2024-07-24T18:14:53.465+0000] {logging_mixin.py:188} INFO - [2024-07-24T18:14:53.464+0000] {dag.py:3947} INFO - Setting next_dagrun for conditional_dataset_and_time_based_timetable to 2024-07-24 01:00:00+00:00, run_after=2024-07-24 01:00:00+00:00
[2024-07-24T18:14:53.469+0000] {logging_mixin.py:188} INFO - [2024-07-24T18:14:53.469+0000] {dag.py:3947} INFO - Setting next_dagrun for consume_1_and_2_with_dataset_expressions to None, run_after=None
[2024-07-24T18:14:53.470+0000] {logging_mixin.py:188} INFO - [2024-07-24T18:14:53.470+0000] {dag.py:3947} INFO - Setting next_dagrun for consume_1_or_2_with_dataset_expressions to None, run_after=None
[2024-07-24T18:14:53.471+0000] {logging_mixin.py:188} INFO - [2024-07-24T18:14:53.471+0000] {dag.py:3947} INFO - Setting next_dagrun for consume_1_or_both_2_and_3_with_dataset_expressions to None, run_after=None
[2024-07-24T18:14:53.472+0000] {logging_mixin.py:188} INFO - [2024-07-24T18:14:53.471+0000] {dag.py:3947} INFO - Setting next_dagrun for dataset_consumes_1 to None, run_after=None
[2024-07-24T18:14:53.472+0000] {logging_mixin.py:188} INFO - [2024-07-24T18:14:53.472+0000] {dag.py:3947} INFO - Setting next_dagrun for dataset_consumes_1_and_2 to None, run_after=None
[2024-07-24T18:14:53.473+0000] {logging_mixin.py:188} INFO - [2024-07-24T18:14:53.473+0000] {dag.py:3947} INFO - Setting next_dagrun for dataset_consumes_1_never_scheduled to None, run_after=None
[2024-07-24T18:14:53.474+0000] {logging_mixin.py:188} INFO - [2024-07-24T18:14:53.474+0000] {dag.py:3947} INFO - Setting next_dagrun for dataset_consumes_unknown_never_scheduled to None, run_after=None
[2024-07-24T18:14:53.478+0000] {logging_mixin.py:188} INFO - [2024-07-24T18:14:53.478+0000] {dag.py:3947} INFO - Setting next_dagrun for dataset_produces_1 to 2024-07-23 00:00:00+00:00, run_after=2024-07-24 00:00:00+00:00
[2024-07-24T18:14:53.479+0000] {logging_mixin.py:188} INFO - [2024-07-24T18:14:53.479+0000] {dag.py:3947} INFO - Setting next_dagrun for dataset_produces_2 to None, run_after=None
[2024-07-24T18:14:53.510+0000] {processor.py:183} INFO - Processing /home/airflow/.local/lib/python3.12/site-packages/airflow/example_dags/example_datasets.py took 0.152 seconds
[2024-07-24T18:15:23.983+0000] {processor.py:161} INFO - Started process (PID=1140) to work on /home/airflow/.local/lib/python3.12/site-packages/airflow/example_dags/example_datasets.py
[2024-07-24T18:15:23.985+0000] {processor.py:830} INFO - Processing file /home/airflow/.local/lib/python3.12/site-packages/airflow/example_dags/example_datasets.py for tasks to queue
[2024-07-24T18:15:23.987+0000] {logging_mixin.py:188} INFO - [2024-07-24T18:15:23.986+0000] {dagbag.py:545} INFO - Filling up the DagBag from /home/airflow/.local/lib/python3.12/site-packages/airflow/example_dags/example_datasets.py
[2024-07-24T18:15:24.001+0000] {processor.py:840} INFO - DAG(s) 'dataset_consumes_1', 'dataset_consumes_1_and_2', 'consume_1_or_both_2_and_3_with_dataset_expressions', 'dataset_consumes_unknown_never_scheduled', 'dataset_produces_1', 'consume_1_and_2_with_dataset_expressions', 'dataset_produces_2', 'dataset_consumes_1_never_scheduled', 'consume_1_or_2_with_dataset_expressions', 'conditional_dataset_and_time_based_timetable' retrieved from /home/airflow/.local/lib/python3.12/site-packages/airflow/example_dags/example_datasets.py
[2024-07-24T18:15:24.053+0000] {logging_mixin.py:188} INFO - [2024-07-24T18:15:24.053+0000] {dag.py:3089} INFO - Sync 10 DAGs
[2024-07-24T18:15:24.080+0000] {logging_mixin.py:188} INFO - [2024-07-24T18:15:24.080+0000] {dag.py:3947} INFO - Setting next_dagrun for conditional_dataset_and_time_based_timetable to 2024-07-24 01:00:00+00:00, run_after=2024-07-24 01:00:00+00:00
[2024-07-24T18:15:24.083+0000] {logging_mixin.py:188} INFO - [2024-07-24T18:15:24.083+0000] {dag.py:3947} INFO - Setting next_dagrun for consume_1_and_2_with_dataset_expressions to None, run_after=None
[2024-07-24T18:15:24.087+0000] {logging_mixin.py:188} INFO - [2024-07-24T18:15:24.086+0000] {dag.py:3947} INFO - Setting next_dagrun for consume_1_or_2_with_dataset_expressions to None, run_after=None
[2024-07-24T18:15:24.088+0000] {logging_mixin.py:188} INFO - [2024-07-24T18:15:24.088+0000] {dag.py:3947} INFO - Setting next_dagrun for consume_1_or_both_2_and_3_with_dataset_expressions to None, run_after=None
[2024-07-24T18:15:24.091+0000] {logging_mixin.py:188} INFO - [2024-07-24T18:15:24.091+0000] {dag.py:3947} INFO - Setting next_dagrun for dataset_consumes_1 to None, run_after=None
[2024-07-24T18:15:24.095+0000] {logging_mixin.py:188} INFO - [2024-07-24T18:15:24.095+0000] {dag.py:3947} INFO - Setting next_dagrun for dataset_consumes_1_and_2 to None, run_after=None
[2024-07-24T18:15:24.096+0000] {logging_mixin.py:188} INFO - [2024-07-24T18:15:24.096+0000] {dag.py:3947} INFO - Setting next_dagrun for dataset_consumes_1_never_scheduled to None, run_after=None
[2024-07-24T18:15:24.099+0000] {logging_mixin.py:188} INFO - [2024-07-24T18:15:24.099+0000] {dag.py:3947} INFO - Setting next_dagrun for dataset_consumes_unknown_never_scheduled to None, run_after=None
[2024-07-24T18:15:24.101+0000] {logging_mixin.py:188} INFO - [2024-07-24T18:15:24.101+0000] {dag.py:3947} INFO - Setting next_dagrun for dataset_produces_1 to 2024-07-23 00:00:00+00:00, run_after=2024-07-24 00:00:00+00:00
[2024-07-24T18:15:24.103+0000] {logging_mixin.py:188} INFO - [2024-07-24T18:15:24.103+0000] {dag.py:3947} INFO - Setting next_dagrun for dataset_produces_2 to None, run_after=None
[2024-07-24T18:15:24.140+0000] {processor.py:183} INFO - Processing /home/airflow/.local/lib/python3.12/site-packages/airflow/example_dags/example_datasets.py took 0.163 seconds
[2024-07-24T18:15:54.271+0000] {processor.py:161} INFO - Started process (PID=1196) to work on /home/airflow/.local/lib/python3.12/site-packages/airflow/example_dags/example_datasets.py
[2024-07-24T18:15:54.272+0000] {processor.py:830} INFO - Processing file /home/airflow/.local/lib/python3.12/site-packages/airflow/example_dags/example_datasets.py for tasks to queue
[2024-07-24T18:15:54.273+0000] {logging_mixin.py:188} INFO - [2024-07-24T18:15:54.273+0000] {dagbag.py:545} INFO - Filling up the DagBag from /home/airflow/.local/lib/python3.12/site-packages/airflow/example_dags/example_datasets.py
[2024-07-24T18:15:54.287+0000] {processor.py:840} INFO - DAG(s) 'dataset_consumes_1_and_2', 'consume_1_or_2_with_dataset_expressions', 'consume_1_or_both_2_and_3_with_dataset_expressions', 'conditional_dataset_and_time_based_timetable', 'dataset_consumes_1', 'consume_1_and_2_with_dataset_expressions', 'dataset_consumes_unknown_never_scheduled', 'dataset_consumes_1_never_scheduled', 'dataset_produces_1', 'dataset_produces_2' retrieved from /home/airflow/.local/lib/python3.12/site-packages/airflow/example_dags/example_datasets.py
[2024-07-24T18:15:54.336+0000] {logging_mixin.py:188} INFO - [2024-07-24T18:15:54.336+0000] {dag.py:3089} INFO - Sync 10 DAGs
[2024-07-24T18:15:54.362+0000] {logging_mixin.py:188} INFO - [2024-07-24T18:15:54.360+0000] {dag.py:3947} INFO - Setting next_dagrun for conditional_dataset_and_time_based_timetable to 2024-07-24 01:00:00+00:00, run_after=2024-07-24 01:00:00+00:00
[2024-07-24T18:15:54.365+0000] {logging_mixin.py:188} INFO - [2024-07-24T18:15:54.365+0000] {dag.py:3947} INFO - Setting next_dagrun for consume_1_and_2_with_dataset_expressions to None, run_after=None
[2024-07-24T18:15:54.366+0000] {logging_mixin.py:188} INFO - [2024-07-24T18:15:54.366+0000] {dag.py:3947} INFO - Setting next_dagrun for consume_1_or_2_with_dataset_expressions to None, run_after=None
[2024-07-24T18:15:54.367+0000] {logging_mixin.py:188} INFO - [2024-07-24T18:15:54.366+0000] {dag.py:3947} INFO - Setting next_dagrun for consume_1_or_both_2_and_3_with_dataset_expressions to None, run_after=None
[2024-07-24T18:15:54.367+0000] {logging_mixin.py:188} INFO - [2024-07-24T18:15:54.367+0000] {dag.py:3947} INFO - Setting next_dagrun for dataset_consumes_1 to None, run_after=None
[2024-07-24T18:15:54.368+0000] {logging_mixin.py:188} INFO - [2024-07-24T18:15:54.368+0000] {dag.py:3947} INFO - Setting next_dagrun for dataset_consumes_1_and_2 to None, run_after=None
[2024-07-24T18:15:54.372+0000] {logging_mixin.py:188} INFO - [2024-07-24T18:15:54.371+0000] {dag.py:3947} INFO - Setting next_dagrun for dataset_consumes_1_never_scheduled to None, run_after=None
[2024-07-24T18:15:54.372+0000] {logging_mixin.py:188} INFO - [2024-07-24T18:15:54.372+0000] {dag.py:3947} INFO - Setting next_dagrun for dataset_consumes_unknown_never_scheduled to None, run_after=None
[2024-07-24T18:15:54.374+0000] {logging_mixin.py:188} INFO - [2024-07-24T18:15:54.374+0000] {dag.py:3947} INFO - Setting next_dagrun for dataset_produces_1 to 2024-07-23 00:00:00+00:00, run_after=2024-07-24 00:00:00+00:00
[2024-07-24T18:15:54.375+0000] {logging_mixin.py:188} INFO - [2024-07-24T18:15:54.375+0000] {dag.py:3947} INFO - Setting next_dagrun for dataset_produces_2 to None, run_after=None
[2024-07-24T18:15:54.409+0000] {processor.py:183} INFO - Processing /home/airflow/.local/lib/python3.12/site-packages/airflow/example_dags/example_datasets.py took 0.144 seconds
[2024-07-24T18:16:26.136+0000] {processor.py:161} INFO - Started process (PID=1254) to work on /home/airflow/.local/lib/python3.12/site-packages/airflow/example_dags/example_datasets.py
[2024-07-24T18:16:26.287+0000] {processor.py:830} INFO - Processing file /home/airflow/.local/lib/python3.12/site-packages/airflow/example_dags/example_datasets.py for tasks to queue
[2024-07-24T18:16:26.293+0000] {logging_mixin.py:188} INFO - [2024-07-24T18:16:26.291+0000] {dagbag.py:545} INFO - Filling up the DagBag from /home/airflow/.local/lib/python3.12/site-packages/airflow/example_dags/example_datasets.py
[2024-07-24T18:16:26.321+0000] {processor.py:840} INFO - DAG(s) 'dataset_consumes_1_never_scheduled', 'dataset_consumes_unknown_never_scheduled', 'dataset_produces_1', 'consume_1_or_both_2_and_3_with_dataset_expressions', 'consume_1_and_2_with_dataset_expressions', 'dataset_produces_2', 'conditional_dataset_and_time_based_timetable', 'dataset_consumes_1_and_2', 'consume_1_or_2_with_dataset_expressions', 'dataset_consumes_1' retrieved from /home/airflow/.local/lib/python3.12/site-packages/airflow/example_dags/example_datasets.py
[2024-07-24T18:16:26.480+0000] {logging_mixin.py:188} INFO - [2024-07-24T18:16:26.480+0000] {dag.py:3089} INFO - Sync 10 DAGs
[2024-07-24T18:16:26.558+0000] {logging_mixin.py:188} INFO - [2024-07-24T18:16:26.556+0000] {dag.py:3947} INFO - Setting next_dagrun for conditional_dataset_and_time_based_timetable to 2024-07-24 01:00:00+00:00, run_after=2024-07-24 01:00:00+00:00
[2024-07-24T18:16:26.579+0000] {logging_mixin.py:188} INFO - [2024-07-24T18:16:26.578+0000] {dag.py:3947} INFO - Setting next_dagrun for consume_1_and_2_with_dataset_expressions to None, run_after=None
[2024-07-24T18:16:26.583+0000] {logging_mixin.py:188} INFO - [2024-07-24T18:16:26.583+0000] {dag.py:3947} INFO - Setting next_dagrun for consume_1_or_2_with_dataset_expressions to None, run_after=None
[2024-07-24T18:16:26.584+0000] {logging_mixin.py:188} INFO - [2024-07-24T18:16:26.584+0000] {dag.py:3947} INFO - Setting next_dagrun for consume_1_or_both_2_and_3_with_dataset_expressions to None, run_after=None
[2024-07-24T18:16:26.585+0000] {logging_mixin.py:188} INFO - [2024-07-24T18:16:26.585+0000] {dag.py:3947} INFO - Setting next_dagrun for dataset_consumes_1 to None, run_after=None
[2024-07-24T18:16:26.587+0000] {logging_mixin.py:188} INFO - [2024-07-24T18:16:26.587+0000] {dag.py:3947} INFO - Setting next_dagrun for dataset_consumes_1_and_2 to None, run_after=None
[2024-07-24T18:16:26.589+0000] {logging_mixin.py:188} INFO - [2024-07-24T18:16:26.589+0000] {dag.py:3947} INFO - Setting next_dagrun for dataset_consumes_1_never_scheduled to None, run_after=None
[2024-07-24T18:16:26.592+0000] {logging_mixin.py:188} INFO - [2024-07-24T18:16:26.592+0000] {dag.py:3947} INFO - Setting next_dagrun for dataset_consumes_unknown_never_scheduled to None, run_after=None
[2024-07-24T18:16:26.594+0000] {logging_mixin.py:188} INFO - [2024-07-24T18:16:26.594+0000] {dag.py:3947} INFO - Setting next_dagrun for dataset_produces_1 to 2024-07-23 00:00:00+00:00, run_after=2024-07-24 00:00:00+00:00
[2024-07-24T18:16:26.597+0000] {logging_mixin.py:188} INFO - [2024-07-24T18:16:26.597+0000] {dag.py:3947} INFO - Setting next_dagrun for dataset_produces_2 to None, run_after=None
[2024-07-24T18:16:26.660+0000] {processor.py:183} INFO - Processing /home/airflow/.local/lib/python3.12/site-packages/airflow/example_dags/example_datasets.py took 0.542 seconds
