[2024-07-24T18:06:05.385+0000] {processor.py:161} INFO - Started process (PID=80) to work on /home/airflow/.local/lib/python3.12/site-packages/airflow/example_dags/example_sla_dag.py
[2024-07-24T18:06:05.386+0000] {processor.py:830} INFO - Processing file /home/airflow/.local/lib/python3.12/site-packages/airflow/example_dags/example_sla_dag.py for tasks to queue
[2024-07-24T18:06:05.398+0000] {logging_mixin.py:188} INFO - [2024-07-24T18:06:05.397+0000] {dagbag.py:545} INFO - Filling up the DagBag from /home/airflow/.local/lib/python3.12/site-packages/airflow/example_dags/example_sla_dag.py
[2024-07-24T18:06:05.429+0000] {processor.py:840} INFO - DAG(s) 'example_sla_dag' retrieved from /home/airflow/.local/lib/python3.12/site-packages/airflow/example_dags/example_sla_dag.py
[2024-07-24T18:06:05.907+0000] {logging_mixin.py:188} INFO - [2024-07-24T18:06:05.907+0000] {dag.py:3089} INFO - Sync 1 DAGs
[2024-07-24T18:06:05.970+0000] {logging_mixin.py:188} INFO - [2024-07-24T18:06:05.970+0000] {dag.py:3947} INFO - Setting next_dagrun for example_sla_dag to 2024-07-24 18:04:00+00:00, run_after=2024-07-24 18:06:00+00:00
[2024-07-24T18:06:06.034+0000] {processor.py:183} INFO - Processing /home/airflow/.local/lib/python3.12/site-packages/airflow/example_dags/example_sla_dag.py took 0.661 seconds
[2024-07-24T18:06:36.920+0000] {processor.py:161} INFO - Started process (PID=138) to work on /home/airflow/.local/lib/python3.12/site-packages/airflow/example_dags/example_sla_dag.py
[2024-07-24T18:06:36.923+0000] {processor.py:830} INFO - Processing file /home/airflow/.local/lib/python3.12/site-packages/airflow/example_dags/example_sla_dag.py for tasks to queue
[2024-07-24T18:06:36.924+0000] {logging_mixin.py:188} INFO - [2024-07-24T18:06:36.924+0000] {dagbag.py:545} INFO - Filling up the DagBag from /home/airflow/.local/lib/python3.12/site-packages/airflow/example_dags/example_sla_dag.py
[2024-07-24T18:06:36.933+0000] {processor.py:840} INFO - DAG(s) 'example_sla_dag' retrieved from /home/airflow/.local/lib/python3.12/site-packages/airflow/example_dags/example_sla_dag.py
[2024-07-24T18:06:36.957+0000] {logging_mixin.py:188} INFO - [2024-07-24T18:06:36.957+0000] {dag.py:3089} INFO - Sync 1 DAGs
[2024-07-24T18:06:36.980+0000] {logging_mixin.py:188} INFO - [2024-07-24T18:06:36.980+0000] {dag.py:3947} INFO - Setting next_dagrun for example_sla_dag to 2024-07-24 18:04:00+00:00, run_after=2024-07-24 18:06:00+00:00
[2024-07-24T18:06:36.997+0000] {processor.py:183} INFO - Processing /home/airflow/.local/lib/python3.12/site-packages/airflow/example_dags/example_sla_dag.py took 0.083 seconds
[2024-07-24T18:07:07.263+0000] {processor.py:161} INFO - Started process (PID=196) to work on /home/airflow/.local/lib/python3.12/site-packages/airflow/example_dags/example_sla_dag.py
[2024-07-24T18:07:07.265+0000] {processor.py:830} INFO - Processing file /home/airflow/.local/lib/python3.12/site-packages/airflow/example_dags/example_sla_dag.py for tasks to queue
[2024-07-24T18:07:07.266+0000] {logging_mixin.py:188} INFO - [2024-07-24T18:07:07.266+0000] {dagbag.py:545} INFO - Filling up the DagBag from /home/airflow/.local/lib/python3.12/site-packages/airflow/example_dags/example_sla_dag.py
[2024-07-24T18:07:07.276+0000] {processor.py:840} INFO - DAG(s) 'example_sla_dag' retrieved from /home/airflow/.local/lib/python3.12/site-packages/airflow/example_dags/example_sla_dag.py
[2024-07-24T18:07:07.299+0000] {logging_mixin.py:188} INFO - [2024-07-24T18:07:07.298+0000] {dag.py:3089} INFO - Sync 1 DAGs
[2024-07-24T18:07:07.326+0000] {logging_mixin.py:188} INFO - [2024-07-24T18:07:07.326+0000] {dag.py:3947} INFO - Setting next_dagrun for example_sla_dag to 2024-07-24 18:04:00+00:00, run_after=2024-07-24 18:06:00+00:00
[2024-07-24T18:07:07.341+0000] {processor.py:183} INFO - Processing /home/airflow/.local/lib/python3.12/site-packages/airflow/example_dags/example_sla_dag.py took 0.083 seconds
[2024-07-24T18:07:37.457+0000] {processor.py:161} INFO - Started process (PID=254) to work on /home/airflow/.local/lib/python3.12/site-packages/airflow/example_dags/example_sla_dag.py
[2024-07-24T18:07:37.460+0000] {processor.py:830} INFO - Processing file /home/airflow/.local/lib/python3.12/site-packages/airflow/example_dags/example_sla_dag.py for tasks to queue
[2024-07-24T18:07:37.462+0000] {logging_mixin.py:188} INFO - [2024-07-24T18:07:37.462+0000] {dagbag.py:545} INFO - Filling up the DagBag from /home/airflow/.local/lib/python3.12/site-packages/airflow/example_dags/example_sla_dag.py
[2024-07-24T18:07:37.471+0000] {processor.py:840} INFO - DAG(s) 'example_sla_dag' retrieved from /home/airflow/.local/lib/python3.12/site-packages/airflow/example_dags/example_sla_dag.py
[2024-07-24T18:07:37.492+0000] {logging_mixin.py:188} INFO - [2024-07-24T18:07:37.492+0000] {dag.py:3089} INFO - Sync 1 DAGs
[2024-07-24T18:07:37.518+0000] {logging_mixin.py:188} INFO - [2024-07-24T18:07:37.517+0000] {dag.py:3947} INFO - Setting next_dagrun for example_sla_dag to 2024-07-24 18:04:00+00:00, run_after=2024-07-24 18:06:00+00:00
[2024-07-24T18:07:37.535+0000] {processor.py:183} INFO - Processing /home/airflow/.local/lib/python3.12/site-packages/airflow/example_dags/example_sla_dag.py took 0.082 seconds
[2024-07-24T18:08:07.868+0000] {processor.py:161} INFO - Started process (PID=311) to work on /home/airflow/.local/lib/python3.12/site-packages/airflow/example_dags/example_sla_dag.py
[2024-07-24T18:08:07.870+0000] {processor.py:830} INFO - Processing file /home/airflow/.local/lib/python3.12/site-packages/airflow/example_dags/example_sla_dag.py for tasks to queue
[2024-07-24T18:08:07.871+0000] {logging_mixin.py:188} INFO - [2024-07-24T18:08:07.871+0000] {dagbag.py:545} INFO - Filling up the DagBag from /home/airflow/.local/lib/python3.12/site-packages/airflow/example_dags/example_sla_dag.py
[2024-07-24T18:08:07.880+0000] {processor.py:840} INFO - DAG(s) 'example_sla_dag' retrieved from /home/airflow/.local/lib/python3.12/site-packages/airflow/example_dags/example_sla_dag.py
[2024-07-24T18:08:07.903+0000] {logging_mixin.py:188} INFO - [2024-07-24T18:08:07.902+0000] {dag.py:3089} INFO - Sync 1 DAGs
[2024-07-24T18:08:07.933+0000] {logging_mixin.py:188} INFO - [2024-07-24T18:08:07.933+0000] {dag.py:3947} INFO - Setting next_dagrun for example_sla_dag to 2024-07-24 18:06:00+00:00, run_after=2024-07-24 18:08:00+00:00
[2024-07-24T18:08:07.952+0000] {processor.py:183} INFO - Processing /home/airflow/.local/lib/python3.12/site-packages/airflow/example_dags/example_sla_dag.py took 0.090 seconds
[2024-07-24T18:08:38.189+0000] {processor.py:161} INFO - Started process (PID=369) to work on /home/airflow/.local/lib/python3.12/site-packages/airflow/example_dags/example_sla_dag.py
[2024-07-24T18:08:38.190+0000] {processor.py:830} INFO - Processing file /home/airflow/.local/lib/python3.12/site-packages/airflow/example_dags/example_sla_dag.py for tasks to queue
[2024-07-24T18:08:38.192+0000] {logging_mixin.py:188} INFO - [2024-07-24T18:08:38.191+0000] {dagbag.py:545} INFO - Filling up the DagBag from /home/airflow/.local/lib/python3.12/site-packages/airflow/example_dags/example_sla_dag.py
[2024-07-24T18:08:38.202+0000] {processor.py:840} INFO - DAG(s) 'example_sla_dag' retrieved from /home/airflow/.local/lib/python3.12/site-packages/airflow/example_dags/example_sla_dag.py
[2024-07-24T18:08:38.224+0000] {logging_mixin.py:188} INFO - [2024-07-24T18:08:38.223+0000] {dag.py:3089} INFO - Sync 1 DAGs
[2024-07-24T18:08:38.249+0000] {logging_mixin.py:188} INFO - [2024-07-24T18:08:38.249+0000] {dag.py:3947} INFO - Setting next_dagrun for example_sla_dag to 2024-07-24 18:06:00+00:00, run_after=2024-07-24 18:08:00+00:00
[2024-07-24T18:08:38.264+0000] {processor.py:183} INFO - Processing /home/airflow/.local/lib/python3.12/site-packages/airflow/example_dags/example_sla_dag.py took 0.081 seconds
[2024-07-24T18:09:08.349+0000] {processor.py:161} INFO - Started process (PID=427) to work on /home/airflow/.local/lib/python3.12/site-packages/airflow/example_dags/example_sla_dag.py
[2024-07-24T18:09:08.354+0000] {processor.py:830} INFO - Processing file /home/airflow/.local/lib/python3.12/site-packages/airflow/example_dags/example_sla_dag.py for tasks to queue
[2024-07-24T18:09:08.356+0000] {logging_mixin.py:188} INFO - [2024-07-24T18:09:08.355+0000] {dagbag.py:545} INFO - Filling up the DagBag from /home/airflow/.local/lib/python3.12/site-packages/airflow/example_dags/example_sla_dag.py
[2024-07-24T18:09:08.373+0000] {processor.py:840} INFO - DAG(s) 'example_sla_dag' retrieved from /home/airflow/.local/lib/python3.12/site-packages/airflow/example_dags/example_sla_dag.py
[2024-07-24T18:09:08.430+0000] {logging_mixin.py:188} INFO - [2024-07-24T18:09:08.429+0000] {dag.py:3089} INFO - Sync 1 DAGs
[2024-07-24T18:09:08.483+0000] {logging_mixin.py:188} INFO - [2024-07-24T18:09:08.483+0000] {dag.py:3947} INFO - Setting next_dagrun for example_sla_dag to 2024-07-24 18:06:00+00:00, run_after=2024-07-24 18:08:00+00:00
[2024-07-24T18:09:08.526+0000] {processor.py:183} INFO - Processing /home/airflow/.local/lib/python3.12/site-packages/airflow/example_dags/example_sla_dag.py took 0.193 seconds
[2024-07-24T18:09:38.904+0000] {processor.py:161} INFO - Started process (PID=485) to work on /home/airflow/.local/lib/python3.12/site-packages/airflow/example_dags/example_sla_dag.py
[2024-07-24T18:09:38.905+0000] {processor.py:830} INFO - Processing file /home/airflow/.local/lib/python3.12/site-packages/airflow/example_dags/example_sla_dag.py for tasks to queue
[2024-07-24T18:09:38.909+0000] {logging_mixin.py:188} INFO - [2024-07-24T18:09:38.909+0000] {dagbag.py:545} INFO - Filling up the DagBag from /home/airflow/.local/lib/python3.12/site-packages/airflow/example_dags/example_sla_dag.py
[2024-07-24T18:09:38.942+0000] {processor.py:840} INFO - DAG(s) 'example_sla_dag' retrieved from /home/airflow/.local/lib/python3.12/site-packages/airflow/example_dags/example_sla_dag.py
[2024-07-24T18:09:39.018+0000] {logging_mixin.py:188} INFO - [2024-07-24T18:09:39.018+0000] {dag.py:3089} INFO - Sync 1 DAGs
[2024-07-24T18:09:39.101+0000] {logging_mixin.py:188} INFO - [2024-07-24T18:09:39.101+0000] {dag.py:3947} INFO - Setting next_dagrun for example_sla_dag to 2024-07-24 18:06:00+00:00, run_after=2024-07-24 18:08:00+00:00
[2024-07-24T18:09:39.163+0000] {processor.py:183} INFO - Processing /home/airflow/.local/lib/python3.12/site-packages/airflow/example_dags/example_sla_dag.py took 0.273 seconds
[2024-07-24T18:10:10.009+0000] {processor.py:161} INFO - Started process (PID=543) to work on /home/airflow/.local/lib/python3.12/site-packages/airflow/example_dags/example_sla_dag.py
[2024-07-24T18:10:10.014+0000] {processor.py:830} INFO - Processing file /home/airflow/.local/lib/python3.12/site-packages/airflow/example_dags/example_sla_dag.py for tasks to queue
[2024-07-24T18:10:10.016+0000] {logging_mixin.py:188} INFO - [2024-07-24T18:10:10.016+0000] {dagbag.py:545} INFO - Filling up the DagBag from /home/airflow/.local/lib/python3.12/site-packages/airflow/example_dags/example_sla_dag.py
[2024-07-24T18:10:10.026+0000] {processor.py:840} INFO - DAG(s) 'example_sla_dag' retrieved from /home/airflow/.local/lib/python3.12/site-packages/airflow/example_dags/example_sla_dag.py
[2024-07-24T18:10:10.046+0000] {logging_mixin.py:188} INFO - [2024-07-24T18:10:10.045+0000] {dag.py:3089} INFO - Sync 1 DAGs
[2024-07-24T18:10:10.072+0000] {logging_mixin.py:188} INFO - [2024-07-24T18:10:10.072+0000] {dag.py:3947} INFO - Setting next_dagrun for example_sla_dag to 2024-07-24 18:08:00+00:00, run_after=2024-07-24 18:10:00+00:00
[2024-07-24T18:10:10.097+0000] {processor.py:183} INFO - Processing /home/airflow/.local/lib/python3.12/site-packages/airflow/example_dags/example_sla_dag.py took 0.092 seconds
[2024-07-24T18:10:40.337+0000] {processor.py:161} INFO - Started process (PID=601) to work on /home/airflow/.local/lib/python3.12/site-packages/airflow/example_dags/example_sla_dag.py
[2024-07-24T18:10:40.337+0000] {processor.py:830} INFO - Processing file /home/airflow/.local/lib/python3.12/site-packages/airflow/example_dags/example_sla_dag.py for tasks to queue
[2024-07-24T18:10:40.339+0000] {logging_mixin.py:188} INFO - [2024-07-24T18:10:40.338+0000] {dagbag.py:545} INFO - Filling up the DagBag from /home/airflow/.local/lib/python3.12/site-packages/airflow/example_dags/example_sla_dag.py
[2024-07-24T18:10:40.348+0000] {processor.py:840} INFO - DAG(s) 'example_sla_dag' retrieved from /home/airflow/.local/lib/python3.12/site-packages/airflow/example_dags/example_sla_dag.py
[2024-07-24T18:10:40.370+0000] {logging_mixin.py:188} INFO - [2024-07-24T18:10:40.369+0000] {dag.py:3089} INFO - Sync 1 DAGs
[2024-07-24T18:10:40.394+0000] {logging_mixin.py:188} INFO - [2024-07-24T18:10:40.394+0000] {dag.py:3947} INFO - Setting next_dagrun for example_sla_dag to 2024-07-24 18:08:00+00:00, run_after=2024-07-24 18:10:00+00:00
[2024-07-24T18:10:40.417+0000] {processor.py:183} INFO - Processing /home/airflow/.local/lib/python3.12/site-packages/airflow/example_dags/example_sla_dag.py took 0.085 seconds
[2024-07-24T18:11:10.810+0000] {processor.py:161} INFO - Started process (PID=658) to work on /home/airflow/.local/lib/python3.12/site-packages/airflow/example_dags/example_sla_dag.py
[2024-07-24T18:11:10.812+0000] {processor.py:830} INFO - Processing file /home/airflow/.local/lib/python3.12/site-packages/airflow/example_dags/example_sla_dag.py for tasks to queue
[2024-07-24T18:11:10.818+0000] {logging_mixin.py:188} INFO - [2024-07-24T18:11:10.817+0000] {dagbag.py:545} INFO - Filling up the DagBag from /home/airflow/.local/lib/python3.12/site-packages/airflow/example_dags/example_sla_dag.py
[2024-07-24T18:11:10.831+0000] {processor.py:840} INFO - DAG(s) 'example_sla_dag' retrieved from /home/airflow/.local/lib/python3.12/site-packages/airflow/example_dags/example_sla_dag.py
[2024-07-24T18:11:10.854+0000] {logging_mixin.py:188} INFO - [2024-07-24T18:11:10.853+0000] {dag.py:3089} INFO - Sync 1 DAGs
[2024-07-24T18:11:10.882+0000] {logging_mixin.py:188} INFO - [2024-07-24T18:11:10.882+0000] {dag.py:3947} INFO - Setting next_dagrun for example_sla_dag to 2024-07-24 18:08:00+00:00, run_after=2024-07-24 18:10:00+00:00
[2024-07-24T18:11:10.903+0000] {processor.py:183} INFO - Processing /home/airflow/.local/lib/python3.12/site-packages/airflow/example_dags/example_sla_dag.py took 0.101 seconds
[2024-07-24T18:11:41.287+0000] {processor.py:161} INFO - Started process (PID=716) to work on /home/airflow/.local/lib/python3.12/site-packages/airflow/example_dags/example_sla_dag.py
[2024-07-24T18:11:41.288+0000] {processor.py:830} INFO - Processing file /home/airflow/.local/lib/python3.12/site-packages/airflow/example_dags/example_sla_dag.py for tasks to queue
[2024-07-24T18:11:41.292+0000] {logging_mixin.py:188} INFO - [2024-07-24T18:11:41.292+0000] {dagbag.py:545} INFO - Filling up the DagBag from /home/airflow/.local/lib/python3.12/site-packages/airflow/example_dags/example_sla_dag.py
[2024-07-24T18:11:41.301+0000] {processor.py:840} INFO - DAG(s) 'example_sla_dag' retrieved from /home/airflow/.local/lib/python3.12/site-packages/airflow/example_dags/example_sla_dag.py
[2024-07-24T18:11:41.322+0000] {logging_mixin.py:188} INFO - [2024-07-24T18:11:41.322+0000] {dag.py:3089} INFO - Sync 1 DAGs
[2024-07-24T18:11:41.347+0000] {logging_mixin.py:188} INFO - [2024-07-24T18:11:41.347+0000] {dag.py:3947} INFO - Setting next_dagrun for example_sla_dag to 2024-07-24 18:08:00+00:00, run_after=2024-07-24 18:10:00+00:00
[2024-07-24T18:11:41.366+0000] {processor.py:183} INFO - Processing /home/airflow/.local/lib/python3.12/site-packages/airflow/example_dags/example_sla_dag.py took 0.085 seconds
[2024-07-24T18:12:11.796+0000] {processor.py:161} INFO - Started process (PID=774) to work on /home/airflow/.local/lib/python3.12/site-packages/airflow/example_dags/example_sla_dag.py
[2024-07-24T18:12:11.799+0000] {processor.py:830} INFO - Processing file /home/airflow/.local/lib/python3.12/site-packages/airflow/example_dags/example_sla_dag.py for tasks to queue
[2024-07-24T18:12:11.800+0000] {logging_mixin.py:188} INFO - [2024-07-24T18:12:11.800+0000] {dagbag.py:545} INFO - Filling up the DagBag from /home/airflow/.local/lib/python3.12/site-packages/airflow/example_dags/example_sla_dag.py
[2024-07-24T18:12:11.807+0000] {processor.py:840} INFO - DAG(s) 'example_sla_dag' retrieved from /home/airflow/.local/lib/python3.12/site-packages/airflow/example_dags/example_sla_dag.py
[2024-07-24T18:12:11.830+0000] {logging_mixin.py:188} INFO - [2024-07-24T18:12:11.830+0000] {dag.py:3089} INFO - Sync 1 DAGs
[2024-07-24T18:12:11.856+0000] {logging_mixin.py:188} INFO - [2024-07-24T18:12:11.856+0000] {dag.py:3947} INFO - Setting next_dagrun for example_sla_dag to 2024-07-24 18:10:00+00:00, run_after=2024-07-24 18:12:00+00:00
[2024-07-24T18:12:11.876+0000] {processor.py:183} INFO - Processing /home/airflow/.local/lib/python3.12/site-packages/airflow/example_dags/example_sla_dag.py took 0.087 seconds
[2024-07-24T18:12:42.758+0000] {processor.py:161} INFO - Started process (PID=832) to work on /home/airflow/.local/lib/python3.12/site-packages/airflow/example_dags/example_sla_dag.py
[2024-07-24T18:12:42.759+0000] {processor.py:830} INFO - Processing file /home/airflow/.local/lib/python3.12/site-packages/airflow/example_dags/example_sla_dag.py for tasks to queue
[2024-07-24T18:12:42.762+0000] {logging_mixin.py:188} INFO - [2024-07-24T18:12:42.762+0000] {dagbag.py:545} INFO - Filling up the DagBag from /home/airflow/.local/lib/python3.12/site-packages/airflow/example_dags/example_sla_dag.py
[2024-07-24T18:12:42.771+0000] {processor.py:840} INFO - DAG(s) 'example_sla_dag' retrieved from /home/airflow/.local/lib/python3.12/site-packages/airflow/example_dags/example_sla_dag.py
[2024-07-24T18:12:42.791+0000] {logging_mixin.py:188} INFO - [2024-07-24T18:12:42.791+0000] {dag.py:3089} INFO - Sync 1 DAGs
[2024-07-24T18:12:42.819+0000] {logging_mixin.py:188} INFO - [2024-07-24T18:12:42.818+0000] {dag.py:3947} INFO - Setting next_dagrun for example_sla_dag to 2024-07-24 18:10:00+00:00, run_after=2024-07-24 18:12:00+00:00
[2024-07-24T18:12:42.839+0000] {processor.py:183} INFO - Processing /home/airflow/.local/lib/python3.12/site-packages/airflow/example_dags/example_sla_dag.py took 0.086 seconds
[2024-07-24T18:13:13.726+0000] {processor.py:161} INFO - Started process (PID=890) to work on /home/airflow/.local/lib/python3.12/site-packages/airflow/example_dags/example_sla_dag.py
[2024-07-24T18:13:13.730+0000] {processor.py:830} INFO - Processing file /home/airflow/.local/lib/python3.12/site-packages/airflow/example_dags/example_sla_dag.py for tasks to queue
[2024-07-24T18:13:13.731+0000] {logging_mixin.py:188} INFO - [2024-07-24T18:13:13.731+0000] {dagbag.py:545} INFO - Filling up the DagBag from /home/airflow/.local/lib/python3.12/site-packages/airflow/example_dags/example_sla_dag.py
[2024-07-24T18:13:13.740+0000] {processor.py:840} INFO - DAG(s) 'example_sla_dag' retrieved from /home/airflow/.local/lib/python3.12/site-packages/airflow/example_dags/example_sla_dag.py
[2024-07-24T18:13:13.760+0000] {logging_mixin.py:188} INFO - [2024-07-24T18:13:13.760+0000] {dag.py:3089} INFO - Sync 1 DAGs
[2024-07-24T18:13:13.786+0000] {logging_mixin.py:188} INFO - [2024-07-24T18:13:13.786+0000] {dag.py:3947} INFO - Setting next_dagrun for example_sla_dag to 2024-07-24 18:10:00+00:00, run_after=2024-07-24 18:12:00+00:00
[2024-07-24T18:13:13.803+0000] {processor.py:183} INFO - Processing /home/airflow/.local/lib/python3.12/site-packages/airflow/example_dags/example_sla_dag.py took 0.082 seconds
[2024-07-24T18:13:43.856+0000] {processor.py:161} INFO - Started process (PID=948) to work on /home/airflow/.local/lib/python3.12/site-packages/airflow/example_dags/example_sla_dag.py
[2024-07-24T18:13:43.857+0000] {processor.py:830} INFO - Processing file /home/airflow/.local/lib/python3.12/site-packages/airflow/example_dags/example_sla_dag.py for tasks to queue
[2024-07-24T18:13:43.858+0000] {logging_mixin.py:188} INFO - [2024-07-24T18:13:43.858+0000] {dagbag.py:545} INFO - Filling up the DagBag from /home/airflow/.local/lib/python3.12/site-packages/airflow/example_dags/example_sla_dag.py
[2024-07-24T18:13:43.868+0000] {processor.py:840} INFO - DAG(s) 'example_sla_dag' retrieved from /home/airflow/.local/lib/python3.12/site-packages/airflow/example_dags/example_sla_dag.py
[2024-07-24T18:13:43.891+0000] {logging_mixin.py:188} INFO - [2024-07-24T18:13:43.891+0000] {dag.py:3089} INFO - Sync 1 DAGs
[2024-07-24T18:13:43.917+0000] {logging_mixin.py:188} INFO - [2024-07-24T18:13:43.917+0000] {dag.py:3947} INFO - Setting next_dagrun for example_sla_dag to 2024-07-24 18:10:00+00:00, run_after=2024-07-24 18:12:00+00:00
[2024-07-24T18:13:43.936+0000] {processor.py:183} INFO - Processing /home/airflow/.local/lib/python3.12/site-packages/airflow/example_dags/example_sla_dag.py took 0.085 seconds
[2024-07-24T18:14:14.801+0000] {processor.py:161} INFO - Started process (PID=1006) to work on /home/airflow/.local/lib/python3.12/site-packages/airflow/example_dags/example_sla_dag.py
[2024-07-24T18:14:14.806+0000] {processor.py:830} INFO - Processing file /home/airflow/.local/lib/python3.12/site-packages/airflow/example_dags/example_sla_dag.py for tasks to queue
[2024-07-24T18:14:14.807+0000] {logging_mixin.py:188} INFO - [2024-07-24T18:14:14.807+0000] {dagbag.py:545} INFO - Filling up the DagBag from /home/airflow/.local/lib/python3.12/site-packages/airflow/example_dags/example_sla_dag.py
[2024-07-24T18:14:14.816+0000] {processor.py:840} INFO - DAG(s) 'example_sla_dag' retrieved from /home/airflow/.local/lib/python3.12/site-packages/airflow/example_dags/example_sla_dag.py
[2024-07-24T18:14:14.835+0000] {logging_mixin.py:188} INFO - [2024-07-24T18:14:14.835+0000] {dag.py:3089} INFO - Sync 1 DAGs
[2024-07-24T18:14:14.860+0000] {logging_mixin.py:188} INFO - [2024-07-24T18:14:14.860+0000] {dag.py:3947} INFO - Setting next_dagrun for example_sla_dag to 2024-07-24 18:12:00+00:00, run_after=2024-07-24 18:14:00+00:00
[2024-07-24T18:14:14.888+0000] {processor.py:183} INFO - Processing /home/airflow/.local/lib/python3.12/site-packages/airflow/example_dags/example_sla_dag.py took 0.092 seconds
[2024-07-24T18:14:45.217+0000] {processor.py:161} INFO - Started process (PID=1063) to work on /home/airflow/.local/lib/python3.12/site-packages/airflow/example_dags/example_sla_dag.py
[2024-07-24T18:14:45.223+0000] {processor.py:830} INFO - Processing file /home/airflow/.local/lib/python3.12/site-packages/airflow/example_dags/example_sla_dag.py for tasks to queue
[2024-07-24T18:14:45.225+0000] {logging_mixin.py:188} INFO - [2024-07-24T18:14:45.224+0000] {dagbag.py:545} INFO - Filling up the DagBag from /home/airflow/.local/lib/python3.12/site-packages/airflow/example_dags/example_sla_dag.py
[2024-07-24T18:14:45.243+0000] {processor.py:840} INFO - DAG(s) 'example_sla_dag' retrieved from /home/airflow/.local/lib/python3.12/site-packages/airflow/example_dags/example_sla_dag.py
[2024-07-24T18:14:45.312+0000] {logging_mixin.py:188} INFO - [2024-07-24T18:14:45.311+0000] {dag.py:3089} INFO - Sync 1 DAGs
[2024-07-24T18:14:45.361+0000] {logging_mixin.py:188} INFO - [2024-07-24T18:14:45.361+0000] {dag.py:3947} INFO - Setting next_dagrun for example_sla_dag to 2024-07-24 18:12:00+00:00, run_after=2024-07-24 18:14:00+00:00
[2024-07-24T18:14:45.388+0000] {processor.py:183} INFO - Processing /home/airflow/.local/lib/python3.12/site-packages/airflow/example_dags/example_sla_dag.py took 0.193 seconds
[2024-07-24T18:15:16.279+0000] {processor.py:161} INFO - Started process (PID=1121) to work on /home/airflow/.local/lib/python3.12/site-packages/airflow/example_dags/example_sla_dag.py
[2024-07-24T18:15:16.283+0000] {processor.py:830} INFO - Processing file /home/airflow/.local/lib/python3.12/site-packages/airflow/example_dags/example_sla_dag.py for tasks to queue
[2024-07-24T18:15:16.285+0000] {logging_mixin.py:188} INFO - [2024-07-24T18:15:16.285+0000] {dagbag.py:545} INFO - Filling up the DagBag from /home/airflow/.local/lib/python3.12/site-packages/airflow/example_dags/example_sla_dag.py
[2024-07-24T18:15:16.324+0000] {processor.py:840} INFO - DAG(s) 'example_sla_dag' retrieved from /home/airflow/.local/lib/python3.12/site-packages/airflow/example_dags/example_sla_dag.py
[2024-07-24T18:15:16.394+0000] {logging_mixin.py:188} INFO - [2024-07-24T18:15:16.394+0000] {dag.py:3089} INFO - Sync 1 DAGs
[2024-07-24T18:15:16.492+0000] {logging_mixin.py:188} INFO - [2024-07-24T18:15:16.492+0000] {dag.py:3947} INFO - Setting next_dagrun for example_sla_dag to 2024-07-24 18:12:00+00:00, run_after=2024-07-24 18:14:00+00:00
[2024-07-24T18:15:16.594+0000] {processor.py:183} INFO - Processing /home/airflow/.local/lib/python3.12/site-packages/airflow/example_dags/example_sla_dag.py took 0.331 seconds
[2024-07-24T18:15:47.544+0000] {processor.py:161} INFO - Started process (PID=1179) to work on /home/airflow/.local/lib/python3.12/site-packages/airflow/example_dags/example_sla_dag.py
[2024-07-24T18:15:47.545+0000] {processor.py:830} INFO - Processing file /home/airflow/.local/lib/python3.12/site-packages/airflow/example_dags/example_sla_dag.py for tasks to queue
[2024-07-24T18:15:47.546+0000] {logging_mixin.py:188} INFO - [2024-07-24T18:15:47.546+0000] {dagbag.py:545} INFO - Filling up the DagBag from /home/airflow/.local/lib/python3.12/site-packages/airflow/example_dags/example_sla_dag.py
[2024-07-24T18:15:47.555+0000] {processor.py:840} INFO - DAG(s) 'example_sla_dag' retrieved from /home/airflow/.local/lib/python3.12/site-packages/airflow/example_dags/example_sla_dag.py
[2024-07-24T18:15:47.578+0000] {logging_mixin.py:188} INFO - [2024-07-24T18:15:47.578+0000] {dag.py:3089} INFO - Sync 1 DAGs
[2024-07-24T18:15:47.603+0000] {logging_mixin.py:188} INFO - [2024-07-24T18:15:47.603+0000] {dag.py:3947} INFO - Setting next_dagrun for example_sla_dag to 2024-07-24 18:12:00+00:00, run_after=2024-07-24 18:14:00+00:00
[2024-07-24T18:15:47.622+0000] {processor.py:183} INFO - Processing /home/airflow/.local/lib/python3.12/site-packages/airflow/example_dags/example_sla_dag.py took 0.083 seconds
[2024-07-24T18:16:18.258+0000] {processor.py:161} INFO - Started process (PID=1236) to work on /home/airflow/.local/lib/python3.12/site-packages/airflow/example_dags/example_sla_dag.py
[2024-07-24T18:16:18.260+0000] {processor.py:830} INFO - Processing file /home/airflow/.local/lib/python3.12/site-packages/airflow/example_dags/example_sla_dag.py for tasks to queue
[2024-07-24T18:16:18.262+0000] {logging_mixin.py:188} INFO - [2024-07-24T18:16:18.262+0000] {dagbag.py:545} INFO - Filling up the DagBag from /home/airflow/.local/lib/python3.12/site-packages/airflow/example_dags/example_sla_dag.py
[2024-07-24T18:16:18.269+0000] {processor.py:840} INFO - DAG(s) 'example_sla_dag' retrieved from /home/airflow/.local/lib/python3.12/site-packages/airflow/example_dags/example_sla_dag.py
[2024-07-24T18:16:18.290+0000] {logging_mixin.py:188} INFO - [2024-07-24T18:16:18.290+0000] {dag.py:3089} INFO - Sync 1 DAGs
[2024-07-24T18:16:18.317+0000] {logging_mixin.py:188} INFO - [2024-07-24T18:16:18.317+0000] {dag.py:3947} INFO - Setting next_dagrun for example_sla_dag to 2024-07-24 18:14:00+00:00, run_after=2024-07-24 18:16:00+00:00
[2024-07-24T18:16:18.335+0000] {processor.py:183} INFO - Processing /home/airflow/.local/lib/python3.12/site-packages/airflow/example_dags/example_sla_dag.py took 0.084 seconds
