[2024-07-24T18:06:01.647+0000] {processor.py:161} INFO - Started process (PID=69) to work on /home/airflow/.local/lib/python3.12/site-packages/airflow/example_dags/example_nested_branch_dag.py
[2024-07-24T18:06:01.655+0000] {processor.py:830} INFO - Processing file /home/airflow/.local/lib/python3.12/site-packages/airflow/example_dags/example_nested_branch_dag.py for tasks to queue
[2024-07-24T18:06:01.683+0000] {logging_mixin.py:188} INFO - [2024-07-24T18:06:01.683+0000] {dagbag.py:545} INFO - Filling up the DagBag from /home/airflow/.local/lib/python3.12/site-packages/airflow/example_dags/example_nested_branch_dag.py
[2024-07-24T18:06:01.740+0000] {processor.py:840} INFO - DAG(s) 'example_nested_branch_dag' retrieved from /home/airflow/.local/lib/python3.12/site-packages/airflow/example_dags/example_nested_branch_dag.py
[2024-07-24T18:06:02.209+0000] {logging_mixin.py:188} INFO - [2024-07-24T18:06:02.208+0000] {dag.py:3089} INFO - Sync 1 DAGs
[2024-07-24T18:06:02.263+0000] {logging_mixin.py:188} INFO - [2024-07-24T18:06:02.263+0000] {dag.py:3947} INFO - Setting next_dagrun for example_nested_branch_dag to 2024-07-23 00:00:00+00:00, run_after=2024-07-24 00:00:00+00:00
[2024-07-24T18:06:02.326+0000] {processor.py:183} INFO - Processing /home/airflow/.local/lib/python3.12/site-packages/airflow/example_dags/example_nested_branch_dag.py took 0.713 seconds
[2024-07-24T18:06:32.404+0000] {processor.py:161} INFO - Started process (PID=127) to work on /home/airflow/.local/lib/python3.12/site-packages/airflow/example_dags/example_nested_branch_dag.py
[2024-07-24T18:06:32.406+0000] {processor.py:830} INFO - Processing file /home/airflow/.local/lib/python3.12/site-packages/airflow/example_dags/example_nested_branch_dag.py for tasks to queue
[2024-07-24T18:06:32.408+0000] {logging_mixin.py:188} INFO - [2024-07-24T18:06:32.407+0000] {dagbag.py:545} INFO - Filling up the DagBag from /home/airflow/.local/lib/python3.12/site-packages/airflow/example_dags/example_nested_branch_dag.py
[2024-07-24T18:06:32.417+0000] {processor.py:840} INFO - DAG(s) 'example_nested_branch_dag' retrieved from /home/airflow/.local/lib/python3.12/site-packages/airflow/example_dags/example_nested_branch_dag.py
[2024-07-24T18:06:32.447+0000] {logging_mixin.py:188} INFO - [2024-07-24T18:06:32.447+0000] {dag.py:3089} INFO - Sync 1 DAGs
[2024-07-24T18:06:32.470+0000] {logging_mixin.py:188} INFO - [2024-07-24T18:06:32.470+0000] {dag.py:3947} INFO - Setting next_dagrun for example_nested_branch_dag to 2024-07-23 00:00:00+00:00, run_after=2024-07-24 00:00:00+00:00
[2024-07-24T18:06:32.495+0000] {processor.py:183} INFO - Processing /home/airflow/.local/lib/python3.12/site-packages/airflow/example_dags/example_nested_branch_dag.py took 0.097 seconds
[2024-07-24T18:07:02.756+0000] {processor.py:161} INFO - Started process (PID=185) to work on /home/airflow/.local/lib/python3.12/site-packages/airflow/example_dags/example_nested_branch_dag.py
[2024-07-24T18:07:02.759+0000] {processor.py:830} INFO - Processing file /home/airflow/.local/lib/python3.12/site-packages/airflow/example_dags/example_nested_branch_dag.py for tasks to queue
[2024-07-24T18:07:02.760+0000] {logging_mixin.py:188} INFO - [2024-07-24T18:07:02.760+0000] {dagbag.py:545} INFO - Filling up the DagBag from /home/airflow/.local/lib/python3.12/site-packages/airflow/example_dags/example_nested_branch_dag.py
[2024-07-24T18:07:02.770+0000] {processor.py:840} INFO - DAG(s) 'example_nested_branch_dag' retrieved from /home/airflow/.local/lib/python3.12/site-packages/airflow/example_dags/example_nested_branch_dag.py
[2024-07-24T18:07:02.799+0000] {logging_mixin.py:188} INFO - [2024-07-24T18:07:02.799+0000] {dag.py:3089} INFO - Sync 1 DAGs
[2024-07-24T18:07:02.824+0000] {logging_mixin.py:188} INFO - [2024-07-24T18:07:02.823+0000] {dag.py:3947} INFO - Setting next_dagrun for example_nested_branch_dag to 2024-07-23 00:00:00+00:00, run_after=2024-07-24 00:00:00+00:00
[2024-07-24T18:07:02.845+0000] {processor.py:183} INFO - Processing /home/airflow/.local/lib/python3.12/site-packages/airflow/example_dags/example_nested_branch_dag.py took 0.094 seconds
[2024-07-24T18:07:32.893+0000] {processor.py:161} INFO - Started process (PID=243) to work on /home/airflow/.local/lib/python3.12/site-packages/airflow/example_dags/example_nested_branch_dag.py
[2024-07-24T18:07:32.893+0000] {processor.py:830} INFO - Processing file /home/airflow/.local/lib/python3.12/site-packages/airflow/example_dags/example_nested_branch_dag.py for tasks to queue
[2024-07-24T18:07:32.895+0000] {logging_mixin.py:188} INFO - [2024-07-24T18:07:32.894+0000] {dagbag.py:545} INFO - Filling up the DagBag from /home/airflow/.local/lib/python3.12/site-packages/airflow/example_dags/example_nested_branch_dag.py
[2024-07-24T18:07:32.905+0000] {processor.py:840} INFO - DAG(s) 'example_nested_branch_dag' retrieved from /home/airflow/.local/lib/python3.12/site-packages/airflow/example_dags/example_nested_branch_dag.py
[2024-07-24T18:07:32.932+0000] {logging_mixin.py:188} INFO - [2024-07-24T18:07:32.931+0000] {dag.py:3089} INFO - Sync 1 DAGs
[2024-07-24T18:07:32.955+0000] {logging_mixin.py:188} INFO - [2024-07-24T18:07:32.955+0000] {dag.py:3947} INFO - Setting next_dagrun for example_nested_branch_dag to 2024-07-23 00:00:00+00:00, run_after=2024-07-24 00:00:00+00:00
[2024-07-24T18:07:32.982+0000] {processor.py:183} INFO - Processing /home/airflow/.local/lib/python3.12/site-packages/airflow/example_dags/example_nested_branch_dag.py took 0.096 seconds
[2024-07-24T18:08:03.277+0000] {processor.py:161} INFO - Started process (PID=300) to work on /home/airflow/.local/lib/python3.12/site-packages/airflow/example_dags/example_nested_branch_dag.py
[2024-07-24T18:08:03.279+0000] {processor.py:830} INFO - Processing file /home/airflow/.local/lib/python3.12/site-packages/airflow/example_dags/example_nested_branch_dag.py for tasks to queue
[2024-07-24T18:08:03.281+0000] {logging_mixin.py:188} INFO - [2024-07-24T18:08:03.281+0000] {dagbag.py:545} INFO - Filling up the DagBag from /home/airflow/.local/lib/python3.12/site-packages/airflow/example_dags/example_nested_branch_dag.py
[2024-07-24T18:08:03.290+0000] {processor.py:840} INFO - DAG(s) 'example_nested_branch_dag' retrieved from /home/airflow/.local/lib/python3.12/site-packages/airflow/example_dags/example_nested_branch_dag.py
[2024-07-24T18:08:03.315+0000] {logging_mixin.py:188} INFO - [2024-07-24T18:08:03.314+0000] {dag.py:3089} INFO - Sync 1 DAGs
[2024-07-24T18:08:03.341+0000] {logging_mixin.py:188} INFO - [2024-07-24T18:08:03.341+0000] {dag.py:3947} INFO - Setting next_dagrun for example_nested_branch_dag to 2024-07-23 00:00:00+00:00, run_after=2024-07-24 00:00:00+00:00
[2024-07-24T18:08:03.366+0000] {processor.py:183} INFO - Processing /home/airflow/.local/lib/python3.12/site-packages/airflow/example_dags/example_nested_branch_dag.py took 0.095 seconds
[2024-07-24T18:08:33.661+0000] {processor.py:161} INFO - Started process (PID=358) to work on /home/airflow/.local/lib/python3.12/site-packages/airflow/example_dags/example_nested_branch_dag.py
[2024-07-24T18:08:33.664+0000] {processor.py:830} INFO - Processing file /home/airflow/.local/lib/python3.12/site-packages/airflow/example_dags/example_nested_branch_dag.py for tasks to queue
[2024-07-24T18:08:33.667+0000] {logging_mixin.py:188} INFO - [2024-07-24T18:08:33.665+0000] {dagbag.py:545} INFO - Filling up the DagBag from /home/airflow/.local/lib/python3.12/site-packages/airflow/example_dags/example_nested_branch_dag.py
[2024-07-24T18:08:33.703+0000] {processor.py:840} INFO - DAG(s) 'example_nested_branch_dag' retrieved from /home/airflow/.local/lib/python3.12/site-packages/airflow/example_dags/example_nested_branch_dag.py
[2024-07-24T18:08:33.768+0000] {logging_mixin.py:188} INFO - [2024-07-24T18:08:33.764+0000] {dag.py:3089} INFO - Sync 1 DAGs
[2024-07-24T18:08:33.817+0000] {logging_mixin.py:188} INFO - [2024-07-24T18:08:33.816+0000] {dag.py:3947} INFO - Setting next_dagrun for example_nested_branch_dag to 2024-07-23 00:00:00+00:00, run_after=2024-07-24 00:00:00+00:00
[2024-07-24T18:08:33.876+0000] {processor.py:183} INFO - Processing /home/airflow/.local/lib/python3.12/site-packages/airflow/example_dags/example_nested_branch_dag.py took 0.226 seconds
[2024-07-24T18:09:03.981+0000] {processor.py:161} INFO - Started process (PID=416) to work on /home/airflow/.local/lib/python3.12/site-packages/airflow/example_dags/example_nested_branch_dag.py
[2024-07-24T18:09:03.982+0000] {processor.py:830} INFO - Processing file /home/airflow/.local/lib/python3.12/site-packages/airflow/example_dags/example_nested_branch_dag.py for tasks to queue
[2024-07-24T18:09:03.985+0000] {logging_mixin.py:188} INFO - [2024-07-24T18:09:03.985+0000] {dagbag.py:545} INFO - Filling up the DagBag from /home/airflow/.local/lib/python3.12/site-packages/airflow/example_dags/example_nested_branch_dag.py
[2024-07-24T18:09:03.995+0000] {processor.py:840} INFO - DAG(s) 'example_nested_branch_dag' retrieved from /home/airflow/.local/lib/python3.12/site-packages/airflow/example_dags/example_nested_branch_dag.py
[2024-07-24T18:09:04.021+0000] {logging_mixin.py:188} INFO - [2024-07-24T18:09:04.021+0000] {dag.py:3089} INFO - Sync 1 DAGs
[2024-07-24T18:09:04.053+0000] {logging_mixin.py:188} INFO - [2024-07-24T18:09:04.053+0000] {dag.py:3947} INFO - Setting next_dagrun for example_nested_branch_dag to 2024-07-23 00:00:00+00:00, run_after=2024-07-24 00:00:00+00:00
[2024-07-24T18:09:04.073+0000] {processor.py:183} INFO - Processing /home/airflow/.local/lib/python3.12/site-packages/airflow/example_dags/example_nested_branch_dag.py took 0.099 seconds
[2024-07-24T18:09:34.200+0000] {processor.py:161} INFO - Started process (PID=474) to work on /home/airflow/.local/lib/python3.12/site-packages/airflow/example_dags/example_nested_branch_dag.py
[2024-07-24T18:09:34.201+0000] {processor.py:830} INFO - Processing file /home/airflow/.local/lib/python3.12/site-packages/airflow/example_dags/example_nested_branch_dag.py for tasks to queue
[2024-07-24T18:09:34.202+0000] {logging_mixin.py:188} INFO - [2024-07-24T18:09:34.202+0000] {dagbag.py:545} INFO - Filling up the DagBag from /home/airflow/.local/lib/python3.12/site-packages/airflow/example_dags/example_nested_branch_dag.py
[2024-07-24T18:09:34.215+0000] {processor.py:840} INFO - DAG(s) 'example_nested_branch_dag' retrieved from /home/airflow/.local/lib/python3.12/site-packages/airflow/example_dags/example_nested_branch_dag.py
[2024-07-24T18:09:34.246+0000] {logging_mixin.py:188} INFO - [2024-07-24T18:09:34.245+0000] {dag.py:3089} INFO - Sync 1 DAGs
[2024-07-24T18:09:34.280+0000] {logging_mixin.py:188} INFO - [2024-07-24T18:09:34.279+0000] {dag.py:3947} INFO - Setting next_dagrun for example_nested_branch_dag to 2024-07-23 00:00:00+00:00, run_after=2024-07-24 00:00:00+00:00
[2024-07-24T18:09:34.303+0000] {processor.py:183} INFO - Processing /home/airflow/.local/lib/python3.12/site-packages/airflow/example_dags/example_nested_branch_dag.py took 0.108 seconds
[2024-07-24T18:10:04.425+0000] {processor.py:161} INFO - Started process (PID=532) to work on /home/airflow/.local/lib/python3.12/site-packages/airflow/example_dags/example_nested_branch_dag.py
[2024-07-24T18:10:04.428+0000] {processor.py:830} INFO - Processing file /home/airflow/.local/lib/python3.12/site-packages/airflow/example_dags/example_nested_branch_dag.py for tasks to queue
[2024-07-24T18:10:04.430+0000] {logging_mixin.py:188} INFO - [2024-07-24T18:10:04.430+0000] {dagbag.py:545} INFO - Filling up the DagBag from /home/airflow/.local/lib/python3.12/site-packages/airflow/example_dags/example_nested_branch_dag.py
[2024-07-24T18:10:04.442+0000] {processor.py:840} INFO - DAG(s) 'example_nested_branch_dag' retrieved from /home/airflow/.local/lib/python3.12/site-packages/airflow/example_dags/example_nested_branch_dag.py
[2024-07-24T18:10:04.474+0000] {logging_mixin.py:188} INFO - [2024-07-24T18:10:04.474+0000] {dag.py:3089} INFO - Sync 1 DAGs
[2024-07-24T18:10:04.499+0000] {logging_mixin.py:188} INFO - [2024-07-24T18:10:04.499+0000] {dag.py:3947} INFO - Setting next_dagrun for example_nested_branch_dag to 2024-07-23 00:00:00+00:00, run_after=2024-07-24 00:00:00+00:00
[2024-07-24T18:10:04.527+0000] {processor.py:183} INFO - Processing /home/airflow/.local/lib/python3.12/site-packages/airflow/example_dags/example_nested_branch_dag.py took 0.115 seconds
[2024-07-24T18:10:34.742+0000] {processor.py:161} INFO - Started process (PID=590) to work on /home/airflow/.local/lib/python3.12/site-packages/airflow/example_dags/example_nested_branch_dag.py
[2024-07-24T18:10:34.743+0000] {processor.py:830} INFO - Processing file /home/airflow/.local/lib/python3.12/site-packages/airflow/example_dags/example_nested_branch_dag.py for tasks to queue
[2024-07-24T18:10:34.745+0000] {logging_mixin.py:188} INFO - [2024-07-24T18:10:34.745+0000] {dagbag.py:545} INFO - Filling up the DagBag from /home/airflow/.local/lib/python3.12/site-packages/airflow/example_dags/example_nested_branch_dag.py
[2024-07-24T18:10:34.755+0000] {processor.py:840} INFO - DAG(s) 'example_nested_branch_dag' retrieved from /home/airflow/.local/lib/python3.12/site-packages/airflow/example_dags/example_nested_branch_dag.py
[2024-07-24T18:10:34.777+0000] {logging_mixin.py:188} INFO - [2024-07-24T18:10:34.777+0000] {dag.py:3089} INFO - Sync 1 DAGs
[2024-07-24T18:10:34.804+0000] {logging_mixin.py:188} INFO - [2024-07-24T18:10:34.804+0000] {dag.py:3947} INFO - Setting next_dagrun for example_nested_branch_dag to 2024-07-23 00:00:00+00:00, run_after=2024-07-24 00:00:00+00:00
[2024-07-24T18:10:34.829+0000] {processor.py:183} INFO - Processing /home/airflow/.local/lib/python3.12/site-packages/airflow/example_dags/example_nested_branch_dag.py took 0.092 seconds
[2024-07-24T18:11:05.322+0000] {processor.py:161} INFO - Started process (PID=647) to work on /home/airflow/.local/lib/python3.12/site-packages/airflow/example_dags/example_nested_branch_dag.py
[2024-07-24T18:11:05.324+0000] {processor.py:830} INFO - Processing file /home/airflow/.local/lib/python3.12/site-packages/airflow/example_dags/example_nested_branch_dag.py for tasks to queue
[2024-07-24T18:11:05.327+0000] {logging_mixin.py:188} INFO - [2024-07-24T18:11:05.327+0000] {dagbag.py:545} INFO - Filling up the DagBag from /home/airflow/.local/lib/python3.12/site-packages/airflow/example_dags/example_nested_branch_dag.py
[2024-07-24T18:11:05.338+0000] {processor.py:840} INFO - DAG(s) 'example_nested_branch_dag' retrieved from /home/airflow/.local/lib/python3.12/site-packages/airflow/example_dags/example_nested_branch_dag.py
[2024-07-24T18:11:05.364+0000] {logging_mixin.py:188} INFO - [2024-07-24T18:11:05.363+0000] {dag.py:3089} INFO - Sync 1 DAGs
[2024-07-24T18:11:05.387+0000] {logging_mixin.py:188} INFO - [2024-07-24T18:11:05.386+0000] {dag.py:3947} INFO - Setting next_dagrun for example_nested_branch_dag to 2024-07-23 00:00:00+00:00, run_after=2024-07-24 00:00:00+00:00
[2024-07-24T18:11:05.411+0000] {processor.py:183} INFO - Processing /home/airflow/.local/lib/python3.12/site-packages/airflow/example_dags/example_nested_branch_dag.py took 0.094 seconds
[2024-07-24T18:11:35.739+0000] {processor.py:161} INFO - Started process (PID=705) to work on /home/airflow/.local/lib/python3.12/site-packages/airflow/example_dags/example_nested_branch_dag.py
[2024-07-24T18:11:35.740+0000] {processor.py:830} INFO - Processing file /home/airflow/.local/lib/python3.12/site-packages/airflow/example_dags/example_nested_branch_dag.py for tasks to queue
[2024-07-24T18:11:35.741+0000] {logging_mixin.py:188} INFO - [2024-07-24T18:11:35.741+0000] {dagbag.py:545} INFO - Filling up the DagBag from /home/airflow/.local/lib/python3.12/site-packages/airflow/example_dags/example_nested_branch_dag.py
[2024-07-24T18:11:35.753+0000] {processor.py:840} INFO - DAG(s) 'example_nested_branch_dag' retrieved from /home/airflow/.local/lib/python3.12/site-packages/airflow/example_dags/example_nested_branch_dag.py
[2024-07-24T18:11:35.777+0000] {logging_mixin.py:188} INFO - [2024-07-24T18:11:35.777+0000] {dag.py:3089} INFO - Sync 1 DAGs
[2024-07-24T18:11:35.798+0000] {logging_mixin.py:188} INFO - [2024-07-24T18:11:35.798+0000] {dag.py:3947} INFO - Setting next_dagrun for example_nested_branch_dag to 2024-07-23 00:00:00+00:00, run_after=2024-07-24 00:00:00+00:00
[2024-07-24T18:11:35.828+0000] {processor.py:183} INFO - Processing /home/airflow/.local/lib/python3.12/site-packages/airflow/example_dags/example_nested_branch_dag.py took 0.100 seconds
[2024-07-24T18:12:06.189+0000] {processor.py:161} INFO - Started process (PID=763) to work on /home/airflow/.local/lib/python3.12/site-packages/airflow/example_dags/example_nested_branch_dag.py
[2024-07-24T18:12:06.194+0000] {processor.py:830} INFO - Processing file /home/airflow/.local/lib/python3.12/site-packages/airflow/example_dags/example_nested_branch_dag.py for tasks to queue
[2024-07-24T18:12:06.195+0000] {logging_mixin.py:188} INFO - [2024-07-24T18:12:06.195+0000] {dagbag.py:545} INFO - Filling up the DagBag from /home/airflow/.local/lib/python3.12/site-packages/airflow/example_dags/example_nested_branch_dag.py
[2024-07-24T18:12:06.206+0000] {processor.py:840} INFO - DAG(s) 'example_nested_branch_dag' retrieved from /home/airflow/.local/lib/python3.12/site-packages/airflow/example_dags/example_nested_branch_dag.py
[2024-07-24T18:12:06.230+0000] {logging_mixin.py:188} INFO - [2024-07-24T18:12:06.230+0000] {dag.py:3089} INFO - Sync 1 DAGs
[2024-07-24T18:12:06.253+0000] {logging_mixin.py:188} INFO - [2024-07-24T18:12:06.252+0000] {dag.py:3947} INFO - Setting next_dagrun for example_nested_branch_dag to 2024-07-23 00:00:00+00:00, run_after=2024-07-24 00:00:00+00:00
[2024-07-24T18:12:06.275+0000] {processor.py:183} INFO - Processing /home/airflow/.local/lib/python3.12/site-packages/airflow/example_dags/example_nested_branch_dag.py took 0.090 seconds
[2024-07-24T18:12:37.275+0000] {processor.py:161} INFO - Started process (PID=821) to work on /home/airflow/.local/lib/python3.12/site-packages/airflow/example_dags/example_nested_branch_dag.py
[2024-07-24T18:12:37.276+0000] {processor.py:830} INFO - Processing file /home/airflow/.local/lib/python3.12/site-packages/airflow/example_dags/example_nested_branch_dag.py for tasks to queue
[2024-07-24T18:12:37.277+0000] {logging_mixin.py:188} INFO - [2024-07-24T18:12:37.277+0000] {dagbag.py:545} INFO - Filling up the DagBag from /home/airflow/.local/lib/python3.12/site-packages/airflow/example_dags/example_nested_branch_dag.py
[2024-07-24T18:12:37.291+0000] {processor.py:840} INFO - DAG(s) 'example_nested_branch_dag' retrieved from /home/airflow/.local/lib/python3.12/site-packages/airflow/example_dags/example_nested_branch_dag.py
[2024-07-24T18:12:37.314+0000] {logging_mixin.py:188} INFO - [2024-07-24T18:12:37.313+0000] {dag.py:3089} INFO - Sync 1 DAGs
[2024-07-24T18:12:37.340+0000] {logging_mixin.py:188} INFO - [2024-07-24T18:12:37.340+0000] {dag.py:3947} INFO - Setting next_dagrun for example_nested_branch_dag to 2024-07-23 00:00:00+00:00, run_after=2024-07-24 00:00:00+00:00
[2024-07-24T18:12:37.363+0000] {processor.py:183} INFO - Processing /home/airflow/.local/lib/python3.12/site-packages/airflow/example_dags/example_nested_branch_dag.py took 0.093 seconds
[2024-07-24T18:13:08.225+0000] {processor.py:161} INFO - Started process (PID=879) to work on /home/airflow/.local/lib/python3.12/site-packages/airflow/example_dags/example_nested_branch_dag.py
[2024-07-24T18:13:08.227+0000] {processor.py:830} INFO - Processing file /home/airflow/.local/lib/python3.12/site-packages/airflow/example_dags/example_nested_branch_dag.py for tasks to queue
[2024-07-24T18:13:08.229+0000] {logging_mixin.py:188} INFO - [2024-07-24T18:13:08.228+0000] {dagbag.py:545} INFO - Filling up the DagBag from /home/airflow/.local/lib/python3.12/site-packages/airflow/example_dags/example_nested_branch_dag.py
[2024-07-24T18:13:08.237+0000] {processor.py:840} INFO - DAG(s) 'example_nested_branch_dag' retrieved from /home/airflow/.local/lib/python3.12/site-packages/airflow/example_dags/example_nested_branch_dag.py
[2024-07-24T18:13:08.262+0000] {logging_mixin.py:188} INFO - [2024-07-24T18:13:08.262+0000] {dag.py:3089} INFO - Sync 1 DAGs
[2024-07-24T18:13:08.286+0000] {logging_mixin.py:188} INFO - [2024-07-24T18:13:08.286+0000] {dag.py:3947} INFO - Setting next_dagrun for example_nested_branch_dag to 2024-07-23 00:00:00+00:00, run_after=2024-07-24 00:00:00+00:00
[2024-07-24T18:13:08.309+0000] {processor.py:183} INFO - Processing /home/airflow/.local/lib/python3.12/site-packages/airflow/example_dags/example_nested_branch_dag.py took 0.093 seconds
[2024-07-24T18:13:38.458+0000] {processor.py:161} INFO - Started process (PID=937) to work on /home/airflow/.local/lib/python3.12/site-packages/airflow/example_dags/example_nested_branch_dag.py
[2024-07-24T18:13:38.459+0000] {processor.py:830} INFO - Processing file /home/airflow/.local/lib/python3.12/site-packages/airflow/example_dags/example_nested_branch_dag.py for tasks to queue
[2024-07-24T18:13:38.463+0000] {logging_mixin.py:188} INFO - [2024-07-24T18:13:38.463+0000] {dagbag.py:545} INFO - Filling up the DagBag from /home/airflow/.local/lib/python3.12/site-packages/airflow/example_dags/example_nested_branch_dag.py
[2024-07-24T18:13:38.473+0000] {processor.py:840} INFO - DAG(s) 'example_nested_branch_dag' retrieved from /home/airflow/.local/lib/python3.12/site-packages/airflow/example_dags/example_nested_branch_dag.py
[2024-07-24T18:13:38.501+0000] {logging_mixin.py:188} INFO - [2024-07-24T18:13:38.501+0000] {dag.py:3089} INFO - Sync 1 DAGs
[2024-07-24T18:13:38.528+0000] {logging_mixin.py:188} INFO - [2024-07-24T18:13:38.527+0000] {dag.py:3947} INFO - Setting next_dagrun for example_nested_branch_dag to 2024-07-23 00:00:00+00:00, run_after=2024-07-24 00:00:00+00:00
[2024-07-24T18:13:38.553+0000] {processor.py:183} INFO - Processing /home/airflow/.local/lib/python3.12/site-packages/airflow/example_dags/example_nested_branch_dag.py took 0.100 seconds
[2024-07-24T18:14:09.154+0000] {processor.py:161} INFO - Started process (PID=995) to work on /home/airflow/.local/lib/python3.12/site-packages/airflow/example_dags/example_nested_branch_dag.py
[2024-07-24T18:14:09.158+0000] {processor.py:830} INFO - Processing file /home/airflow/.local/lib/python3.12/site-packages/airflow/example_dags/example_nested_branch_dag.py for tasks to queue
[2024-07-24T18:14:09.163+0000] {logging_mixin.py:188} INFO - [2024-07-24T18:14:09.163+0000] {dagbag.py:545} INFO - Filling up the DagBag from /home/airflow/.local/lib/python3.12/site-packages/airflow/example_dags/example_nested_branch_dag.py
[2024-07-24T18:14:09.202+0000] {processor.py:840} INFO - DAG(s) 'example_nested_branch_dag' retrieved from /home/airflow/.local/lib/python3.12/site-packages/airflow/example_dags/example_nested_branch_dag.py
[2024-07-24T18:14:09.272+0000] {logging_mixin.py:188} INFO - [2024-07-24T18:14:09.272+0000] {dag.py:3089} INFO - Sync 1 DAGs
[2024-07-24T18:14:09.320+0000] {logging_mixin.py:188} INFO - [2024-07-24T18:14:09.320+0000] {dag.py:3947} INFO - Setting next_dagrun for example_nested_branch_dag to 2024-07-23 00:00:00+00:00, run_after=2024-07-24 00:00:00+00:00
[2024-07-24T18:14:09.365+0000] {processor.py:183} INFO - Processing /home/airflow/.local/lib/python3.12/site-packages/airflow/example_dags/example_nested_branch_dag.py took 0.225 seconds
[2024-07-24T18:14:39.807+0000] {processor.py:161} INFO - Started process (PID=1052) to work on /home/airflow/.local/lib/python3.12/site-packages/airflow/example_dags/example_nested_branch_dag.py
[2024-07-24T18:14:39.808+0000] {processor.py:830} INFO - Processing file /home/airflow/.local/lib/python3.12/site-packages/airflow/example_dags/example_nested_branch_dag.py for tasks to queue
[2024-07-24T18:14:39.810+0000] {logging_mixin.py:188} INFO - [2024-07-24T18:14:39.809+0000] {dagbag.py:545} INFO - Filling up the DagBag from /home/airflow/.local/lib/python3.12/site-packages/airflow/example_dags/example_nested_branch_dag.py
[2024-07-24T18:14:39.820+0000] {processor.py:840} INFO - DAG(s) 'example_nested_branch_dag' retrieved from /home/airflow/.local/lib/python3.12/site-packages/airflow/example_dags/example_nested_branch_dag.py
[2024-07-24T18:14:39.848+0000] {logging_mixin.py:188} INFO - [2024-07-24T18:14:39.848+0000] {dag.py:3089} INFO - Sync 1 DAGs
[2024-07-24T18:14:39.873+0000] {logging_mixin.py:188} INFO - [2024-07-24T18:14:39.872+0000] {dag.py:3947} INFO - Setting next_dagrun for example_nested_branch_dag to 2024-07-23 00:00:00+00:00, run_after=2024-07-24 00:00:00+00:00
[2024-07-24T18:14:39.902+0000] {processor.py:183} INFO - Processing /home/airflow/.local/lib/python3.12/site-packages/airflow/example_dags/example_nested_branch_dag.py took 0.101 seconds
[2024-07-24T18:15:10.350+0000] {processor.py:161} INFO - Started process (PID=1110) to work on /home/airflow/.local/lib/python3.12/site-packages/airflow/example_dags/example_nested_branch_dag.py
[2024-07-24T18:15:10.356+0000] {processor.py:830} INFO - Processing file /home/airflow/.local/lib/python3.12/site-packages/airflow/example_dags/example_nested_branch_dag.py for tasks to queue
[2024-07-24T18:15:10.357+0000] {logging_mixin.py:188} INFO - [2024-07-24T18:15:10.357+0000] {dagbag.py:545} INFO - Filling up the DagBag from /home/airflow/.local/lib/python3.12/site-packages/airflow/example_dags/example_nested_branch_dag.py
[2024-07-24T18:15:10.366+0000] {processor.py:840} INFO - DAG(s) 'example_nested_branch_dag' retrieved from /home/airflow/.local/lib/python3.12/site-packages/airflow/example_dags/example_nested_branch_dag.py
[2024-07-24T18:15:10.391+0000] {logging_mixin.py:188} INFO - [2024-07-24T18:15:10.391+0000] {dag.py:3089} INFO - Sync 1 DAGs
[2024-07-24T18:15:10.416+0000] {logging_mixin.py:188} INFO - [2024-07-24T18:15:10.416+0000] {dag.py:3947} INFO - Setting next_dagrun for example_nested_branch_dag to 2024-07-23 00:00:00+00:00, run_after=2024-07-24 00:00:00+00:00
[2024-07-24T18:15:10.435+0000] {processor.py:183} INFO - Processing /home/airflow/.local/lib/python3.12/site-packages/airflow/example_dags/example_nested_branch_dag.py took 0.090 seconds
[2024-07-24T18:15:41.063+0000] {processor.py:161} INFO - Started process (PID=1168) to work on /home/airflow/.local/lib/python3.12/site-packages/airflow/example_dags/example_nested_branch_dag.py
[2024-07-24T18:15:41.064+0000] {processor.py:830} INFO - Processing file /home/airflow/.local/lib/python3.12/site-packages/airflow/example_dags/example_nested_branch_dag.py for tasks to queue
[2024-07-24T18:15:41.066+0000] {logging_mixin.py:188} INFO - [2024-07-24T18:15:41.066+0000] {dagbag.py:545} INFO - Filling up the DagBag from /home/airflow/.local/lib/python3.12/site-packages/airflow/example_dags/example_nested_branch_dag.py
[2024-07-24T18:15:41.074+0000] {processor.py:840} INFO - DAG(s) 'example_nested_branch_dag' retrieved from /home/airflow/.local/lib/python3.12/site-packages/airflow/example_dags/example_nested_branch_dag.py
[2024-07-24T18:15:41.103+0000] {logging_mixin.py:188} INFO - [2024-07-24T18:15:41.102+0000] {dag.py:3089} INFO - Sync 1 DAGs
[2024-07-24T18:15:41.128+0000] {logging_mixin.py:188} INFO - [2024-07-24T18:15:41.127+0000] {dag.py:3947} INFO - Setting next_dagrun for example_nested_branch_dag to 2024-07-23 00:00:00+00:00, run_after=2024-07-24 00:00:00+00:00
[2024-07-24T18:15:41.153+0000] {processor.py:183} INFO - Processing /home/airflow/.local/lib/python3.12/site-packages/airflow/example_dags/example_nested_branch_dag.py took 0.098 seconds
[2024-07-24T18:16:11.567+0000] {processor.py:161} INFO - Started process (PID=1225) to work on /home/airflow/.local/lib/python3.12/site-packages/airflow/example_dags/example_nested_branch_dag.py
[2024-07-24T18:16:11.572+0000] {processor.py:830} INFO - Processing file /home/airflow/.local/lib/python3.12/site-packages/airflow/example_dags/example_nested_branch_dag.py for tasks to queue
[2024-07-24T18:16:11.574+0000] {logging_mixin.py:188} INFO - [2024-07-24T18:16:11.573+0000] {dagbag.py:545} INFO - Filling up the DagBag from /home/airflow/.local/lib/python3.12/site-packages/airflow/example_dags/example_nested_branch_dag.py
[2024-07-24T18:16:11.584+0000] {processor.py:840} INFO - DAG(s) 'example_nested_branch_dag' retrieved from /home/airflow/.local/lib/python3.12/site-packages/airflow/example_dags/example_nested_branch_dag.py
[2024-07-24T18:16:11.620+0000] {logging_mixin.py:188} INFO - [2024-07-24T18:16:11.620+0000] {dag.py:3089} INFO - Sync 1 DAGs
[2024-07-24T18:16:11.652+0000] {logging_mixin.py:188} INFO - [2024-07-24T18:16:11.651+0000] {dag.py:3947} INFO - Setting next_dagrun for example_nested_branch_dag to 2024-07-23 00:00:00+00:00, run_after=2024-07-24 00:00:00+00:00
[2024-07-24T18:16:11.674+0000] {processor.py:183} INFO - Processing /home/airflow/.local/lib/python3.12/site-packages/airflow/example_dags/example_nested_branch_dag.py took 0.112 seconds
