[2024-07-24T18:06:02.425+0000] {processor.py:161} INFO - Started process (PID=71) to work on /home/airflow/.local/lib/python3.12/site-packages/airflow/example_dags/example_branch_python_dop_operator_3.py
[2024-07-24T18:06:02.425+0000] {processor.py:830} INFO - Processing file /home/airflow/.local/lib/python3.12/site-packages/airflow/example_dags/example_branch_python_dop_operator_3.py for tasks to queue
[2024-07-24T18:06:02.433+0000] {logging_mixin.py:188} INFO - [2024-07-24T18:06:02.432+0000] {dagbag.py:545} INFO - Filling up the DagBag from /home/airflow/.local/lib/python3.12/site-packages/airflow/example_dags/example_branch_python_dop_operator_3.py
[2024-07-24T18:06:02.470+0000] {processor.py:840} INFO - DAG(s) 'example_branch_dop_operator_v3' retrieved from /home/airflow/.local/lib/python3.12/site-packages/airflow/example_dags/example_branch_python_dop_operator_3.py
[2024-07-24T18:06:02.886+0000] {logging_mixin.py:188} INFO - [2024-07-24T18:06:02.885+0000] {dag.py:3089} INFO - Sync 1 DAGs
[2024-07-24T18:06:03.023+0000] {logging_mixin.py:188} INFO - [2024-07-24T18:06:03.023+0000] {dag.py:3947} INFO - Setting next_dagrun for example_branch_dop_operator_v3 to 2024-07-24 18:05:00+00:00, run_after=2024-07-24 18:06:00+00:00
[2024-07-24T18:06:03.127+0000] {processor.py:183} INFO - Processing /home/airflow/.local/lib/python3.12/site-packages/airflow/example_dags/example_branch_python_dop_operator_3.py took 0.721 seconds
[2024-07-24T18:06:33.430+0000] {processor.py:161} INFO - Started process (PID=129) to work on /home/airflow/.local/lib/python3.12/site-packages/airflow/example_dags/example_branch_python_dop_operator_3.py
[2024-07-24T18:06:33.433+0000] {processor.py:830} INFO - Processing file /home/airflow/.local/lib/python3.12/site-packages/airflow/example_dags/example_branch_python_dop_operator_3.py for tasks to queue
[2024-07-24T18:06:33.434+0000] {logging_mixin.py:188} INFO - [2024-07-24T18:06:33.434+0000] {dagbag.py:545} INFO - Filling up the DagBag from /home/airflow/.local/lib/python3.12/site-packages/airflow/example_dags/example_branch_python_dop_operator_3.py
[2024-07-24T18:06:33.441+0000] {processor.py:840} INFO - DAG(s) 'example_branch_dop_operator_v3' retrieved from /home/airflow/.local/lib/python3.12/site-packages/airflow/example_dags/example_branch_python_dop_operator_3.py
[2024-07-24T18:06:33.464+0000] {logging_mixin.py:188} INFO - [2024-07-24T18:06:33.464+0000] {dag.py:3089} INFO - Sync 1 DAGs
[2024-07-24T18:06:33.491+0000] {logging_mixin.py:188} INFO - [2024-07-24T18:06:33.490+0000] {dag.py:3947} INFO - Setting next_dagrun for example_branch_dop_operator_v3 to 2024-07-24 18:05:00+00:00, run_after=2024-07-24 18:06:00+00:00
[2024-07-24T18:06:33.520+0000] {processor.py:183} INFO - Processing /home/airflow/.local/lib/python3.12/site-packages/airflow/example_dags/example_branch_python_dop_operator_3.py took 0.097 seconds
[2024-07-24T18:07:03.780+0000] {processor.py:161} INFO - Started process (PID=187) to work on /home/airflow/.local/lib/python3.12/site-packages/airflow/example_dags/example_branch_python_dop_operator_3.py
[2024-07-24T18:07:03.784+0000] {processor.py:830} INFO - Processing file /home/airflow/.local/lib/python3.12/site-packages/airflow/example_dags/example_branch_python_dop_operator_3.py for tasks to queue
[2024-07-24T18:07:03.786+0000] {logging_mixin.py:188} INFO - [2024-07-24T18:07:03.785+0000] {dagbag.py:545} INFO - Filling up the DagBag from /home/airflow/.local/lib/python3.12/site-packages/airflow/example_dags/example_branch_python_dop_operator_3.py
[2024-07-24T18:07:03.795+0000] {processor.py:840} INFO - DAG(s) 'example_branch_dop_operator_v3' retrieved from /home/airflow/.local/lib/python3.12/site-packages/airflow/example_dags/example_branch_python_dop_operator_3.py
[2024-07-24T18:07:03.815+0000] {logging_mixin.py:188} INFO - [2024-07-24T18:07:03.815+0000] {dag.py:3089} INFO - Sync 1 DAGs
[2024-07-24T18:07:03.844+0000] {logging_mixin.py:188} INFO - [2024-07-24T18:07:03.843+0000] {dag.py:3947} INFO - Setting next_dagrun for example_branch_dop_operator_v3 to 2024-07-24 18:06:00+00:00, run_after=2024-07-24 18:07:00+00:00
[2024-07-24T18:07:03.867+0000] {processor.py:183} INFO - Processing /home/airflow/.local/lib/python3.12/site-packages/airflow/example_dags/example_branch_python_dop_operator_3.py took 0.092 seconds
[2024-07-24T18:07:33.920+0000] {processor.py:161} INFO - Started process (PID=245) to work on /home/airflow/.local/lib/python3.12/site-packages/airflow/example_dags/example_branch_python_dop_operator_3.py
[2024-07-24T18:07:33.920+0000] {processor.py:830} INFO - Processing file /home/airflow/.local/lib/python3.12/site-packages/airflow/example_dags/example_branch_python_dop_operator_3.py for tasks to queue
[2024-07-24T18:07:33.922+0000] {logging_mixin.py:188} INFO - [2024-07-24T18:07:33.921+0000] {dagbag.py:545} INFO - Filling up the DagBag from /home/airflow/.local/lib/python3.12/site-packages/airflow/example_dags/example_branch_python_dop_operator_3.py
[2024-07-24T18:07:33.931+0000] {processor.py:840} INFO - DAG(s) 'example_branch_dop_operator_v3' retrieved from /home/airflow/.local/lib/python3.12/site-packages/airflow/example_dags/example_branch_python_dop_operator_3.py
[2024-07-24T18:07:33.950+0000] {logging_mixin.py:188} INFO - [2024-07-24T18:07:33.950+0000] {dag.py:3089} INFO - Sync 1 DAGs
[2024-07-24T18:07:33.980+0000] {logging_mixin.py:188} INFO - [2024-07-24T18:07:33.980+0000] {dag.py:3947} INFO - Setting next_dagrun for example_branch_dop_operator_v3 to 2024-07-24 18:06:00+00:00, run_after=2024-07-24 18:07:00+00:00
[2024-07-24T18:07:33.999+0000] {processor.py:183} INFO - Processing /home/airflow/.local/lib/python3.12/site-packages/airflow/example_dags/example_branch_python_dop_operator_3.py took 0.085 seconds
[2024-07-24T18:08:04.306+0000] {processor.py:161} INFO - Started process (PID=302) to work on /home/airflow/.local/lib/python3.12/site-packages/airflow/example_dags/example_branch_python_dop_operator_3.py
[2024-07-24T18:08:04.310+0000] {processor.py:830} INFO - Processing file /home/airflow/.local/lib/python3.12/site-packages/airflow/example_dags/example_branch_python_dop_operator_3.py for tasks to queue
[2024-07-24T18:08:04.312+0000] {logging_mixin.py:188} INFO - [2024-07-24T18:08:04.311+0000] {dagbag.py:545} INFO - Filling up the DagBag from /home/airflow/.local/lib/python3.12/site-packages/airflow/example_dags/example_branch_python_dop_operator_3.py
[2024-07-24T18:08:04.321+0000] {processor.py:840} INFO - DAG(s) 'example_branch_dop_operator_v3' retrieved from /home/airflow/.local/lib/python3.12/site-packages/airflow/example_dags/example_branch_python_dop_operator_3.py
[2024-07-24T18:08:04.342+0000] {logging_mixin.py:188} INFO - [2024-07-24T18:08:04.341+0000] {dag.py:3089} INFO - Sync 1 DAGs
[2024-07-24T18:08:04.365+0000] {logging_mixin.py:188} INFO - [2024-07-24T18:08:04.365+0000] {dag.py:3947} INFO - Setting next_dagrun for example_branch_dop_operator_v3 to 2024-07-24 18:07:00+00:00, run_after=2024-07-24 18:08:00+00:00
[2024-07-24T18:08:04.385+0000] {processor.py:183} INFO - Processing /home/airflow/.local/lib/python3.12/site-packages/airflow/example_dags/example_branch_python_dop_operator_3.py took 0.088 seconds
[2024-07-24T18:08:34.688+0000] {processor.py:161} INFO - Started process (PID=360) to work on /home/airflow/.local/lib/python3.12/site-packages/airflow/example_dags/example_branch_python_dop_operator_3.py
[2024-07-24T18:08:34.690+0000] {processor.py:830} INFO - Processing file /home/airflow/.local/lib/python3.12/site-packages/airflow/example_dags/example_branch_python_dop_operator_3.py for tasks to queue
[2024-07-24T18:08:34.693+0000] {logging_mixin.py:188} INFO - [2024-07-24T18:08:34.693+0000] {dagbag.py:545} INFO - Filling up the DagBag from /home/airflow/.local/lib/python3.12/site-packages/airflow/example_dags/example_branch_python_dop_operator_3.py
[2024-07-24T18:08:34.712+0000] {processor.py:840} INFO - DAG(s) 'example_branch_dop_operator_v3' retrieved from /home/airflow/.local/lib/python3.12/site-packages/airflow/example_dags/example_branch_python_dop_operator_3.py
[2024-07-24T18:08:34.751+0000] {logging_mixin.py:188} INFO - [2024-07-24T18:08:34.751+0000] {dag.py:3089} INFO - Sync 1 DAGs
[2024-07-24T18:08:34.856+0000] {logging_mixin.py:188} INFO - [2024-07-24T18:08:34.856+0000] {dag.py:3947} INFO - Setting next_dagrun for example_branch_dop_operator_v3 to 2024-07-24 18:07:00+00:00, run_after=2024-07-24 18:08:00+00:00
[2024-07-24T18:08:34.925+0000] {processor.py:183} INFO - Processing /home/airflow/.local/lib/python3.12/site-packages/airflow/example_dags/example_branch_python_dop_operator_3.py took 0.250 seconds
[2024-07-24T18:09:05.097+0000] {processor.py:161} INFO - Started process (PID=418) to work on /home/airflow/.local/lib/python3.12/site-packages/airflow/example_dags/example_branch_python_dop_operator_3.py
[2024-07-24T18:09:05.099+0000] {processor.py:830} INFO - Processing file /home/airflow/.local/lib/python3.12/site-packages/airflow/example_dags/example_branch_python_dop_operator_3.py for tasks to queue
[2024-07-24T18:09:05.101+0000] {logging_mixin.py:188} INFO - [2024-07-24T18:09:05.101+0000] {dagbag.py:545} INFO - Filling up the DagBag from /home/airflow/.local/lib/python3.12/site-packages/airflow/example_dags/example_branch_python_dop_operator_3.py
[2024-07-24T18:09:05.115+0000] {processor.py:840} INFO - DAG(s) 'example_branch_dop_operator_v3' retrieved from /home/airflow/.local/lib/python3.12/site-packages/airflow/example_dags/example_branch_python_dop_operator_3.py
[2024-07-24T18:09:05.155+0000] {logging_mixin.py:188} INFO - [2024-07-24T18:09:05.155+0000] {dag.py:3089} INFO - Sync 1 DAGs
[2024-07-24T18:09:05.215+0000] {logging_mixin.py:188} INFO - [2024-07-24T18:09:05.215+0000] {dag.py:3947} INFO - Setting next_dagrun for example_branch_dop_operator_v3 to 2024-07-24 18:08:00+00:00, run_after=2024-07-24 18:09:00+00:00
[2024-07-24T18:09:05.255+0000] {processor.py:183} INFO - Processing /home/airflow/.local/lib/python3.12/site-packages/airflow/example_dags/example_branch_python_dop_operator_3.py took 0.181 seconds
[2024-07-24T18:09:35.350+0000] {processor.py:161} INFO - Started process (PID=476) to work on /home/airflow/.local/lib/python3.12/site-packages/airflow/example_dags/example_branch_python_dop_operator_3.py
[2024-07-24T18:09:35.350+0000] {processor.py:830} INFO - Processing file /home/airflow/.local/lib/python3.12/site-packages/airflow/example_dags/example_branch_python_dop_operator_3.py for tasks to queue
[2024-07-24T18:09:35.354+0000] {logging_mixin.py:188} INFO - [2024-07-24T18:09:35.351+0000] {dagbag.py:545} INFO - Filling up the DagBag from /home/airflow/.local/lib/python3.12/site-packages/airflow/example_dags/example_branch_python_dop_operator_3.py
[2024-07-24T18:09:35.362+0000] {processor.py:840} INFO - DAG(s) 'example_branch_dop_operator_v3' retrieved from /home/airflow/.local/lib/python3.12/site-packages/airflow/example_dags/example_branch_python_dop_operator_3.py
[2024-07-24T18:09:35.383+0000] {logging_mixin.py:188} INFO - [2024-07-24T18:09:35.383+0000] {dag.py:3089} INFO - Sync 1 DAGs
[2024-07-24T18:09:35.411+0000] {logging_mixin.py:188} INFO - [2024-07-24T18:09:35.411+0000] {dag.py:3947} INFO - Setting next_dagrun for example_branch_dop_operator_v3 to 2024-07-24 18:08:00+00:00, run_after=2024-07-24 18:09:00+00:00
[2024-07-24T18:09:35.438+0000] {processor.py:183} INFO - Processing /home/airflow/.local/lib/python3.12/site-packages/airflow/example_dags/example_branch_python_dop_operator_3.py took 0.094 seconds
[2024-07-24T18:10:05.568+0000] {processor.py:161} INFO - Started process (PID=534) to work on /home/airflow/.local/lib/python3.12/site-packages/airflow/example_dags/example_branch_python_dop_operator_3.py
[2024-07-24T18:10:05.570+0000] {processor.py:830} INFO - Processing file /home/airflow/.local/lib/python3.12/site-packages/airflow/example_dags/example_branch_python_dop_operator_3.py for tasks to queue
[2024-07-24T18:10:05.571+0000] {logging_mixin.py:188} INFO - [2024-07-24T18:10:05.571+0000] {dagbag.py:545} INFO - Filling up the DagBag from /home/airflow/.local/lib/python3.12/site-packages/airflow/example_dags/example_branch_python_dop_operator_3.py
[2024-07-24T18:10:05.580+0000] {processor.py:840} INFO - DAG(s) 'example_branch_dop_operator_v3' retrieved from /home/airflow/.local/lib/python3.12/site-packages/airflow/example_dags/example_branch_python_dop_operator_3.py
[2024-07-24T18:10:05.603+0000] {logging_mixin.py:188} INFO - [2024-07-24T18:10:05.603+0000] {dag.py:3089} INFO - Sync 1 DAGs
[2024-07-24T18:10:05.627+0000] {logging_mixin.py:188} INFO - [2024-07-24T18:10:05.627+0000] {dag.py:3947} INFO - Setting next_dagrun for example_branch_dop_operator_v3 to 2024-07-24 18:09:00+00:00, run_after=2024-07-24 18:10:00+00:00
[2024-07-24T18:10:05.653+0000] {processor.py:183} INFO - Processing /home/airflow/.local/lib/python3.12/site-packages/airflow/example_dags/example_branch_python_dop_operator_3.py took 0.093 seconds
[2024-07-24T18:10:35.838+0000] {processor.py:161} INFO - Started process (PID=592) to work on /home/airflow/.local/lib/python3.12/site-packages/airflow/example_dags/example_branch_python_dop_operator_3.py
[2024-07-24T18:10:35.838+0000] {processor.py:830} INFO - Processing file /home/airflow/.local/lib/python3.12/site-packages/airflow/example_dags/example_branch_python_dop_operator_3.py for tasks to queue
[2024-07-24T18:10:35.840+0000] {logging_mixin.py:188} INFO - [2024-07-24T18:10:35.839+0000] {dagbag.py:545} INFO - Filling up the DagBag from /home/airflow/.local/lib/python3.12/site-packages/airflow/example_dags/example_branch_python_dop_operator_3.py
[2024-07-24T18:10:35.854+0000] {processor.py:840} INFO - DAG(s) 'example_branch_dop_operator_v3' retrieved from /home/airflow/.local/lib/python3.12/site-packages/airflow/example_dags/example_branch_python_dop_operator_3.py
[2024-07-24T18:10:35.876+0000] {logging_mixin.py:188} INFO - [2024-07-24T18:10:35.875+0000] {dag.py:3089} INFO - Sync 1 DAGs
[2024-07-24T18:10:35.902+0000] {logging_mixin.py:188} INFO - [2024-07-24T18:10:35.902+0000] {dag.py:3947} INFO - Setting next_dagrun for example_branch_dop_operator_v3 to 2024-07-24 18:09:00+00:00, run_after=2024-07-24 18:10:00+00:00
[2024-07-24T18:10:35.927+0000] {processor.py:183} INFO - Processing /home/airflow/.local/lib/python3.12/site-packages/airflow/example_dags/example_branch_python_dop_operator_3.py took 0.094 seconds
[2024-07-24T18:11:06.344+0000] {processor.py:161} INFO - Started process (PID=649) to work on /home/airflow/.local/lib/python3.12/site-packages/airflow/example_dags/example_branch_python_dop_operator_3.py
[2024-07-24T18:11:06.346+0000] {processor.py:830} INFO - Processing file /home/airflow/.local/lib/python3.12/site-packages/airflow/example_dags/example_branch_python_dop_operator_3.py for tasks to queue
[2024-07-24T18:11:06.347+0000] {logging_mixin.py:188} INFO - [2024-07-24T18:11:06.347+0000] {dagbag.py:545} INFO - Filling up the DagBag from /home/airflow/.local/lib/python3.12/site-packages/airflow/example_dags/example_branch_python_dop_operator_3.py
[2024-07-24T18:11:06.356+0000] {processor.py:840} INFO - DAG(s) 'example_branch_dop_operator_v3' retrieved from /home/airflow/.local/lib/python3.12/site-packages/airflow/example_dags/example_branch_python_dop_operator_3.py
[2024-07-24T18:11:06.376+0000] {logging_mixin.py:188} INFO - [2024-07-24T18:11:06.375+0000] {dag.py:3089} INFO - Sync 1 DAGs
[2024-07-24T18:11:06.413+0000] {logging_mixin.py:188} INFO - [2024-07-24T18:11:06.412+0000] {dag.py:3947} INFO - Setting next_dagrun for example_branch_dop_operator_v3 to 2024-07-24 18:10:00+00:00, run_after=2024-07-24 18:11:00+00:00
[2024-07-24T18:11:06.443+0000] {processor.py:183} INFO - Processing /home/airflow/.local/lib/python3.12/site-packages/airflow/example_dags/example_branch_python_dop_operator_3.py took 0.105 seconds
[2024-07-24T18:11:36.827+0000] {processor.py:161} INFO - Started process (PID=707) to work on /home/airflow/.local/lib/python3.12/site-packages/airflow/example_dags/example_branch_python_dop_operator_3.py
[2024-07-24T18:11:36.828+0000] {processor.py:830} INFO - Processing file /home/airflow/.local/lib/python3.12/site-packages/airflow/example_dags/example_branch_python_dop_operator_3.py for tasks to queue
[2024-07-24T18:11:36.829+0000] {logging_mixin.py:188} INFO - [2024-07-24T18:11:36.829+0000] {dagbag.py:545} INFO - Filling up the DagBag from /home/airflow/.local/lib/python3.12/site-packages/airflow/example_dags/example_branch_python_dop_operator_3.py
[2024-07-24T18:11:36.840+0000] {processor.py:840} INFO - DAG(s) 'example_branch_dop_operator_v3' retrieved from /home/airflow/.local/lib/python3.12/site-packages/airflow/example_dags/example_branch_python_dop_operator_3.py
[2024-07-24T18:11:36.859+0000] {logging_mixin.py:188} INFO - [2024-07-24T18:11:36.858+0000] {dag.py:3089} INFO - Sync 1 DAGs
[2024-07-24T18:11:36.885+0000] {logging_mixin.py:188} INFO - [2024-07-24T18:11:36.885+0000] {dag.py:3947} INFO - Setting next_dagrun for example_branch_dop_operator_v3 to 2024-07-24 18:10:00+00:00, run_after=2024-07-24 18:11:00+00:00
[2024-07-24T18:11:36.904+0000] {processor.py:183} INFO - Processing /home/airflow/.local/lib/python3.12/site-packages/airflow/example_dags/example_branch_python_dop_operator_3.py took 0.083 seconds
[2024-07-24T18:12:07.324+0000] {processor.py:161} INFO - Started process (PID=765) to work on /home/airflow/.local/lib/python3.12/site-packages/airflow/example_dags/example_branch_python_dop_operator_3.py
[2024-07-24T18:12:07.328+0000] {processor.py:830} INFO - Processing file /home/airflow/.local/lib/python3.12/site-packages/airflow/example_dags/example_branch_python_dop_operator_3.py for tasks to queue
[2024-07-24T18:12:07.330+0000] {logging_mixin.py:188} INFO - [2024-07-24T18:12:07.329+0000] {dagbag.py:545} INFO - Filling up the DagBag from /home/airflow/.local/lib/python3.12/site-packages/airflow/example_dags/example_branch_python_dop_operator_3.py
[2024-07-24T18:12:07.360+0000] {processor.py:840} INFO - DAG(s) 'example_branch_dop_operator_v3' retrieved from /home/airflow/.local/lib/python3.12/site-packages/airflow/example_dags/example_branch_python_dop_operator_3.py
[2024-07-24T18:12:07.391+0000] {logging_mixin.py:188} INFO - [2024-07-24T18:12:07.391+0000] {dag.py:3089} INFO - Sync 1 DAGs
[2024-07-24T18:12:07.417+0000] {logging_mixin.py:188} INFO - [2024-07-24T18:12:07.417+0000] {dag.py:3947} INFO - Setting next_dagrun for example_branch_dop_operator_v3 to 2024-07-24 18:11:00+00:00, run_after=2024-07-24 18:12:00+00:00
[2024-07-24T18:12:07.437+0000] {processor.py:183} INFO - Processing /home/airflow/.local/lib/python3.12/site-packages/airflow/example_dags/example_branch_python_dop_operator_3.py took 0.123 seconds
[2024-07-24T18:12:38.297+0000] {processor.py:161} INFO - Started process (PID=823) to work on /home/airflow/.local/lib/python3.12/site-packages/airflow/example_dags/example_branch_python_dop_operator_3.py
[2024-07-24T18:12:38.299+0000] {processor.py:830} INFO - Processing file /home/airflow/.local/lib/python3.12/site-packages/airflow/example_dags/example_branch_python_dop_operator_3.py for tasks to queue
[2024-07-24T18:12:38.300+0000] {logging_mixin.py:188} INFO - [2024-07-24T18:12:38.300+0000] {dagbag.py:545} INFO - Filling up the DagBag from /home/airflow/.local/lib/python3.12/site-packages/airflow/example_dags/example_branch_python_dop_operator_3.py
[2024-07-24T18:12:38.310+0000] {processor.py:840} INFO - DAG(s) 'example_branch_dop_operator_v3' retrieved from /home/airflow/.local/lib/python3.12/site-packages/airflow/example_dags/example_branch_python_dop_operator_3.py
[2024-07-24T18:12:38.330+0000] {logging_mixin.py:188} INFO - [2024-07-24T18:12:38.330+0000] {dag.py:3089} INFO - Sync 1 DAGs
[2024-07-24T18:12:38.356+0000] {logging_mixin.py:188} INFO - [2024-07-24T18:12:38.355+0000] {dag.py:3947} INFO - Setting next_dagrun for example_branch_dop_operator_v3 to 2024-07-24 18:11:00+00:00, run_after=2024-07-24 18:12:00+00:00
[2024-07-24T18:12:38.382+0000] {processor.py:183} INFO - Processing /home/airflow/.local/lib/python3.12/site-packages/airflow/example_dags/example_branch_python_dop_operator_3.py took 0.091 seconds
[2024-07-24T18:13:09.243+0000] {processor.py:161} INFO - Started process (PID=881) to work on /home/airflow/.local/lib/python3.12/site-packages/airflow/example_dags/example_branch_python_dop_operator_3.py
[2024-07-24T18:13:09.245+0000] {processor.py:830} INFO - Processing file /home/airflow/.local/lib/python3.12/site-packages/airflow/example_dags/example_branch_python_dop_operator_3.py for tasks to queue
[2024-07-24T18:13:09.247+0000] {logging_mixin.py:188} INFO - [2024-07-24T18:13:09.247+0000] {dagbag.py:545} INFO - Filling up the DagBag from /home/airflow/.local/lib/python3.12/site-packages/airflow/example_dags/example_branch_python_dop_operator_3.py
[2024-07-24T18:13:09.257+0000] {processor.py:840} INFO - DAG(s) 'example_branch_dop_operator_v3' retrieved from /home/airflow/.local/lib/python3.12/site-packages/airflow/example_dags/example_branch_python_dop_operator_3.py
[2024-07-24T18:13:09.284+0000] {logging_mixin.py:188} INFO - [2024-07-24T18:13:09.284+0000] {dag.py:3089} INFO - Sync 1 DAGs
[2024-07-24T18:13:09.320+0000] {logging_mixin.py:188} INFO - [2024-07-24T18:13:09.320+0000] {dag.py:3947} INFO - Setting next_dagrun for example_branch_dop_operator_v3 to 2024-07-24 18:12:00+00:00, run_after=2024-07-24 18:13:00+00:00
[2024-07-24T18:13:09.342+0000] {processor.py:183} INFO - Processing /home/airflow/.local/lib/python3.12/site-packages/airflow/example_dags/example_branch_python_dop_operator_3.py took 0.104 seconds
[2024-07-24T18:13:39.480+0000] {processor.py:161} INFO - Started process (PID=939) to work on /home/airflow/.local/lib/python3.12/site-packages/airflow/example_dags/example_branch_python_dop_operator_3.py
[2024-07-24T18:13:39.480+0000] {processor.py:830} INFO - Processing file /home/airflow/.local/lib/python3.12/site-packages/airflow/example_dags/example_branch_python_dop_operator_3.py for tasks to queue
[2024-07-24T18:13:39.482+0000] {logging_mixin.py:188} INFO - [2024-07-24T18:13:39.481+0000] {dagbag.py:545} INFO - Filling up the DagBag from /home/airflow/.local/lib/python3.12/site-packages/airflow/example_dags/example_branch_python_dop_operator_3.py
[2024-07-24T18:13:39.491+0000] {processor.py:840} INFO - DAG(s) 'example_branch_dop_operator_v3' retrieved from /home/airflow/.local/lib/python3.12/site-packages/airflow/example_dags/example_branch_python_dop_operator_3.py
[2024-07-24T18:13:39.512+0000] {logging_mixin.py:188} INFO - [2024-07-24T18:13:39.511+0000] {dag.py:3089} INFO - Sync 1 DAGs
[2024-07-24T18:13:39.543+0000] {logging_mixin.py:188} INFO - [2024-07-24T18:13:39.543+0000] {dag.py:3947} INFO - Setting next_dagrun for example_branch_dop_operator_v3 to 2024-07-24 18:12:00+00:00, run_after=2024-07-24 18:13:00+00:00
[2024-07-24T18:13:39.566+0000] {processor.py:183} INFO - Processing /home/airflow/.local/lib/python3.12/site-packages/airflow/example_dags/example_branch_python_dop_operator_3.py took 0.092 seconds
[2024-07-24T18:14:10.201+0000] {processor.py:161} INFO - Started process (PID=997) to work on /home/airflow/.local/lib/python3.12/site-packages/airflow/example_dags/example_branch_python_dop_operator_3.py
[2024-07-24T18:14:10.206+0000] {processor.py:830} INFO - Processing file /home/airflow/.local/lib/python3.12/site-packages/airflow/example_dags/example_branch_python_dop_operator_3.py for tasks to queue
[2024-07-24T18:14:10.211+0000] {logging_mixin.py:188} INFO - [2024-07-24T18:14:10.211+0000] {dagbag.py:545} INFO - Filling up the DagBag from /home/airflow/.local/lib/python3.12/site-packages/airflow/example_dags/example_branch_python_dop_operator_3.py
[2024-07-24T18:14:10.270+0000] {processor.py:840} INFO - DAG(s) 'example_branch_dop_operator_v3' retrieved from /home/airflow/.local/lib/python3.12/site-packages/airflow/example_dags/example_branch_python_dop_operator_3.py
[2024-07-24T18:14:10.349+0000] {logging_mixin.py:188} INFO - [2024-07-24T18:14:10.348+0000] {dag.py:3089} INFO - Sync 1 DAGs
[2024-07-24T18:14:10.424+0000] {logging_mixin.py:188} INFO - [2024-07-24T18:14:10.422+0000] {dag.py:3947} INFO - Setting next_dagrun for example_branch_dop_operator_v3 to 2024-07-24 18:13:00+00:00, run_after=2024-07-24 18:14:00+00:00
[2024-07-24T18:14:10.488+0000] {processor.py:183} INFO - Processing /home/airflow/.local/lib/python3.12/site-packages/airflow/example_dags/example_branch_python_dop_operator_3.py took 0.310 seconds
[2024-07-24T18:14:40.828+0000] {processor.py:161} INFO - Started process (PID=1054) to work on /home/airflow/.local/lib/python3.12/site-packages/airflow/example_dags/example_branch_python_dop_operator_3.py
[2024-07-24T18:14:40.828+0000] {processor.py:830} INFO - Processing file /home/airflow/.local/lib/python3.12/site-packages/airflow/example_dags/example_branch_python_dop_operator_3.py for tasks to queue
[2024-07-24T18:14:40.830+0000] {logging_mixin.py:188} INFO - [2024-07-24T18:14:40.829+0000] {dagbag.py:545} INFO - Filling up the DagBag from /home/airflow/.local/lib/python3.12/site-packages/airflow/example_dags/example_branch_python_dop_operator_3.py
[2024-07-24T18:14:40.838+0000] {processor.py:840} INFO - DAG(s) 'example_branch_dop_operator_v3' retrieved from /home/airflow/.local/lib/python3.12/site-packages/airflow/example_dags/example_branch_python_dop_operator_3.py
[2024-07-24T18:14:40.868+0000] {logging_mixin.py:188} INFO - [2024-07-24T18:14:40.866+0000] {dag.py:3089} INFO - Sync 1 DAGs
[2024-07-24T18:14:40.895+0000] {logging_mixin.py:188} INFO - [2024-07-24T18:14:40.895+0000] {dag.py:3947} INFO - Setting next_dagrun for example_branch_dop_operator_v3 to 2024-07-24 18:13:00+00:00, run_after=2024-07-24 18:14:00+00:00
[2024-07-24T18:14:40.914+0000] {processor.py:183} INFO - Processing /home/airflow/.local/lib/python3.12/site-packages/airflow/example_dags/example_branch_python_dop_operator_3.py took 0.091 seconds
[2024-07-24T18:15:11.372+0000] {processor.py:161} INFO - Started process (PID=1112) to work on /home/airflow/.local/lib/python3.12/site-packages/airflow/example_dags/example_branch_python_dop_operator_3.py
[2024-07-24T18:15:11.375+0000] {processor.py:830} INFO - Processing file /home/airflow/.local/lib/python3.12/site-packages/airflow/example_dags/example_branch_python_dop_operator_3.py for tasks to queue
[2024-07-24T18:15:11.376+0000] {logging_mixin.py:188} INFO - [2024-07-24T18:15:11.376+0000] {dagbag.py:545} INFO - Filling up the DagBag from /home/airflow/.local/lib/python3.12/site-packages/airflow/example_dags/example_branch_python_dop_operator_3.py
[2024-07-24T18:15:11.385+0000] {processor.py:840} INFO - DAG(s) 'example_branch_dop_operator_v3' retrieved from /home/airflow/.local/lib/python3.12/site-packages/airflow/example_dags/example_branch_python_dop_operator_3.py
[2024-07-24T18:15:11.407+0000] {logging_mixin.py:188} INFO - [2024-07-24T18:15:11.407+0000] {dag.py:3089} INFO - Sync 1 DAGs
[2024-07-24T18:15:11.432+0000] {logging_mixin.py:188} INFO - [2024-07-24T18:15:11.432+0000] {dag.py:3947} INFO - Setting next_dagrun for example_branch_dop_operator_v3 to 2024-07-24 18:14:00+00:00, run_after=2024-07-24 18:15:00+00:00
[2024-07-24T18:15:11.460+0000] {processor.py:183} INFO - Processing /home/airflow/.local/lib/python3.12/site-packages/airflow/example_dags/example_branch_python_dop_operator_3.py took 0.094 seconds
[2024-07-24T18:15:42.083+0000] {processor.py:161} INFO - Started process (PID=1170) to work on /home/airflow/.local/lib/python3.12/site-packages/airflow/example_dags/example_branch_python_dop_operator_3.py
[2024-07-24T18:15:42.084+0000] {processor.py:830} INFO - Processing file /home/airflow/.local/lib/python3.12/site-packages/airflow/example_dags/example_branch_python_dop_operator_3.py for tasks to queue
[2024-07-24T18:15:42.087+0000] {logging_mixin.py:188} INFO - [2024-07-24T18:15:42.086+0000] {dagbag.py:545} INFO - Filling up the DagBag from /home/airflow/.local/lib/python3.12/site-packages/airflow/example_dags/example_branch_python_dop_operator_3.py
[2024-07-24T18:15:42.096+0000] {processor.py:840} INFO - DAG(s) 'example_branch_dop_operator_v3' retrieved from /home/airflow/.local/lib/python3.12/site-packages/airflow/example_dags/example_branch_python_dop_operator_3.py
[2024-07-24T18:15:42.117+0000] {logging_mixin.py:188} INFO - [2024-07-24T18:15:42.117+0000] {dag.py:3089} INFO - Sync 1 DAGs
[2024-07-24T18:15:42.142+0000] {logging_mixin.py:188} INFO - [2024-07-24T18:15:42.142+0000] {dag.py:3947} INFO - Setting next_dagrun for example_branch_dop_operator_v3 to 2024-07-24 18:14:00+00:00, run_after=2024-07-24 18:15:00+00:00
[2024-07-24T18:15:42.166+0000] {processor.py:183} INFO - Processing /home/airflow/.local/lib/python3.12/site-packages/airflow/example_dags/example_branch_python_dop_operator_3.py took 0.089 seconds
[2024-07-24T18:16:12.682+0000] {processor.py:161} INFO - Started process (PID=1227) to work on /home/airflow/.local/lib/python3.12/site-packages/airflow/example_dags/example_branch_python_dop_operator_3.py
[2024-07-24T18:16:12.684+0000] {processor.py:830} INFO - Processing file /home/airflow/.local/lib/python3.12/site-packages/airflow/example_dags/example_branch_python_dop_operator_3.py for tasks to queue
[2024-07-24T18:16:12.685+0000] {logging_mixin.py:188} INFO - [2024-07-24T18:16:12.685+0000] {dagbag.py:545} INFO - Filling up the DagBag from /home/airflow/.local/lib/python3.12/site-packages/airflow/example_dags/example_branch_python_dop_operator_3.py
[2024-07-24T18:16:12.701+0000] {processor.py:840} INFO - DAG(s) 'example_branch_dop_operator_v3' retrieved from /home/airflow/.local/lib/python3.12/site-packages/airflow/example_dags/example_branch_python_dop_operator_3.py
[2024-07-24T18:16:12.724+0000] {logging_mixin.py:188} INFO - [2024-07-24T18:16:12.723+0000] {dag.py:3089} INFO - Sync 1 DAGs
[2024-07-24T18:16:12.750+0000] {logging_mixin.py:188} INFO - [2024-07-24T18:16:12.750+0000] {dag.py:3947} INFO - Setting next_dagrun for example_branch_dop_operator_v3 to 2024-07-24 18:15:00+00:00, run_after=2024-07-24 18:16:00+00:00
[2024-07-24T18:16:12.775+0000] {processor.py:183} INFO - Processing /home/airflow/.local/lib/python3.12/site-packages/airflow/example_dags/example_branch_python_dop_operator_3.py took 0.099 seconds
