[2024-07-24T18:06:04.085+0000] {processor.py:161} INFO - Started process (PID=75) to work on /home/airflow/.local/lib/python3.12/site-packages/airflow/example_dags/example_branch_labels.py
[2024-07-24T18:06:04.086+0000] {processor.py:830} INFO - Processing file /home/airflow/.local/lib/python3.12/site-packages/airflow/example_dags/example_branch_labels.py for tasks to queue
[2024-07-24T18:06:04.089+0000] {logging_mixin.py:188} INFO - [2024-07-24T18:06:04.089+0000] {dagbag.py:545} INFO - Filling up the DagBag from /home/airflow/.local/lib/python3.12/site-packages/airflow/example_dags/example_branch_labels.py
[2024-07-24T18:06:04.099+0000] {processor.py:840} INFO - DAG(s) 'example_branch_labels' retrieved from /home/airflow/.local/lib/python3.12/site-packages/airflow/example_dags/example_branch_labels.py
[2024-07-24T18:06:04.229+0000] {logging_mixin.py:188} INFO - [2024-07-24T18:06:04.228+0000] {dag.py:3089} INFO - Sync 1 DAGs
[2024-07-24T18:06:04.256+0000] {logging_mixin.py:188} INFO - [2024-07-24T18:06:04.255+0000] {dag.py:3947} INFO - Setting next_dagrun for example_branch_labels to 2024-07-23 00:00:00+00:00, run_after=2024-07-24 00:00:00+00:00
[2024-07-24T18:06:04.301+0000] {processor.py:183} INFO - Processing /home/airflow/.local/lib/python3.12/site-packages/airflow/example_dags/example_branch_labels.py took 0.238 seconds
[2024-07-24T18:06:34.673+0000] {processor.py:161} INFO - Started process (PID=133) to work on /home/airflow/.local/lib/python3.12/site-packages/airflow/example_dags/example_branch_labels.py
[2024-07-24T18:06:34.674+0000] {processor.py:830} INFO - Processing file /home/airflow/.local/lib/python3.12/site-packages/airflow/example_dags/example_branch_labels.py for tasks to queue
[2024-07-24T18:06:34.676+0000] {logging_mixin.py:188} INFO - [2024-07-24T18:06:34.676+0000] {dagbag.py:545} INFO - Filling up the DagBag from /home/airflow/.local/lib/python3.12/site-packages/airflow/example_dags/example_branch_labels.py
[2024-07-24T18:06:34.683+0000] {processor.py:840} INFO - DAG(s) 'example_branch_labels' retrieved from /home/airflow/.local/lib/python3.12/site-packages/airflow/example_dags/example_branch_labels.py
[2024-07-24T18:06:34.714+0000] {logging_mixin.py:188} INFO - [2024-07-24T18:06:34.714+0000] {dag.py:3089} INFO - Sync 1 DAGs
[2024-07-24T18:06:34.737+0000] {logging_mixin.py:188} INFO - [2024-07-24T18:06:34.737+0000] {dag.py:3947} INFO - Setting next_dagrun for example_branch_labels to 2024-07-23 00:00:00+00:00, run_after=2024-07-24 00:00:00+00:00
[2024-07-24T18:06:34.759+0000] {processor.py:183} INFO - Processing /home/airflow/.local/lib/python3.12/site-packages/airflow/example_dags/example_branch_labels.py took 0.093 seconds
[2024-07-24T18:07:05.010+0000] {processor.py:161} INFO - Started process (PID=191) to work on /home/airflow/.local/lib/python3.12/site-packages/airflow/example_dags/example_branch_labels.py
[2024-07-24T18:07:05.013+0000] {processor.py:830} INFO - Processing file /home/airflow/.local/lib/python3.12/site-packages/airflow/example_dags/example_branch_labels.py for tasks to queue
[2024-07-24T18:07:05.014+0000] {logging_mixin.py:188} INFO - [2024-07-24T18:07:05.014+0000] {dagbag.py:545} INFO - Filling up the DagBag from /home/airflow/.local/lib/python3.12/site-packages/airflow/example_dags/example_branch_labels.py
[2024-07-24T18:07:05.021+0000] {processor.py:840} INFO - DAG(s) 'example_branch_labels' retrieved from /home/airflow/.local/lib/python3.12/site-packages/airflow/example_dags/example_branch_labels.py
[2024-07-24T18:07:05.048+0000] {logging_mixin.py:188} INFO - [2024-07-24T18:07:05.047+0000] {dag.py:3089} INFO - Sync 1 DAGs
[2024-07-24T18:07:05.072+0000] {logging_mixin.py:188} INFO - [2024-07-24T18:07:05.069+0000] {dag.py:3947} INFO - Setting next_dagrun for example_branch_labels to 2024-07-23 00:00:00+00:00, run_after=2024-07-24 00:00:00+00:00
[2024-07-24T18:07:05.098+0000] {processor.py:183} INFO - Processing /home/airflow/.local/lib/python3.12/site-packages/airflow/example_dags/example_branch_labels.py took 0.094 seconds
[2024-07-24T18:07:36.049+0000] {processor.py:161} INFO - Started process (PID=249) to work on /home/airflow/.local/lib/python3.12/site-packages/airflow/example_dags/example_branch_labels.py
[2024-07-24T18:07:36.050+0000] {processor.py:830} INFO - Processing file /home/airflow/.local/lib/python3.12/site-packages/airflow/example_dags/example_branch_labels.py for tasks to queue
[2024-07-24T18:07:36.051+0000] {logging_mixin.py:188} INFO - [2024-07-24T18:07:36.051+0000] {dagbag.py:545} INFO - Filling up the DagBag from /home/airflow/.local/lib/python3.12/site-packages/airflow/example_dags/example_branch_labels.py
[2024-07-24T18:07:36.061+0000] {processor.py:840} INFO - DAG(s) 'example_branch_labels' retrieved from /home/airflow/.local/lib/python3.12/site-packages/airflow/example_dags/example_branch_labels.py
[2024-07-24T18:07:36.090+0000] {logging_mixin.py:188} INFO - [2024-07-24T18:07:36.090+0000] {dag.py:3089} INFO - Sync 1 DAGs
[2024-07-24T18:07:36.116+0000] {logging_mixin.py:188} INFO - [2024-07-24T18:07:36.116+0000] {dag.py:3947} INFO - Setting next_dagrun for example_branch_labels to 2024-07-23 00:00:00+00:00, run_after=2024-07-24 00:00:00+00:00
[2024-07-24T18:07:36.132+0000] {processor.py:183} INFO - Processing /home/airflow/.local/lib/python3.12/site-packages/airflow/example_dags/example_branch_labels.py took 0.089 seconds
[2024-07-24T18:08:06.529+0000] {processor.py:161} INFO - Started process (PID=306) to work on /home/airflow/.local/lib/python3.12/site-packages/airflow/example_dags/example_branch_labels.py
[2024-07-24T18:08:06.532+0000] {processor.py:830} INFO - Processing file /home/airflow/.local/lib/python3.12/site-packages/airflow/example_dags/example_branch_labels.py for tasks to queue
[2024-07-24T18:08:06.533+0000] {logging_mixin.py:188} INFO - [2024-07-24T18:08:06.533+0000] {dagbag.py:545} INFO - Filling up the DagBag from /home/airflow/.local/lib/python3.12/site-packages/airflow/example_dags/example_branch_labels.py
[2024-07-24T18:08:06.539+0000] {processor.py:840} INFO - DAG(s) 'example_branch_labels' retrieved from /home/airflow/.local/lib/python3.12/site-packages/airflow/example_dags/example_branch_labels.py
[2024-07-24T18:08:06.565+0000] {logging_mixin.py:188} INFO - [2024-07-24T18:08:06.565+0000] {dag.py:3089} INFO - Sync 1 DAGs
[2024-07-24T18:08:06.589+0000] {logging_mixin.py:188} INFO - [2024-07-24T18:08:06.588+0000] {dag.py:3947} INFO - Setting next_dagrun for example_branch_labels to 2024-07-23 00:00:00+00:00, run_after=2024-07-24 00:00:00+00:00
[2024-07-24T18:08:06.607+0000] {processor.py:183} INFO - Processing /home/airflow/.local/lib/python3.12/site-packages/airflow/example_dags/example_branch_labels.py took 0.083 seconds
[2024-07-24T18:08:36.861+0000] {processor.py:161} INFO - Started process (PID=364) to work on /home/airflow/.local/lib/python3.12/site-packages/airflow/example_dags/example_branch_labels.py
[2024-07-24T18:08:36.864+0000] {processor.py:830} INFO - Processing file /home/airflow/.local/lib/python3.12/site-packages/airflow/example_dags/example_branch_labels.py for tasks to queue
[2024-07-24T18:08:36.866+0000] {logging_mixin.py:188} INFO - [2024-07-24T18:08:36.865+0000] {dagbag.py:545} INFO - Filling up the DagBag from /home/airflow/.local/lib/python3.12/site-packages/airflow/example_dags/example_branch_labels.py
[2024-07-24T18:08:36.873+0000] {processor.py:840} INFO - DAG(s) 'example_branch_labels' retrieved from /home/airflow/.local/lib/python3.12/site-packages/airflow/example_dags/example_branch_labels.py
[2024-07-24T18:08:36.896+0000] {logging_mixin.py:188} INFO - [2024-07-24T18:08:36.895+0000] {dag.py:3089} INFO - Sync 1 DAGs
[2024-07-24T18:08:36.921+0000] {logging_mixin.py:188} INFO - [2024-07-24T18:08:36.921+0000] {dag.py:3947} INFO - Setting next_dagrun for example_branch_labels to 2024-07-23 00:00:00+00:00, run_after=2024-07-24 00:00:00+00:00
[2024-07-24T18:08:36.938+0000] {processor.py:183} INFO - Processing /home/airflow/.local/lib/python3.12/site-packages/airflow/example_dags/example_branch_labels.py took 0.082 seconds
[2024-07-24T18:09:07.700+0000] {processor.py:161} INFO - Started process (PID=422) to work on /home/airflow/.local/lib/python3.12/site-packages/airflow/example_dags/example_branch_labels.py
[2024-07-24T18:09:07.705+0000] {processor.py:830} INFO - Processing file /home/airflow/.local/lib/python3.12/site-packages/airflow/example_dags/example_branch_labels.py for tasks to queue
[2024-07-24T18:09:07.707+0000] {logging_mixin.py:188} INFO - [2024-07-24T18:09:07.707+0000] {dagbag.py:545} INFO - Filling up the DagBag from /home/airflow/.local/lib/python3.12/site-packages/airflow/example_dags/example_branch_labels.py
[2024-07-24T18:09:07.716+0000] {processor.py:840} INFO - DAG(s) 'example_branch_labels' retrieved from /home/airflow/.local/lib/python3.12/site-packages/airflow/example_dags/example_branch_labels.py
[2024-07-24T18:09:07.738+0000] {logging_mixin.py:188} INFO - [2024-07-24T18:09:07.738+0000] {dag.py:3089} INFO - Sync 1 DAGs
[2024-07-24T18:09:07.772+0000] {logging_mixin.py:188} INFO - [2024-07-24T18:09:07.772+0000] {dag.py:3947} INFO - Setting next_dagrun for example_branch_labels to 2024-07-23 00:00:00+00:00, run_after=2024-07-24 00:00:00+00:00
[2024-07-24T18:09:07.806+0000] {processor.py:183} INFO - Processing /home/airflow/.local/lib/python3.12/site-packages/airflow/example_dags/example_branch_labels.py took 0.118 seconds
[2024-07-24T18:09:38.511+0000] {processor.py:161} INFO - Started process (PID=480) to work on /home/airflow/.local/lib/python3.12/site-packages/airflow/example_dags/example_branch_labels.py
[2024-07-24T18:09:38.515+0000] {processor.py:830} INFO - Processing file /home/airflow/.local/lib/python3.12/site-packages/airflow/example_dags/example_branch_labels.py for tasks to queue
[2024-07-24T18:09:38.517+0000] {logging_mixin.py:188} INFO - [2024-07-24T18:09:38.517+0000] {dagbag.py:545} INFO - Filling up the DagBag from /home/airflow/.local/lib/python3.12/site-packages/airflow/example_dags/example_branch_labels.py
[2024-07-24T18:09:38.536+0000] {processor.py:840} INFO - DAG(s) 'example_branch_labels' retrieved from /home/airflow/.local/lib/python3.12/site-packages/airflow/example_dags/example_branch_labels.py
[2024-07-24T18:09:38.575+0000] {logging_mixin.py:188} INFO - [2024-07-24T18:09:38.573+0000] {dag.py:3089} INFO - Sync 1 DAGs
[2024-07-24T18:09:38.598+0000] {logging_mixin.py:188} INFO - [2024-07-24T18:09:38.598+0000] {dag.py:3947} INFO - Setting next_dagrun for example_branch_labels to 2024-07-23 00:00:00+00:00, run_after=2024-07-24 00:00:00+00:00
[2024-07-24T18:09:38.615+0000] {processor.py:183} INFO - Processing /home/airflow/.local/lib/python3.12/site-packages/airflow/example_dags/example_branch_labels.py took 0.115 seconds
[2024-07-24T18:10:08.786+0000] {processor.py:161} INFO - Started process (PID=538) to work on /home/airflow/.local/lib/python3.12/site-packages/airflow/example_dags/example_branch_labels.py
[2024-07-24T18:10:08.790+0000] {processor.py:830} INFO - Processing file /home/airflow/.local/lib/python3.12/site-packages/airflow/example_dags/example_branch_labels.py for tasks to queue
[2024-07-24T18:10:08.792+0000] {logging_mixin.py:188} INFO - [2024-07-24T18:10:08.792+0000] {dagbag.py:545} INFO - Filling up the DagBag from /home/airflow/.local/lib/python3.12/site-packages/airflow/example_dags/example_branch_labels.py
[2024-07-24T18:10:08.803+0000] {processor.py:840} INFO - DAG(s) 'example_branch_labels' retrieved from /home/airflow/.local/lib/python3.12/site-packages/airflow/example_dags/example_branch_labels.py
[2024-07-24T18:10:08.826+0000] {logging_mixin.py:188} INFO - [2024-07-24T18:10:08.826+0000] {dag.py:3089} INFO - Sync 1 DAGs
[2024-07-24T18:10:08.852+0000] {logging_mixin.py:188} INFO - [2024-07-24T18:10:08.852+0000] {dag.py:3947} INFO - Setting next_dagrun for example_branch_labels to 2024-07-23 00:00:00+00:00, run_after=2024-07-24 00:00:00+00:00
[2024-07-24T18:10:08.871+0000] {processor.py:183} INFO - Processing /home/airflow/.local/lib/python3.12/site-packages/airflow/example_dags/example_branch_labels.py took 0.090 seconds
[2024-07-24T18:10:39.070+0000] {processor.py:161} INFO - Started process (PID=596) to work on /home/airflow/.local/lib/python3.12/site-packages/airflow/example_dags/example_branch_labels.py
[2024-07-24T18:10:39.071+0000] {processor.py:830} INFO - Processing file /home/airflow/.local/lib/python3.12/site-packages/airflow/example_dags/example_branch_labels.py for tasks to queue
[2024-07-24T18:10:39.074+0000] {logging_mixin.py:188} INFO - [2024-07-24T18:10:39.074+0000] {dagbag.py:545} INFO - Filling up the DagBag from /home/airflow/.local/lib/python3.12/site-packages/airflow/example_dags/example_branch_labels.py
[2024-07-24T18:10:39.083+0000] {processor.py:840} INFO - DAG(s) 'example_branch_labels' retrieved from /home/airflow/.local/lib/python3.12/site-packages/airflow/example_dags/example_branch_labels.py
[2024-07-24T18:10:39.111+0000] {logging_mixin.py:188} INFO - [2024-07-24T18:10:39.110+0000] {dag.py:3089} INFO - Sync 1 DAGs
[2024-07-24T18:10:39.141+0000] {logging_mixin.py:188} INFO - [2024-07-24T18:10:39.141+0000] {dag.py:3947} INFO - Setting next_dagrun for example_branch_labels to 2024-07-23 00:00:00+00:00, run_after=2024-07-24 00:00:00+00:00
[2024-07-24T18:10:39.165+0000] {processor.py:183} INFO - Processing /home/airflow/.local/lib/python3.12/site-packages/airflow/example_dags/example_branch_labels.py took 0.100 seconds
[2024-07-24T18:11:09.569+0000] {processor.py:161} INFO - Started process (PID=653) to work on /home/airflow/.local/lib/python3.12/site-packages/airflow/example_dags/example_branch_labels.py
[2024-07-24T18:11:09.572+0000] {processor.py:830} INFO - Processing file /home/airflow/.local/lib/python3.12/site-packages/airflow/example_dags/example_branch_labels.py for tasks to queue
[2024-07-24T18:11:09.574+0000] {logging_mixin.py:188} INFO - [2024-07-24T18:11:09.573+0000] {dagbag.py:545} INFO - Filling up the DagBag from /home/airflow/.local/lib/python3.12/site-packages/airflow/example_dags/example_branch_labels.py
[2024-07-24T18:11:09.580+0000] {processor.py:840} INFO - DAG(s) 'example_branch_labels' retrieved from /home/airflow/.local/lib/python3.12/site-packages/airflow/example_dags/example_branch_labels.py
[2024-07-24T18:11:09.606+0000] {logging_mixin.py:188} INFO - [2024-07-24T18:11:09.606+0000] {dag.py:3089} INFO - Sync 1 DAGs
[2024-07-24T18:11:09.631+0000] {logging_mixin.py:188} INFO - [2024-07-24T18:11:09.631+0000] {dag.py:3947} INFO - Setting next_dagrun for example_branch_labels to 2024-07-23 00:00:00+00:00, run_after=2024-07-24 00:00:00+00:00
[2024-07-24T18:11:09.649+0000] {processor.py:183} INFO - Processing /home/airflow/.local/lib/python3.12/site-packages/airflow/example_dags/example_branch_labels.py took 0.086 seconds
[2024-07-24T18:11:40.050+0000] {processor.py:161} INFO - Started process (PID=711) to work on /home/airflow/.local/lib/python3.12/site-packages/airflow/example_dags/example_branch_labels.py
[2024-07-24T18:11:40.051+0000] {processor.py:830} INFO - Processing file /home/airflow/.local/lib/python3.12/site-packages/airflow/example_dags/example_branch_labels.py for tasks to queue
[2024-07-24T18:11:40.054+0000] {logging_mixin.py:188} INFO - [2024-07-24T18:11:40.053+0000] {dagbag.py:545} INFO - Filling up the DagBag from /home/airflow/.local/lib/python3.12/site-packages/airflow/example_dags/example_branch_labels.py
[2024-07-24T18:11:40.062+0000] {processor.py:840} INFO - DAG(s) 'example_branch_labels' retrieved from /home/airflow/.local/lib/python3.12/site-packages/airflow/example_dags/example_branch_labels.py
[2024-07-24T18:11:40.086+0000] {logging_mixin.py:188} INFO - [2024-07-24T18:11:40.086+0000] {dag.py:3089} INFO - Sync 1 DAGs
[2024-07-24T18:11:40.108+0000] {logging_mixin.py:188} INFO - [2024-07-24T18:11:40.108+0000] {dag.py:3947} INFO - Setting next_dagrun for example_branch_labels to 2024-07-23 00:00:00+00:00, run_after=2024-07-24 00:00:00+00:00
[2024-07-24T18:11:40.131+0000] {processor.py:183} INFO - Processing /home/airflow/.local/lib/python3.12/site-packages/airflow/example_dags/example_branch_labels.py took 0.087 seconds
[2024-07-24T18:12:10.556+0000] {processor.py:161} INFO - Started process (PID=769) to work on /home/airflow/.local/lib/python3.12/site-packages/airflow/example_dags/example_branch_labels.py
[2024-07-24T18:12:10.559+0000] {processor.py:830} INFO - Processing file /home/airflow/.local/lib/python3.12/site-packages/airflow/example_dags/example_branch_labels.py for tasks to queue
[2024-07-24T18:12:10.560+0000] {logging_mixin.py:188} INFO - [2024-07-24T18:12:10.560+0000] {dagbag.py:545} INFO - Filling up the DagBag from /home/airflow/.local/lib/python3.12/site-packages/airflow/example_dags/example_branch_labels.py
[2024-07-24T18:12:10.568+0000] {processor.py:840} INFO - DAG(s) 'example_branch_labels' retrieved from /home/airflow/.local/lib/python3.12/site-packages/airflow/example_dags/example_branch_labels.py
[2024-07-24T18:12:10.598+0000] {logging_mixin.py:188} INFO - [2024-07-24T18:12:10.598+0000] {dag.py:3089} INFO - Sync 1 DAGs
[2024-07-24T18:12:10.619+0000] {logging_mixin.py:188} INFO - [2024-07-24T18:12:10.619+0000] {dag.py:3947} INFO - Setting next_dagrun for example_branch_labels to 2024-07-23 00:00:00+00:00, run_after=2024-07-24 00:00:00+00:00
[2024-07-24T18:12:10.635+0000] {processor.py:183} INFO - Processing /home/airflow/.local/lib/python3.12/site-packages/airflow/example_dags/example_branch_labels.py took 0.085 seconds
[2024-07-24T18:12:41.519+0000] {processor.py:161} INFO - Started process (PID=827) to work on /home/airflow/.local/lib/python3.12/site-packages/airflow/example_dags/example_branch_labels.py
[2024-07-24T18:12:41.520+0000] {processor.py:830} INFO - Processing file /home/airflow/.local/lib/python3.12/site-packages/airflow/example_dags/example_branch_labels.py for tasks to queue
[2024-07-24T18:12:41.522+0000] {logging_mixin.py:188} INFO - [2024-07-24T18:12:41.521+0000] {dagbag.py:545} INFO - Filling up the DagBag from /home/airflow/.local/lib/python3.12/site-packages/airflow/example_dags/example_branch_labels.py
[2024-07-24T18:12:41.532+0000] {processor.py:840} INFO - DAG(s) 'example_branch_labels' retrieved from /home/airflow/.local/lib/python3.12/site-packages/airflow/example_dags/example_branch_labels.py
[2024-07-24T18:12:41.553+0000] {logging_mixin.py:188} INFO - [2024-07-24T18:12:41.553+0000] {dag.py:3089} INFO - Sync 1 DAGs
[2024-07-24T18:12:41.578+0000] {logging_mixin.py:188} INFO - [2024-07-24T18:12:41.578+0000] {dag.py:3947} INFO - Setting next_dagrun for example_branch_labels to 2024-07-23 00:00:00+00:00, run_after=2024-07-24 00:00:00+00:00
[2024-07-24T18:12:41.597+0000] {processor.py:183} INFO - Processing /home/airflow/.local/lib/python3.12/site-packages/airflow/example_dags/example_branch_labels.py took 0.083 seconds
[2024-07-24T18:13:12.480+0000] {processor.py:161} INFO - Started process (PID=885) to work on /home/airflow/.local/lib/python3.12/site-packages/airflow/example_dags/example_branch_labels.py
[2024-07-24T18:13:12.482+0000] {processor.py:830} INFO - Processing file /home/airflow/.local/lib/python3.12/site-packages/airflow/example_dags/example_branch_labels.py for tasks to queue
[2024-07-24T18:13:12.484+0000] {logging_mixin.py:188} INFO - [2024-07-24T18:13:12.483+0000] {dagbag.py:545} INFO - Filling up the DagBag from /home/airflow/.local/lib/python3.12/site-packages/airflow/example_dags/example_branch_labels.py
[2024-07-24T18:13:12.497+0000] {processor.py:840} INFO - DAG(s) 'example_branch_labels' retrieved from /home/airflow/.local/lib/python3.12/site-packages/airflow/example_dags/example_branch_labels.py
[2024-07-24T18:13:12.518+0000] {logging_mixin.py:188} INFO - [2024-07-24T18:13:12.518+0000] {dag.py:3089} INFO - Sync 1 DAGs
[2024-07-24T18:13:12.543+0000] {logging_mixin.py:188} INFO - [2024-07-24T18:13:12.542+0000] {dag.py:3947} INFO - Setting next_dagrun for example_branch_labels to 2024-07-23 00:00:00+00:00, run_after=2024-07-24 00:00:00+00:00
[2024-07-24T18:13:12.561+0000] {processor.py:183} INFO - Processing /home/airflow/.local/lib/python3.12/site-packages/airflow/example_dags/example_branch_labels.py took 0.089 seconds
[2024-07-24T18:13:42.619+0000] {processor.py:161} INFO - Started process (PID=943) to work on /home/airflow/.local/lib/python3.12/site-packages/airflow/example_dags/example_branch_labels.py
[2024-07-24T18:13:42.621+0000] {processor.py:830} INFO - Processing file /home/airflow/.local/lib/python3.12/site-packages/airflow/example_dags/example_branch_labels.py for tasks to queue
[2024-07-24T18:13:42.622+0000] {logging_mixin.py:188} INFO - [2024-07-24T18:13:42.622+0000] {dagbag.py:545} INFO - Filling up the DagBag from /home/airflow/.local/lib/python3.12/site-packages/airflow/example_dags/example_branch_labels.py
[2024-07-24T18:13:42.631+0000] {processor.py:840} INFO - DAG(s) 'example_branch_labels' retrieved from /home/airflow/.local/lib/python3.12/site-packages/airflow/example_dags/example_branch_labels.py
[2024-07-24T18:13:42.653+0000] {logging_mixin.py:188} INFO - [2024-07-24T18:13:42.653+0000] {dag.py:3089} INFO - Sync 1 DAGs
[2024-07-24T18:13:42.678+0000] {logging_mixin.py:188} INFO - [2024-07-24T18:13:42.678+0000] {dag.py:3947} INFO - Setting next_dagrun for example_branch_labels to 2024-07-23 00:00:00+00:00, run_after=2024-07-24 00:00:00+00:00
[2024-07-24T18:13:42.697+0000] {processor.py:183} INFO - Processing /home/airflow/.local/lib/python3.12/site-packages/airflow/example_dags/example_branch_labels.py took 0.084 seconds
[2024-07-24T18:14:13.568+0000] {processor.py:161} INFO - Started process (PID=1001) to work on /home/airflow/.local/lib/python3.12/site-packages/airflow/example_dags/example_branch_labels.py
[2024-07-24T18:14:13.574+0000] {processor.py:830} INFO - Processing file /home/airflow/.local/lib/python3.12/site-packages/airflow/example_dags/example_branch_labels.py for tasks to queue
[2024-07-24T18:14:13.576+0000] {logging_mixin.py:188} INFO - [2024-07-24T18:14:13.575+0000] {dagbag.py:545} INFO - Filling up the DagBag from /home/airflow/.local/lib/python3.12/site-packages/airflow/example_dags/example_branch_labels.py
[2024-07-24T18:14:13.584+0000] {processor.py:840} INFO - DAG(s) 'example_branch_labels' retrieved from /home/airflow/.local/lib/python3.12/site-packages/airflow/example_dags/example_branch_labels.py
[2024-07-24T18:14:13.608+0000] {logging_mixin.py:188} INFO - [2024-07-24T18:14:13.608+0000] {dag.py:3089} INFO - Sync 1 DAGs
[2024-07-24T18:14:13.630+0000] {logging_mixin.py:188} INFO - [2024-07-24T18:14:13.630+0000] {dag.py:3947} INFO - Setting next_dagrun for example_branch_labels to 2024-07-23 00:00:00+00:00, run_after=2024-07-24 00:00:00+00:00
[2024-07-24T18:14:13.649+0000] {processor.py:183} INFO - Processing /home/airflow/.local/lib/python3.12/site-packages/airflow/example_dags/example_branch_labels.py took 0.085 seconds
[2024-07-24T18:14:44.299+0000] {processor.py:161} INFO - Started process (PID=1058) to work on /home/airflow/.local/lib/python3.12/site-packages/airflow/example_dags/example_branch_labels.py
[2024-07-24T18:14:44.300+0000] {processor.py:830} INFO - Processing file /home/airflow/.local/lib/python3.12/site-packages/airflow/example_dags/example_branch_labels.py for tasks to queue
[2024-07-24T18:14:44.307+0000] {logging_mixin.py:188} INFO - [2024-07-24T18:14:44.307+0000] {dagbag.py:545} INFO - Filling up the DagBag from /home/airflow/.local/lib/python3.12/site-packages/airflow/example_dags/example_branch_labels.py
[2024-07-24T18:14:44.344+0000] {processor.py:840} INFO - DAG(s) 'example_branch_labels' retrieved from /home/airflow/.local/lib/python3.12/site-packages/airflow/example_dags/example_branch_labels.py
[2024-07-24T18:14:44.429+0000] {logging_mixin.py:188} INFO - [2024-07-24T18:14:44.429+0000] {dag.py:3089} INFO - Sync 1 DAGs
[2024-07-24T18:14:44.543+0000] {logging_mixin.py:188} INFO - [2024-07-24T18:14:44.543+0000] {dag.py:3947} INFO - Setting next_dagrun for example_branch_labels to 2024-07-23 00:00:00+00:00, run_after=2024-07-24 00:00:00+00:00
[2024-07-24T18:14:44.591+0000] {processor.py:183} INFO - Processing /home/airflow/.local/lib/python3.12/site-packages/airflow/example_dags/example_branch_labels.py took 0.320 seconds
[2024-07-24T18:15:15.614+0000] {processor.py:161} INFO - Started process (PID=1116) to work on /home/airflow/.local/lib/python3.12/site-packages/airflow/example_dags/example_branch_labels.py
[2024-07-24T18:15:15.620+0000] {processor.py:830} INFO - Processing file /home/airflow/.local/lib/python3.12/site-packages/airflow/example_dags/example_branch_labels.py for tasks to queue
[2024-07-24T18:15:15.623+0000] {logging_mixin.py:188} INFO - [2024-07-24T18:15:15.622+0000] {dagbag.py:545} INFO - Filling up the DagBag from /home/airflow/.local/lib/python3.12/site-packages/airflow/example_dags/example_branch_labels.py
[2024-07-24T18:15:15.647+0000] {processor.py:840} INFO - DAG(s) 'example_branch_labels' retrieved from /home/airflow/.local/lib/python3.12/site-packages/airflow/example_dags/example_branch_labels.py
[2024-07-24T18:15:15.686+0000] {logging_mixin.py:188} INFO - [2024-07-24T18:15:15.685+0000] {dag.py:3089} INFO - Sync 1 DAGs
[2024-07-24T18:15:15.732+0000] {logging_mixin.py:188} INFO - [2024-07-24T18:15:15.732+0000] {dag.py:3947} INFO - Setting next_dagrun for example_branch_labels to 2024-07-23 00:00:00+00:00, run_after=2024-07-24 00:00:00+00:00
[2024-07-24T18:15:15.788+0000] {processor.py:183} INFO - Processing /home/airflow/.local/lib/python3.12/site-packages/airflow/example_dags/example_branch_labels.py took 0.188 seconds
[2024-07-24T18:15:46.219+0000] {processor.py:161} INFO - Started process (PID=1174) to work on /home/airflow/.local/lib/python3.12/site-packages/airflow/example_dags/example_branch_labels.py
[2024-07-24T18:15:46.220+0000] {processor.py:830} INFO - Processing file /home/airflow/.local/lib/python3.12/site-packages/airflow/example_dags/example_branch_labels.py for tasks to queue
[2024-07-24T18:15:46.221+0000] {logging_mixin.py:188} INFO - [2024-07-24T18:15:46.221+0000] {dagbag.py:545} INFO - Filling up the DagBag from /home/airflow/.local/lib/python3.12/site-packages/airflow/example_dags/example_branch_labels.py
[2024-07-24T18:15:46.230+0000] {processor.py:840} INFO - DAG(s) 'example_branch_labels' retrieved from /home/airflow/.local/lib/python3.12/site-packages/airflow/example_dags/example_branch_labels.py
[2024-07-24T18:15:46.254+0000] {logging_mixin.py:188} INFO - [2024-07-24T18:15:46.251+0000] {dag.py:3089} INFO - Sync 1 DAGs
[2024-07-24T18:15:46.276+0000] {logging_mixin.py:188} INFO - [2024-07-24T18:15:46.276+0000] {dag.py:3947} INFO - Setting next_dagrun for example_branch_labels to 2024-07-23 00:00:00+00:00, run_after=2024-07-24 00:00:00+00:00
[2024-07-24T18:15:46.296+0000] {processor.py:183} INFO - Processing /home/airflow/.local/lib/python3.12/site-packages/airflow/example_dags/example_branch_labels.py took 0.083 seconds
[2024-07-24T18:16:16.919+0000] {processor.py:161} INFO - Started process (PID=1231) to work on /home/airflow/.local/lib/python3.12/site-packages/airflow/example_dags/example_branch_labels.py
[2024-07-24T18:16:16.921+0000] {processor.py:830} INFO - Processing file /home/airflow/.local/lib/python3.12/site-packages/airflow/example_dags/example_branch_labels.py for tasks to queue
[2024-07-24T18:16:16.923+0000] {logging_mixin.py:188} INFO - [2024-07-24T18:16:16.922+0000] {dagbag.py:545} INFO - Filling up the DagBag from /home/airflow/.local/lib/python3.12/site-packages/airflow/example_dags/example_branch_labels.py
[2024-07-24T18:16:16.929+0000] {processor.py:840} INFO - DAG(s) 'example_branch_labels' retrieved from /home/airflow/.local/lib/python3.12/site-packages/airflow/example_dags/example_branch_labels.py
[2024-07-24T18:16:16.957+0000] {logging_mixin.py:188} INFO - [2024-07-24T18:16:16.957+0000] {dag.py:3089} INFO - Sync 1 DAGs
[2024-07-24T18:16:16.983+0000] {logging_mixin.py:188} INFO - [2024-07-24T18:16:16.983+0000] {dag.py:3947} INFO - Setting next_dagrun for example_branch_labels to 2024-07-23 00:00:00+00:00, run_after=2024-07-24 00:00:00+00:00
[2024-07-24T18:16:17.002+0000] {processor.py:183} INFO - Processing /home/airflow/.local/lib/python3.12/site-packages/airflow/example_dags/example_branch_labels.py took 0.089 seconds
