[2024-07-24T18:06:14.392+0000] {processor.py:161} INFO - Started process (PID=103) to work on /home/airflow/.local/lib/python3.12/site-packages/airflow/example_dags/example_external_task_marker_dag.py
[2024-07-24T18:06:14.393+0000] {processor.py:830} INFO - Processing file /home/airflow/.local/lib/python3.12/site-packages/airflow/example_dags/example_external_task_marker_dag.py for tasks to queue
[2024-07-24T18:06:14.395+0000] {logging_mixin.py:188} INFO - [2024-07-24T18:06:14.395+0000] {dagbag.py:545} INFO - Filling up the DagBag from /home/airflow/.local/lib/python3.12/site-packages/airflow/example_dags/example_external_task_marker_dag.py
[2024-07-24T18:06:14.404+0000] {processor.py:840} INFO - DAG(s) 'example_external_task_marker_child', 'example_external_task_marker_parent' retrieved from /home/airflow/.local/lib/python3.12/site-packages/airflow/example_dags/example_external_task_marker_dag.py
[2024-07-24T18:06:14.542+0000] {logging_mixin.py:188} INFO - [2024-07-24T18:06:14.542+0000] {dag.py:3089} INFO - Sync 2 DAGs
[2024-07-24T18:06:14.561+0000] {logging_mixin.py:188} INFO - [2024-07-24T18:06:14.561+0000] {dag.py:3947} INFO - Setting next_dagrun for example_external_task_marker_child to None, run_after=None
[2024-07-24T18:06:14.565+0000] {logging_mixin.py:188} INFO - [2024-07-24T18:06:14.565+0000] {dag.py:3947} INFO - Setting next_dagrun for example_external_task_marker_parent to None, run_after=None
[2024-07-24T18:06:14.624+0000] {processor.py:183} INFO - Processing /home/airflow/.local/lib/python3.12/site-packages/airflow/example_dags/example_external_task_marker_dag.py took 0.239 seconds
[2024-07-24T18:06:45.327+0000] {processor.py:161} INFO - Started process (PID=161) to work on /home/airflow/.local/lib/python3.12/site-packages/airflow/example_dags/example_external_task_marker_dag.py
[2024-07-24T18:06:45.330+0000] {processor.py:830} INFO - Processing file /home/airflow/.local/lib/python3.12/site-packages/airflow/example_dags/example_external_task_marker_dag.py for tasks to queue
[2024-07-24T18:06:45.332+0000] {logging_mixin.py:188} INFO - [2024-07-24T18:06:45.331+0000] {dagbag.py:545} INFO - Filling up the DagBag from /home/airflow/.local/lib/python3.12/site-packages/airflow/example_dags/example_external_task_marker_dag.py
[2024-07-24T18:06:45.337+0000] {processor.py:840} INFO - DAG(s) 'example_external_task_marker_parent', 'example_external_task_marker_child' retrieved from /home/airflow/.local/lib/python3.12/site-packages/airflow/example_dags/example_external_task_marker_dag.py
[2024-07-24T18:06:45.363+0000] {logging_mixin.py:188} INFO - [2024-07-24T18:06:45.363+0000] {dag.py:3089} INFO - Sync 2 DAGs
[2024-07-24T18:06:45.377+0000] {logging_mixin.py:188} INFO - [2024-07-24T18:06:45.377+0000] {dag.py:3947} INFO - Setting next_dagrun for example_external_task_marker_child to None, run_after=None
[2024-07-24T18:06:45.382+0000] {logging_mixin.py:188} INFO - [2024-07-24T18:06:45.382+0000] {dag.py:3947} INFO - Setting next_dagrun for example_external_task_marker_parent to None, run_after=None
[2024-07-24T18:06:45.420+0000] {processor.py:183} INFO - Processing /home/airflow/.local/lib/python3.12/site-packages/airflow/example_dags/example_external_task_marker_dag.py took 0.099 seconds
[2024-07-24T18:07:15.625+0000] {processor.py:161} INFO - Started process (PID=219) to work on /home/airflow/.local/lib/python3.12/site-packages/airflow/example_dags/example_external_task_marker_dag.py
[2024-07-24T18:07:15.628+0000] {processor.py:830} INFO - Processing file /home/airflow/.local/lib/python3.12/site-packages/airflow/example_dags/example_external_task_marker_dag.py for tasks to queue
[2024-07-24T18:07:15.630+0000] {logging_mixin.py:188} INFO - [2024-07-24T18:07:15.629+0000] {dagbag.py:545} INFO - Filling up the DagBag from /home/airflow/.local/lib/python3.12/site-packages/airflow/example_dags/example_external_task_marker_dag.py
[2024-07-24T18:07:15.635+0000] {processor.py:840} INFO - DAG(s) 'example_external_task_marker_child', 'example_external_task_marker_parent' retrieved from /home/airflow/.local/lib/python3.12/site-packages/airflow/example_dags/example_external_task_marker_dag.py
[2024-07-24T18:07:15.665+0000] {logging_mixin.py:188} INFO - [2024-07-24T18:07:15.665+0000] {dag.py:3089} INFO - Sync 2 DAGs
[2024-07-24T18:07:15.680+0000] {logging_mixin.py:188} INFO - [2024-07-24T18:07:15.679+0000] {dag.py:3947} INFO - Setting next_dagrun for example_external_task_marker_child to None, run_after=None
[2024-07-24T18:07:15.683+0000] {logging_mixin.py:188} INFO - [2024-07-24T18:07:15.683+0000] {dag.py:3947} INFO - Setting next_dagrun for example_external_task_marker_parent to None, run_after=None
[2024-07-24T18:07:15.705+0000] {processor.py:183} INFO - Processing /home/airflow/.local/lib/python3.12/site-packages/airflow/example_dags/example_external_task_marker_dag.py took 0.084 seconds
[2024-07-24T18:07:45.967+0000] {processor.py:161} INFO - Started process (PID=277) to work on /home/airflow/.local/lib/python3.12/site-packages/airflow/example_dags/example_external_task_marker_dag.py
[2024-07-24T18:07:45.968+0000] {processor.py:830} INFO - Processing file /home/airflow/.local/lib/python3.12/site-packages/airflow/example_dags/example_external_task_marker_dag.py for tasks to queue
[2024-07-24T18:07:45.970+0000] {logging_mixin.py:188} INFO - [2024-07-24T18:07:45.970+0000] {dagbag.py:545} INFO - Filling up the DagBag from /home/airflow/.local/lib/python3.12/site-packages/airflow/example_dags/example_external_task_marker_dag.py
[2024-07-24T18:07:45.977+0000] {processor.py:840} INFO - DAG(s) 'example_external_task_marker_child', 'example_external_task_marker_parent' retrieved from /home/airflow/.local/lib/python3.12/site-packages/airflow/example_dags/example_external_task_marker_dag.py
[2024-07-24T18:07:46.001+0000] {logging_mixin.py:188} INFO - [2024-07-24T18:07:46.001+0000] {dag.py:3089} INFO - Sync 2 DAGs
[2024-07-24T18:07:46.015+0000] {logging_mixin.py:188} INFO - [2024-07-24T18:07:46.015+0000] {dag.py:3947} INFO - Setting next_dagrun for example_external_task_marker_child to None, run_after=None
[2024-07-24T18:07:46.018+0000] {logging_mixin.py:188} INFO - [2024-07-24T18:07:46.018+0000] {dag.py:3947} INFO - Setting next_dagrun for example_external_task_marker_parent to None, run_after=None
[2024-07-24T18:07:46.037+0000] {processor.py:183} INFO - Processing /home/airflow/.local/lib/python3.12/site-packages/airflow/example_dags/example_external_task_marker_dag.py took 0.076 seconds
[2024-07-24T18:08:16.394+0000] {processor.py:161} INFO - Started process (PID=334) to work on /home/airflow/.local/lib/python3.12/site-packages/airflow/example_dags/example_external_task_marker_dag.py
[2024-07-24T18:08:16.397+0000] {processor.py:830} INFO - Processing file /home/airflow/.local/lib/python3.12/site-packages/airflow/example_dags/example_external_task_marker_dag.py for tasks to queue
[2024-07-24T18:08:16.398+0000] {logging_mixin.py:188} INFO - [2024-07-24T18:08:16.398+0000] {dagbag.py:545} INFO - Filling up the DagBag from /home/airflow/.local/lib/python3.12/site-packages/airflow/example_dags/example_external_task_marker_dag.py
[2024-07-24T18:08:16.403+0000] {processor.py:840} INFO - DAG(s) 'example_external_task_marker_child', 'example_external_task_marker_parent' retrieved from /home/airflow/.local/lib/python3.12/site-packages/airflow/example_dags/example_external_task_marker_dag.py
[2024-07-24T18:08:16.431+0000] {logging_mixin.py:188} INFO - [2024-07-24T18:08:16.430+0000] {dag.py:3089} INFO - Sync 2 DAGs
[2024-07-24T18:08:16.445+0000] {logging_mixin.py:188} INFO - [2024-07-24T18:08:16.445+0000] {dag.py:3947} INFO - Setting next_dagrun for example_external_task_marker_child to None, run_after=None
[2024-07-24T18:08:16.448+0000] {logging_mixin.py:188} INFO - [2024-07-24T18:08:16.448+0000] {dag.py:3947} INFO - Setting next_dagrun for example_external_task_marker_parent to None, run_after=None
[2024-07-24T18:08:16.463+0000] {processor.py:183} INFO - Processing /home/airflow/.local/lib/python3.12/site-packages/airflow/example_dags/example_external_task_marker_dag.py took 0.074 seconds
[2024-07-24T18:08:47.516+0000] {processor.py:161} INFO - Started process (PID=398) to work on /home/airflow/.local/lib/python3.12/site-packages/airflow/example_dags/example_external_task_marker_dag.py
[2024-07-24T18:08:47.518+0000] {processor.py:830} INFO - Processing file /home/airflow/.local/lib/python3.12/site-packages/airflow/example_dags/example_external_task_marker_dag.py for tasks to queue
[2024-07-24T18:08:47.520+0000] {logging_mixin.py:188} INFO - [2024-07-24T18:08:47.519+0000] {dagbag.py:545} INFO - Filling up the DagBag from /home/airflow/.local/lib/python3.12/site-packages/airflow/example_dags/example_external_task_marker_dag.py
[2024-07-24T18:08:47.525+0000] {processor.py:840} INFO - DAG(s) 'example_external_task_marker_child', 'example_external_task_marker_parent' retrieved from /home/airflow/.local/lib/python3.12/site-packages/airflow/example_dags/example_external_task_marker_dag.py
[2024-07-24T18:08:47.555+0000] {logging_mixin.py:188} INFO - [2024-07-24T18:08:47.553+0000] {dag.py:3089} INFO - Sync 2 DAGs
[2024-07-24T18:08:47.568+0000] {logging_mixin.py:188} INFO - [2024-07-24T18:08:47.567+0000] {dag.py:3947} INFO - Setting next_dagrun for example_external_task_marker_child to None, run_after=None
[2024-07-24T18:08:47.574+0000] {logging_mixin.py:188} INFO - [2024-07-24T18:08:47.574+0000] {dag.py:3947} INFO - Setting next_dagrun for example_external_task_marker_parent to None, run_after=None
[2024-07-24T18:08:47.594+0000] {processor.py:183} INFO - Processing /home/airflow/.local/lib/python3.12/site-packages/airflow/example_dags/example_external_task_marker_dag.py took 0.083 seconds
[2024-07-24T18:09:17.747+0000] {processor.py:161} INFO - Started process (PID=456) to work on /home/airflow/.local/lib/python3.12/site-packages/airflow/example_dags/example_external_task_marker_dag.py
[2024-07-24T18:09:17.752+0000] {processor.py:830} INFO - Processing file /home/airflow/.local/lib/python3.12/site-packages/airflow/example_dags/example_external_task_marker_dag.py for tasks to queue
[2024-07-24T18:09:17.754+0000] {logging_mixin.py:188} INFO - [2024-07-24T18:09:17.754+0000] {dagbag.py:545} INFO - Filling up the DagBag from /home/airflow/.local/lib/python3.12/site-packages/airflow/example_dags/example_external_task_marker_dag.py
[2024-07-24T18:09:17.762+0000] {processor.py:840} INFO - DAG(s) 'example_external_task_marker_parent', 'example_external_task_marker_child' retrieved from /home/airflow/.local/lib/python3.12/site-packages/airflow/example_dags/example_external_task_marker_dag.py
[2024-07-24T18:09:17.800+0000] {logging_mixin.py:188} INFO - [2024-07-24T18:09:17.800+0000] {dag.py:3089} INFO - Sync 2 DAGs
[2024-07-24T18:09:17.820+0000] {logging_mixin.py:188} INFO - [2024-07-24T18:09:17.819+0000] {dag.py:3947} INFO - Setting next_dagrun for example_external_task_marker_child to None, run_after=None
[2024-07-24T18:09:17.827+0000] {logging_mixin.py:188} INFO - [2024-07-24T18:09:17.827+0000] {dag.py:3947} INFO - Setting next_dagrun for example_external_task_marker_parent to None, run_after=None
[2024-07-24T18:09:17.844+0000] {processor.py:183} INFO - Processing /home/airflow/.local/lib/python3.12/site-packages/airflow/example_dags/example_external_task_marker_dag.py took 0.104 seconds
[2024-07-24T18:09:48.415+0000] {processor.py:161} INFO - Started process (PID=514) to work on /home/airflow/.local/lib/python3.12/site-packages/airflow/example_dags/example_external_task_marker_dag.py
[2024-07-24T18:09:48.417+0000] {processor.py:830} INFO - Processing file /home/airflow/.local/lib/python3.12/site-packages/airflow/example_dags/example_external_task_marker_dag.py for tasks to queue
[2024-07-24T18:09:48.421+0000] {logging_mixin.py:188} INFO - [2024-07-24T18:09:48.418+0000] {dagbag.py:545} INFO - Filling up the DagBag from /home/airflow/.local/lib/python3.12/site-packages/airflow/example_dags/example_external_task_marker_dag.py
[2024-07-24T18:09:48.426+0000] {processor.py:840} INFO - DAG(s) 'example_external_task_marker_parent', 'example_external_task_marker_child' retrieved from /home/airflow/.local/lib/python3.12/site-packages/airflow/example_dags/example_external_task_marker_dag.py
[2024-07-24T18:09:48.452+0000] {logging_mixin.py:188} INFO - [2024-07-24T18:09:48.451+0000] {dag.py:3089} INFO - Sync 2 DAGs
[2024-07-24T18:09:48.464+0000] {logging_mixin.py:188} INFO - [2024-07-24T18:09:48.464+0000] {dag.py:3947} INFO - Setting next_dagrun for example_external_task_marker_child to None, run_after=None
[2024-07-24T18:09:48.470+0000] {logging_mixin.py:188} INFO - [2024-07-24T18:09:48.470+0000] {dag.py:3947} INFO - Setting next_dagrun for example_external_task_marker_parent to None, run_after=None
[2024-07-24T18:09:48.494+0000] {processor.py:183} INFO - Processing /home/airflow/.local/lib/python3.12/site-packages/airflow/example_dags/example_external_task_marker_dag.py took 0.086 seconds
[2024-07-24T18:10:18.865+0000] {processor.py:161} INFO - Started process (PID=572) to work on /home/airflow/.local/lib/python3.12/site-packages/airflow/example_dags/example_external_task_marker_dag.py
[2024-07-24T18:10:18.867+0000] {processor.py:830} INFO - Processing file /home/airflow/.local/lib/python3.12/site-packages/airflow/example_dags/example_external_task_marker_dag.py for tasks to queue
[2024-07-24T18:10:18.868+0000] {logging_mixin.py:188} INFO - [2024-07-24T18:10:18.868+0000] {dagbag.py:545} INFO - Filling up the DagBag from /home/airflow/.local/lib/python3.12/site-packages/airflow/example_dags/example_external_task_marker_dag.py
[2024-07-24T18:10:18.874+0000] {processor.py:840} INFO - DAG(s) 'example_external_task_marker_child', 'example_external_task_marker_parent' retrieved from /home/airflow/.local/lib/python3.12/site-packages/airflow/example_dags/example_external_task_marker_dag.py
[2024-07-24T18:10:18.901+0000] {logging_mixin.py:188} INFO - [2024-07-24T18:10:18.901+0000] {dag.py:3089} INFO - Sync 2 DAGs
[2024-07-24T18:10:18.917+0000] {logging_mixin.py:188} INFO - [2024-07-24T18:10:18.916+0000] {dag.py:3947} INFO - Setting next_dagrun for example_external_task_marker_child to None, run_after=None
[2024-07-24T18:10:18.920+0000] {logging_mixin.py:188} INFO - [2024-07-24T18:10:18.920+0000] {dag.py:3947} INFO - Setting next_dagrun for example_external_task_marker_parent to None, run_after=None
[2024-07-24T18:10:18.937+0000] {processor.py:183} INFO - Processing /home/airflow/.local/lib/python3.12/site-packages/airflow/example_dags/example_external_task_marker_dag.py took 0.078 seconds
[2024-07-24T18:10:49.722+0000] {processor.py:161} INFO - Started process (PID=629) to work on /home/airflow/.local/lib/python3.12/site-packages/airflow/example_dags/example_external_task_marker_dag.py
[2024-07-24T18:10:49.732+0000] {processor.py:830} INFO - Processing file /home/airflow/.local/lib/python3.12/site-packages/airflow/example_dags/example_external_task_marker_dag.py for tasks to queue
[2024-07-24T18:10:49.739+0000] {logging_mixin.py:188} INFO - [2024-07-24T18:10:49.735+0000] {dagbag.py:545} INFO - Filling up the DagBag from /home/airflow/.local/lib/python3.12/site-packages/airflow/example_dags/example_external_task_marker_dag.py
[2024-07-24T18:10:49.748+0000] {processor.py:840} INFO - DAG(s) 'example_external_task_marker_child', 'example_external_task_marker_parent' retrieved from /home/airflow/.local/lib/python3.12/site-packages/airflow/example_dags/example_external_task_marker_dag.py
[2024-07-24T18:10:49.801+0000] {logging_mixin.py:188} INFO - [2024-07-24T18:10:49.801+0000] {dag.py:3089} INFO - Sync 2 DAGs
[2024-07-24T18:10:49.842+0000] {logging_mixin.py:188} INFO - [2024-07-24T18:10:49.842+0000] {dag.py:3947} INFO - Setting next_dagrun for example_external_task_marker_child to None, run_after=None
[2024-07-24T18:10:49.853+0000] {logging_mixin.py:188} INFO - [2024-07-24T18:10:49.853+0000] {dag.py:3947} INFO - Setting next_dagrun for example_external_task_marker_parent to None, run_after=None
[2024-07-24T18:10:49.894+0000] {processor.py:183} INFO - Processing /home/airflow/.local/lib/python3.12/site-packages/airflow/example_dags/example_external_task_marker_dag.py took 0.196 seconds
[2024-07-24T18:11:20.404+0000] {processor.py:161} INFO - Started process (PID=687) to work on /home/airflow/.local/lib/python3.12/site-packages/airflow/example_dags/example_external_task_marker_dag.py
[2024-07-24T18:11:20.416+0000] {processor.py:830} INFO - Processing file /home/airflow/.local/lib/python3.12/site-packages/airflow/example_dags/example_external_task_marker_dag.py for tasks to queue
[2024-07-24T18:11:20.424+0000] {logging_mixin.py:188} INFO - [2024-07-24T18:11:20.424+0000] {dagbag.py:545} INFO - Filling up the DagBag from /home/airflow/.local/lib/python3.12/site-packages/airflow/example_dags/example_external_task_marker_dag.py
[2024-07-24T18:11:20.431+0000] {processor.py:840} INFO - DAG(s) 'example_external_task_marker_parent', 'example_external_task_marker_child' retrieved from /home/airflow/.local/lib/python3.12/site-packages/airflow/example_dags/example_external_task_marker_dag.py
[2024-07-24T18:11:20.529+0000] {logging_mixin.py:188} INFO - [2024-07-24T18:11:20.529+0000] {dag.py:3089} INFO - Sync 2 DAGs
[2024-07-24T18:11:20.561+0000] {logging_mixin.py:188} INFO - [2024-07-24T18:11:20.557+0000] {dag.py:3947} INFO - Setting next_dagrun for example_external_task_marker_child to None, run_after=None
[2024-07-24T18:11:20.575+0000] {logging_mixin.py:188} INFO - [2024-07-24T18:11:20.574+0000] {dag.py:3947} INFO - Setting next_dagrun for example_external_task_marker_parent to None, run_after=None
[2024-07-24T18:11:20.649+0000] {processor.py:183} INFO - Processing /home/airflow/.local/lib/python3.12/site-packages/airflow/example_dags/example_external_task_marker_dag.py took 0.255 seconds
[2024-07-24T18:11:50.748+0000] {processor.py:161} INFO - Started process (PID=745) to work on /home/airflow/.local/lib/python3.12/site-packages/airflow/example_dags/example_external_task_marker_dag.py
[2024-07-24T18:11:50.751+0000] {processor.py:830} INFO - Processing file /home/airflow/.local/lib/python3.12/site-packages/airflow/example_dags/example_external_task_marker_dag.py for tasks to queue
[2024-07-24T18:11:50.752+0000] {logging_mixin.py:188} INFO - [2024-07-24T18:11:50.752+0000] {dagbag.py:545} INFO - Filling up the DagBag from /home/airflow/.local/lib/python3.12/site-packages/airflow/example_dags/example_external_task_marker_dag.py
[2024-07-24T18:11:50.760+0000] {processor.py:840} INFO - DAG(s) 'example_external_task_marker_child', 'example_external_task_marker_parent' retrieved from /home/airflow/.local/lib/python3.12/site-packages/airflow/example_dags/example_external_task_marker_dag.py
[2024-07-24T18:11:50.785+0000] {logging_mixin.py:188} INFO - [2024-07-24T18:11:50.785+0000] {dag.py:3089} INFO - Sync 2 DAGs
[2024-07-24T18:11:50.799+0000] {logging_mixin.py:188} INFO - [2024-07-24T18:11:50.798+0000] {dag.py:3947} INFO - Setting next_dagrun for example_external_task_marker_child to None, run_after=None
[2024-07-24T18:11:50.802+0000] {logging_mixin.py:188} INFO - [2024-07-24T18:11:50.801+0000] {dag.py:3947} INFO - Setting next_dagrun for example_external_task_marker_parent to None, run_after=None
[2024-07-24T18:11:50.817+0000] {processor.py:183} INFO - Processing /home/airflow/.local/lib/python3.12/site-packages/airflow/example_dags/example_external_task_marker_dag.py took 0.074 seconds
[2024-07-24T18:12:21.325+0000] {processor.py:161} INFO - Started process (PID=803) to work on /home/airflow/.local/lib/python3.12/site-packages/airflow/example_dags/example_external_task_marker_dag.py
[2024-07-24T18:12:21.328+0000] {processor.py:830} INFO - Processing file /home/airflow/.local/lib/python3.12/site-packages/airflow/example_dags/example_external_task_marker_dag.py for tasks to queue
[2024-07-24T18:12:21.331+0000] {logging_mixin.py:188} INFO - [2024-07-24T18:12:21.329+0000] {dagbag.py:545} INFO - Filling up the DagBag from /home/airflow/.local/lib/python3.12/site-packages/airflow/example_dags/example_external_task_marker_dag.py
[2024-07-24T18:12:21.336+0000] {processor.py:840} INFO - DAG(s) 'example_external_task_marker_parent', 'example_external_task_marker_child' retrieved from /home/airflow/.local/lib/python3.12/site-packages/airflow/example_dags/example_external_task_marker_dag.py
[2024-07-24T18:12:21.370+0000] {logging_mixin.py:188} INFO - [2024-07-24T18:12:21.370+0000] {dag.py:3089} INFO - Sync 2 DAGs
[2024-07-24T18:12:21.382+0000] {logging_mixin.py:188} INFO - [2024-07-24T18:12:21.382+0000] {dag.py:3947} INFO - Setting next_dagrun for example_external_task_marker_child to None, run_after=None
[2024-07-24T18:12:21.388+0000] {logging_mixin.py:188} INFO - [2024-07-24T18:12:21.388+0000] {dag.py:3947} INFO - Setting next_dagrun for example_external_task_marker_parent to None, run_after=None
[2024-07-24T18:12:21.403+0000] {processor.py:183} INFO - Processing /home/airflow/.local/lib/python3.12/site-packages/airflow/example_dags/example_external_task_marker_dag.py took 0.085 seconds
[2024-07-24T18:12:52.268+0000] {processor.py:161} INFO - Started process (PID=861) to work on /home/airflow/.local/lib/python3.12/site-packages/airflow/example_dags/example_external_task_marker_dag.py
[2024-07-24T18:12:52.268+0000] {processor.py:830} INFO - Processing file /home/airflow/.local/lib/python3.12/site-packages/airflow/example_dags/example_external_task_marker_dag.py for tasks to queue
[2024-07-24T18:12:52.270+0000] {logging_mixin.py:188} INFO - [2024-07-24T18:12:52.270+0000] {dagbag.py:545} INFO - Filling up the DagBag from /home/airflow/.local/lib/python3.12/site-packages/airflow/example_dags/example_external_task_marker_dag.py
[2024-07-24T18:12:52.278+0000] {processor.py:840} INFO - DAG(s) 'example_external_task_marker_parent', 'example_external_task_marker_child' retrieved from /home/airflow/.local/lib/python3.12/site-packages/airflow/example_dags/example_external_task_marker_dag.py
[2024-07-24T18:12:52.305+0000] {logging_mixin.py:188} INFO - [2024-07-24T18:12:52.305+0000] {dag.py:3089} INFO - Sync 2 DAGs
[2024-07-24T18:12:52.320+0000] {logging_mixin.py:188} INFO - [2024-07-24T18:12:52.319+0000] {dag.py:3947} INFO - Setting next_dagrun for example_external_task_marker_child to None, run_after=None
[2024-07-24T18:12:52.323+0000] {logging_mixin.py:188} INFO - [2024-07-24T18:12:52.322+0000] {dag.py:3947} INFO - Setting next_dagrun for example_external_task_marker_parent to None, run_after=None
[2024-07-24T18:12:52.342+0000] {processor.py:183} INFO - Processing /home/airflow/.local/lib/python3.12/site-packages/airflow/example_dags/example_external_task_marker_dag.py took 0.079 seconds
[2024-07-24T18:13:23.278+0000] {processor.py:161} INFO - Started process (PID=919) to work on /home/airflow/.local/lib/python3.12/site-packages/airflow/example_dags/example_external_task_marker_dag.py
[2024-07-24T18:13:23.280+0000] {processor.py:830} INFO - Processing file /home/airflow/.local/lib/python3.12/site-packages/airflow/example_dags/example_external_task_marker_dag.py for tasks to queue
[2024-07-24T18:13:23.282+0000] {logging_mixin.py:188} INFO - [2024-07-24T18:13:23.281+0000] {dagbag.py:545} INFO - Filling up the DagBag from /home/airflow/.local/lib/python3.12/site-packages/airflow/example_dags/example_external_task_marker_dag.py
[2024-07-24T18:13:23.289+0000] {processor.py:840} INFO - DAG(s) 'example_external_task_marker_parent', 'example_external_task_marker_child' retrieved from /home/airflow/.local/lib/python3.12/site-packages/airflow/example_dags/example_external_task_marker_dag.py
[2024-07-24T18:13:23.314+0000] {logging_mixin.py:188} INFO - [2024-07-24T18:13:23.313+0000] {dag.py:3089} INFO - Sync 2 DAGs
[2024-07-24T18:13:23.327+0000] {logging_mixin.py:188} INFO - [2024-07-24T18:13:23.327+0000] {dag.py:3947} INFO - Setting next_dagrun for example_external_task_marker_child to None, run_after=None
[2024-07-24T18:13:23.332+0000] {logging_mixin.py:188} INFO - [2024-07-24T18:13:23.330+0000] {dag.py:3947} INFO - Setting next_dagrun for example_external_task_marker_parent to None, run_after=None
[2024-07-24T18:13:23.347+0000] {processor.py:183} INFO - Processing /home/airflow/.local/lib/python3.12/site-packages/airflow/example_dags/example_external_task_marker_dag.py took 0.074 seconds
[2024-07-24T18:13:53.866+0000] {processor.py:161} INFO - Started process (PID=977) to work on /home/airflow/.local/lib/python3.12/site-packages/airflow/example_dags/example_external_task_marker_dag.py
[2024-07-24T18:13:53.869+0000] {processor.py:830} INFO - Processing file /home/airflow/.local/lib/python3.12/site-packages/airflow/example_dags/example_external_task_marker_dag.py for tasks to queue
[2024-07-24T18:13:53.871+0000] {logging_mixin.py:188} INFO - [2024-07-24T18:13:53.870+0000] {dagbag.py:545} INFO - Filling up the DagBag from /home/airflow/.local/lib/python3.12/site-packages/airflow/example_dags/example_external_task_marker_dag.py
[2024-07-24T18:13:53.876+0000] {processor.py:840} INFO - DAG(s) 'example_external_task_marker_parent', 'example_external_task_marker_child' retrieved from /home/airflow/.local/lib/python3.12/site-packages/airflow/example_dags/example_external_task_marker_dag.py
[2024-07-24T18:13:53.902+0000] {logging_mixin.py:188} INFO - [2024-07-24T18:13:53.902+0000] {dag.py:3089} INFO - Sync 2 DAGs
[2024-07-24T18:13:53.916+0000] {logging_mixin.py:188} INFO - [2024-07-24T18:13:53.916+0000] {dag.py:3947} INFO - Setting next_dagrun for example_external_task_marker_child to None, run_after=None
[2024-07-24T18:13:53.920+0000] {logging_mixin.py:188} INFO - [2024-07-24T18:13:53.919+0000] {dag.py:3947} INFO - Setting next_dagrun for example_external_task_marker_parent to None, run_after=None
[2024-07-24T18:13:53.937+0000] {processor.py:183} INFO - Processing /home/airflow/.local/lib/python3.12/site-packages/airflow/example_dags/example_external_task_marker_dag.py took 0.076 seconds
[2024-07-24T18:14:24.427+0000] {processor.py:161} INFO - Started process (PID=1034) to work on /home/airflow/.local/lib/python3.12/site-packages/airflow/example_dags/example_external_task_marker_dag.py
[2024-07-24T18:14:24.428+0000] {processor.py:830} INFO - Processing file /home/airflow/.local/lib/python3.12/site-packages/airflow/example_dags/example_external_task_marker_dag.py for tasks to queue
[2024-07-24T18:14:24.429+0000] {logging_mixin.py:188} INFO - [2024-07-24T18:14:24.429+0000] {dagbag.py:545} INFO - Filling up the DagBag from /home/airflow/.local/lib/python3.12/site-packages/airflow/example_dags/example_external_task_marker_dag.py
[2024-07-24T18:14:24.437+0000] {processor.py:840} INFO - DAG(s) 'example_external_task_marker_child', 'example_external_task_marker_parent' retrieved from /home/airflow/.local/lib/python3.12/site-packages/airflow/example_dags/example_external_task_marker_dag.py
[2024-07-24T18:14:24.467+0000] {logging_mixin.py:188} INFO - [2024-07-24T18:14:24.467+0000] {dag.py:3089} INFO - Sync 2 DAGs
[2024-07-24T18:14:24.482+0000] {logging_mixin.py:188} INFO - [2024-07-24T18:14:24.482+0000] {dag.py:3947} INFO - Setting next_dagrun for example_external_task_marker_child to None, run_after=None
[2024-07-24T18:14:24.485+0000] {logging_mixin.py:188} INFO - [2024-07-24T18:14:24.485+0000] {dag.py:3947} INFO - Setting next_dagrun for example_external_task_marker_parent to None, run_after=None
[2024-07-24T18:14:24.506+0000] {processor.py:183} INFO - Processing /home/airflow/.local/lib/python3.12/site-packages/airflow/example_dags/example_external_task_marker_dag.py took 0.084 seconds
[2024-07-24T18:14:55.002+0000] {processor.py:161} INFO - Started process (PID=1092) to work on /home/airflow/.local/lib/python3.12/site-packages/airflow/example_dags/example_external_task_marker_dag.py
[2024-07-24T18:14:55.004+0000] {processor.py:830} INFO - Processing file /home/airflow/.local/lib/python3.12/site-packages/airflow/example_dags/example_external_task_marker_dag.py for tasks to queue
[2024-07-24T18:14:55.005+0000] {logging_mixin.py:188} INFO - [2024-07-24T18:14:55.005+0000] {dagbag.py:545} INFO - Filling up the DagBag from /home/airflow/.local/lib/python3.12/site-packages/airflow/example_dags/example_external_task_marker_dag.py
[2024-07-24T18:14:55.011+0000] {processor.py:840} INFO - DAG(s) 'example_external_task_marker_child', 'example_external_task_marker_parent' retrieved from /home/airflow/.local/lib/python3.12/site-packages/airflow/example_dags/example_external_task_marker_dag.py
[2024-07-24T18:14:55.039+0000] {logging_mixin.py:188} INFO - [2024-07-24T18:14:55.038+0000] {dag.py:3089} INFO - Sync 2 DAGs
[2024-07-24T18:14:55.053+0000] {logging_mixin.py:188} INFO - [2024-07-24T18:14:55.050+0000] {dag.py:3947} INFO - Setting next_dagrun for example_external_task_marker_child to None, run_after=None
[2024-07-24T18:14:55.056+0000] {logging_mixin.py:188} INFO - [2024-07-24T18:14:55.056+0000] {dag.py:3947} INFO - Setting next_dagrun for example_external_task_marker_parent to None, run_after=None
[2024-07-24T18:14:55.071+0000] {processor.py:183} INFO - Processing /home/airflow/.local/lib/python3.12/site-packages/airflow/example_dags/example_external_task_marker_dag.py took 0.076 seconds
[2024-07-24T18:15:25.620+0000] {processor.py:161} INFO - Started process (PID=1150) to work on /home/airflow/.local/lib/python3.12/site-packages/airflow/example_dags/example_external_task_marker_dag.py
[2024-07-24T18:15:25.623+0000] {processor.py:830} INFO - Processing file /home/airflow/.local/lib/python3.12/site-packages/airflow/example_dags/example_external_task_marker_dag.py for tasks to queue
[2024-07-24T18:15:25.625+0000] {logging_mixin.py:188} INFO - [2024-07-24T18:15:25.624+0000] {dagbag.py:545} INFO - Filling up the DagBag from /home/airflow/.local/lib/python3.12/site-packages/airflow/example_dags/example_external_task_marker_dag.py
[2024-07-24T18:15:25.630+0000] {processor.py:840} INFO - DAG(s) 'example_external_task_marker_parent', 'example_external_task_marker_child' retrieved from /home/airflow/.local/lib/python3.12/site-packages/airflow/example_dags/example_external_task_marker_dag.py
[2024-07-24T18:15:25.657+0000] {logging_mixin.py:188} INFO - [2024-07-24T18:15:25.656+0000] {dag.py:3089} INFO - Sync 2 DAGs
[2024-07-24T18:15:25.671+0000] {logging_mixin.py:188} INFO - [2024-07-24T18:15:25.671+0000] {dag.py:3947} INFO - Setting next_dagrun for example_external_task_marker_child to None, run_after=None
[2024-07-24T18:15:25.674+0000] {logging_mixin.py:188} INFO - [2024-07-24T18:15:25.674+0000] {dag.py:3947} INFO - Setting next_dagrun for example_external_task_marker_parent to None, run_after=None
[2024-07-24T18:15:25.692+0000] {processor.py:183} INFO - Processing /home/airflow/.local/lib/python3.12/site-packages/airflow/example_dags/example_external_task_marker_dag.py took 0.077 seconds
[2024-07-24T18:15:56.190+0000] {processor.py:161} INFO - Started process (PID=1207) to work on /home/airflow/.local/lib/python3.12/site-packages/airflow/example_dags/example_external_task_marker_dag.py
[2024-07-24T18:15:56.191+0000] {processor.py:830} INFO - Processing file /home/airflow/.local/lib/python3.12/site-packages/airflow/example_dags/example_external_task_marker_dag.py for tasks to queue
[2024-07-24T18:15:56.193+0000] {logging_mixin.py:188} INFO - [2024-07-24T18:15:56.193+0000] {dagbag.py:545} INFO - Filling up the DagBag from /home/airflow/.local/lib/python3.12/site-packages/airflow/example_dags/example_external_task_marker_dag.py
[2024-07-24T18:15:56.199+0000] {processor.py:840} INFO - DAG(s) 'example_external_task_marker_child', 'example_external_task_marker_parent' retrieved from /home/airflow/.local/lib/python3.12/site-packages/airflow/example_dags/example_external_task_marker_dag.py
[2024-07-24T18:15:56.228+0000] {logging_mixin.py:188} INFO - [2024-07-24T18:15:56.227+0000] {dag.py:3089} INFO - Sync 2 DAGs
[2024-07-24T18:15:56.238+0000] {logging_mixin.py:188} INFO - [2024-07-24T18:15:56.238+0000] {dag.py:3947} INFO - Setting next_dagrun for example_external_task_marker_child to None, run_after=None
[2024-07-24T18:15:56.245+0000] {logging_mixin.py:188} INFO - [2024-07-24T18:15:56.245+0000] {dag.py:3947} INFO - Setting next_dagrun for example_external_task_marker_parent to None, run_after=None
[2024-07-24T18:15:56.262+0000] {processor.py:183} INFO - Processing /home/airflow/.local/lib/python3.12/site-packages/airflow/example_dags/example_external_task_marker_dag.py took 0.078 seconds
[2024-07-24T18:16:27.311+0000] {processor.py:161} INFO - Started process (PID=1265) to work on /home/airflow/.local/lib/python3.12/site-packages/airflow/example_dags/example_external_task_marker_dag.py
[2024-07-24T18:16:27.314+0000] {processor.py:830} INFO - Processing file /home/airflow/.local/lib/python3.12/site-packages/airflow/example_dags/example_external_task_marker_dag.py for tasks to queue
[2024-07-24T18:16:27.315+0000] {logging_mixin.py:188} INFO - [2024-07-24T18:16:27.315+0000] {dagbag.py:545} INFO - Filling up the DagBag from /home/airflow/.local/lib/python3.12/site-packages/airflow/example_dags/example_external_task_marker_dag.py
[2024-07-24T18:16:27.320+0000] {processor.py:840} INFO - DAG(s) 'example_external_task_marker_parent', 'example_external_task_marker_child' retrieved from /home/airflow/.local/lib/python3.12/site-packages/airflow/example_dags/example_external_task_marker_dag.py
[2024-07-24T18:16:27.346+0000] {logging_mixin.py:188} INFO - [2024-07-24T18:16:27.346+0000] {dag.py:3089} INFO - Sync 2 DAGs
[2024-07-24T18:16:27.360+0000] {logging_mixin.py:188} INFO - [2024-07-24T18:16:27.360+0000] {dag.py:3947} INFO - Setting next_dagrun for example_external_task_marker_child to None, run_after=None
[2024-07-24T18:16:27.365+0000] {logging_mixin.py:188} INFO - [2024-07-24T18:16:27.364+0000] {dag.py:3947} INFO - Setting next_dagrun for example_external_task_marker_parent to None, run_after=None
[2024-07-24T18:16:27.380+0000] {processor.py:183} INFO - Processing /home/airflow/.local/lib/python3.12/site-packages/airflow/example_dags/example_external_task_marker_dag.py took 0.074 seconds
