[2024-07-24T18:06:03.236+0000] {processor.py:161} INFO - Started process (PID=73) to work on /home/airflow/.local/lib/python3.12/site-packages/airflow/example_dags/example_setup_teardown_taskflow.py
[2024-07-24T18:06:03.237+0000] {processor.py:830} INFO - Processing file /home/airflow/.local/lib/python3.12/site-packages/airflow/example_dags/example_setup_teardown_taskflow.py for tasks to queue
[2024-07-24T18:06:03.257+0000] {logging_mixin.py:188} INFO - [2024-07-24T18:06:03.249+0000] {dagbag.py:545} INFO - Filling up the DagBag from /home/airflow/.local/lib/python3.12/site-packages/airflow/example_dags/example_setup_teardown_taskflow.py
[2024-07-24T18:06:03.303+0000] {processor.py:840} INFO - DAG(s) 'example_setup_teardown_taskflow' retrieved from /home/airflow/.local/lib/python3.12/site-packages/airflow/example_dags/example_setup_teardown_taskflow.py
[2024-07-24T18:06:03.806+0000] {logging_mixin.py:188} INFO - [2024-07-24T18:06:03.805+0000] {dag.py:3089} INFO - Sync 1 DAGs
[2024-07-24T18:06:03.869+0000] {logging_mixin.py:188} INFO - [2024-07-24T18:06:03.861+0000] {dag.py:3947} INFO - Setting next_dagrun for example_setup_teardown_taskflow to 2024-07-23 00:00:00+00:00, run_after=2024-07-24 00:00:00+00:00
[2024-07-24T18:06:03.973+0000] {processor.py:183} INFO - Processing /home/airflow/.local/lib/python3.12/site-packages/airflow/example_dags/example_setup_teardown_taskflow.py took 0.766 seconds
[2024-07-24T18:06:34.564+0000] {processor.py:161} INFO - Started process (PID=131) to work on /home/airflow/.local/lib/python3.12/site-packages/airflow/example_dags/example_setup_teardown_taskflow.py
[2024-07-24T18:06:34.567+0000] {processor.py:830} INFO - Processing file /home/airflow/.local/lib/python3.12/site-packages/airflow/example_dags/example_setup_teardown_taskflow.py for tasks to queue
[2024-07-24T18:06:34.569+0000] {logging_mixin.py:188} INFO - [2024-07-24T18:06:34.568+0000] {dagbag.py:545} INFO - Filling up the DagBag from /home/airflow/.local/lib/python3.12/site-packages/airflow/example_dags/example_setup_teardown_taskflow.py
[2024-07-24T18:06:34.579+0000] {processor.py:840} INFO - DAG(s) 'example_setup_teardown_taskflow' retrieved from /home/airflow/.local/lib/python3.12/site-packages/airflow/example_dags/example_setup_teardown_taskflow.py
[2024-07-24T18:06:34.602+0000] {logging_mixin.py:188} INFO - [2024-07-24T18:06:34.602+0000] {dag.py:3089} INFO - Sync 1 DAGs
[2024-07-24T18:06:34.625+0000] {logging_mixin.py:188} INFO - [2024-07-24T18:06:34.625+0000] {dag.py:3947} INFO - Setting next_dagrun for example_setup_teardown_taskflow to 2024-07-23 00:00:00+00:00, run_after=2024-07-24 00:00:00+00:00
[2024-07-24T18:06:34.644+0000] {processor.py:183} INFO - Processing /home/airflow/.local/lib/python3.12/site-packages/airflow/example_dags/example_setup_teardown_taskflow.py took 0.088 seconds
[2024-07-24T18:07:04.903+0000] {processor.py:161} INFO - Started process (PID=189) to work on /home/airflow/.local/lib/python3.12/site-packages/airflow/example_dags/example_setup_teardown_taskflow.py
[2024-07-24T18:07:04.904+0000] {processor.py:830} INFO - Processing file /home/airflow/.local/lib/python3.12/site-packages/airflow/example_dags/example_setup_teardown_taskflow.py for tasks to queue
[2024-07-24T18:07:04.906+0000] {logging_mixin.py:188} INFO - [2024-07-24T18:07:04.905+0000] {dagbag.py:545} INFO - Filling up the DagBag from /home/airflow/.local/lib/python3.12/site-packages/airflow/example_dags/example_setup_teardown_taskflow.py
[2024-07-24T18:07:04.916+0000] {processor.py:840} INFO - DAG(s) 'example_setup_teardown_taskflow' retrieved from /home/airflow/.local/lib/python3.12/site-packages/airflow/example_dags/example_setup_teardown_taskflow.py
[2024-07-24T18:07:04.943+0000] {logging_mixin.py:188} INFO - [2024-07-24T18:07:04.943+0000] {dag.py:3089} INFO - Sync 1 DAGs
[2024-07-24T18:07:04.968+0000] {logging_mixin.py:188} INFO - [2024-07-24T18:07:04.968+0000] {dag.py:3947} INFO - Setting next_dagrun for example_setup_teardown_taskflow to 2024-07-23 00:00:00+00:00, run_after=2024-07-24 00:00:00+00:00
[2024-07-24T18:07:04.986+0000] {processor.py:183} INFO - Processing /home/airflow/.local/lib/python3.12/site-packages/airflow/example_dags/example_setup_teardown_taskflow.py took 0.089 seconds
[2024-07-24T18:07:35.033+0000] {processor.py:161} INFO - Started process (PID=247) to work on /home/airflow/.local/lib/python3.12/site-packages/airflow/example_dags/example_setup_teardown_taskflow.py
[2024-07-24T18:07:35.034+0000] {processor.py:830} INFO - Processing file /home/airflow/.local/lib/python3.12/site-packages/airflow/example_dags/example_setup_teardown_taskflow.py for tasks to queue
[2024-07-24T18:07:35.035+0000] {logging_mixin.py:188} INFO - [2024-07-24T18:07:35.035+0000] {dagbag.py:545} INFO - Filling up the DagBag from /home/airflow/.local/lib/python3.12/site-packages/airflow/example_dags/example_setup_teardown_taskflow.py
[2024-07-24T18:07:35.045+0000] {processor.py:840} INFO - DAG(s) 'example_setup_teardown_taskflow' retrieved from /home/airflow/.local/lib/python3.12/site-packages/airflow/example_dags/example_setup_teardown_taskflow.py
[2024-07-24T18:07:35.069+0000] {logging_mixin.py:188} INFO - [2024-07-24T18:07:35.068+0000] {dag.py:3089} INFO - Sync 1 DAGs
[2024-07-24T18:07:35.090+0000] {logging_mixin.py:188} INFO - [2024-07-24T18:07:35.090+0000] {dag.py:3947} INFO - Setting next_dagrun for example_setup_teardown_taskflow to 2024-07-23 00:00:00+00:00, run_after=2024-07-24 00:00:00+00:00
[2024-07-24T18:07:35.108+0000] {processor.py:183} INFO - Processing /home/airflow/.local/lib/python3.12/site-packages/airflow/example_dags/example_setup_teardown_taskflow.py took 0.081 seconds
[2024-07-24T18:08:05.420+0000] {processor.py:161} INFO - Started process (PID=304) to work on /home/airflow/.local/lib/python3.12/site-packages/airflow/example_dags/example_setup_teardown_taskflow.py
[2024-07-24T18:08:05.423+0000] {processor.py:830} INFO - Processing file /home/airflow/.local/lib/python3.12/site-packages/airflow/example_dags/example_setup_teardown_taskflow.py for tasks to queue
[2024-07-24T18:08:05.427+0000] {logging_mixin.py:188} INFO - [2024-07-24T18:08:05.426+0000] {dagbag.py:545} INFO - Filling up the DagBag from /home/airflow/.local/lib/python3.12/site-packages/airflow/example_dags/example_setup_teardown_taskflow.py
[2024-07-24T18:08:05.436+0000] {processor.py:840} INFO - DAG(s) 'example_setup_teardown_taskflow' retrieved from /home/airflow/.local/lib/python3.12/site-packages/airflow/example_dags/example_setup_teardown_taskflow.py
[2024-07-24T18:08:05.475+0000] {logging_mixin.py:188} INFO - [2024-07-24T18:08:05.475+0000] {dag.py:3089} INFO - Sync 1 DAGs
[2024-07-24T18:08:05.499+0000] {logging_mixin.py:188} INFO - [2024-07-24T18:08:05.499+0000] {dag.py:3947} INFO - Setting next_dagrun for example_setup_teardown_taskflow to 2024-07-23 00:00:00+00:00, run_after=2024-07-24 00:00:00+00:00
[2024-07-24T18:08:05.531+0000] {processor.py:183} INFO - Processing /home/airflow/.local/lib/python3.12/site-packages/airflow/example_dags/example_setup_teardown_taskflow.py took 0.117 seconds
[2024-07-24T18:08:35.843+0000] {processor.py:161} INFO - Started process (PID=362) to work on /home/airflow/.local/lib/python3.12/site-packages/airflow/example_dags/example_setup_teardown_taskflow.py
[2024-07-24T18:08:35.843+0000] {processor.py:830} INFO - Processing file /home/airflow/.local/lib/python3.12/site-packages/airflow/example_dags/example_setup_teardown_taskflow.py for tasks to queue
[2024-07-24T18:08:35.847+0000] {logging_mixin.py:188} INFO - [2024-07-24T18:08:35.847+0000] {dagbag.py:545} INFO - Filling up the DagBag from /home/airflow/.local/lib/python3.12/site-packages/airflow/example_dags/example_setup_teardown_taskflow.py
[2024-07-24T18:08:35.856+0000] {processor.py:840} INFO - DAG(s) 'example_setup_teardown_taskflow' retrieved from /home/airflow/.local/lib/python3.12/site-packages/airflow/example_dags/example_setup_teardown_taskflow.py
[2024-07-24T18:08:35.879+0000] {logging_mixin.py:188} INFO - [2024-07-24T18:08:35.879+0000] {dag.py:3089} INFO - Sync 1 DAGs
[2024-07-24T18:08:35.902+0000] {logging_mixin.py:188} INFO - [2024-07-24T18:08:35.902+0000] {dag.py:3947} INFO - Setting next_dagrun for example_setup_teardown_taskflow to 2024-07-23 00:00:00+00:00, run_after=2024-07-24 00:00:00+00:00
[2024-07-24T18:08:35.923+0000] {processor.py:183} INFO - Processing /home/airflow/.local/lib/python3.12/site-packages/airflow/example_dags/example_setup_teardown_taskflow.py took 0.085 seconds
[2024-07-24T18:09:06.333+0000] {processor.py:161} INFO - Started process (PID=420) to work on /home/airflow/.local/lib/python3.12/site-packages/airflow/example_dags/example_setup_teardown_taskflow.py
[2024-07-24T18:09:06.337+0000] {processor.py:830} INFO - Processing file /home/airflow/.local/lib/python3.12/site-packages/airflow/example_dags/example_setup_teardown_taskflow.py for tasks to queue
[2024-07-24T18:09:06.339+0000] {logging_mixin.py:188} INFO - [2024-07-24T18:09:06.338+0000] {dagbag.py:545} INFO - Filling up the DagBag from /home/airflow/.local/lib/python3.12/site-packages/airflow/example_dags/example_setup_teardown_taskflow.py
[2024-07-24T18:09:06.386+0000] {processor.py:840} INFO - DAG(s) 'example_setup_teardown_taskflow' retrieved from /home/airflow/.local/lib/python3.12/site-packages/airflow/example_dags/example_setup_teardown_taskflow.py
[2024-07-24T18:09:06.487+0000] {logging_mixin.py:188} INFO - [2024-07-24T18:09:06.487+0000] {dag.py:3089} INFO - Sync 1 DAGs
[2024-07-24T18:09:06.564+0000] {logging_mixin.py:188} INFO - [2024-07-24T18:09:06.564+0000] {dag.py:3947} INFO - Setting next_dagrun for example_setup_teardown_taskflow to 2024-07-23 00:00:00+00:00, run_after=2024-07-24 00:00:00+00:00
[2024-07-24T18:09:06.636+0000] {processor.py:183} INFO - Processing /home/airflow/.local/lib/python3.12/site-packages/airflow/example_dags/example_setup_teardown_taskflow.py took 0.320 seconds
[2024-07-24T18:09:37.472+0000] {processor.py:161} INFO - Started process (PID=478) to work on /home/airflow/.local/lib/python3.12/site-packages/airflow/example_dags/example_setup_teardown_taskflow.py
[2024-07-24T18:09:37.473+0000] {processor.py:830} INFO - Processing file /home/airflow/.local/lib/python3.12/site-packages/airflow/example_dags/example_setup_teardown_taskflow.py for tasks to queue
[2024-07-24T18:09:37.474+0000] {logging_mixin.py:188} INFO - [2024-07-24T18:09:37.474+0000] {dagbag.py:545} INFO - Filling up the DagBag from /home/airflow/.local/lib/python3.12/site-packages/airflow/example_dags/example_setup_teardown_taskflow.py
[2024-07-24T18:09:37.484+0000] {processor.py:840} INFO - DAG(s) 'example_setup_teardown_taskflow' retrieved from /home/airflow/.local/lib/python3.12/site-packages/airflow/example_dags/example_setup_teardown_taskflow.py
[2024-07-24T18:09:37.509+0000] {logging_mixin.py:188} INFO - [2024-07-24T18:09:37.509+0000] {dag.py:3089} INFO - Sync 1 DAGs
[2024-07-24T18:09:37.532+0000] {logging_mixin.py:188} INFO - [2024-07-24T18:09:37.532+0000] {dag.py:3947} INFO - Setting next_dagrun for example_setup_teardown_taskflow to 2024-07-23 00:00:00+00:00, run_after=2024-07-24 00:00:00+00:00
[2024-07-24T18:09:37.553+0000] {processor.py:183} INFO - Processing /home/airflow/.local/lib/python3.12/site-packages/airflow/example_dags/example_setup_teardown_taskflow.py took 0.086 seconds
[2024-07-24T18:10:07.688+0000] {processor.py:161} INFO - Started process (PID=536) to work on /home/airflow/.local/lib/python3.12/site-packages/airflow/example_dags/example_setup_teardown_taskflow.py
[2024-07-24T18:10:07.691+0000] {processor.py:830} INFO - Processing file /home/airflow/.local/lib/python3.12/site-packages/airflow/example_dags/example_setup_teardown_taskflow.py for tasks to queue
[2024-07-24T18:10:07.692+0000] {logging_mixin.py:188} INFO - [2024-07-24T18:10:07.692+0000] {dagbag.py:545} INFO - Filling up the DagBag from /home/airflow/.local/lib/python3.12/site-packages/airflow/example_dags/example_setup_teardown_taskflow.py
[2024-07-24T18:10:07.703+0000] {processor.py:840} INFO - DAG(s) 'example_setup_teardown_taskflow' retrieved from /home/airflow/.local/lib/python3.12/site-packages/airflow/example_dags/example_setup_teardown_taskflow.py
[2024-07-24T18:10:07.726+0000] {logging_mixin.py:188} INFO - [2024-07-24T18:10:07.726+0000] {dag.py:3089} INFO - Sync 1 DAGs
[2024-07-24T18:10:07.747+0000] {logging_mixin.py:188} INFO - [2024-07-24T18:10:07.747+0000] {dag.py:3947} INFO - Setting next_dagrun for example_setup_teardown_taskflow to 2024-07-23 00:00:00+00:00, run_after=2024-07-24 00:00:00+00:00
[2024-07-24T18:10:07.768+0000] {processor.py:183} INFO - Processing /home/airflow/.local/lib/python3.12/site-packages/airflow/example_dags/example_setup_teardown_taskflow.py took 0.085 seconds
[2024-07-24T18:10:37.961+0000] {processor.py:161} INFO - Started process (PID=594) to work on /home/airflow/.local/lib/python3.12/site-packages/airflow/example_dags/example_setup_teardown_taskflow.py
[2024-07-24T18:10:37.962+0000] {processor.py:830} INFO - Processing file /home/airflow/.local/lib/python3.12/site-packages/airflow/example_dags/example_setup_teardown_taskflow.py for tasks to queue
[2024-07-24T18:10:37.963+0000] {logging_mixin.py:188} INFO - [2024-07-24T18:10:37.963+0000] {dagbag.py:545} INFO - Filling up the DagBag from /home/airflow/.local/lib/python3.12/site-packages/airflow/example_dags/example_setup_teardown_taskflow.py
[2024-07-24T18:10:37.975+0000] {processor.py:840} INFO - DAG(s) 'example_setup_teardown_taskflow' retrieved from /home/airflow/.local/lib/python3.12/site-packages/airflow/example_dags/example_setup_teardown_taskflow.py
[2024-07-24T18:10:37.999+0000] {logging_mixin.py:188} INFO - [2024-07-24T18:10:37.999+0000] {dag.py:3089} INFO - Sync 1 DAGs
[2024-07-24T18:10:38.023+0000] {logging_mixin.py:188} INFO - [2024-07-24T18:10:38.023+0000] {dag.py:3947} INFO - Setting next_dagrun for example_setup_teardown_taskflow to 2024-07-23 00:00:00+00:00, run_after=2024-07-24 00:00:00+00:00
[2024-07-24T18:10:38.041+0000] {processor.py:183} INFO - Processing /home/airflow/.local/lib/python3.12/site-packages/airflow/example_dags/example_setup_teardown_taskflow.py took 0.085 seconds
[2024-07-24T18:11:08.477+0000] {processor.py:161} INFO - Started process (PID=651) to work on /home/airflow/.local/lib/python3.12/site-packages/airflow/example_dags/example_setup_teardown_taskflow.py
[2024-07-24T18:11:08.479+0000] {processor.py:830} INFO - Processing file /home/airflow/.local/lib/python3.12/site-packages/airflow/example_dags/example_setup_teardown_taskflow.py for tasks to queue
[2024-07-24T18:11:08.480+0000] {logging_mixin.py:188} INFO - [2024-07-24T18:11:08.480+0000] {dagbag.py:545} INFO - Filling up the DagBag from /home/airflow/.local/lib/python3.12/site-packages/airflow/example_dags/example_setup_teardown_taskflow.py
[2024-07-24T18:11:08.491+0000] {processor.py:840} INFO - DAG(s) 'example_setup_teardown_taskflow' retrieved from /home/airflow/.local/lib/python3.12/site-packages/airflow/example_dags/example_setup_teardown_taskflow.py
[2024-07-24T18:11:08.516+0000] {logging_mixin.py:188} INFO - [2024-07-24T18:11:08.516+0000] {dag.py:3089} INFO - Sync 1 DAGs
[2024-07-24T18:11:08.535+0000] {logging_mixin.py:188} INFO - [2024-07-24T18:11:08.535+0000] {dag.py:3947} INFO - Setting next_dagrun for example_setup_teardown_taskflow to 2024-07-23 00:00:00+00:00, run_after=2024-07-24 00:00:00+00:00
[2024-07-24T18:11:08.555+0000] {processor.py:183} INFO - Processing /home/airflow/.local/lib/python3.12/site-packages/airflow/example_dags/example_setup_teardown_taskflow.py took 0.083 seconds
[2024-07-24T18:11:38.939+0000] {processor.py:161} INFO - Started process (PID=709) to work on /home/airflow/.local/lib/python3.12/site-packages/airflow/example_dags/example_setup_teardown_taskflow.py
[2024-07-24T18:11:38.941+0000] {processor.py:830} INFO - Processing file /home/airflow/.local/lib/python3.12/site-packages/airflow/example_dags/example_setup_teardown_taskflow.py for tasks to queue
[2024-07-24T18:11:38.943+0000] {logging_mixin.py:188} INFO - [2024-07-24T18:11:38.942+0000] {dagbag.py:545} INFO - Filling up the DagBag from /home/airflow/.local/lib/python3.12/site-packages/airflow/example_dags/example_setup_teardown_taskflow.py
[2024-07-24T18:11:38.952+0000] {processor.py:840} INFO - DAG(s) 'example_setup_teardown_taskflow' retrieved from /home/airflow/.local/lib/python3.12/site-packages/airflow/example_dags/example_setup_teardown_taskflow.py
[2024-07-24T18:11:38.975+0000] {logging_mixin.py:188} INFO - [2024-07-24T18:11:38.975+0000] {dag.py:3089} INFO - Sync 1 DAGs
[2024-07-24T18:11:38.997+0000] {logging_mixin.py:188} INFO - [2024-07-24T18:11:38.997+0000] {dag.py:3947} INFO - Setting next_dagrun for example_setup_teardown_taskflow to 2024-07-23 00:00:00+00:00, run_after=2024-07-24 00:00:00+00:00
[2024-07-24T18:11:39.016+0000] {processor.py:183} INFO - Processing /home/airflow/.local/lib/python3.12/site-packages/airflow/example_dags/example_setup_teardown_taskflow.py took 0.082 seconds
[2024-07-24T18:12:09.472+0000] {processor.py:161} INFO - Started process (PID=767) to work on /home/airflow/.local/lib/python3.12/site-packages/airflow/example_dags/example_setup_teardown_taskflow.py
[2024-07-24T18:12:09.474+0000] {processor.py:830} INFO - Processing file /home/airflow/.local/lib/python3.12/site-packages/airflow/example_dags/example_setup_teardown_taskflow.py for tasks to queue
[2024-07-24T18:12:09.476+0000] {logging_mixin.py:188} INFO - [2024-07-24T18:12:09.476+0000] {dagbag.py:545} INFO - Filling up the DagBag from /home/airflow/.local/lib/python3.12/site-packages/airflow/example_dags/example_setup_teardown_taskflow.py
[2024-07-24T18:12:09.489+0000] {processor.py:840} INFO - DAG(s) 'example_setup_teardown_taskflow' retrieved from /home/airflow/.local/lib/python3.12/site-packages/airflow/example_dags/example_setup_teardown_taskflow.py
[2024-07-24T18:12:09.511+0000] {logging_mixin.py:188} INFO - [2024-07-24T18:12:09.511+0000] {dag.py:3089} INFO - Sync 1 DAGs
[2024-07-24T18:12:09.534+0000] {logging_mixin.py:188} INFO - [2024-07-24T18:12:09.534+0000] {dag.py:3947} INFO - Setting next_dagrun for example_setup_teardown_taskflow to 2024-07-23 00:00:00+00:00, run_after=2024-07-24 00:00:00+00:00
[2024-07-24T18:12:09.555+0000] {processor.py:183} INFO - Processing /home/airflow/.local/lib/python3.12/site-packages/airflow/example_dags/example_setup_teardown_taskflow.py took 0.089 seconds
[2024-07-24T18:12:40.437+0000] {processor.py:161} INFO - Started process (PID=825) to work on /home/airflow/.local/lib/python3.12/site-packages/airflow/example_dags/example_setup_teardown_taskflow.py
[2024-07-24T18:12:40.440+0000] {processor.py:830} INFO - Processing file /home/airflow/.local/lib/python3.12/site-packages/airflow/example_dags/example_setup_teardown_taskflow.py for tasks to queue
[2024-07-24T18:12:40.442+0000] {logging_mixin.py:188} INFO - [2024-07-24T18:12:40.441+0000] {dagbag.py:545} INFO - Filling up the DagBag from /home/airflow/.local/lib/python3.12/site-packages/airflow/example_dags/example_setup_teardown_taskflow.py
[2024-07-24T18:12:40.450+0000] {processor.py:840} INFO - DAG(s) 'example_setup_teardown_taskflow' retrieved from /home/airflow/.local/lib/python3.12/site-packages/airflow/example_dags/example_setup_teardown_taskflow.py
[2024-07-24T18:12:40.477+0000] {logging_mixin.py:188} INFO - [2024-07-24T18:12:40.477+0000] {dag.py:3089} INFO - Sync 1 DAGs
[2024-07-24T18:12:40.504+0000] {logging_mixin.py:188} INFO - [2024-07-24T18:12:40.504+0000] {dag.py:3947} INFO - Setting next_dagrun for example_setup_teardown_taskflow to 2024-07-23 00:00:00+00:00, run_after=2024-07-24 00:00:00+00:00
[2024-07-24T18:12:40.521+0000] {processor.py:183} INFO - Processing /home/airflow/.local/lib/python3.12/site-packages/airflow/example_dags/example_setup_teardown_taskflow.py took 0.090 seconds
[2024-07-24T18:13:11.381+0000] {processor.py:161} INFO - Started process (PID=883) to work on /home/airflow/.local/lib/python3.12/site-packages/airflow/example_dags/example_setup_teardown_taskflow.py
[2024-07-24T18:13:11.383+0000] {processor.py:830} INFO - Processing file /home/airflow/.local/lib/python3.12/site-packages/airflow/example_dags/example_setup_teardown_taskflow.py for tasks to queue
[2024-07-24T18:13:11.385+0000] {logging_mixin.py:188} INFO - [2024-07-24T18:13:11.384+0000] {dagbag.py:545} INFO - Filling up the DagBag from /home/airflow/.local/lib/python3.12/site-packages/airflow/example_dags/example_setup_teardown_taskflow.py
[2024-07-24T18:13:11.394+0000] {processor.py:840} INFO - DAG(s) 'example_setup_teardown_taskflow' retrieved from /home/airflow/.local/lib/python3.12/site-packages/airflow/example_dags/example_setup_teardown_taskflow.py
[2024-07-24T18:13:11.419+0000] {logging_mixin.py:188} INFO - [2024-07-24T18:13:11.419+0000] {dag.py:3089} INFO - Sync 1 DAGs
[2024-07-24T18:13:11.444+0000] {logging_mixin.py:188} INFO - [2024-07-24T18:13:11.444+0000] {dag.py:3947} INFO - Setting next_dagrun for example_setup_teardown_taskflow to 2024-07-23 00:00:00+00:00, run_after=2024-07-24 00:00:00+00:00
[2024-07-24T18:13:11.464+0000] {processor.py:183} INFO - Processing /home/airflow/.local/lib/python3.12/site-packages/airflow/example_dags/example_setup_teardown_taskflow.py took 0.091 seconds
[2024-07-24T18:13:41.600+0000] {processor.py:161} INFO - Started process (PID=941) to work on /home/airflow/.local/lib/python3.12/site-packages/airflow/example_dags/example_setup_teardown_taskflow.py
[2024-07-24T18:13:41.601+0000] {processor.py:830} INFO - Processing file /home/airflow/.local/lib/python3.12/site-packages/airflow/example_dags/example_setup_teardown_taskflow.py for tasks to queue
[2024-07-24T18:13:41.604+0000] {logging_mixin.py:188} INFO - [2024-07-24T18:13:41.603+0000] {dagbag.py:545} INFO - Filling up the DagBag from /home/airflow/.local/lib/python3.12/site-packages/airflow/example_dags/example_setup_teardown_taskflow.py
[2024-07-24T18:13:41.613+0000] {processor.py:840} INFO - DAG(s) 'example_setup_teardown_taskflow' retrieved from /home/airflow/.local/lib/python3.12/site-packages/airflow/example_dags/example_setup_teardown_taskflow.py
[2024-07-24T18:13:41.636+0000] {logging_mixin.py:188} INFO - [2024-07-24T18:13:41.636+0000] {dag.py:3089} INFO - Sync 1 DAGs
[2024-07-24T18:13:41.660+0000] {logging_mixin.py:188} INFO - [2024-07-24T18:13:41.660+0000] {dag.py:3947} INFO - Setting next_dagrun for example_setup_teardown_taskflow to 2024-07-23 00:00:00+00:00, run_after=2024-07-24 00:00:00+00:00
[2024-07-24T18:13:41.677+0000] {processor.py:183} INFO - Processing /home/airflow/.local/lib/python3.12/site-packages/airflow/example_dags/example_setup_teardown_taskflow.py took 0.082 seconds
[2024-07-24T18:14:12.549+0000] {processor.py:161} INFO - Started process (PID=999) to work on /home/airflow/.local/lib/python3.12/site-packages/airflow/example_dags/example_setup_teardown_taskflow.py
[2024-07-24T18:14:12.553+0000] {processor.py:830} INFO - Processing file /home/airflow/.local/lib/python3.12/site-packages/airflow/example_dags/example_setup_teardown_taskflow.py for tasks to queue
[2024-07-24T18:14:12.555+0000] {logging_mixin.py:188} INFO - [2024-07-24T18:14:12.555+0000] {dagbag.py:545} INFO - Filling up the DagBag from /home/airflow/.local/lib/python3.12/site-packages/airflow/example_dags/example_setup_teardown_taskflow.py
[2024-07-24T18:14:12.564+0000] {processor.py:840} INFO - DAG(s) 'example_setup_teardown_taskflow' retrieved from /home/airflow/.local/lib/python3.12/site-packages/airflow/example_dags/example_setup_teardown_taskflow.py
[2024-07-24T18:14:12.586+0000] {logging_mixin.py:188} INFO - [2024-07-24T18:14:12.586+0000] {dag.py:3089} INFO - Sync 1 DAGs
[2024-07-24T18:14:12.611+0000] {logging_mixin.py:188} INFO - [2024-07-24T18:14:12.611+0000] {dag.py:3947} INFO - Setting next_dagrun for example_setup_teardown_taskflow to 2024-07-23 00:00:00+00:00, run_after=2024-07-24 00:00:00+00:00
[2024-07-24T18:14:12.629+0000] {processor.py:183} INFO - Processing /home/airflow/.local/lib/python3.12/site-packages/airflow/example_dags/example_setup_teardown_taskflow.py took 0.085 seconds
[2024-07-24T18:14:42.981+0000] {processor.py:161} INFO - Started process (PID=1056) to work on /home/airflow/.local/lib/python3.12/site-packages/airflow/example_dags/example_setup_teardown_taskflow.py
[2024-07-24T18:14:42.982+0000] {processor.py:830} INFO - Processing file /home/airflow/.local/lib/python3.12/site-packages/airflow/example_dags/example_setup_teardown_taskflow.py for tasks to queue
[2024-07-24T18:14:42.988+0000] {logging_mixin.py:188} INFO - [2024-07-24T18:14:42.987+0000] {dagbag.py:545} INFO - Filling up the DagBag from /home/airflow/.local/lib/python3.12/site-packages/airflow/example_dags/example_setup_teardown_taskflow.py
[2024-07-24T18:14:43.022+0000] {processor.py:840} INFO - DAG(s) 'example_setup_teardown_taskflow' retrieved from /home/airflow/.local/lib/python3.12/site-packages/airflow/example_dags/example_setup_teardown_taskflow.py
[2024-07-24T18:14:43.125+0000] {logging_mixin.py:188} INFO - [2024-07-24T18:14:43.124+0000] {dag.py:3089} INFO - Sync 1 DAGs
[2024-07-24T18:14:43.241+0000] {logging_mixin.py:188} INFO - [2024-07-24T18:14:43.241+0000] {dag.py:3947} INFO - Setting next_dagrun for example_setup_teardown_taskflow to 2024-07-23 00:00:00+00:00, run_after=2024-07-24 00:00:00+00:00
[2024-07-24T18:14:43.338+0000] {processor.py:183} INFO - Processing /home/airflow/.local/lib/python3.12/site-packages/airflow/example_dags/example_setup_teardown_taskflow.py took 0.370 seconds
[2024-07-24T18:15:13.495+0000] {processor.py:161} INFO - Started process (PID=1114) to work on /home/airflow/.local/lib/python3.12/site-packages/airflow/example_dags/example_setup_teardown_taskflow.py
[2024-07-24T18:15:13.497+0000] {processor.py:830} INFO - Processing file /home/airflow/.local/lib/python3.12/site-packages/airflow/example_dags/example_setup_teardown_taskflow.py for tasks to queue
[2024-07-24T18:15:13.499+0000] {logging_mixin.py:188} INFO - [2024-07-24T18:15:13.499+0000] {dagbag.py:545} INFO - Filling up the DagBag from /home/airflow/.local/lib/python3.12/site-packages/airflow/example_dags/example_setup_teardown_taskflow.py
[2024-07-24T18:15:13.507+0000] {processor.py:840} INFO - DAG(s) 'example_setup_teardown_taskflow' retrieved from /home/airflow/.local/lib/python3.12/site-packages/airflow/example_dags/example_setup_teardown_taskflow.py
[2024-07-24T18:15:13.535+0000] {logging_mixin.py:188} INFO - [2024-07-24T18:15:13.534+0000] {dag.py:3089} INFO - Sync 1 DAGs
[2024-07-24T18:15:13.557+0000] {logging_mixin.py:188} INFO - [2024-07-24T18:15:13.557+0000] {dag.py:3947} INFO - Setting next_dagrun for example_setup_teardown_taskflow to 2024-07-23 00:00:00+00:00, run_after=2024-07-24 00:00:00+00:00
[2024-07-24T18:15:13.578+0000] {processor.py:183} INFO - Processing /home/airflow/.local/lib/python3.12/site-packages/airflow/example_dags/example_setup_teardown_taskflow.py took 0.089 seconds
[2024-07-24T18:15:44.196+0000] {processor.py:161} INFO - Started process (PID=1172) to work on /home/airflow/.local/lib/python3.12/site-packages/airflow/example_dags/example_setup_teardown_taskflow.py
[2024-07-24T18:15:44.196+0000] {processor.py:830} INFO - Processing file /home/airflow/.local/lib/python3.12/site-packages/airflow/example_dags/example_setup_teardown_taskflow.py for tasks to queue
[2024-07-24T18:15:44.198+0000] {logging_mixin.py:188} INFO - [2024-07-24T18:15:44.197+0000] {dagbag.py:545} INFO - Filling up the DagBag from /home/airflow/.local/lib/python3.12/site-packages/airflow/example_dags/example_setup_teardown_taskflow.py
[2024-07-24T18:15:44.207+0000] {processor.py:840} INFO - DAG(s) 'example_setup_teardown_taskflow' retrieved from /home/airflow/.local/lib/python3.12/site-packages/airflow/example_dags/example_setup_teardown_taskflow.py
[2024-07-24T18:15:44.232+0000] {logging_mixin.py:188} INFO - [2024-07-24T18:15:44.231+0000] {dag.py:3089} INFO - Sync 1 DAGs
[2024-07-24T18:15:44.255+0000] {logging_mixin.py:188} INFO - [2024-07-24T18:15:44.255+0000] {dag.py:3947} INFO - Setting next_dagrun for example_setup_teardown_taskflow to 2024-07-23 00:00:00+00:00, run_after=2024-07-24 00:00:00+00:00
[2024-07-24T18:15:44.275+0000] {processor.py:183} INFO - Processing /home/airflow/.local/lib/python3.12/site-packages/airflow/example_dags/example_setup_teardown_taskflow.py took 0.086 seconds
[2024-07-24T18:16:14.812+0000] {processor.py:161} INFO - Started process (PID=1229) to work on /home/airflow/.local/lib/python3.12/site-packages/airflow/example_dags/example_setup_teardown_taskflow.py
[2024-07-24T18:16:14.814+0000] {processor.py:830} INFO - Processing file /home/airflow/.local/lib/python3.12/site-packages/airflow/example_dags/example_setup_teardown_taskflow.py for tasks to queue
[2024-07-24T18:16:14.815+0000] {logging_mixin.py:188} INFO - [2024-07-24T18:16:14.815+0000] {dagbag.py:545} INFO - Filling up the DagBag from /home/airflow/.local/lib/python3.12/site-packages/airflow/example_dags/example_setup_teardown_taskflow.py
[2024-07-24T18:16:14.824+0000] {processor.py:840} INFO - DAG(s) 'example_setup_teardown_taskflow' retrieved from /home/airflow/.local/lib/python3.12/site-packages/airflow/example_dags/example_setup_teardown_taskflow.py
[2024-07-24T18:16:14.857+0000] {logging_mixin.py:188} INFO - [2024-07-24T18:16:14.857+0000] {dag.py:3089} INFO - Sync 1 DAGs
[2024-07-24T18:16:14.884+0000] {logging_mixin.py:188} INFO - [2024-07-24T18:16:14.884+0000] {dag.py:3947} INFO - Setting next_dagrun for example_setup_teardown_taskflow to 2024-07-23 00:00:00+00:00, run_after=2024-07-24 00:00:00+00:00
[2024-07-24T18:16:14.907+0000] {processor.py:183} INFO - Processing /home/airflow/.local/lib/python3.12/site-packages/airflow/example_dags/example_setup_teardown_taskflow.py took 0.101 seconds
