[2024-07-24T18:06:13.421+0000] {processor.py:161} INFO - Started process (PID=100) to work on /home/airflow/.local/lib/python3.12/site-packages/airflow/example_dags/example_python_decorator.py
[2024-07-24T18:06:13.421+0000] {processor.py:830} INFO - Processing file /home/airflow/.local/lib/python3.12/site-packages/airflow/example_dags/example_python_decorator.py for tasks to queue
[2024-07-24T18:06:13.423+0000] {logging_mixin.py:188} INFO - [2024-07-24T18:06:13.423+0000] {dagbag.py:545} INFO - Filling up the DagBag from /home/airflow/.local/lib/python3.12/site-packages/airflow/example_dags/example_python_decorator.py
[2024-07-24T18:06:13.477+0000] {processor.py:840} INFO - DAG(s) 'example_python_decorator' retrieved from /home/airflow/.local/lib/python3.12/site-packages/airflow/example_dags/example_python_decorator.py
[2024-07-24T18:06:13.731+0000] {logging_mixin.py:188} INFO - [2024-07-24T18:06:13.730+0000] {dag.py:3089} INFO - Sync 1 DAGs
[2024-07-24T18:06:13.750+0000] {logging_mixin.py:188} INFO - [2024-07-24T18:06:13.750+0000] {dag.py:3947} INFO - Setting next_dagrun for example_python_decorator to None, run_after=None
[2024-07-24T18:06:13.843+0000] {processor.py:183} INFO - Processing /home/airflow/.local/lib/python3.12/site-packages/airflow/example_dags/example_python_decorator.py took 0.448 seconds
[2024-07-24T18:06:44.194+0000] {processor.py:161} INFO - Started process (PID=158) to work on /home/airflow/.local/lib/python3.12/site-packages/airflow/example_dags/example_python_decorator.py
[2024-07-24T18:06:44.195+0000] {processor.py:830} INFO - Processing file /home/airflow/.local/lib/python3.12/site-packages/airflow/example_dags/example_python_decorator.py for tasks to queue
[2024-07-24T18:06:44.197+0000] {logging_mixin.py:188} INFO - [2024-07-24T18:06:44.196+0000] {dagbag.py:545} INFO - Filling up the DagBag from /home/airflow/.local/lib/python3.12/site-packages/airflow/example_dags/example_python_decorator.py
[2024-07-24T18:06:44.210+0000] {processor.py:840} INFO - DAG(s) 'example_python_decorator' retrieved from /home/airflow/.local/lib/python3.12/site-packages/airflow/example_dags/example_python_decorator.py
[2024-07-24T18:06:44.238+0000] {logging_mixin.py:188} INFO - [2024-07-24T18:06:44.237+0000] {dag.py:3089} INFO - Sync 1 DAGs
[2024-07-24T18:06:44.251+0000] {logging_mixin.py:188} INFO - [2024-07-24T18:06:44.251+0000] {dag.py:3947} INFO - Setting next_dagrun for example_python_decorator to None, run_after=None
[2024-07-24T18:06:44.274+0000] {processor.py:183} INFO - Processing /home/airflow/.local/lib/python3.12/site-packages/airflow/example_dags/example_python_decorator.py took 0.088 seconds
[2024-07-24T18:07:14.505+0000] {processor.py:161} INFO - Started process (PID=216) to work on /home/airflow/.local/lib/python3.12/site-packages/airflow/example_dags/example_python_decorator.py
[2024-07-24T18:07:14.507+0000] {processor.py:830} INFO - Processing file /home/airflow/.local/lib/python3.12/site-packages/airflow/example_dags/example_python_decorator.py for tasks to queue
[2024-07-24T18:07:14.509+0000] {logging_mixin.py:188} INFO - [2024-07-24T18:07:14.509+0000] {dagbag.py:545} INFO - Filling up the DagBag from /home/airflow/.local/lib/python3.12/site-packages/airflow/example_dags/example_python_decorator.py
[2024-07-24T18:07:14.522+0000] {processor.py:840} INFO - DAG(s) 'example_python_decorator' retrieved from /home/airflow/.local/lib/python3.12/site-packages/airflow/example_dags/example_python_decorator.py
[2024-07-24T18:07:14.552+0000] {logging_mixin.py:188} INFO - [2024-07-24T18:07:14.552+0000] {dag.py:3089} INFO - Sync 1 DAGs
[2024-07-24T18:07:14.566+0000] {logging_mixin.py:188} INFO - [2024-07-24T18:07:14.566+0000] {dag.py:3947} INFO - Setting next_dagrun for example_python_decorator to None, run_after=None
[2024-07-24T18:07:14.582+0000] {processor.py:183} INFO - Processing /home/airflow/.local/lib/python3.12/site-packages/airflow/example_dags/example_python_decorator.py took 0.084 seconds
[2024-07-24T18:07:44.843+0000] {processor.py:161} INFO - Started process (PID=274) to work on /home/airflow/.local/lib/python3.12/site-packages/airflow/example_dags/example_python_decorator.py
[2024-07-24T18:07:44.844+0000] {processor.py:830} INFO - Processing file /home/airflow/.local/lib/python3.12/site-packages/airflow/example_dags/example_python_decorator.py for tasks to queue
[2024-07-24T18:07:44.845+0000] {logging_mixin.py:188} INFO - [2024-07-24T18:07:44.845+0000] {dagbag.py:545} INFO - Filling up the DagBag from /home/airflow/.local/lib/python3.12/site-packages/airflow/example_dags/example_python_decorator.py
[2024-07-24T18:07:44.860+0000] {processor.py:840} INFO - DAG(s) 'example_python_decorator' retrieved from /home/airflow/.local/lib/python3.12/site-packages/airflow/example_dags/example_python_decorator.py
[2024-07-24T18:07:44.884+0000] {logging_mixin.py:188} INFO - [2024-07-24T18:07:44.884+0000] {dag.py:3089} INFO - Sync 1 DAGs
[2024-07-24T18:07:44.899+0000] {logging_mixin.py:188} INFO - [2024-07-24T18:07:44.899+0000] {dag.py:3947} INFO - Setting next_dagrun for example_python_decorator to None, run_after=None
[2024-07-24T18:07:44.928+0000] {processor.py:183} INFO - Processing /home/airflow/.local/lib/python3.12/site-packages/airflow/example_dags/example_python_decorator.py took 0.090 seconds
[2024-07-24T18:08:15.179+0000] {processor.py:161} INFO - Started process (PID=331) to work on /home/airflow/.local/lib/python3.12/site-packages/airflow/example_dags/example_python_decorator.py
[2024-07-24T18:08:15.181+0000] {processor.py:830} INFO - Processing file /home/airflow/.local/lib/python3.12/site-packages/airflow/example_dags/example_python_decorator.py for tasks to queue
[2024-07-24T18:08:15.182+0000] {logging_mixin.py:188} INFO - [2024-07-24T18:08:15.182+0000] {dagbag.py:545} INFO - Filling up the DagBag from /home/airflow/.local/lib/python3.12/site-packages/airflow/example_dags/example_python_decorator.py
[2024-07-24T18:08:15.203+0000] {processor.py:840} INFO - DAG(s) 'example_python_decorator' retrieved from /home/airflow/.local/lib/python3.12/site-packages/airflow/example_dags/example_python_decorator.py
[2024-07-24T18:08:15.227+0000] {logging_mixin.py:188} INFO - [2024-07-24T18:08:15.227+0000] {dag.py:3089} INFO - Sync 1 DAGs
[2024-07-24T18:08:15.240+0000] {logging_mixin.py:188} INFO - [2024-07-24T18:08:15.240+0000] {dag.py:3947} INFO - Setting next_dagrun for example_python_decorator to None, run_after=None
[2024-07-24T18:08:15.258+0000] {processor.py:183} INFO - Processing /home/airflow/.local/lib/python3.12/site-packages/airflow/example_dags/example_python_decorator.py took 0.087 seconds
[2024-07-24T18:08:45.477+0000] {processor.py:161} INFO - Started process (PID=389) to work on /home/airflow/.local/lib/python3.12/site-packages/airflow/example_dags/example_python_decorator.py
[2024-07-24T18:08:45.479+0000] {processor.py:830} INFO - Processing file /home/airflow/.local/lib/python3.12/site-packages/airflow/example_dags/example_python_decorator.py for tasks to queue
[2024-07-24T18:08:45.481+0000] {logging_mixin.py:188} INFO - [2024-07-24T18:08:45.481+0000] {dagbag.py:545} INFO - Filling up the DagBag from /home/airflow/.local/lib/python3.12/site-packages/airflow/example_dags/example_python_decorator.py
[2024-07-24T18:08:45.494+0000] {processor.py:840} INFO - DAG(s) 'example_python_decorator' retrieved from /home/airflow/.local/lib/python3.12/site-packages/airflow/example_dags/example_python_decorator.py
[2024-07-24T18:08:45.531+0000] {logging_mixin.py:188} INFO - [2024-07-24T18:08:45.530+0000] {dag.py:3089} INFO - Sync 1 DAGs
[2024-07-24T18:08:45.551+0000] {logging_mixin.py:188} INFO - [2024-07-24T18:08:45.551+0000] {dag.py:3947} INFO - Setting next_dagrun for example_python_decorator to None, run_after=None
[2024-07-24T18:08:45.571+0000] {processor.py:183} INFO - Processing /home/airflow/.local/lib/python3.12/site-packages/airflow/example_dags/example_python_decorator.py took 0.099 seconds
[2024-07-24T18:09:16.586+0000] {processor.py:161} INFO - Started process (PID=447) to work on /home/airflow/.local/lib/python3.12/site-packages/airflow/example_dags/example_python_decorator.py
[2024-07-24T18:09:16.588+0000] {processor.py:830} INFO - Processing file /home/airflow/.local/lib/python3.12/site-packages/airflow/example_dags/example_python_decorator.py for tasks to queue
[2024-07-24T18:09:16.590+0000] {logging_mixin.py:188} INFO - [2024-07-24T18:09:16.590+0000] {dagbag.py:545} INFO - Filling up the DagBag from /home/airflow/.local/lib/python3.12/site-packages/airflow/example_dags/example_python_decorator.py
[2024-07-24T18:09:16.610+0000] {processor.py:840} INFO - DAG(s) 'example_python_decorator' retrieved from /home/airflow/.local/lib/python3.12/site-packages/airflow/example_dags/example_python_decorator.py
[2024-07-24T18:09:16.647+0000] {logging_mixin.py:188} INFO - [2024-07-24T18:09:16.647+0000] {dag.py:3089} INFO - Sync 1 DAGs
[2024-07-24T18:09:16.662+0000] {logging_mixin.py:188} INFO - [2024-07-24T18:09:16.661+0000] {dag.py:3947} INFO - Setting next_dagrun for example_python_decorator to None, run_after=None
[2024-07-24T18:09:16.688+0000] {processor.py:183} INFO - Processing /home/airflow/.local/lib/python3.12/site-packages/airflow/example_dags/example_python_decorator.py took 0.113 seconds
[2024-07-24T18:09:47.192+0000] {processor.py:161} INFO - Started process (PID=505) to work on /home/airflow/.local/lib/python3.12/site-packages/airflow/example_dags/example_python_decorator.py
[2024-07-24T18:09:47.193+0000] {processor.py:830} INFO - Processing file /home/airflow/.local/lib/python3.12/site-packages/airflow/example_dags/example_python_decorator.py for tasks to queue
[2024-07-24T18:09:47.194+0000] {logging_mixin.py:188} INFO - [2024-07-24T18:09:47.194+0000] {dagbag.py:545} INFO - Filling up the DagBag from /home/airflow/.local/lib/python3.12/site-packages/airflow/example_dags/example_python_decorator.py
[2024-07-24T18:09:47.210+0000] {processor.py:840} INFO - DAG(s) 'example_python_decorator' retrieved from /home/airflow/.local/lib/python3.12/site-packages/airflow/example_dags/example_python_decorator.py
[2024-07-24T18:09:47.231+0000] {logging_mixin.py:188} INFO - [2024-07-24T18:09:47.230+0000] {dag.py:3089} INFO - Sync 1 DAGs
[2024-07-24T18:09:47.245+0000] {logging_mixin.py:188} INFO - [2024-07-24T18:09:47.244+0000] {dag.py:3947} INFO - Setting next_dagrun for example_python_decorator to None, run_after=None
[2024-07-24T18:09:47.262+0000] {processor.py:183} INFO - Processing /home/airflow/.local/lib/python3.12/site-packages/airflow/example_dags/example_python_decorator.py took 0.076 seconds
[2024-07-24T18:10:17.637+0000] {processor.py:161} INFO - Started process (PID=569) to work on /home/airflow/.local/lib/python3.12/site-packages/airflow/example_dags/example_python_decorator.py
[2024-07-24T18:10:17.639+0000] {processor.py:830} INFO - Processing file /home/airflow/.local/lib/python3.12/site-packages/airflow/example_dags/example_python_decorator.py for tasks to queue
[2024-07-24T18:10:17.640+0000] {logging_mixin.py:188} INFO - [2024-07-24T18:10:17.640+0000] {dagbag.py:545} INFO - Filling up the DagBag from /home/airflow/.local/lib/python3.12/site-packages/airflow/example_dags/example_python_decorator.py
[2024-07-24T18:10:17.655+0000] {processor.py:840} INFO - DAG(s) 'example_python_decorator' retrieved from /home/airflow/.local/lib/python3.12/site-packages/airflow/example_dags/example_python_decorator.py
[2024-07-24T18:10:17.676+0000] {logging_mixin.py:188} INFO - [2024-07-24T18:10:17.676+0000] {dag.py:3089} INFO - Sync 1 DAGs
[2024-07-24T18:10:17.691+0000] {logging_mixin.py:188} INFO - [2024-07-24T18:10:17.691+0000] {dag.py:3947} INFO - Setting next_dagrun for example_python_decorator to None, run_after=None
[2024-07-24T18:10:17.708+0000] {processor.py:183} INFO - Processing /home/airflow/.local/lib/python3.12/site-packages/airflow/example_dags/example_python_decorator.py took 0.079 seconds
[2024-07-24T18:10:47.968+0000] {processor.py:161} INFO - Started process (PID=626) to work on /home/airflow/.local/lib/python3.12/site-packages/airflow/example_dags/example_python_decorator.py
[2024-07-24T18:10:47.969+0000] {processor.py:830} INFO - Processing file /home/airflow/.local/lib/python3.12/site-packages/airflow/example_dags/example_python_decorator.py for tasks to queue
[2024-07-24T18:10:47.977+0000] {logging_mixin.py:188} INFO - [2024-07-24T18:10:47.977+0000] {dagbag.py:545} INFO - Filling up the DagBag from /home/airflow/.local/lib/python3.12/site-packages/airflow/example_dags/example_python_decorator.py
[2024-07-24T18:10:48.021+0000] {processor.py:840} INFO - DAG(s) 'example_python_decorator' retrieved from /home/airflow/.local/lib/python3.12/site-packages/airflow/example_dags/example_python_decorator.py
[2024-07-24T18:10:48.120+0000] {logging_mixin.py:188} INFO - [2024-07-24T18:10:48.115+0000] {dag.py:3089} INFO - Sync 1 DAGs
[2024-07-24T18:10:48.160+0000] {logging_mixin.py:188} INFO - [2024-07-24T18:10:48.160+0000] {dag.py:3947} INFO - Setting next_dagrun for example_python_decorator to None, run_after=None
[2024-07-24T18:10:48.236+0000] {processor.py:183} INFO - Processing /home/airflow/.local/lib/python3.12/site-packages/airflow/example_dags/example_python_decorator.py took 0.288 seconds
[2024-07-24T18:11:19.154+0000] {processor.py:161} INFO - Started process (PID=684) to work on /home/airflow/.local/lib/python3.12/site-packages/airflow/example_dags/example_python_decorator.py
[2024-07-24T18:11:19.156+0000] {processor.py:830} INFO - Processing file /home/airflow/.local/lib/python3.12/site-packages/airflow/example_dags/example_python_decorator.py for tasks to queue
[2024-07-24T18:11:19.157+0000] {logging_mixin.py:188} INFO - [2024-07-24T18:11:19.157+0000] {dagbag.py:545} INFO - Filling up the DagBag from /home/airflow/.local/lib/python3.12/site-packages/airflow/example_dags/example_python_decorator.py
[2024-07-24T18:11:19.170+0000] {processor.py:840} INFO - DAG(s) 'example_python_decorator' retrieved from /home/airflow/.local/lib/python3.12/site-packages/airflow/example_dags/example_python_decorator.py
[2024-07-24T18:11:19.198+0000] {logging_mixin.py:188} INFO - [2024-07-24T18:11:19.198+0000] {dag.py:3089} INFO - Sync 1 DAGs
[2024-07-24T18:11:19.209+0000] {logging_mixin.py:188} INFO - [2024-07-24T18:11:19.209+0000] {dag.py:3947} INFO - Setting next_dagrun for example_python_decorator to None, run_after=None
[2024-07-24T18:11:19.227+0000] {processor.py:183} INFO - Processing /home/airflow/.local/lib/python3.12/site-packages/airflow/example_dags/example_python_decorator.py took 0.080 seconds
[2024-07-24T18:11:49.608+0000] {processor.py:161} INFO - Started process (PID=742) to work on /home/airflow/.local/lib/python3.12/site-packages/airflow/example_dags/example_python_decorator.py
[2024-07-24T18:11:49.609+0000] {processor.py:830} INFO - Processing file /home/airflow/.local/lib/python3.12/site-packages/airflow/example_dags/example_python_decorator.py for tasks to queue
[2024-07-24T18:11:49.610+0000] {logging_mixin.py:188} INFO - [2024-07-24T18:11:49.610+0000] {dagbag.py:545} INFO - Filling up the DagBag from /home/airflow/.local/lib/python3.12/site-packages/airflow/example_dags/example_python_decorator.py
[2024-07-24T18:11:49.622+0000] {processor.py:840} INFO - DAG(s) 'example_python_decorator' retrieved from /home/airflow/.local/lib/python3.12/site-packages/airflow/example_dags/example_python_decorator.py
[2024-07-24T18:11:49.646+0000] {logging_mixin.py:188} INFO - [2024-07-24T18:11:49.646+0000] {dag.py:3089} INFO - Sync 1 DAGs
[2024-07-24T18:11:49.661+0000] {logging_mixin.py:188} INFO - [2024-07-24T18:11:49.661+0000] {dag.py:3947} INFO - Setting next_dagrun for example_python_decorator to None, run_after=None
[2024-07-24T18:11:49.681+0000] {processor.py:183} INFO - Processing /home/airflow/.local/lib/python3.12/site-packages/airflow/example_dags/example_python_decorator.py took 0.079 seconds
[2024-07-24T18:12:20.198+0000] {processor.py:161} INFO - Started process (PID=800) to work on /home/airflow/.local/lib/python3.12/site-packages/airflow/example_dags/example_python_decorator.py
[2024-07-24T18:12:20.201+0000] {processor.py:830} INFO - Processing file /home/airflow/.local/lib/python3.12/site-packages/airflow/example_dags/example_python_decorator.py for tasks to queue
[2024-07-24T18:12:20.202+0000] {logging_mixin.py:188} INFO - [2024-07-24T18:12:20.202+0000] {dagbag.py:545} INFO - Filling up the DagBag from /home/airflow/.local/lib/python3.12/site-packages/airflow/example_dags/example_python_decorator.py
[2024-07-24T18:12:20.218+0000] {processor.py:840} INFO - DAG(s) 'example_python_decorator' retrieved from /home/airflow/.local/lib/python3.12/site-packages/airflow/example_dags/example_python_decorator.py
[2024-07-24T18:12:20.242+0000] {logging_mixin.py:188} INFO - [2024-07-24T18:12:20.242+0000] {dag.py:3089} INFO - Sync 1 DAGs
[2024-07-24T18:12:20.254+0000] {logging_mixin.py:188} INFO - [2024-07-24T18:12:20.254+0000] {dag.py:3947} INFO - Setting next_dagrun for example_python_decorator to None, run_after=None
[2024-07-24T18:12:20.272+0000] {processor.py:183} INFO - Processing /home/airflow/.local/lib/python3.12/site-packages/airflow/example_dags/example_python_decorator.py took 0.081 seconds
[2024-07-24T18:12:51.045+0000] {processor.py:161} INFO - Started process (PID=858) to work on /home/airflow/.local/lib/python3.12/site-packages/airflow/example_dags/example_python_decorator.py
[2024-07-24T18:12:51.046+0000] {processor.py:830} INFO - Processing file /home/airflow/.local/lib/python3.12/site-packages/airflow/example_dags/example_python_decorator.py for tasks to queue
[2024-07-24T18:12:51.050+0000] {logging_mixin.py:188} INFO - [2024-07-24T18:12:51.047+0000] {dagbag.py:545} INFO - Filling up the DagBag from /home/airflow/.local/lib/python3.12/site-packages/airflow/example_dags/example_python_decorator.py
[2024-07-24T18:12:51.062+0000] {processor.py:840} INFO - DAG(s) 'example_python_decorator' retrieved from /home/airflow/.local/lib/python3.12/site-packages/airflow/example_dags/example_python_decorator.py
[2024-07-24T18:12:51.089+0000] {logging_mixin.py:188} INFO - [2024-07-24T18:12:51.089+0000] {dag.py:3089} INFO - Sync 1 DAGs
[2024-07-24T18:12:51.101+0000] {logging_mixin.py:188} INFO - [2024-07-24T18:12:51.101+0000] {dag.py:3947} INFO - Setting next_dagrun for example_python_decorator to None, run_after=None
[2024-07-24T18:12:51.121+0000] {processor.py:183} INFO - Processing /home/airflow/.local/lib/python3.12/site-packages/airflow/example_dags/example_python_decorator.py took 0.079 seconds
[2024-07-24T18:13:22.032+0000] {processor.py:161} INFO - Started process (PID=916) to work on /home/airflow/.local/lib/python3.12/site-packages/airflow/example_dags/example_python_decorator.py
[2024-07-24T18:13:22.036+0000] {processor.py:830} INFO - Processing file /home/airflow/.local/lib/python3.12/site-packages/airflow/example_dags/example_python_decorator.py for tasks to queue
[2024-07-24T18:13:22.038+0000] {logging_mixin.py:188} INFO - [2024-07-24T18:13:22.037+0000] {dagbag.py:545} INFO - Filling up the DagBag from /home/airflow/.local/lib/python3.12/site-packages/airflow/example_dags/example_python_decorator.py
[2024-07-24T18:13:22.051+0000] {processor.py:840} INFO - DAG(s) 'example_python_decorator' retrieved from /home/airflow/.local/lib/python3.12/site-packages/airflow/example_dags/example_python_decorator.py
[2024-07-24T18:13:22.075+0000] {logging_mixin.py:188} INFO - [2024-07-24T18:13:22.075+0000] {dag.py:3089} INFO - Sync 1 DAGs
[2024-07-24T18:13:22.093+0000] {logging_mixin.py:188} INFO - [2024-07-24T18:13:22.092+0000] {dag.py:3947} INFO - Setting next_dagrun for example_python_decorator to None, run_after=None
[2024-07-24T18:13:22.112+0000] {processor.py:183} INFO - Processing /home/airflow/.local/lib/python3.12/site-packages/airflow/example_dags/example_python_decorator.py took 0.085 seconds
[2024-07-24T18:13:52.655+0000] {processor.py:161} INFO - Started process (PID=974) to work on /home/airflow/.local/lib/python3.12/site-packages/airflow/example_dags/example_python_decorator.py
[2024-07-24T18:13:52.658+0000] {processor.py:830} INFO - Processing file /home/airflow/.local/lib/python3.12/site-packages/airflow/example_dags/example_python_decorator.py for tasks to queue
[2024-07-24T18:13:52.660+0000] {logging_mixin.py:188} INFO - [2024-07-24T18:13:52.659+0000] {dagbag.py:545} INFO - Filling up the DagBag from /home/airflow/.local/lib/python3.12/site-packages/airflow/example_dags/example_python_decorator.py
[2024-07-24T18:13:52.674+0000] {processor.py:840} INFO - DAG(s) 'example_python_decorator' retrieved from /home/airflow/.local/lib/python3.12/site-packages/airflow/example_dags/example_python_decorator.py
[2024-07-24T18:13:52.696+0000] {logging_mixin.py:188} INFO - [2024-07-24T18:13:52.696+0000] {dag.py:3089} INFO - Sync 1 DAGs
[2024-07-24T18:13:52.711+0000] {logging_mixin.py:188} INFO - [2024-07-24T18:13:52.711+0000] {dag.py:3947} INFO - Setting next_dagrun for example_python_decorator to None, run_after=None
[2024-07-24T18:13:52.728+0000] {processor.py:183} INFO - Processing /home/airflow/.local/lib/python3.12/site-packages/airflow/example_dags/example_python_decorator.py took 0.079 seconds
[2024-07-24T18:14:23.189+0000] {processor.py:161} INFO - Started process (PID=1031) to work on /home/airflow/.local/lib/python3.12/site-packages/airflow/example_dags/example_python_decorator.py
[2024-07-24T18:14:23.192+0000] {processor.py:830} INFO - Processing file /home/airflow/.local/lib/python3.12/site-packages/airflow/example_dags/example_python_decorator.py for tasks to queue
[2024-07-24T18:14:23.193+0000] {logging_mixin.py:188} INFO - [2024-07-24T18:14:23.193+0000] {dagbag.py:545} INFO - Filling up the DagBag from /home/airflow/.local/lib/python3.12/site-packages/airflow/example_dags/example_python_decorator.py
[2024-07-24T18:14:23.207+0000] {processor.py:840} INFO - DAG(s) 'example_python_decorator' retrieved from /home/airflow/.local/lib/python3.12/site-packages/airflow/example_dags/example_python_decorator.py
[2024-07-24T18:14:23.230+0000] {logging_mixin.py:188} INFO - [2024-07-24T18:14:23.230+0000] {dag.py:3089} INFO - Sync 1 DAGs
[2024-07-24T18:14:23.243+0000] {logging_mixin.py:188} INFO - [2024-07-24T18:14:23.243+0000] {dag.py:3947} INFO - Setting next_dagrun for example_python_decorator to None, run_after=None
[2024-07-24T18:14:23.262+0000] {processor.py:183} INFO - Processing /home/airflow/.local/lib/python3.12/site-packages/airflow/example_dags/example_python_decorator.py took 0.078 seconds
[2024-07-24T18:14:53.760+0000] {processor.py:161} INFO - Started process (PID=1089) to work on /home/airflow/.local/lib/python3.12/site-packages/airflow/example_dags/example_python_decorator.py
[2024-07-24T18:14:53.766+0000] {processor.py:830} INFO - Processing file /home/airflow/.local/lib/python3.12/site-packages/airflow/example_dags/example_python_decorator.py for tasks to queue
[2024-07-24T18:14:53.767+0000] {logging_mixin.py:188} INFO - [2024-07-24T18:14:53.767+0000] {dagbag.py:545} INFO - Filling up the DagBag from /home/airflow/.local/lib/python3.12/site-packages/airflow/example_dags/example_python_decorator.py
[2024-07-24T18:14:53.780+0000] {processor.py:840} INFO - DAG(s) 'example_python_decorator' retrieved from /home/airflow/.local/lib/python3.12/site-packages/airflow/example_dags/example_python_decorator.py
[2024-07-24T18:14:53.805+0000] {logging_mixin.py:188} INFO - [2024-07-24T18:14:53.805+0000] {dag.py:3089} INFO - Sync 1 DAGs
[2024-07-24T18:14:53.819+0000] {logging_mixin.py:188} INFO - [2024-07-24T18:14:53.817+0000] {dag.py:3947} INFO - Setting next_dagrun for example_python_decorator to None, run_after=None
[2024-07-24T18:14:53.840+0000] {processor.py:183} INFO - Processing /home/airflow/.local/lib/python3.12/site-packages/airflow/example_dags/example_python_decorator.py took 0.086 seconds
[2024-07-24T18:15:24.385+0000] {processor.py:161} INFO - Started process (PID=1147) to work on /home/airflow/.local/lib/python3.12/site-packages/airflow/example_dags/example_python_decorator.py
[2024-07-24T18:15:24.388+0000] {processor.py:830} INFO - Processing file /home/airflow/.local/lib/python3.12/site-packages/airflow/example_dags/example_python_decorator.py for tasks to queue
[2024-07-24T18:15:24.389+0000] {logging_mixin.py:188} INFO - [2024-07-24T18:15:24.389+0000] {dagbag.py:545} INFO - Filling up the DagBag from /home/airflow/.local/lib/python3.12/site-packages/airflow/example_dags/example_python_decorator.py
[2024-07-24T18:15:24.401+0000] {processor.py:840} INFO - DAG(s) 'example_python_decorator' retrieved from /home/airflow/.local/lib/python3.12/site-packages/airflow/example_dags/example_python_decorator.py
[2024-07-24T18:15:24.424+0000] {logging_mixin.py:188} INFO - [2024-07-24T18:15:24.424+0000] {dag.py:3089} INFO - Sync 1 DAGs
[2024-07-24T18:15:24.438+0000] {logging_mixin.py:188} INFO - [2024-07-24T18:15:24.438+0000] {dag.py:3947} INFO - Setting next_dagrun for example_python_decorator to None, run_after=None
[2024-07-24T18:15:24.459+0000] {processor.py:183} INFO - Processing /home/airflow/.local/lib/python3.12/site-packages/airflow/example_dags/example_python_decorator.py took 0.080 seconds
[2024-07-24T18:15:55.048+0000] {processor.py:161} INFO - Started process (PID=1204) to work on /home/airflow/.local/lib/python3.12/site-packages/airflow/example_dags/example_python_decorator.py
[2024-07-24T18:15:55.049+0000] {processor.py:830} INFO - Processing file /home/airflow/.local/lib/python3.12/site-packages/airflow/example_dags/example_python_decorator.py for tasks to queue
[2024-07-24T18:15:55.050+0000] {logging_mixin.py:188} INFO - [2024-07-24T18:15:55.050+0000] {dagbag.py:545} INFO - Filling up the DagBag from /home/airflow/.local/lib/python3.12/site-packages/airflow/example_dags/example_python_decorator.py
[2024-07-24T18:15:55.065+0000] {processor.py:840} INFO - DAG(s) 'example_python_decorator' retrieved from /home/airflow/.local/lib/python3.12/site-packages/airflow/example_dags/example_python_decorator.py
[2024-07-24T18:15:55.090+0000] {logging_mixin.py:188} INFO - [2024-07-24T18:15:55.090+0000] {dag.py:3089} INFO - Sync 1 DAGs
[2024-07-24T18:15:55.105+0000] {logging_mixin.py:188} INFO - [2024-07-24T18:15:55.105+0000] {dag.py:3947} INFO - Setting next_dagrun for example_python_decorator to None, run_after=None
[2024-07-24T18:15:55.122+0000] {processor.py:183} INFO - Processing /home/airflow/.local/lib/python3.12/site-packages/airflow/example_dags/example_python_decorator.py took 0.079 seconds
[2024-07-24T18:16:27.046+0000] {processor.py:161} INFO - Started process (PID=1262) to work on /home/airflow/.local/lib/python3.12/site-packages/airflow/example_dags/example_python_decorator.py
[2024-07-24T18:16:27.051+0000] {processor.py:830} INFO - Processing file /home/airflow/.local/lib/python3.12/site-packages/airflow/example_dags/example_python_decorator.py for tasks to queue
[2024-07-24T18:16:27.053+0000] {logging_mixin.py:188} INFO - [2024-07-24T18:16:27.053+0000] {dagbag.py:545} INFO - Filling up the DagBag from /home/airflow/.local/lib/python3.12/site-packages/airflow/example_dags/example_python_decorator.py
[2024-07-24T18:16:27.073+0000] {processor.py:840} INFO - DAG(s) 'example_python_decorator' retrieved from /home/airflow/.local/lib/python3.12/site-packages/airflow/example_dags/example_python_decorator.py
[2024-07-24T18:16:27.099+0000] {logging_mixin.py:188} INFO - [2024-07-24T18:16:27.099+0000] {dag.py:3089} INFO - Sync 1 DAGs
[2024-07-24T18:16:27.115+0000] {logging_mixin.py:188} INFO - [2024-07-24T18:16:27.114+0000] {dag.py:3947} INFO - Setting next_dagrun for example_python_decorator to None, run_after=None
[2024-07-24T18:16:27.133+0000] {processor.py:183} INFO - Processing /home/airflow/.local/lib/python3.12/site-packages/airflow/example_dags/example_python_decorator.py took 0.114 seconds
