[2024-07-24T18:06:01.275+0000] {processor.py:161} INFO - Started process (PID=68) to work on /home/airflow/.local/lib/python3.12/site-packages/airflow/example_dags/example_latest_only.py
[2024-07-24T18:06:01.277+0000] {processor.py:830} INFO - Processing file /home/airflow/.local/lib/python3.12/site-packages/airflow/example_dags/example_latest_only.py for tasks to queue
[2024-07-24T18:06:01.283+0000] {logging_mixin.py:188} INFO - [2024-07-24T18:06:01.282+0000] {dagbag.py:545} INFO - Filling up the DagBag from /home/airflow/.local/lib/python3.12/site-packages/airflow/example_dags/example_latest_only.py
[2024-07-24T18:06:01.300+0000] {processor.py:840} INFO - DAG(s) 'latest_only' retrieved from /home/airflow/.local/lib/python3.12/site-packages/airflow/example_dags/example_latest_only.py
[2024-07-24T18:06:01.732+0000] {logging_mixin.py:188} INFO - [2024-07-24T18:06:01.726+0000] {dag.py:3089} INFO - Sync 1 DAGs
[2024-07-24T18:06:01.804+0000] {logging_mixin.py:188} INFO - [2024-07-24T18:06:01.804+0000] {dag.py:3947} INFO - Setting next_dagrun for latest_only to 2024-07-24 12:00:00+00:00, run_after=2024-07-24 16:00:00+00:00
[2024-07-24T18:06:01.861+0000] {processor.py:183} INFO - Processing /home/airflow/.local/lib/python3.12/site-packages/airflow/example_dags/example_latest_only.py took 0.615 seconds
[2024-07-24T18:06:32.308+0000] {processor.py:161} INFO - Started process (PID=126) to work on /home/airflow/.local/lib/python3.12/site-packages/airflow/example_dags/example_latest_only.py
[2024-07-24T18:06:32.310+0000] {processor.py:830} INFO - Processing file /home/airflow/.local/lib/python3.12/site-packages/airflow/example_dags/example_latest_only.py for tasks to queue
[2024-07-24T18:06:32.311+0000] {logging_mixin.py:188} INFO - [2024-07-24T18:06:32.311+0000] {dagbag.py:545} INFO - Filling up the DagBag from /home/airflow/.local/lib/python3.12/site-packages/airflow/example_dags/example_latest_only.py
[2024-07-24T18:06:32.315+0000] {processor.py:840} INFO - DAG(s) 'latest_only' retrieved from /home/airflow/.local/lib/python3.12/site-packages/airflow/example_dags/example_latest_only.py
[2024-07-24T18:06:32.335+0000] {logging_mixin.py:188} INFO - [2024-07-24T18:06:32.335+0000] {dag.py:3089} INFO - Sync 1 DAGs
[2024-07-24T18:06:32.359+0000] {logging_mixin.py:188} INFO - [2024-07-24T18:06:32.359+0000] {dag.py:3947} INFO - Setting next_dagrun for latest_only to 2024-07-24 12:00:00+00:00, run_after=2024-07-24 16:00:00+00:00
[2024-07-24T18:06:32.377+0000] {processor.py:183} INFO - Processing /home/airflow/.local/lib/python3.12/site-packages/airflow/example_dags/example_latest_only.py took 0.077 seconds
[2024-07-24T18:07:02.655+0000] {processor.py:161} INFO - Started process (PID=184) to work on /home/airflow/.local/lib/python3.12/site-packages/airflow/example_dags/example_latest_only.py
[2024-07-24T18:07:02.656+0000] {processor.py:830} INFO - Processing file /home/airflow/.local/lib/python3.12/site-packages/airflow/example_dags/example_latest_only.py for tasks to queue
[2024-07-24T18:07:02.659+0000] {logging_mixin.py:188} INFO - [2024-07-24T18:07:02.659+0000] {dagbag.py:545} INFO - Filling up the DagBag from /home/airflow/.local/lib/python3.12/site-packages/airflow/example_dags/example_latest_only.py
[2024-07-24T18:07:02.664+0000] {processor.py:840} INFO - DAG(s) 'latest_only' retrieved from /home/airflow/.local/lib/python3.12/site-packages/airflow/example_dags/example_latest_only.py
[2024-07-24T18:07:02.688+0000] {logging_mixin.py:188} INFO - [2024-07-24T18:07:02.688+0000] {dag.py:3089} INFO - Sync 1 DAGs
[2024-07-24T18:07:02.711+0000] {logging_mixin.py:188} INFO - [2024-07-24T18:07:02.711+0000] {dag.py:3947} INFO - Setting next_dagrun for latest_only to 2024-07-24 12:00:00+00:00, run_after=2024-07-24 16:00:00+00:00
[2024-07-24T18:07:02.727+0000] {processor.py:183} INFO - Processing /home/airflow/.local/lib/python3.12/site-packages/airflow/example_dags/example_latest_only.py took 0.081 seconds
[2024-07-24T18:07:32.792+0000] {processor.py:161} INFO - Started process (PID=242) to work on /home/airflow/.local/lib/python3.12/site-packages/airflow/example_dags/example_latest_only.py
[2024-07-24T18:07:32.792+0000] {processor.py:830} INFO - Processing file /home/airflow/.local/lib/python3.12/site-packages/airflow/example_dags/example_latest_only.py for tasks to queue
[2024-07-24T18:07:32.794+0000] {logging_mixin.py:188} INFO - [2024-07-24T18:07:32.794+0000] {dagbag.py:545} INFO - Filling up the DagBag from /home/airflow/.local/lib/python3.12/site-packages/airflow/example_dags/example_latest_only.py
[2024-07-24T18:07:32.798+0000] {processor.py:840} INFO - DAG(s) 'latest_only' retrieved from /home/airflow/.local/lib/python3.12/site-packages/airflow/example_dags/example_latest_only.py
[2024-07-24T18:07:32.821+0000] {logging_mixin.py:188} INFO - [2024-07-24T18:07:32.820+0000] {dag.py:3089} INFO - Sync 1 DAGs
[2024-07-24T18:07:32.842+0000] {logging_mixin.py:188} INFO - [2024-07-24T18:07:32.842+0000] {dag.py:3947} INFO - Setting next_dagrun for latest_only to 2024-07-24 12:00:00+00:00, run_after=2024-07-24 16:00:00+00:00
[2024-07-24T18:07:32.860+0000] {processor.py:183} INFO - Processing /home/airflow/.local/lib/python3.12/site-packages/airflow/example_dags/example_latest_only.py took 0.073 seconds
[2024-07-24T18:08:03.174+0000] {processor.py:161} INFO - Started process (PID=299) to work on /home/airflow/.local/lib/python3.12/site-packages/airflow/example_dags/example_latest_only.py
[2024-07-24T18:08:03.177+0000] {processor.py:830} INFO - Processing file /home/airflow/.local/lib/python3.12/site-packages/airflow/example_dags/example_latest_only.py for tasks to queue
[2024-07-24T18:08:03.178+0000] {logging_mixin.py:188} INFO - [2024-07-24T18:08:03.178+0000] {dagbag.py:545} INFO - Filling up the DagBag from /home/airflow/.local/lib/python3.12/site-packages/airflow/example_dags/example_latest_only.py
[2024-07-24T18:08:03.182+0000] {processor.py:840} INFO - DAG(s) 'latest_only' retrieved from /home/airflow/.local/lib/python3.12/site-packages/airflow/example_dags/example_latest_only.py
[2024-07-24T18:08:03.205+0000] {logging_mixin.py:188} INFO - [2024-07-24T18:08:03.205+0000] {dag.py:3089} INFO - Sync 1 DAGs
[2024-07-24T18:08:03.228+0000] {logging_mixin.py:188} INFO - [2024-07-24T18:08:03.228+0000] {dag.py:3947} INFO - Setting next_dagrun for latest_only to 2024-07-24 12:00:00+00:00, run_after=2024-07-24 16:00:00+00:00
[2024-07-24T18:08:03.245+0000] {processor.py:183} INFO - Processing /home/airflow/.local/lib/python3.12/site-packages/airflow/example_dags/example_latest_only.py took 0.075 seconds
[2024-07-24T18:08:33.364+0000] {processor.py:161} INFO - Started process (PID=357) to work on /home/airflow/.local/lib/python3.12/site-packages/airflow/example_dags/example_latest_only.py
[2024-07-24T18:08:33.370+0000] {processor.py:830} INFO - Processing file /home/airflow/.local/lib/python3.12/site-packages/airflow/example_dags/example_latest_only.py for tasks to queue
[2024-07-24T18:08:33.372+0000] {logging_mixin.py:188} INFO - [2024-07-24T18:08:33.372+0000] {dagbag.py:545} INFO - Filling up the DagBag from /home/airflow/.local/lib/python3.12/site-packages/airflow/example_dags/example_latest_only.py
[2024-07-24T18:08:33.393+0000] {processor.py:840} INFO - DAG(s) 'latest_only' retrieved from /home/airflow/.local/lib/python3.12/site-packages/airflow/example_dags/example_latest_only.py
[2024-07-24T18:08:33.471+0000] {logging_mixin.py:188} INFO - [2024-07-24T18:08:33.470+0000] {dag.py:3089} INFO - Sync 1 DAGs
[2024-07-24T18:08:33.545+0000] {logging_mixin.py:188} INFO - [2024-07-24T18:08:33.544+0000] {dag.py:3947} INFO - Setting next_dagrun for latest_only to 2024-07-24 12:00:00+00:00, run_after=2024-07-24 16:00:00+00:00
[2024-07-24T18:08:33.616+0000] {processor.py:183} INFO - Processing /home/airflow/.local/lib/python3.12/site-packages/airflow/example_dags/example_latest_only.py took 0.277 seconds
[2024-07-24T18:09:03.954+0000] {processor.py:161} INFO - Started process (PID=415) to work on /home/airflow/.local/lib/python3.12/site-packages/airflow/example_dags/example_latest_only.py
[2024-07-24T18:09:03.956+0000] {processor.py:830} INFO - Processing file /home/airflow/.local/lib/python3.12/site-packages/airflow/example_dags/example_latest_only.py for tasks to queue
[2024-07-24T18:09:03.958+0000] {logging_mixin.py:188} INFO - [2024-07-24T18:09:03.958+0000] {dagbag.py:545} INFO - Filling up the DagBag from /home/airflow/.local/lib/python3.12/site-packages/airflow/example_dags/example_latest_only.py
[2024-07-24T18:09:03.963+0000] {processor.py:840} INFO - DAG(s) 'latest_only' retrieved from /home/airflow/.local/lib/python3.12/site-packages/airflow/example_dags/example_latest_only.py
[2024-07-24T18:09:03.983+0000] {logging_mixin.py:188} INFO - [2024-07-24T18:09:03.983+0000] {dag.py:3089} INFO - Sync 1 DAGs
[2024-07-24T18:09:04.008+0000] {logging_mixin.py:188} INFO - [2024-07-24T18:09:04.005+0000] {dag.py:3947} INFO - Setting next_dagrun for latest_only to 2024-07-24 12:00:00+00:00, run_after=2024-07-24 16:00:00+00:00
[2024-07-24T18:09:04.029+0000] {processor.py:183} INFO - Processing /home/airflow/.local/lib/python3.12/site-packages/airflow/example_dags/example_latest_only.py took 0.082 seconds
[2024-07-24T18:09:34.096+0000] {processor.py:161} INFO - Started process (PID=473) to work on /home/airflow/.local/lib/python3.12/site-packages/airflow/example_dags/example_latest_only.py
[2024-07-24T18:09:34.096+0000] {processor.py:830} INFO - Processing file /home/airflow/.local/lib/python3.12/site-packages/airflow/example_dags/example_latest_only.py for tasks to queue
[2024-07-24T18:09:34.098+0000] {logging_mixin.py:188} INFO - [2024-07-24T18:09:34.098+0000] {dagbag.py:545} INFO - Filling up the DagBag from /home/airflow/.local/lib/python3.12/site-packages/airflow/example_dags/example_latest_only.py
[2024-07-24T18:09:34.105+0000] {processor.py:840} INFO - DAG(s) 'latest_only' retrieved from /home/airflow/.local/lib/python3.12/site-packages/airflow/example_dags/example_latest_only.py
[2024-07-24T18:09:34.124+0000] {logging_mixin.py:188} INFO - [2024-07-24T18:09:34.124+0000] {dag.py:3089} INFO - Sync 1 DAGs
[2024-07-24T18:09:34.150+0000] {logging_mixin.py:188} INFO - [2024-07-24T18:09:34.150+0000] {dag.py:3947} INFO - Setting next_dagrun for latest_only to 2024-07-24 12:00:00+00:00, run_after=2024-07-24 16:00:00+00:00
[2024-07-24T18:09:34.170+0000] {processor.py:183} INFO - Processing /home/airflow/.local/lib/python3.12/site-packages/airflow/example_dags/example_latest_only.py took 0.079 seconds
[2024-07-24T18:10:04.275+0000] {processor.py:161} INFO - Started process (PID=531) to work on /home/airflow/.local/lib/python3.12/site-packages/airflow/example_dags/example_latest_only.py
[2024-07-24T18:10:04.278+0000] {processor.py:830} INFO - Processing file /home/airflow/.local/lib/python3.12/site-packages/airflow/example_dags/example_latest_only.py for tasks to queue
[2024-07-24T18:10:04.279+0000] {logging_mixin.py:188} INFO - [2024-07-24T18:10:04.279+0000] {dagbag.py:545} INFO - Filling up the DagBag from /home/airflow/.local/lib/python3.12/site-packages/airflow/example_dags/example_latest_only.py
[2024-07-24T18:10:04.285+0000] {processor.py:840} INFO - DAG(s) 'latest_only' retrieved from /home/airflow/.local/lib/python3.12/site-packages/airflow/example_dags/example_latest_only.py
[2024-07-24T18:10:04.318+0000] {logging_mixin.py:188} INFO - [2024-07-24T18:10:04.317+0000] {dag.py:3089} INFO - Sync 1 DAGs
[2024-07-24T18:10:04.349+0000] {logging_mixin.py:188} INFO - [2024-07-24T18:10:04.349+0000] {dag.py:3947} INFO - Setting next_dagrun for latest_only to 2024-07-24 12:00:00+00:00, run_after=2024-07-24 16:00:00+00:00
[2024-07-24T18:10:04.373+0000] {processor.py:183} INFO - Processing /home/airflow/.local/lib/python3.12/site-packages/airflow/example_dags/example_latest_only.py took 0.107 seconds
[2024-07-24T18:10:34.711+0000] {processor.py:161} INFO - Started process (PID=589) to work on /home/airflow/.local/lib/python3.12/site-packages/airflow/example_dags/example_latest_only.py
[2024-07-24T18:10:34.714+0000] {processor.py:830} INFO - Processing file /home/airflow/.local/lib/python3.12/site-packages/airflow/example_dags/example_latest_only.py for tasks to queue
[2024-07-24T18:10:34.720+0000] {logging_mixin.py:188} INFO - [2024-07-24T18:10:34.715+0000] {dagbag.py:545} INFO - Filling up the DagBag from /home/airflow/.local/lib/python3.12/site-packages/airflow/example_dags/example_latest_only.py
[2024-07-24T18:10:34.724+0000] {processor.py:840} INFO - DAG(s) 'latest_only' retrieved from /home/airflow/.local/lib/python3.12/site-packages/airflow/example_dags/example_latest_only.py
[2024-07-24T18:10:34.746+0000] {logging_mixin.py:188} INFO - [2024-07-24T18:10:34.743+0000] {dag.py:3089} INFO - Sync 1 DAGs
[2024-07-24T18:10:34.767+0000] {logging_mixin.py:188} INFO - [2024-07-24T18:10:34.767+0000] {dag.py:3947} INFO - Setting next_dagrun for latest_only to 2024-07-24 12:00:00+00:00, run_after=2024-07-24 16:00:00+00:00
[2024-07-24T18:10:34.789+0000] {processor.py:183} INFO - Processing /home/airflow/.local/lib/python3.12/site-packages/airflow/example_dags/example_latest_only.py took 0.085 seconds
[2024-07-24T18:11:05.211+0000] {processor.py:161} INFO - Started process (PID=646) to work on /home/airflow/.local/lib/python3.12/site-packages/airflow/example_dags/example_latest_only.py
[2024-07-24T18:11:05.212+0000] {processor.py:830} INFO - Processing file /home/airflow/.local/lib/python3.12/site-packages/airflow/example_dags/example_latest_only.py for tasks to queue
[2024-07-24T18:11:05.214+0000] {logging_mixin.py:188} INFO - [2024-07-24T18:11:05.214+0000] {dagbag.py:545} INFO - Filling up the DagBag from /home/airflow/.local/lib/python3.12/site-packages/airflow/example_dags/example_latest_only.py
[2024-07-24T18:11:05.220+0000] {processor.py:840} INFO - DAG(s) 'latest_only' retrieved from /home/airflow/.local/lib/python3.12/site-packages/airflow/example_dags/example_latest_only.py
[2024-07-24T18:11:05.242+0000] {logging_mixin.py:188} INFO - [2024-07-24T18:11:05.242+0000] {dag.py:3089} INFO - Sync 1 DAGs
[2024-07-24T18:11:05.270+0000] {logging_mixin.py:188} INFO - [2024-07-24T18:11:05.270+0000] {dag.py:3947} INFO - Setting next_dagrun for latest_only to 2024-07-24 12:00:00+00:00, run_after=2024-07-24 16:00:00+00:00
[2024-07-24T18:11:05.297+0000] {processor.py:183} INFO - Processing /home/airflow/.local/lib/python3.12/site-packages/airflow/example_dags/example_latest_only.py took 0.093 seconds
[2024-07-24T18:11:35.715+0000] {processor.py:161} INFO - Started process (PID=704) to work on /home/airflow/.local/lib/python3.12/site-packages/airflow/example_dags/example_latest_only.py
[2024-07-24T18:11:35.716+0000] {processor.py:830} INFO - Processing file /home/airflow/.local/lib/python3.12/site-packages/airflow/example_dags/example_latest_only.py for tasks to queue
[2024-07-24T18:11:35.718+0000] {logging_mixin.py:188} INFO - [2024-07-24T18:11:35.718+0000] {dagbag.py:545} INFO - Filling up the DagBag from /home/airflow/.local/lib/python3.12/site-packages/airflow/example_dags/example_latest_only.py
[2024-07-24T18:11:35.722+0000] {processor.py:840} INFO - DAG(s) 'latest_only' retrieved from /home/airflow/.local/lib/python3.12/site-packages/airflow/example_dags/example_latest_only.py
[2024-07-24T18:11:35.744+0000] {logging_mixin.py:188} INFO - [2024-07-24T18:11:35.743+0000] {dag.py:3089} INFO - Sync 1 DAGs
[2024-07-24T18:11:35.766+0000] {logging_mixin.py:188} INFO - [2024-07-24T18:11:35.766+0000] {dag.py:3947} INFO - Setting next_dagrun for latest_only to 2024-07-24 12:00:00+00:00, run_after=2024-07-24 16:00:00+00:00
[2024-07-24T18:11:35.785+0000] {processor.py:183} INFO - Processing /home/airflow/.local/lib/python3.12/site-packages/airflow/example_dags/example_latest_only.py took 0.075 seconds
[2024-07-24T18:12:06.180+0000] {processor.py:161} INFO - Started process (PID=762) to work on /home/airflow/.local/lib/python3.12/site-packages/airflow/example_dags/example_latest_only.py
[2024-07-24T18:12:06.183+0000] {processor.py:830} INFO - Processing file /home/airflow/.local/lib/python3.12/site-packages/airflow/example_dags/example_latest_only.py for tasks to queue
[2024-07-24T18:12:06.184+0000] {logging_mixin.py:188} INFO - [2024-07-24T18:12:06.184+0000] {dagbag.py:545} INFO - Filling up the DagBag from /home/airflow/.local/lib/python3.12/site-packages/airflow/example_dags/example_latest_only.py
[2024-07-24T18:12:06.188+0000] {processor.py:840} INFO - DAG(s) 'latest_only' retrieved from /home/airflow/.local/lib/python3.12/site-packages/airflow/example_dags/example_latest_only.py
[2024-07-24T18:12:06.212+0000] {logging_mixin.py:188} INFO - [2024-07-24T18:12:06.211+0000] {dag.py:3089} INFO - Sync 1 DAGs
[2024-07-24T18:12:06.235+0000] {logging_mixin.py:188} INFO - [2024-07-24T18:12:06.235+0000] {dag.py:3947} INFO - Setting next_dagrun for latest_only to 2024-07-24 12:00:00+00:00, run_after=2024-07-24 16:00:00+00:00
[2024-07-24T18:12:06.252+0000] {processor.py:183} INFO - Processing /home/airflow/.local/lib/python3.12/site-packages/airflow/example_dags/example_latest_only.py took 0.076 seconds
[2024-07-24T18:12:37.164+0000] {processor.py:161} INFO - Started process (PID=820) to work on /home/airflow/.local/lib/python3.12/site-packages/airflow/example_dags/example_latest_only.py
[2024-07-24T18:12:37.165+0000] {processor.py:830} INFO - Processing file /home/airflow/.local/lib/python3.12/site-packages/airflow/example_dags/example_latest_only.py for tasks to queue
[2024-07-24T18:12:37.166+0000] {logging_mixin.py:188} INFO - [2024-07-24T18:12:37.166+0000] {dagbag.py:545} INFO - Filling up the DagBag from /home/airflow/.local/lib/python3.12/site-packages/airflow/example_dags/example_latest_only.py
[2024-07-24T18:12:37.172+0000] {processor.py:840} INFO - DAG(s) 'latest_only' retrieved from /home/airflow/.local/lib/python3.12/site-packages/airflow/example_dags/example_latest_only.py
[2024-07-24T18:12:37.196+0000] {logging_mixin.py:188} INFO - [2024-07-24T18:12:37.196+0000] {dag.py:3089} INFO - Sync 1 DAGs
[2024-07-24T18:12:37.220+0000] {logging_mixin.py:188} INFO - [2024-07-24T18:12:37.220+0000] {dag.py:3947} INFO - Setting next_dagrun for latest_only to 2024-07-24 12:00:00+00:00, run_after=2024-07-24 16:00:00+00:00
[2024-07-24T18:12:37.249+0000] {processor.py:183} INFO - Processing /home/airflow/.local/lib/python3.12/site-packages/airflow/example_dags/example_latest_only.py took 0.092 seconds
[2024-07-24T18:13:08.110+0000] {processor.py:161} INFO - Started process (PID=878) to work on /home/airflow/.local/lib/python3.12/site-packages/airflow/example_dags/example_latest_only.py
[2024-07-24T18:13:08.113+0000] {processor.py:830} INFO - Processing file /home/airflow/.local/lib/python3.12/site-packages/airflow/example_dags/example_latest_only.py for tasks to queue
[2024-07-24T18:13:08.114+0000] {logging_mixin.py:188} INFO - [2024-07-24T18:13:08.114+0000] {dagbag.py:545} INFO - Filling up the DagBag from /home/airflow/.local/lib/python3.12/site-packages/airflow/example_dags/example_latest_only.py
[2024-07-24T18:13:08.118+0000] {processor.py:840} INFO - DAG(s) 'latest_only' retrieved from /home/airflow/.local/lib/python3.12/site-packages/airflow/example_dags/example_latest_only.py
[2024-07-24T18:13:08.146+0000] {logging_mixin.py:188} INFO - [2024-07-24T18:13:08.146+0000] {dag.py:3089} INFO - Sync 1 DAGs
[2024-07-24T18:13:08.171+0000] {logging_mixin.py:188} INFO - [2024-07-24T18:13:08.170+0000] {dag.py:3947} INFO - Setting next_dagrun for latest_only to 2024-07-24 12:00:00+00:00, run_after=2024-07-24 16:00:00+00:00
[2024-07-24T18:13:08.196+0000] {processor.py:183} INFO - Processing /home/airflow/.local/lib/python3.12/site-packages/airflow/example_dags/example_latest_only.py took 0.092 seconds
[2024-07-24T18:13:38.348+0000] {processor.py:161} INFO - Started process (PID=936) to work on /home/airflow/.local/lib/python3.12/site-packages/airflow/example_dags/example_latest_only.py
[2024-07-24T18:13:38.348+0000] {processor.py:830} INFO - Processing file /home/airflow/.local/lib/python3.12/site-packages/airflow/example_dags/example_latest_only.py for tasks to queue
[2024-07-24T18:13:38.350+0000] {logging_mixin.py:188} INFO - [2024-07-24T18:13:38.350+0000] {dagbag.py:545} INFO - Filling up the DagBag from /home/airflow/.local/lib/python3.12/site-packages/airflow/example_dags/example_latest_only.py
[2024-07-24T18:13:38.356+0000] {processor.py:840} INFO - DAG(s) 'latest_only' retrieved from /home/airflow/.local/lib/python3.12/site-packages/airflow/example_dags/example_latest_only.py
[2024-07-24T18:13:38.376+0000] {logging_mixin.py:188} INFO - [2024-07-24T18:13:38.376+0000] {dag.py:3089} INFO - Sync 1 DAGs
[2024-07-24T18:13:38.401+0000] {logging_mixin.py:188} INFO - [2024-07-24T18:13:38.400+0000] {dag.py:3947} INFO - Setting next_dagrun for latest_only to 2024-07-24 12:00:00+00:00, run_after=2024-07-24 16:00:00+00:00
[2024-07-24T18:13:38.431+0000] {processor.py:183} INFO - Processing /home/airflow/.local/lib/python3.12/site-packages/airflow/example_dags/example_latest_only.py took 0.089 seconds
[2024-07-24T18:14:08.922+0000] {processor.py:161} INFO - Started process (PID=994) to work on /home/airflow/.local/lib/python3.12/site-packages/airflow/example_dags/example_latest_only.py
[2024-07-24T18:14:08.930+0000] {processor.py:830} INFO - Processing file /home/airflow/.local/lib/python3.12/site-packages/airflow/example_dags/example_latest_only.py for tasks to queue
[2024-07-24T18:14:08.933+0000] {logging_mixin.py:188} INFO - [2024-07-24T18:14:08.931+0000] {dagbag.py:545} INFO - Filling up the DagBag from /home/airflow/.local/lib/python3.12/site-packages/airflow/example_dags/example_latest_only.py
[2024-07-24T18:14:08.946+0000] {processor.py:840} INFO - DAG(s) 'latest_only' retrieved from /home/airflow/.local/lib/python3.12/site-packages/airflow/example_dags/example_latest_only.py
[2024-07-24T18:14:09.007+0000] {logging_mixin.py:188} INFO - [2024-07-24T18:14:09.007+0000] {dag.py:3089} INFO - Sync 1 DAGs
[2024-07-24T18:14:09.054+0000] {logging_mixin.py:188} INFO - [2024-07-24T18:14:09.053+0000] {dag.py:3947} INFO - Setting next_dagrun for latest_only to 2024-07-24 12:00:00+00:00, run_after=2024-07-24 16:00:00+00:00
[2024-07-24T18:14:09.099+0000] {processor.py:183} INFO - Processing /home/airflow/.local/lib/python3.12/site-packages/airflow/example_dags/example_latest_only.py took 0.194 seconds
[2024-07-24T18:14:39.691+0000] {processor.py:161} INFO - Started process (PID=1051) to work on /home/airflow/.local/lib/python3.12/site-packages/airflow/example_dags/example_latest_only.py
[2024-07-24T18:14:39.692+0000] {processor.py:830} INFO - Processing file /home/airflow/.local/lib/python3.12/site-packages/airflow/example_dags/example_latest_only.py for tasks to queue
[2024-07-24T18:14:39.693+0000] {logging_mixin.py:188} INFO - [2024-07-24T18:14:39.693+0000] {dagbag.py:545} INFO - Filling up the DagBag from /home/airflow/.local/lib/python3.12/site-packages/airflow/example_dags/example_latest_only.py
[2024-07-24T18:14:39.701+0000] {processor.py:840} INFO - DAG(s) 'latest_only' retrieved from /home/airflow/.local/lib/python3.12/site-packages/airflow/example_dags/example_latest_only.py
[2024-07-24T18:14:39.727+0000] {logging_mixin.py:188} INFO - [2024-07-24T18:14:39.727+0000] {dag.py:3089} INFO - Sync 1 DAGs
[2024-07-24T18:14:39.753+0000] {logging_mixin.py:188} INFO - [2024-07-24T18:14:39.753+0000] {dag.py:3947} INFO - Setting next_dagrun for latest_only to 2024-07-24 12:00:00+00:00, run_after=2024-07-24 16:00:00+00:00
[2024-07-24T18:14:39.782+0000] {processor.py:183} INFO - Processing /home/airflow/.local/lib/python3.12/site-packages/airflow/example_dags/example_latest_only.py took 0.096 seconds
[2024-07-24T18:15:10.239+0000] {processor.py:161} INFO - Started process (PID=1109) to work on /home/airflow/.local/lib/python3.12/site-packages/airflow/example_dags/example_latest_only.py
[2024-07-24T18:15:10.242+0000] {processor.py:830} INFO - Processing file /home/airflow/.local/lib/python3.12/site-packages/airflow/example_dags/example_latest_only.py for tasks to queue
[2024-07-24T18:15:10.245+0000] {logging_mixin.py:188} INFO - [2024-07-24T18:15:10.244+0000] {dagbag.py:545} INFO - Filling up the DagBag from /home/airflow/.local/lib/python3.12/site-packages/airflow/example_dags/example_latest_only.py
[2024-07-24T18:15:10.249+0000] {processor.py:840} INFO - DAG(s) 'latest_only' retrieved from /home/airflow/.local/lib/python3.12/site-packages/airflow/example_dags/example_latest_only.py
[2024-07-24T18:15:10.273+0000] {logging_mixin.py:188} INFO - [2024-07-24T18:15:10.272+0000] {dag.py:3089} INFO - Sync 1 DAGs
[2024-07-24T18:15:10.296+0000] {logging_mixin.py:188} INFO - [2024-07-24T18:15:10.296+0000] {dag.py:3947} INFO - Setting next_dagrun for latest_only to 2024-07-24 12:00:00+00:00, run_after=2024-07-24 16:00:00+00:00
[2024-07-24T18:15:10.323+0000] {processor.py:183} INFO - Processing /home/airflow/.local/lib/python3.12/site-packages/airflow/example_dags/example_latest_only.py took 0.090 seconds
[2024-07-24T18:15:40.946+0000] {processor.py:161} INFO - Started process (PID=1167) to work on /home/airflow/.local/lib/python3.12/site-packages/airflow/example_dags/example_latest_only.py
[2024-07-24T18:15:40.947+0000] {processor.py:830} INFO - Processing file /home/airflow/.local/lib/python3.12/site-packages/airflow/example_dags/example_latest_only.py for tasks to queue
[2024-07-24T18:15:40.949+0000] {logging_mixin.py:188} INFO - [2024-07-24T18:15:40.949+0000] {dagbag.py:545} INFO - Filling up the DagBag from /home/airflow/.local/lib/python3.12/site-packages/airflow/example_dags/example_latest_only.py
[2024-07-24T18:15:40.954+0000] {processor.py:840} INFO - DAG(s) 'latest_only' retrieved from /home/airflow/.local/lib/python3.12/site-packages/airflow/example_dags/example_latest_only.py
[2024-07-24T18:15:40.984+0000] {logging_mixin.py:188} INFO - [2024-07-24T18:15:40.984+0000] {dag.py:3089} INFO - Sync 1 DAGs
[2024-07-24T18:15:41.008+0000] {logging_mixin.py:188} INFO - [2024-07-24T18:15:41.008+0000] {dag.py:3947} INFO - Setting next_dagrun for latest_only to 2024-07-24 12:00:00+00:00, run_after=2024-07-24 16:00:00+00:00
[2024-07-24T18:15:41.038+0000] {processor.py:183} INFO - Processing /home/airflow/.local/lib/python3.12/site-packages/airflow/example_dags/example_latest_only.py took 0.098 seconds
[2024-07-24T18:16:11.547+0000] {processor.py:161} INFO - Started process (PID=1224) to work on /home/airflow/.local/lib/python3.12/site-packages/airflow/example_dags/example_latest_only.py
[2024-07-24T18:16:11.550+0000] {processor.py:830} INFO - Processing file /home/airflow/.local/lib/python3.12/site-packages/airflow/example_dags/example_latest_only.py for tasks to queue
[2024-07-24T18:16:11.552+0000] {logging_mixin.py:188} INFO - [2024-07-24T18:16:11.551+0000] {dagbag.py:545} INFO - Filling up the DagBag from /home/airflow/.local/lib/python3.12/site-packages/airflow/example_dags/example_latest_only.py
[2024-07-24T18:16:11.556+0000] {processor.py:840} INFO - DAG(s) 'latest_only' retrieved from /home/airflow/.local/lib/python3.12/site-packages/airflow/example_dags/example_latest_only.py
[2024-07-24T18:16:11.578+0000] {logging_mixin.py:188} INFO - [2024-07-24T18:16:11.578+0000] {dag.py:3089} INFO - Sync 1 DAGs
[2024-07-24T18:16:11.608+0000] {logging_mixin.py:188} INFO - [2024-07-24T18:16:11.608+0000] {dag.py:3947} INFO - Setting next_dagrun for latest_only to 2024-07-24 12:00:00+00:00, run_after=2024-07-24 16:00:00+00:00
[2024-07-24T18:16:11.633+0000] {processor.py:183} INFO - Processing /home/airflow/.local/lib/python3.12/site-packages/airflow/example_dags/example_latest_only.py took 0.092 seconds
