[2024-07-24T18:05:58.982+0000] {processor.py:161} INFO - Started process (PID=62) to work on /home/airflow/.local/lib/python3.12/site-packages/airflow/example_dags/example_complex.py
[2024-07-24T18:05:58.983+0000] {processor.py:830} INFO - Processing file /home/airflow/.local/lib/python3.12/site-packages/airflow/example_dags/example_complex.py for tasks to queue
[2024-07-24T18:05:58.991+0000] {logging_mixin.py:188} INFO - [2024-07-24T18:05:58.990+0000] {dagbag.py:545} INFO - Filling up the DagBag from /home/airflow/.local/lib/python3.12/site-packages/airflow/example_dags/example_complex.py
[2024-07-24T18:05:59.043+0000] {processor.py:840} INFO - DAG(s) 'example_complex' retrieved from /home/airflow/.local/lib/python3.12/site-packages/airflow/example_dags/example_complex.py
[2024-07-24T18:05:59.588+0000] {logging_mixin.py:188} INFO - [2024-07-24T18:05:59.588+0000] {dag.py:3089} INFO - Sync 1 DAGs
[2024-07-24T18:05:59.629+0000] {logging_mixin.py:188} INFO - [2024-07-24T18:05:59.628+0000] {dag.py:3947} INFO - Setting next_dagrun for example_complex to None, run_after=None
[2024-07-24T18:05:59.694+0000] {processor.py:183} INFO - Processing /home/airflow/.local/lib/python3.12/site-packages/airflow/example_dags/example_complex.py took 0.747 seconds
[2024-07-24T18:06:30.062+0000] {processor.py:161} INFO - Started process (PID=120) to work on /home/airflow/.local/lib/python3.12/site-packages/airflow/example_dags/example_complex.py
[2024-07-24T18:06:30.065+0000] {processor.py:830} INFO - Processing file /home/airflow/.local/lib/python3.12/site-packages/airflow/example_dags/example_complex.py for tasks to queue
[2024-07-24T18:06:30.066+0000] {logging_mixin.py:188} INFO - [2024-07-24T18:06:30.066+0000] {dagbag.py:545} INFO - Filling up the DagBag from /home/airflow/.local/lib/python3.12/site-packages/airflow/example_dags/example_complex.py
[2024-07-24T18:06:30.076+0000] {processor.py:840} INFO - DAG(s) 'example_complex' retrieved from /home/airflow/.local/lib/python3.12/site-packages/airflow/example_dags/example_complex.py
[2024-07-24T18:06:30.110+0000] {logging_mixin.py:188} INFO - [2024-07-24T18:06:30.110+0000] {dag.py:3089} INFO - Sync 1 DAGs
[2024-07-24T18:06:30.122+0000] {logging_mixin.py:188} INFO - [2024-07-24T18:06:30.122+0000] {dag.py:3947} INFO - Setting next_dagrun for example_complex to None, run_after=None
[2024-07-24T18:06:30.156+0000] {processor.py:183} INFO - Processing /home/airflow/.local/lib/python3.12/site-packages/airflow/example_dags/example_complex.py took 0.099 seconds
[2024-07-24T18:07:00.389+0000] {processor.py:161} INFO - Started process (PID=178) to work on /home/airflow/.local/lib/python3.12/site-packages/airflow/example_dags/example_complex.py
[2024-07-24T18:07:00.394+0000] {processor.py:830} INFO - Processing file /home/airflow/.local/lib/python3.12/site-packages/airflow/example_dags/example_complex.py for tasks to queue
[2024-07-24T18:07:00.395+0000] {logging_mixin.py:188} INFO - [2024-07-24T18:07:00.395+0000] {dagbag.py:545} INFO - Filling up the DagBag from /home/airflow/.local/lib/python3.12/site-packages/airflow/example_dags/example_complex.py
[2024-07-24T18:07:00.405+0000] {processor.py:840} INFO - DAG(s) 'example_complex' retrieved from /home/airflow/.local/lib/python3.12/site-packages/airflow/example_dags/example_complex.py
[2024-07-24T18:07:00.440+0000] {logging_mixin.py:188} INFO - [2024-07-24T18:07:00.439+0000] {dag.py:3089} INFO - Sync 1 DAGs
[2024-07-24T18:07:00.452+0000] {logging_mixin.py:188} INFO - [2024-07-24T18:07:00.452+0000] {dag.py:3947} INFO - Setting next_dagrun for example_complex to None, run_after=None
[2024-07-24T18:07:00.476+0000] {processor.py:183} INFO - Processing /home/airflow/.local/lib/python3.12/site-packages/airflow/example_dags/example_complex.py took 0.094 seconds
[2024-07-24T18:07:30.538+0000] {processor.py:161} INFO - Started process (PID=236) to work on /home/airflow/.local/lib/python3.12/site-packages/airflow/example_dags/example_complex.py
[2024-07-24T18:07:30.538+0000] {processor.py:830} INFO - Processing file /home/airflow/.local/lib/python3.12/site-packages/airflow/example_dags/example_complex.py for tasks to queue
[2024-07-24T18:07:30.542+0000] {logging_mixin.py:188} INFO - [2024-07-24T18:07:30.539+0000] {dagbag.py:545} INFO - Filling up the DagBag from /home/airflow/.local/lib/python3.12/site-packages/airflow/example_dags/example_complex.py
[2024-07-24T18:07:30.551+0000] {processor.py:840} INFO - DAG(s) 'example_complex' retrieved from /home/airflow/.local/lib/python3.12/site-packages/airflow/example_dags/example_complex.py
[2024-07-24T18:07:30.586+0000] {logging_mixin.py:188} INFO - [2024-07-24T18:07:30.584+0000] {dag.py:3089} INFO - Sync 1 DAGs
[2024-07-24T18:07:30.599+0000] {logging_mixin.py:188} INFO - [2024-07-24T18:07:30.599+0000] {dag.py:3947} INFO - Setting next_dagrun for example_complex to None, run_after=None
[2024-07-24T18:07:30.618+0000] {processor.py:183} INFO - Processing /home/airflow/.local/lib/python3.12/site-packages/airflow/example_dags/example_complex.py took 0.086 seconds
[2024-07-24T18:08:00.857+0000] {processor.py:161} INFO - Started process (PID=293) to work on /home/airflow/.local/lib/python3.12/site-packages/airflow/example_dags/example_complex.py
[2024-07-24T18:08:00.860+0000] {processor.py:830} INFO - Processing file /home/airflow/.local/lib/python3.12/site-packages/airflow/example_dags/example_complex.py for tasks to queue
[2024-07-24T18:08:00.861+0000] {logging_mixin.py:188} INFO - [2024-07-24T18:08:00.861+0000] {dagbag.py:545} INFO - Filling up the DagBag from /home/airflow/.local/lib/python3.12/site-packages/airflow/example_dags/example_complex.py
[2024-07-24T18:08:00.873+0000] {processor.py:840} INFO - DAG(s) 'example_complex' retrieved from /home/airflow/.local/lib/python3.12/site-packages/airflow/example_dags/example_complex.py
[2024-07-24T18:08:00.909+0000] {logging_mixin.py:188} INFO - [2024-07-24T18:08:00.909+0000] {dag.py:3089} INFO - Sync 1 DAGs
[2024-07-24T18:08:00.920+0000] {logging_mixin.py:188} INFO - [2024-07-24T18:08:00.920+0000] {dag.py:3947} INFO - Setting next_dagrun for example_complex to None, run_after=None
[2024-07-24T18:08:00.949+0000] {processor.py:183} INFO - Processing /home/airflow/.local/lib/python3.12/site-packages/airflow/example_dags/example_complex.py took 0.099 seconds
[2024-07-24T18:08:31.321+0000] {processor.py:161} INFO - Started process (PID=351) to work on /home/airflow/.local/lib/python3.12/site-packages/airflow/example_dags/example_complex.py
[2024-07-24T18:08:31.326+0000] {processor.py:830} INFO - Processing file /home/airflow/.local/lib/python3.12/site-packages/airflow/example_dags/example_complex.py for tasks to queue
[2024-07-24T18:08:31.352+0000] {logging_mixin.py:188} INFO - [2024-07-24T18:08:31.352+0000] {dagbag.py:545} INFO - Filling up the DagBag from /home/airflow/.local/lib/python3.12/site-packages/airflow/example_dags/example_complex.py
[2024-07-24T18:08:31.394+0000] {processor.py:840} INFO - DAG(s) 'example_complex' retrieved from /home/airflow/.local/lib/python3.12/site-packages/airflow/example_dags/example_complex.py
[2024-07-24T18:08:31.547+0000] {logging_mixin.py:188} INFO - [2024-07-24T18:08:31.547+0000] {dag.py:3089} INFO - Sync 1 DAGs
[2024-07-24T18:08:31.599+0000] {logging_mixin.py:188} INFO - [2024-07-24T18:08:31.599+0000] {dag.py:3947} INFO - Setting next_dagrun for example_complex to None, run_after=None
[2024-07-24T18:08:31.647+0000] {processor.py:183} INFO - Processing /home/airflow/.local/lib/python3.12/site-packages/airflow/example_dags/example_complex.py took 0.350 seconds
[2024-07-24T18:09:02.614+0000] {processor.py:161} INFO - Started process (PID=409) to work on /home/airflow/.local/lib/python3.12/site-packages/airflow/example_dags/example_complex.py
[2024-07-24T18:09:02.615+0000] {processor.py:830} INFO - Processing file /home/airflow/.local/lib/python3.12/site-packages/airflow/example_dags/example_complex.py for tasks to queue
[2024-07-24T18:09:02.617+0000] {logging_mixin.py:188} INFO - [2024-07-24T18:09:02.616+0000] {dagbag.py:545} INFO - Filling up the DagBag from /home/airflow/.local/lib/python3.12/site-packages/airflow/example_dags/example_complex.py
[2024-07-24T18:09:02.628+0000] {processor.py:840} INFO - DAG(s) 'example_complex' retrieved from /home/airflow/.local/lib/python3.12/site-packages/airflow/example_dags/example_complex.py
[2024-07-24T18:09:02.660+0000] {logging_mixin.py:188} INFO - [2024-07-24T18:09:02.660+0000] {dag.py:3089} INFO - Sync 1 DAGs
[2024-07-24T18:09:02.672+0000] {logging_mixin.py:188} INFO - [2024-07-24T18:09:02.672+0000] {dag.py:3947} INFO - Setting next_dagrun for example_complex to None, run_after=None
[2024-07-24T18:09:02.694+0000] {processor.py:183} INFO - Processing /home/airflow/.local/lib/python3.12/site-packages/airflow/example_dags/example_complex.py took 0.088 seconds
[2024-07-24T18:09:32.723+0000] {processor.py:161} INFO - Started process (PID=467) to work on /home/airflow/.local/lib/python3.12/site-packages/airflow/example_dags/example_complex.py
[2024-07-24T18:09:32.724+0000] {processor.py:830} INFO - Processing file /home/airflow/.local/lib/python3.12/site-packages/airflow/example_dags/example_complex.py for tasks to queue
[2024-07-24T18:09:32.728+0000] {logging_mixin.py:188} INFO - [2024-07-24T18:09:32.727+0000] {dagbag.py:545} INFO - Filling up the DagBag from /home/airflow/.local/lib/python3.12/site-packages/airflow/example_dags/example_complex.py
[2024-07-24T18:09:32.738+0000] {processor.py:840} INFO - DAG(s) 'example_complex' retrieved from /home/airflow/.local/lib/python3.12/site-packages/airflow/example_dags/example_complex.py
[2024-07-24T18:09:32.775+0000] {logging_mixin.py:188} INFO - [2024-07-24T18:09:32.775+0000] {dag.py:3089} INFO - Sync 1 DAGs
[2024-07-24T18:09:32.789+0000] {logging_mixin.py:188} INFO - [2024-07-24T18:09:32.789+0000] {dag.py:3947} INFO - Setting next_dagrun for example_complex to None, run_after=None
[2024-07-24T18:09:32.809+0000] {processor.py:183} INFO - Processing /home/airflow/.local/lib/python3.12/site-packages/airflow/example_dags/example_complex.py took 0.091 seconds
[2024-07-24T18:10:02.913+0000] {processor.py:161} INFO - Started process (PID=525) to work on /home/airflow/.local/lib/python3.12/site-packages/airflow/example_dags/example_complex.py
[2024-07-24T18:10:02.915+0000] {processor.py:830} INFO - Processing file /home/airflow/.local/lib/python3.12/site-packages/airflow/example_dags/example_complex.py for tasks to queue
[2024-07-24T18:10:02.917+0000] {logging_mixin.py:188} INFO - [2024-07-24T18:10:02.916+0000] {dagbag.py:545} INFO - Filling up the DagBag from /home/airflow/.local/lib/python3.12/site-packages/airflow/example_dags/example_complex.py
[2024-07-24T18:10:02.927+0000] {processor.py:840} INFO - DAG(s) 'example_complex' retrieved from /home/airflow/.local/lib/python3.12/site-packages/airflow/example_dags/example_complex.py
[2024-07-24T18:10:02.962+0000] {logging_mixin.py:188} INFO - [2024-07-24T18:10:02.962+0000] {dag.py:3089} INFO - Sync 1 DAGs
[2024-07-24T18:10:02.978+0000] {logging_mixin.py:188} INFO - [2024-07-24T18:10:02.978+0000] {dag.py:3947} INFO - Setting next_dagrun for example_complex to None, run_after=None
[2024-07-24T18:10:02.995+0000] {processor.py:183} INFO - Processing /home/airflow/.local/lib/python3.12/site-packages/airflow/example_dags/example_complex.py took 0.090 seconds
[2024-07-24T18:10:33.368+0000] {processor.py:161} INFO - Started process (PID=583) to work on /home/airflow/.local/lib/python3.12/site-packages/airflow/example_dags/example_complex.py
[2024-07-24T18:10:33.368+0000] {processor.py:830} INFO - Processing file /home/airflow/.local/lib/python3.12/site-packages/airflow/example_dags/example_complex.py for tasks to queue
[2024-07-24T18:10:33.370+0000] {logging_mixin.py:188} INFO - [2024-07-24T18:10:33.370+0000] {dagbag.py:545} INFO - Filling up the DagBag from /home/airflow/.local/lib/python3.12/site-packages/airflow/example_dags/example_complex.py
[2024-07-24T18:10:33.381+0000] {processor.py:840} INFO - DAG(s) 'example_complex' retrieved from /home/airflow/.local/lib/python3.12/site-packages/airflow/example_dags/example_complex.py
[2024-07-24T18:10:33.414+0000] {logging_mixin.py:188} INFO - [2024-07-24T18:10:33.414+0000] {dag.py:3089} INFO - Sync 1 DAGs
[2024-07-24T18:10:33.426+0000] {logging_mixin.py:188} INFO - [2024-07-24T18:10:33.426+0000] {dag.py:3947} INFO - Setting next_dagrun for example_complex to None, run_after=None
[2024-07-24T18:10:33.450+0000] {processor.py:183} INFO - Processing /home/airflow/.local/lib/python3.12/site-packages/airflow/example_dags/example_complex.py took 0.103 seconds
[2024-07-24T18:11:03.942+0000] {processor.py:161} INFO - Started process (PID=640) to work on /home/airflow/.local/lib/python3.12/site-packages/airflow/example_dags/example_complex.py
[2024-07-24T18:11:03.944+0000] {processor.py:830} INFO - Processing file /home/airflow/.local/lib/python3.12/site-packages/airflow/example_dags/example_complex.py for tasks to queue
[2024-07-24T18:11:03.945+0000] {logging_mixin.py:188} INFO - [2024-07-24T18:11:03.945+0000] {dagbag.py:545} INFO - Filling up the DagBag from /home/airflow/.local/lib/python3.12/site-packages/airflow/example_dags/example_complex.py
[2024-07-24T18:11:03.954+0000] {processor.py:840} INFO - DAG(s) 'example_complex' retrieved from /home/airflow/.local/lib/python3.12/site-packages/airflow/example_dags/example_complex.py
[2024-07-24T18:11:03.990+0000] {logging_mixin.py:188} INFO - [2024-07-24T18:11:03.990+0000] {dag.py:3089} INFO - Sync 1 DAGs
[2024-07-24T18:11:04.003+0000] {logging_mixin.py:188} INFO - [2024-07-24T18:11:04.003+0000] {dag.py:3947} INFO - Setting next_dagrun for example_complex to None, run_after=None
[2024-07-24T18:11:04.021+0000] {processor.py:183} INFO - Processing /home/airflow/.local/lib/python3.12/site-packages/airflow/example_dags/example_complex.py took 0.086 seconds
[2024-07-24T18:11:34.371+0000] {processor.py:161} INFO - Started process (PID=698) to work on /home/airflow/.local/lib/python3.12/site-packages/airflow/example_dags/example_complex.py
[2024-07-24T18:11:34.372+0000] {processor.py:830} INFO - Processing file /home/airflow/.local/lib/python3.12/site-packages/airflow/example_dags/example_complex.py for tasks to queue
[2024-07-24T18:11:34.373+0000] {logging_mixin.py:188} INFO - [2024-07-24T18:11:34.373+0000] {dagbag.py:545} INFO - Filling up the DagBag from /home/airflow/.local/lib/python3.12/site-packages/airflow/example_dags/example_complex.py
[2024-07-24T18:11:34.384+0000] {processor.py:840} INFO - DAG(s) 'example_complex' retrieved from /home/airflow/.local/lib/python3.12/site-packages/airflow/example_dags/example_complex.py
[2024-07-24T18:11:34.433+0000] {logging_mixin.py:188} INFO - [2024-07-24T18:11:34.433+0000] {dag.py:3089} INFO - Sync 1 DAGs
[2024-07-24T18:11:34.447+0000] {logging_mixin.py:188} INFO - [2024-07-24T18:11:34.447+0000] {dag.py:3947} INFO - Setting next_dagrun for example_complex to None, run_after=None
[2024-07-24T18:11:34.471+0000] {processor.py:183} INFO - Processing /home/airflow/.local/lib/python3.12/site-packages/airflow/example_dags/example_complex.py took 0.107 seconds
[2024-07-24T18:12:04.707+0000] {processor.py:161} INFO - Started process (PID=756) to work on /home/airflow/.local/lib/python3.12/site-packages/airflow/example_dags/example_complex.py
[2024-07-24T18:12:04.709+0000] {processor.py:830} INFO - Processing file /home/airflow/.local/lib/python3.12/site-packages/airflow/example_dags/example_complex.py for tasks to queue
[2024-07-24T18:12:04.710+0000] {logging_mixin.py:188} INFO - [2024-07-24T18:12:04.710+0000] {dagbag.py:545} INFO - Filling up the DagBag from /home/airflow/.local/lib/python3.12/site-packages/airflow/example_dags/example_complex.py
[2024-07-24T18:12:04.722+0000] {processor.py:840} INFO - DAG(s) 'example_complex' retrieved from /home/airflow/.local/lib/python3.12/site-packages/airflow/example_dags/example_complex.py
[2024-07-24T18:12:04.757+0000] {logging_mixin.py:188} INFO - [2024-07-24T18:12:04.757+0000] {dag.py:3089} INFO - Sync 1 DAGs
[2024-07-24T18:12:04.768+0000] {logging_mixin.py:188} INFO - [2024-07-24T18:12:04.768+0000] {dag.py:3947} INFO - Setting next_dagrun for example_complex to None, run_after=None
[2024-07-24T18:12:04.786+0000] {processor.py:183} INFO - Processing /home/airflow/.local/lib/python3.12/site-packages/airflow/example_dags/example_complex.py took 0.089 seconds
[2024-07-24T18:12:34.826+0000] {processor.py:161} INFO - Started process (PID=814) to work on /home/airflow/.local/lib/python3.12/site-packages/airflow/example_dags/example_complex.py
[2024-07-24T18:12:34.826+0000] {processor.py:830} INFO - Processing file /home/airflow/.local/lib/python3.12/site-packages/airflow/example_dags/example_complex.py for tasks to queue
[2024-07-24T18:12:34.828+0000] {logging_mixin.py:188} INFO - [2024-07-24T18:12:34.827+0000] {dagbag.py:545} INFO - Filling up the DagBag from /home/airflow/.local/lib/python3.12/site-packages/airflow/example_dags/example_complex.py
[2024-07-24T18:12:34.838+0000] {processor.py:840} INFO - DAG(s) 'example_complex' retrieved from /home/airflow/.local/lib/python3.12/site-packages/airflow/example_dags/example_complex.py
[2024-07-24T18:12:34.873+0000] {logging_mixin.py:188} INFO - [2024-07-24T18:12:34.872+0000] {dag.py:3089} INFO - Sync 1 DAGs
[2024-07-24T18:12:34.887+0000] {logging_mixin.py:188} INFO - [2024-07-24T18:12:34.887+0000] {dag.py:3947} INFO - Setting next_dagrun for example_complex to None, run_after=None
[2024-07-24T18:12:34.908+0000] {processor.py:183} INFO - Processing /home/airflow/.local/lib/python3.12/site-packages/airflow/example_dags/example_complex.py took 0.088 seconds
[2024-07-24T18:13:05.770+0000] {processor.py:161} INFO - Started process (PID=872) to work on /home/airflow/.local/lib/python3.12/site-packages/airflow/example_dags/example_complex.py
[2024-07-24T18:13:05.771+0000] {processor.py:830} INFO - Processing file /home/airflow/.local/lib/python3.12/site-packages/airflow/example_dags/example_complex.py for tasks to queue
[2024-07-24T18:13:05.774+0000] {logging_mixin.py:188} INFO - [2024-07-24T18:13:05.774+0000] {dagbag.py:545} INFO - Filling up the DagBag from /home/airflow/.local/lib/python3.12/site-packages/airflow/example_dags/example_complex.py
[2024-07-24T18:13:05.785+0000] {processor.py:840} INFO - DAG(s) 'example_complex' retrieved from /home/airflow/.local/lib/python3.12/site-packages/airflow/example_dags/example_complex.py
[2024-07-24T18:13:05.821+0000] {logging_mixin.py:188} INFO - [2024-07-24T18:13:05.820+0000] {dag.py:3089} INFO - Sync 1 DAGs
[2024-07-24T18:13:05.839+0000] {logging_mixin.py:188} INFO - [2024-07-24T18:13:05.839+0000] {dag.py:3947} INFO - Setting next_dagrun for example_complex to None, run_after=None
[2024-07-24T18:13:05.859+0000] {processor.py:183} INFO - Processing /home/airflow/.local/lib/python3.12/site-packages/airflow/example_dags/example_complex.py took 0.095 seconds
[2024-07-24T18:13:36.655+0000] {processor.py:161} INFO - Started process (PID=930) to work on /home/airflow/.local/lib/python3.12/site-packages/airflow/example_dags/example_complex.py
[2024-07-24T18:13:36.663+0000] {processor.py:830} INFO - Processing file /home/airflow/.local/lib/python3.12/site-packages/airflow/example_dags/example_complex.py for tasks to queue
[2024-07-24T18:13:36.666+0000] {logging_mixin.py:188} INFO - [2024-07-24T18:13:36.664+0000] {dagbag.py:545} INFO - Filling up the DagBag from /home/airflow/.local/lib/python3.12/site-packages/airflow/example_dags/example_complex.py
[2024-07-24T18:13:36.710+0000] {processor.py:840} INFO - DAG(s) 'example_complex' retrieved from /home/airflow/.local/lib/python3.12/site-packages/airflow/example_dags/example_complex.py
[2024-07-24T18:13:36.861+0000] {logging_mixin.py:188} INFO - [2024-07-24T18:13:36.861+0000] {dag.py:3089} INFO - Sync 1 DAGs
[2024-07-24T18:13:36.902+0000] {logging_mixin.py:188} INFO - [2024-07-24T18:13:36.901+0000] {dag.py:3947} INFO - Setting next_dagrun for example_complex to None, run_after=None
[2024-07-24T18:13:36.960+0000] {processor.py:183} INFO - Processing /home/airflow/.local/lib/python3.12/site-packages/airflow/example_dags/example_complex.py took 0.359 seconds
[2024-07-24T18:14:07.801+0000] {processor.py:161} INFO - Started process (PID=988) to work on /home/airflow/.local/lib/python3.12/site-packages/airflow/example_dags/example_complex.py
[2024-07-24T18:14:07.803+0000] {processor.py:830} INFO - Processing file /home/airflow/.local/lib/python3.12/site-packages/airflow/example_dags/example_complex.py for tasks to queue
[2024-07-24T18:14:07.817+0000] {logging_mixin.py:188} INFO - [2024-07-24T18:14:07.809+0000] {dagbag.py:545} INFO - Filling up the DagBag from /home/airflow/.local/lib/python3.12/site-packages/airflow/example_dags/example_complex.py
[2024-07-24T18:14:07.866+0000] {processor.py:840} INFO - DAG(s) 'example_complex' retrieved from /home/airflow/.local/lib/python3.12/site-packages/airflow/example_dags/example_complex.py
[2024-07-24T18:14:07.997+0000] {logging_mixin.py:188} INFO - [2024-07-24T18:14:07.997+0000] {dag.py:3089} INFO - Sync 1 DAGs
[2024-07-24T18:14:08.056+0000] {logging_mixin.py:188} INFO - [2024-07-24T18:14:08.056+0000] {dag.py:3947} INFO - Setting next_dagrun for example_complex to None, run_after=None
[2024-07-24T18:14:08.123+0000] {processor.py:183} INFO - Processing /home/airflow/.local/lib/python3.12/site-packages/airflow/example_dags/example_complex.py took 0.347 seconds
[2024-07-24T18:14:38.363+0000] {processor.py:161} INFO - Started process (PID=1045) to work on /home/airflow/.local/lib/python3.12/site-packages/airflow/example_dags/example_complex.py
[2024-07-24T18:14:38.364+0000] {processor.py:830} INFO - Processing file /home/airflow/.local/lib/python3.12/site-packages/airflow/example_dags/example_complex.py for tasks to queue
[2024-07-24T18:14:38.368+0000] {logging_mixin.py:188} INFO - [2024-07-24T18:14:38.367+0000] {dagbag.py:545} INFO - Filling up the DagBag from /home/airflow/.local/lib/python3.12/site-packages/airflow/example_dags/example_complex.py
[2024-07-24T18:14:38.377+0000] {processor.py:840} INFO - DAG(s) 'example_complex' retrieved from /home/airflow/.local/lib/python3.12/site-packages/airflow/example_dags/example_complex.py
[2024-07-24T18:14:38.413+0000] {logging_mixin.py:188} INFO - [2024-07-24T18:14:38.412+0000] {dag.py:3089} INFO - Sync 1 DAGs
[2024-07-24T18:14:38.426+0000] {logging_mixin.py:188} INFO - [2024-07-24T18:14:38.425+0000] {dag.py:3947} INFO - Setting next_dagrun for example_complex to None, run_after=None
[2024-07-24T18:14:38.450+0000] {processor.py:183} INFO - Processing /home/airflow/.local/lib/python3.12/site-packages/airflow/example_dags/example_complex.py took 0.091 seconds
[2024-07-24T18:15:08.988+0000] {processor.py:161} INFO - Started process (PID=1103) to work on /home/airflow/.local/lib/python3.12/site-packages/airflow/example_dags/example_complex.py
[2024-07-24T18:15:08.990+0000] {processor.py:830} INFO - Processing file /home/airflow/.local/lib/python3.12/site-packages/airflow/example_dags/example_complex.py for tasks to queue
[2024-07-24T18:15:08.992+0000] {logging_mixin.py:188} INFO - [2024-07-24T18:15:08.992+0000] {dagbag.py:545} INFO - Filling up the DagBag from /home/airflow/.local/lib/python3.12/site-packages/airflow/example_dags/example_complex.py
[2024-07-24T18:15:09.004+0000] {processor.py:840} INFO - DAG(s) 'example_complex' retrieved from /home/airflow/.local/lib/python3.12/site-packages/airflow/example_dags/example_complex.py
[2024-07-24T18:15:09.040+0000] {logging_mixin.py:188} INFO - [2024-07-24T18:15:09.040+0000] {dag.py:3089} INFO - Sync 1 DAGs
[2024-07-24T18:15:09.053+0000] {logging_mixin.py:188} INFO - [2024-07-24T18:15:09.053+0000] {dag.py:3947} INFO - Setting next_dagrun for example_complex to None, run_after=None
[2024-07-24T18:15:09.074+0000] {processor.py:183} INFO - Processing /home/airflow/.local/lib/python3.12/site-packages/airflow/example_dags/example_complex.py took 0.092 seconds
[2024-07-24T18:15:39.616+0000] {processor.py:161} INFO - Started process (PID=1161) to work on /home/airflow/.local/lib/python3.12/site-packages/airflow/example_dags/example_complex.py
[2024-07-24T18:15:39.617+0000] {processor.py:830} INFO - Processing file /home/airflow/.local/lib/python3.12/site-packages/airflow/example_dags/example_complex.py for tasks to queue
[2024-07-24T18:15:39.620+0000] {logging_mixin.py:188} INFO - [2024-07-24T18:15:39.618+0000] {dagbag.py:545} INFO - Filling up the DagBag from /home/airflow/.local/lib/python3.12/site-packages/airflow/example_dags/example_complex.py
[2024-07-24T18:15:39.631+0000] {processor.py:840} INFO - DAG(s) 'example_complex' retrieved from /home/airflow/.local/lib/python3.12/site-packages/airflow/example_dags/example_complex.py
[2024-07-24T18:15:39.683+0000] {logging_mixin.py:188} INFO - [2024-07-24T18:15:39.680+0000] {dag.py:3089} INFO - Sync 1 DAGs
[2024-07-24T18:15:39.697+0000] {logging_mixin.py:188} INFO - [2024-07-24T18:15:39.697+0000] {dag.py:3947} INFO - Setting next_dagrun for example_complex to None, run_after=None
[2024-07-24T18:15:39.724+0000] {processor.py:183} INFO - Processing /home/airflow/.local/lib/python3.12/site-packages/airflow/example_dags/example_complex.py took 0.113 seconds
[2024-07-24T18:16:10.212+0000] {processor.py:161} INFO - Started process (PID=1218) to work on /home/airflow/.local/lib/python3.12/site-packages/airflow/example_dags/example_complex.py
[2024-07-24T18:16:10.215+0000] {processor.py:830} INFO - Processing file /home/airflow/.local/lib/python3.12/site-packages/airflow/example_dags/example_complex.py for tasks to queue
[2024-07-24T18:16:10.217+0000] {logging_mixin.py:188} INFO - [2024-07-24T18:16:10.217+0000] {dagbag.py:545} INFO - Filling up the DagBag from /home/airflow/.local/lib/python3.12/site-packages/airflow/example_dags/example_complex.py
[2024-07-24T18:16:10.231+0000] {processor.py:840} INFO - DAG(s) 'example_complex' retrieved from /home/airflow/.local/lib/python3.12/site-packages/airflow/example_dags/example_complex.py
[2024-07-24T18:16:10.266+0000] {logging_mixin.py:188} INFO - [2024-07-24T18:16:10.266+0000] {dag.py:3089} INFO - Sync 1 DAGs
[2024-07-24T18:16:10.278+0000] {logging_mixin.py:188} INFO - [2024-07-24T18:16:10.278+0000] {dag.py:3947} INFO - Setting next_dagrun for example_complex to None, run_after=None
[2024-07-24T18:16:10.296+0000] {processor.py:183} INFO - Processing /home/airflow/.local/lib/python3.12/site-packages/airflow/example_dags/example_complex.py took 0.091 seconds
