[2024-07-24T18:06:04.353+0000] {processor.py:161} INFO - Started process (PID=77) to work on /home/airflow/.local/lib/python3.12/site-packages/airflow/example_dags/example_bash_operator.py
[2024-07-24T18:06:04.353+0000] {processor.py:830} INFO - Processing file /home/airflow/.local/lib/python3.12/site-packages/airflow/example_dags/example_bash_operator.py for tasks to queue
[2024-07-24T18:06:04.359+0000] {logging_mixin.py:188} INFO - [2024-07-24T18:06:04.359+0000] {dagbag.py:545} INFO - Filling up the DagBag from /home/airflow/.local/lib/python3.12/site-packages/airflow/example_dags/example_bash_operator.py
[2024-07-24T18:06:04.389+0000] {processor.py:840} INFO - DAG(s) 'example_bash_operator' retrieved from /home/airflow/.local/lib/python3.12/site-packages/airflow/example_dags/example_bash_operator.py
[2024-07-24T18:06:04.785+0000] {logging_mixin.py:188} INFO - [2024-07-24T18:06:04.779+0000] {dag.py:3089} INFO - Sync 1 DAGs
[2024-07-24T18:06:04.862+0000] {logging_mixin.py:188} INFO - [2024-07-24T18:06:04.858+0000] {dag.py:3947} INFO - Setting next_dagrun for example_bash_operator to 2024-07-23 00:00:00+00:00, run_after=2024-07-24 00:00:00+00:00
[2024-07-24T18:06:04.913+0000] {processor.py:183} INFO - Processing /home/airflow/.local/lib/python3.12/site-packages/airflow/example_dags/example_bash_operator.py took 0.570 seconds
[2024-07-24T18:06:35.792+0000] {processor.py:161} INFO - Started process (PID=135) to work on /home/airflow/.local/lib/python3.12/site-packages/airflow/example_dags/example_bash_operator.py
[2024-07-24T18:06:35.797+0000] {processor.py:830} INFO - Processing file /home/airflow/.local/lib/python3.12/site-packages/airflow/example_dags/example_bash_operator.py for tasks to queue
[2024-07-24T18:06:35.799+0000] {logging_mixin.py:188} INFO - [2024-07-24T18:06:35.798+0000] {dagbag.py:545} INFO - Filling up the DagBag from /home/airflow/.local/lib/python3.12/site-packages/airflow/example_dags/example_bash_operator.py
[2024-07-24T18:06:35.810+0000] {processor.py:840} INFO - DAG(s) 'example_bash_operator' retrieved from /home/airflow/.local/lib/python3.12/site-packages/airflow/example_dags/example_bash_operator.py
[2024-07-24T18:06:35.837+0000] {logging_mixin.py:188} INFO - [2024-07-24T18:06:35.837+0000] {dag.py:3089} INFO - Sync 1 DAGs
[2024-07-24T18:06:35.861+0000] {logging_mixin.py:188} INFO - [2024-07-24T18:06:35.861+0000] {dag.py:3947} INFO - Setting next_dagrun for example_bash_operator to 2024-07-23 00:00:00+00:00, run_after=2024-07-24 00:00:00+00:00
[2024-07-24T18:06:35.884+0000] {processor.py:183} INFO - Processing /home/airflow/.local/lib/python3.12/site-packages/airflow/example_dags/example_bash_operator.py took 0.097 seconds
[2024-07-24T18:07:06.131+0000] {processor.py:161} INFO - Started process (PID=193) to work on /home/airflow/.local/lib/python3.12/site-packages/airflow/example_dags/example_bash_operator.py
[2024-07-24T18:07:06.135+0000] {processor.py:830} INFO - Processing file /home/airflow/.local/lib/python3.12/site-packages/airflow/example_dags/example_bash_operator.py for tasks to queue
[2024-07-24T18:07:06.137+0000] {logging_mixin.py:188} INFO - [2024-07-24T18:07:06.136+0000] {dagbag.py:545} INFO - Filling up the DagBag from /home/airflow/.local/lib/python3.12/site-packages/airflow/example_dags/example_bash_operator.py
[2024-07-24T18:07:06.148+0000] {processor.py:840} INFO - DAG(s) 'example_bash_operator' retrieved from /home/airflow/.local/lib/python3.12/site-packages/airflow/example_dags/example_bash_operator.py
[2024-07-24T18:07:06.180+0000] {logging_mixin.py:188} INFO - [2024-07-24T18:07:06.179+0000] {dag.py:3089} INFO - Sync 1 DAGs
[2024-07-24T18:07:06.202+0000] {logging_mixin.py:188} INFO - [2024-07-24T18:07:06.202+0000] {dag.py:3947} INFO - Setting next_dagrun for example_bash_operator to 2024-07-23 00:00:00+00:00, run_after=2024-07-24 00:00:00+00:00
[2024-07-24T18:07:06.232+0000] {processor.py:183} INFO - Processing /home/airflow/.local/lib/python3.12/site-packages/airflow/example_dags/example_bash_operator.py took 0.106 seconds
[2024-07-24T18:07:36.333+0000] {processor.py:161} INFO - Started process (PID=252) to work on /home/airflow/.local/lib/python3.12/site-packages/airflow/example_dags/example_bash_operator.py
[2024-07-24T18:07:36.334+0000] {processor.py:830} INFO - Processing file /home/airflow/.local/lib/python3.12/site-packages/airflow/example_dags/example_bash_operator.py for tasks to queue
[2024-07-24T18:07:36.335+0000] {logging_mixin.py:188} INFO - [2024-07-24T18:07:36.335+0000] {dagbag.py:545} INFO - Filling up the DagBag from /home/airflow/.local/lib/python3.12/site-packages/airflow/example_dags/example_bash_operator.py
[2024-07-24T18:07:36.348+0000] {processor.py:840} INFO - DAG(s) 'example_bash_operator' retrieved from /home/airflow/.local/lib/python3.12/site-packages/airflow/example_dags/example_bash_operator.py
[2024-07-24T18:07:36.376+0000] {logging_mixin.py:188} INFO - [2024-07-24T18:07:36.376+0000] {dag.py:3089} INFO - Sync 1 DAGs
[2024-07-24T18:07:36.400+0000] {logging_mixin.py:188} INFO - [2024-07-24T18:07:36.400+0000] {dag.py:3947} INFO - Setting next_dagrun for example_bash_operator to 2024-07-23 00:00:00+00:00, run_after=2024-07-24 00:00:00+00:00
[2024-07-24T18:07:36.422+0000] {processor.py:183} INFO - Processing /home/airflow/.local/lib/python3.12/site-packages/airflow/example_dags/example_bash_operator.py took 0.094 seconds
[2024-07-24T18:08:06.634+0000] {processor.py:161} INFO - Started process (PID=308) to work on /home/airflow/.local/lib/python3.12/site-packages/airflow/example_dags/example_bash_operator.py
[2024-07-24T18:08:06.636+0000] {processor.py:830} INFO - Processing file /home/airflow/.local/lib/python3.12/site-packages/airflow/example_dags/example_bash_operator.py for tasks to queue
[2024-07-24T18:08:06.638+0000] {logging_mixin.py:188} INFO - [2024-07-24T18:08:06.637+0000] {dagbag.py:545} INFO - Filling up the DagBag from /home/airflow/.local/lib/python3.12/site-packages/airflow/example_dags/example_bash_operator.py
[2024-07-24T18:08:06.648+0000] {processor.py:840} INFO - DAG(s) 'example_bash_operator' retrieved from /home/airflow/.local/lib/python3.12/site-packages/airflow/example_dags/example_bash_operator.py
[2024-07-24T18:08:06.682+0000] {logging_mixin.py:188} INFO - [2024-07-24T18:08:06.682+0000] {dag.py:3089} INFO - Sync 1 DAGs
[2024-07-24T18:08:06.708+0000] {logging_mixin.py:188} INFO - [2024-07-24T18:08:06.708+0000] {dag.py:3947} INFO - Setting next_dagrun for example_bash_operator to 2024-07-23 00:00:00+00:00, run_after=2024-07-24 00:00:00+00:00
[2024-07-24T18:08:06.734+0000] {processor.py:183} INFO - Processing /home/airflow/.local/lib/python3.12/site-packages/airflow/example_dags/example_bash_operator.py took 0.108 seconds
[2024-07-24T18:08:36.956+0000] {processor.py:161} INFO - Started process (PID=366) to work on /home/airflow/.local/lib/python3.12/site-packages/airflow/example_dags/example_bash_operator.py
[2024-07-24T18:08:36.957+0000] {processor.py:830} INFO - Processing file /home/airflow/.local/lib/python3.12/site-packages/airflow/example_dags/example_bash_operator.py for tasks to queue
[2024-07-24T18:08:36.958+0000] {logging_mixin.py:188} INFO - [2024-07-24T18:08:36.958+0000] {dagbag.py:545} INFO - Filling up the DagBag from /home/airflow/.local/lib/python3.12/site-packages/airflow/example_dags/example_bash_operator.py
[2024-07-24T18:08:36.972+0000] {processor.py:840} INFO - DAG(s) 'example_bash_operator' retrieved from /home/airflow/.local/lib/python3.12/site-packages/airflow/example_dags/example_bash_operator.py
[2024-07-24T18:08:37.004+0000] {logging_mixin.py:188} INFO - [2024-07-24T18:08:37.003+0000] {dag.py:3089} INFO - Sync 1 DAGs
[2024-07-24T18:08:37.028+0000] {logging_mixin.py:188} INFO - [2024-07-24T18:08:37.027+0000] {dag.py:3947} INFO - Setting next_dagrun for example_bash_operator to 2024-07-23 00:00:00+00:00, run_after=2024-07-24 00:00:00+00:00
[2024-07-24T18:08:37.054+0000] {processor.py:183} INFO - Processing /home/airflow/.local/lib/python3.12/site-packages/airflow/example_dags/example_bash_operator.py took 0.103 seconds
[2024-07-24T18:09:07.890+0000] {processor.py:161} INFO - Started process (PID=424) to work on /home/airflow/.local/lib/python3.12/site-packages/airflow/example_dags/example_bash_operator.py
[2024-07-24T18:09:07.897+0000] {processor.py:830} INFO - Processing file /home/airflow/.local/lib/python3.12/site-packages/airflow/example_dags/example_bash_operator.py for tasks to queue
[2024-07-24T18:09:07.906+0000] {logging_mixin.py:188} INFO - [2024-07-24T18:09:07.899+0000] {dagbag.py:545} INFO - Filling up the DagBag from /home/airflow/.local/lib/python3.12/site-packages/airflow/example_dags/example_bash_operator.py
[2024-07-24T18:09:07.951+0000] {processor.py:840} INFO - DAG(s) 'example_bash_operator' retrieved from /home/airflow/.local/lib/python3.12/site-packages/airflow/example_dags/example_bash_operator.py
[2024-07-24T18:09:08.080+0000] {logging_mixin.py:188} INFO - [2024-07-24T18:09:08.079+0000] {dag.py:3089} INFO - Sync 1 DAGs
[2024-07-24T18:09:08.135+0000] {logging_mixin.py:188} INFO - [2024-07-24T18:09:08.135+0000] {dag.py:3947} INFO - Setting next_dagrun for example_bash_operator to 2024-07-23 00:00:00+00:00, run_after=2024-07-24 00:00:00+00:00
[2024-07-24T18:09:08.189+0000] {processor.py:183} INFO - Processing /home/airflow/.local/lib/python3.12/site-packages/airflow/example_dags/example_bash_operator.py took 0.320 seconds
[2024-07-24T18:09:38.643+0000] {processor.py:161} INFO - Started process (PID=482) to work on /home/airflow/.local/lib/python3.12/site-packages/airflow/example_dags/example_bash_operator.py
[2024-07-24T18:09:38.643+0000] {processor.py:830} INFO - Processing file /home/airflow/.local/lib/python3.12/site-packages/airflow/example_dags/example_bash_operator.py for tasks to queue
[2024-07-24T18:09:38.644+0000] {logging_mixin.py:188} INFO - [2024-07-24T18:09:38.644+0000] {dagbag.py:545} INFO - Filling up the DagBag from /home/airflow/.local/lib/python3.12/site-packages/airflow/example_dags/example_bash_operator.py
[2024-07-24T18:09:38.657+0000] {processor.py:840} INFO - DAG(s) 'example_bash_operator' retrieved from /home/airflow/.local/lib/python3.12/site-packages/airflow/example_dags/example_bash_operator.py
[2024-07-24T18:09:38.685+0000] {logging_mixin.py:188} INFO - [2024-07-24T18:09:38.685+0000] {dag.py:3089} INFO - Sync 1 DAGs
[2024-07-24T18:09:38.712+0000] {logging_mixin.py:188} INFO - [2024-07-24T18:09:38.712+0000] {dag.py:3947} INFO - Setting next_dagrun for example_bash_operator to 2024-07-23 00:00:00+00:00, run_after=2024-07-24 00:00:00+00:00
[2024-07-24T18:09:38.731+0000] {processor.py:183} INFO - Processing /home/airflow/.local/lib/python3.12/site-packages/airflow/example_dags/example_bash_operator.py took 0.094 seconds
[2024-07-24T18:10:08.811+0000] {processor.py:161} INFO - Started process (PID=539) to work on /home/airflow/.local/lib/python3.12/site-packages/airflow/example_dags/example_bash_operator.py
[2024-07-24T18:10:08.813+0000] {processor.py:830} INFO - Processing file /home/airflow/.local/lib/python3.12/site-packages/airflow/example_dags/example_bash_operator.py for tasks to queue
[2024-07-24T18:10:08.815+0000] {logging_mixin.py:188} INFO - [2024-07-24T18:10:08.814+0000] {dagbag.py:545} INFO - Filling up the DagBag from /home/airflow/.local/lib/python3.12/site-packages/airflow/example_dags/example_bash_operator.py
[2024-07-24T18:10:08.826+0000] {processor.py:840} INFO - DAG(s) 'example_bash_operator' retrieved from /home/airflow/.local/lib/python3.12/site-packages/airflow/example_dags/example_bash_operator.py
[2024-07-24T18:10:08.855+0000] {logging_mixin.py:188} INFO - [2024-07-24T18:10:08.855+0000] {dag.py:3089} INFO - Sync 1 DAGs
[2024-07-24T18:10:08.880+0000] {logging_mixin.py:188} INFO - [2024-07-24T18:10:08.880+0000] {dag.py:3947} INFO - Setting next_dagrun for example_bash_operator to 2024-07-23 00:00:00+00:00, run_after=2024-07-24 00:00:00+00:00
[2024-07-24T18:10:08.900+0000] {processor.py:183} INFO - Processing /home/airflow/.local/lib/python3.12/site-packages/airflow/example_dags/example_bash_operator.py took 0.107 seconds
[2024-07-24T18:10:39.187+0000] {processor.py:161} INFO - Started process (PID=598) to work on /home/airflow/.local/lib/python3.12/site-packages/airflow/example_dags/example_bash_operator.py
[2024-07-24T18:10:39.188+0000] {processor.py:830} INFO - Processing file /home/airflow/.local/lib/python3.12/site-packages/airflow/example_dags/example_bash_operator.py for tasks to queue
[2024-07-24T18:10:39.192+0000] {logging_mixin.py:188} INFO - [2024-07-24T18:10:39.192+0000] {dagbag.py:545} INFO - Filling up the DagBag from /home/airflow/.local/lib/python3.12/site-packages/airflow/example_dags/example_bash_operator.py
[2024-07-24T18:10:39.202+0000] {processor.py:840} INFO - DAG(s) 'example_bash_operator' retrieved from /home/airflow/.local/lib/python3.12/site-packages/airflow/example_dags/example_bash_operator.py
[2024-07-24T18:10:39.239+0000] {logging_mixin.py:188} INFO - [2024-07-24T18:10:39.239+0000] {dag.py:3089} INFO - Sync 1 DAGs
[2024-07-24T18:10:39.264+0000] {logging_mixin.py:188} INFO - [2024-07-24T18:10:39.264+0000] {dag.py:3947} INFO - Setting next_dagrun for example_bash_operator to 2024-07-23 00:00:00+00:00, run_after=2024-07-24 00:00:00+00:00
[2024-07-24T18:10:39.292+0000] {processor.py:183} INFO - Processing /home/airflow/.local/lib/python3.12/site-packages/airflow/example_dags/example_bash_operator.py took 0.112 seconds
[2024-07-24T18:11:09.669+0000] {processor.py:161} INFO - Started process (PID=655) to work on /home/airflow/.local/lib/python3.12/site-packages/airflow/example_dags/example_bash_operator.py
[2024-07-24T18:11:09.672+0000] {processor.py:830} INFO - Processing file /home/airflow/.local/lib/python3.12/site-packages/airflow/example_dags/example_bash_operator.py for tasks to queue
[2024-07-24T18:11:09.674+0000] {logging_mixin.py:188} INFO - [2024-07-24T18:11:09.673+0000] {dagbag.py:545} INFO - Filling up the DagBag from /home/airflow/.local/lib/python3.12/site-packages/airflow/example_dags/example_bash_operator.py
[2024-07-24T18:11:09.685+0000] {processor.py:840} INFO - DAG(s) 'example_bash_operator' retrieved from /home/airflow/.local/lib/python3.12/site-packages/airflow/example_dags/example_bash_operator.py
[2024-07-24T18:11:09.715+0000] {logging_mixin.py:188} INFO - [2024-07-24T18:11:09.715+0000] {dag.py:3089} INFO - Sync 1 DAGs
[2024-07-24T18:11:09.741+0000] {logging_mixin.py:188} INFO - [2024-07-24T18:11:09.740+0000] {dag.py:3947} INFO - Setting next_dagrun for example_bash_operator to 2024-07-23 00:00:00+00:00, run_after=2024-07-24 00:00:00+00:00
[2024-07-24T18:11:09.767+0000] {processor.py:183} INFO - Processing /home/airflow/.local/lib/python3.12/site-packages/airflow/example_dags/example_bash_operator.py took 0.102 seconds
[2024-07-24T18:11:40.150+0000] {processor.py:161} INFO - Started process (PID=713) to work on /home/airflow/.local/lib/python3.12/site-packages/airflow/example_dags/example_bash_operator.py
[2024-07-24T18:11:40.151+0000] {processor.py:830} INFO - Processing file /home/airflow/.local/lib/python3.12/site-packages/airflow/example_dags/example_bash_operator.py for tasks to queue
[2024-07-24T18:11:40.153+0000] {logging_mixin.py:188} INFO - [2024-07-24T18:11:40.152+0000] {dagbag.py:545} INFO - Filling up the DagBag from /home/airflow/.local/lib/python3.12/site-packages/airflow/example_dags/example_bash_operator.py
[2024-07-24T18:11:40.168+0000] {processor.py:840} INFO - DAG(s) 'example_bash_operator' retrieved from /home/airflow/.local/lib/python3.12/site-packages/airflow/example_dags/example_bash_operator.py
[2024-07-24T18:11:40.213+0000] {logging_mixin.py:188} INFO - [2024-07-24T18:11:40.213+0000] {dag.py:3089} INFO - Sync 1 DAGs
[2024-07-24T18:11:40.239+0000] {logging_mixin.py:188} INFO - [2024-07-24T18:11:40.239+0000] {dag.py:3947} INFO - Setting next_dagrun for example_bash_operator to 2024-07-23 00:00:00+00:00, run_after=2024-07-24 00:00:00+00:00
[2024-07-24T18:11:40.256+0000] {processor.py:183} INFO - Processing /home/airflow/.local/lib/python3.12/site-packages/airflow/example_dags/example_bash_operator.py took 0.114 seconds
[2024-07-24T18:12:10.654+0000] {processor.py:161} INFO - Started process (PID=771) to work on /home/airflow/.local/lib/python3.12/site-packages/airflow/example_dags/example_bash_operator.py
[2024-07-24T18:12:10.655+0000] {processor.py:830} INFO - Processing file /home/airflow/.local/lib/python3.12/site-packages/airflow/example_dags/example_bash_operator.py for tasks to queue
[2024-07-24T18:12:10.657+0000] {logging_mixin.py:188} INFO - [2024-07-24T18:12:10.657+0000] {dagbag.py:545} INFO - Filling up the DagBag from /home/airflow/.local/lib/python3.12/site-packages/airflow/example_dags/example_bash_operator.py
[2024-07-24T18:12:10.669+0000] {processor.py:840} INFO - DAG(s) 'example_bash_operator' retrieved from /home/airflow/.local/lib/python3.12/site-packages/airflow/example_dags/example_bash_operator.py
[2024-07-24T18:12:10.697+0000] {logging_mixin.py:188} INFO - [2024-07-24T18:12:10.696+0000] {dag.py:3089} INFO - Sync 1 DAGs
[2024-07-24T18:12:10.724+0000] {logging_mixin.py:188} INFO - [2024-07-24T18:12:10.724+0000] {dag.py:3947} INFO - Setting next_dagrun for example_bash_operator to 2024-07-23 00:00:00+00:00, run_after=2024-07-24 00:00:00+00:00
[2024-07-24T18:12:10.751+0000] {processor.py:183} INFO - Processing /home/airflow/.local/lib/python3.12/site-packages/airflow/example_dags/example_bash_operator.py took 0.104 seconds
[2024-07-24T18:12:41.620+0000] {processor.py:161} INFO - Started process (PID=829) to work on /home/airflow/.local/lib/python3.12/site-packages/airflow/example_dags/example_bash_operator.py
[2024-07-24T18:12:41.620+0000] {processor.py:830} INFO - Processing file /home/airflow/.local/lib/python3.12/site-packages/airflow/example_dags/example_bash_operator.py for tasks to queue
[2024-07-24T18:12:41.622+0000] {logging_mixin.py:188} INFO - [2024-07-24T18:12:41.622+0000] {dagbag.py:545} INFO - Filling up the DagBag from /home/airflow/.local/lib/python3.12/site-packages/airflow/example_dags/example_bash_operator.py
[2024-07-24T18:12:41.632+0000] {processor.py:840} INFO - DAG(s) 'example_bash_operator' retrieved from /home/airflow/.local/lib/python3.12/site-packages/airflow/example_dags/example_bash_operator.py
[2024-07-24T18:12:41.667+0000] {logging_mixin.py:188} INFO - [2024-07-24T18:12:41.667+0000] {dag.py:3089} INFO - Sync 1 DAGs
[2024-07-24T18:12:41.688+0000] {logging_mixin.py:188} INFO - [2024-07-24T18:12:41.688+0000] {dag.py:3947} INFO - Setting next_dagrun for example_bash_operator to 2024-07-23 00:00:00+00:00, run_after=2024-07-24 00:00:00+00:00
[2024-07-24T18:12:41.714+0000] {processor.py:183} INFO - Processing /home/airflow/.local/lib/python3.12/site-packages/airflow/example_dags/example_bash_operator.py took 0.101 seconds
[2024-07-24T18:13:12.579+0000] {processor.py:161} INFO - Started process (PID=887) to work on /home/airflow/.local/lib/python3.12/site-packages/airflow/example_dags/example_bash_operator.py
[2024-07-24T18:13:12.581+0000] {processor.py:830} INFO - Processing file /home/airflow/.local/lib/python3.12/site-packages/airflow/example_dags/example_bash_operator.py for tasks to queue
[2024-07-24T18:13:12.583+0000] {logging_mixin.py:188} INFO - [2024-07-24T18:13:12.582+0000] {dagbag.py:545} INFO - Filling up the DagBag from /home/airflow/.local/lib/python3.12/site-packages/airflow/example_dags/example_bash_operator.py
[2024-07-24T18:13:12.596+0000] {processor.py:840} INFO - DAG(s) 'example_bash_operator' retrieved from /home/airflow/.local/lib/python3.12/site-packages/airflow/example_dags/example_bash_operator.py
[2024-07-24T18:13:12.627+0000] {logging_mixin.py:188} INFO - [2024-07-24T18:13:12.627+0000] {dag.py:3089} INFO - Sync 1 DAGs
[2024-07-24T18:13:12.653+0000] {logging_mixin.py:188} INFO - [2024-07-24T18:13:12.652+0000] {dag.py:3947} INFO - Setting next_dagrun for example_bash_operator to 2024-07-23 00:00:00+00:00, run_after=2024-07-24 00:00:00+00:00
[2024-07-24T18:13:12.682+0000] {processor.py:183} INFO - Processing /home/airflow/.local/lib/python3.12/site-packages/airflow/example_dags/example_bash_operator.py took 0.111 seconds
[2024-07-24T18:13:42.714+0000] {processor.py:161} INFO - Started process (PID=945) to work on /home/airflow/.local/lib/python3.12/site-packages/airflow/example_dags/example_bash_operator.py
[2024-07-24T18:13:42.717+0000] {processor.py:830} INFO - Processing file /home/airflow/.local/lib/python3.12/site-packages/airflow/example_dags/example_bash_operator.py for tasks to queue
[2024-07-24T18:13:42.720+0000] {logging_mixin.py:188} INFO - [2024-07-24T18:13:42.719+0000] {dagbag.py:545} INFO - Filling up the DagBag from /home/airflow/.local/lib/python3.12/site-packages/airflow/example_dags/example_bash_operator.py
[2024-07-24T18:13:42.731+0000] {processor.py:840} INFO - DAG(s) 'example_bash_operator' retrieved from /home/airflow/.local/lib/python3.12/site-packages/airflow/example_dags/example_bash_operator.py
[2024-07-24T18:13:42.764+0000] {logging_mixin.py:188} INFO - [2024-07-24T18:13:42.764+0000] {dag.py:3089} INFO - Sync 1 DAGs
[2024-07-24T18:13:42.788+0000] {logging_mixin.py:188} INFO - [2024-07-24T18:13:42.788+0000] {dag.py:3947} INFO - Setting next_dagrun for example_bash_operator to 2024-07-23 00:00:00+00:00, run_after=2024-07-24 00:00:00+00:00
[2024-07-24T18:13:42.812+0000] {processor.py:183} INFO - Processing /home/airflow/.local/lib/python3.12/site-packages/airflow/example_dags/example_bash_operator.py took 0.104 seconds
[2024-07-24T18:14:13.679+0000] {processor.py:161} INFO - Started process (PID=1003) to work on /home/airflow/.local/lib/python3.12/site-packages/airflow/example_dags/example_bash_operator.py
[2024-07-24T18:14:13.681+0000] {processor.py:830} INFO - Processing file /home/airflow/.local/lib/python3.12/site-packages/airflow/example_dags/example_bash_operator.py for tasks to queue
[2024-07-24T18:14:13.683+0000] {logging_mixin.py:188} INFO - [2024-07-24T18:14:13.683+0000] {dagbag.py:545} INFO - Filling up the DagBag from /home/airflow/.local/lib/python3.12/site-packages/airflow/example_dags/example_bash_operator.py
[2024-07-24T18:14:13.697+0000] {processor.py:840} INFO - DAG(s) 'example_bash_operator' retrieved from /home/airflow/.local/lib/python3.12/site-packages/airflow/example_dags/example_bash_operator.py
[2024-07-24T18:14:13.726+0000] {logging_mixin.py:188} INFO - [2024-07-24T18:14:13.726+0000] {dag.py:3089} INFO - Sync 1 DAGs
[2024-07-24T18:14:13.751+0000] {logging_mixin.py:188} INFO - [2024-07-24T18:14:13.749+0000] {dag.py:3947} INFO - Setting next_dagrun for example_bash_operator to 2024-07-23 00:00:00+00:00, run_after=2024-07-24 00:00:00+00:00
[2024-07-24T18:14:13.774+0000] {processor.py:183} INFO - Processing /home/airflow/.local/lib/python3.12/site-packages/airflow/example_dags/example_bash_operator.py took 0.102 seconds
[2024-07-24T18:14:44.655+0000] {processor.py:161} INFO - Started process (PID=1060) to work on /home/airflow/.local/lib/python3.12/site-packages/airflow/example_dags/example_bash_operator.py
[2024-07-24T18:14:44.666+0000] {processor.py:830} INFO - Processing file /home/airflow/.local/lib/python3.12/site-packages/airflow/example_dags/example_bash_operator.py for tasks to queue
[2024-07-24T18:14:44.669+0000] {logging_mixin.py:188} INFO - [2024-07-24T18:14:44.667+0000] {dagbag.py:545} INFO - Filling up the DagBag from /home/airflow/.local/lib/python3.12/site-packages/airflow/example_dags/example_bash_operator.py
[2024-07-24T18:14:44.697+0000] {processor.py:840} INFO - DAG(s) 'example_bash_operator' retrieved from /home/airflow/.local/lib/python3.12/site-packages/airflow/example_dags/example_bash_operator.py
[2024-07-24T18:14:44.777+0000] {logging_mixin.py:188} INFO - [2024-07-24T18:14:44.777+0000] {dag.py:3089} INFO - Sync 1 DAGs
[2024-07-24T18:14:44.840+0000] {logging_mixin.py:188} INFO - [2024-07-24T18:14:44.840+0000] {dag.py:3947} INFO - Setting next_dagrun for example_bash_operator to 2024-07-23 00:00:00+00:00, run_after=2024-07-24 00:00:00+00:00
[2024-07-24T18:14:44.893+0000] {processor.py:183} INFO - Processing /home/airflow/.local/lib/python3.12/site-packages/airflow/example_dags/example_bash_operator.py took 0.253 seconds
[2024-07-24T18:15:15.829+0000] {processor.py:161} INFO - Started process (PID=1118) to work on /home/airflow/.local/lib/python3.12/site-packages/airflow/example_dags/example_bash_operator.py
[2024-07-24T18:15:15.832+0000] {processor.py:830} INFO - Processing file /home/airflow/.local/lib/python3.12/site-packages/airflow/example_dags/example_bash_operator.py for tasks to queue
[2024-07-24T18:15:15.835+0000] {logging_mixin.py:188} INFO - [2024-07-24T18:15:15.834+0000] {dagbag.py:545} INFO - Filling up the DagBag from /home/airflow/.local/lib/python3.12/site-packages/airflow/example_dags/example_bash_operator.py
[2024-07-24T18:15:15.848+0000] {processor.py:840} INFO - DAG(s) 'example_bash_operator' retrieved from /home/airflow/.local/lib/python3.12/site-packages/airflow/example_dags/example_bash_operator.py
[2024-07-24T18:15:15.901+0000] {logging_mixin.py:188} INFO - [2024-07-24T18:15:15.900+0000] {dag.py:3089} INFO - Sync 1 DAGs
[2024-07-24T18:15:15.972+0000] {logging_mixin.py:188} INFO - [2024-07-24T18:15:15.971+0000] {dag.py:3947} INFO - Setting next_dagrun for example_bash_operator to 2024-07-23 00:00:00+00:00, run_after=2024-07-24 00:00:00+00:00
[2024-07-24T18:15:16.023+0000] {processor.py:183} INFO - Processing /home/airflow/.local/lib/python3.12/site-packages/airflow/example_dags/example_bash_operator.py took 0.203 seconds
[2024-07-24T18:15:46.316+0000] {processor.py:161} INFO - Started process (PID=1176) to work on /home/airflow/.local/lib/python3.12/site-packages/airflow/example_dags/example_bash_operator.py
[2024-07-24T18:15:46.316+0000] {processor.py:830} INFO - Processing file /home/airflow/.local/lib/python3.12/site-packages/airflow/example_dags/example_bash_operator.py for tasks to queue
[2024-07-24T18:15:46.318+0000] {logging_mixin.py:188} INFO - [2024-07-24T18:15:46.318+0000] {dagbag.py:545} INFO - Filling up the DagBag from /home/airflow/.local/lib/python3.12/site-packages/airflow/example_dags/example_bash_operator.py
[2024-07-24T18:15:46.331+0000] {processor.py:840} INFO - DAG(s) 'example_bash_operator' retrieved from /home/airflow/.local/lib/python3.12/site-packages/airflow/example_dags/example_bash_operator.py
[2024-07-24T18:15:46.364+0000] {logging_mixin.py:188} INFO - [2024-07-24T18:15:46.363+0000] {dag.py:3089} INFO - Sync 1 DAGs
[2024-07-24T18:15:46.391+0000] {logging_mixin.py:188} INFO - [2024-07-24T18:15:46.390+0000] {dag.py:3947} INFO - Setting next_dagrun for example_bash_operator to 2024-07-23 00:00:00+00:00, run_after=2024-07-24 00:00:00+00:00
[2024-07-24T18:15:46.418+0000] {processor.py:183} INFO - Processing /home/airflow/.local/lib/python3.12/site-packages/airflow/example_dags/example_bash_operator.py took 0.108 seconds
[2024-07-24T18:16:17.021+0000] {processor.py:161} INFO - Started process (PID=1233) to work on /home/airflow/.local/lib/python3.12/site-packages/airflow/example_dags/example_bash_operator.py
[2024-07-24T18:16:17.028+0000] {processor.py:830} INFO - Processing file /home/airflow/.local/lib/python3.12/site-packages/airflow/example_dags/example_bash_operator.py for tasks to queue
[2024-07-24T18:16:17.029+0000] {logging_mixin.py:188} INFO - [2024-07-24T18:16:17.029+0000] {dagbag.py:545} INFO - Filling up the DagBag from /home/airflow/.local/lib/python3.12/site-packages/airflow/example_dags/example_bash_operator.py
[2024-07-24T18:16:17.039+0000] {processor.py:840} INFO - DAG(s) 'example_bash_operator' retrieved from /home/airflow/.local/lib/python3.12/site-packages/airflow/example_dags/example_bash_operator.py
[2024-07-24T18:16:17.074+0000] {logging_mixin.py:188} INFO - [2024-07-24T18:16:17.074+0000] {dag.py:3089} INFO - Sync 1 DAGs
[2024-07-24T18:16:17.099+0000] {logging_mixin.py:188} INFO - [2024-07-24T18:16:17.099+0000] {dag.py:3947} INFO - Setting next_dagrun for example_bash_operator to 2024-07-23 00:00:00+00:00, run_after=2024-07-24 00:00:00+00:00
[2024-07-24T18:16:17.128+0000] {processor.py:183} INFO - Processing /home/airflow/.local/lib/python3.12/site-packages/airflow/example_dags/example_bash_operator.py took 0.111 seconds
