[2024-07-24T18:06:09.265+0000] {processor.py:161} INFO - Started process (PID=88) to work on /home/airflow/.local/lib/python3.12/site-packages/airflow/example_dags/tutorial_objectstorage.py
[2024-07-24T18:06:09.266+0000] {processor.py:830} INFO - Processing file /home/airflow/.local/lib/python3.12/site-packages/airflow/example_dags/tutorial_objectstorage.py for tasks to queue
[2024-07-24T18:06:09.268+0000] {logging_mixin.py:188} INFO - [2024-07-24T18:06:09.267+0000] {dagbag.py:545} INFO - Filling up the DagBag from /home/airflow/.local/lib/python3.12/site-packages/airflow/example_dags/tutorial_objectstorage.py
[2024-07-24T18:06:09.287+0000] {processor.py:840} INFO - DAG(s) 'tutorial_objectstorage' retrieved from /home/airflow/.local/lib/python3.12/site-packages/airflow/example_dags/tutorial_objectstorage.py
[2024-07-24T18:06:09.666+0000] {logging_mixin.py:188} INFO - [2024-07-24T18:06:09.666+0000] {dag.py:3089} INFO - Sync 1 DAGs
[2024-07-24T18:06:09.710+0000] {logging_mixin.py:188} INFO - [2024-07-24T18:06:09.710+0000] {dag.py:3947} INFO - Setting next_dagrun for tutorial_objectstorage to None, run_after=None
[2024-07-24T18:06:09.779+0000] {processor.py:183} INFO - Processing /home/airflow/.local/lib/python3.12/site-packages/airflow/example_dags/tutorial_objectstorage.py took 0.538 seconds
[2024-07-24T18:06:40.479+0000] {processor.py:161} INFO - Started process (PID=146) to work on /home/airflow/.local/lib/python3.12/site-packages/airflow/example_dags/tutorial_objectstorage.py
[2024-07-24T18:06:40.482+0000] {processor.py:830} INFO - Processing file /home/airflow/.local/lib/python3.12/site-packages/airflow/example_dags/tutorial_objectstorage.py for tasks to queue
[2024-07-24T18:06:40.483+0000] {logging_mixin.py:188} INFO - [2024-07-24T18:06:40.483+0000] {dagbag.py:545} INFO - Filling up the DagBag from /home/airflow/.local/lib/python3.12/site-packages/airflow/example_dags/tutorial_objectstorage.py
[2024-07-24T18:06:40.490+0000] {processor.py:840} INFO - DAG(s) 'tutorial_objectstorage' retrieved from /home/airflow/.local/lib/python3.12/site-packages/airflow/example_dags/tutorial_objectstorage.py
[2024-07-24T18:06:40.512+0000] {logging_mixin.py:188} INFO - [2024-07-24T18:06:40.512+0000] {dag.py:3089} INFO - Sync 1 DAGs
[2024-07-24T18:06:40.524+0000] {logging_mixin.py:188} INFO - [2024-07-24T18:06:40.524+0000] {dag.py:3947} INFO - Setting next_dagrun for tutorial_objectstorage to None, run_after=None
[2024-07-24T18:06:40.544+0000] {processor.py:183} INFO - Processing /home/airflow/.local/lib/python3.12/site-packages/airflow/example_dags/tutorial_objectstorage.py took 0.070 seconds
[2024-07-24T18:07:10.800+0000] {processor.py:161} INFO - Started process (PID=204) to work on /home/airflow/.local/lib/python3.12/site-packages/airflow/example_dags/tutorial_objectstorage.py
[2024-07-24T18:07:10.802+0000] {processor.py:830} INFO - Processing file /home/airflow/.local/lib/python3.12/site-packages/airflow/example_dags/tutorial_objectstorage.py for tasks to queue
[2024-07-24T18:07:10.804+0000] {logging_mixin.py:188} INFO - [2024-07-24T18:07:10.803+0000] {dagbag.py:545} INFO - Filling up the DagBag from /home/airflow/.local/lib/python3.12/site-packages/airflow/example_dags/tutorial_objectstorage.py
[2024-07-24T18:07:10.813+0000] {processor.py:840} INFO - DAG(s) 'tutorial_objectstorage' retrieved from /home/airflow/.local/lib/python3.12/site-packages/airflow/example_dags/tutorial_objectstorage.py
[2024-07-24T18:07:10.833+0000] {logging_mixin.py:188} INFO - [2024-07-24T18:07:10.833+0000] {dag.py:3089} INFO - Sync 1 DAGs
[2024-07-24T18:07:10.845+0000] {logging_mixin.py:188} INFO - [2024-07-24T18:07:10.845+0000] {dag.py:3947} INFO - Setting next_dagrun for tutorial_objectstorage to None, run_after=None
[2024-07-24T18:07:10.865+0000] {processor.py:183} INFO - Processing /home/airflow/.local/lib/python3.12/site-packages/airflow/example_dags/tutorial_objectstorage.py took 0.072 seconds
[2024-07-24T18:07:41.123+0000] {processor.py:161} INFO - Started process (PID=262) to work on /home/airflow/.local/lib/python3.12/site-packages/airflow/example_dags/tutorial_objectstorage.py
[2024-07-24T18:07:41.126+0000] {processor.py:830} INFO - Processing file /home/airflow/.local/lib/python3.12/site-packages/airflow/example_dags/tutorial_objectstorage.py for tasks to queue
[2024-07-24T18:07:41.127+0000] {logging_mixin.py:188} INFO - [2024-07-24T18:07:41.127+0000] {dagbag.py:545} INFO - Filling up the DagBag from /home/airflow/.local/lib/python3.12/site-packages/airflow/example_dags/tutorial_objectstorage.py
[2024-07-24T18:07:41.134+0000] {processor.py:840} INFO - DAG(s) 'tutorial_objectstorage' retrieved from /home/airflow/.local/lib/python3.12/site-packages/airflow/example_dags/tutorial_objectstorage.py
[2024-07-24T18:07:41.155+0000] {logging_mixin.py:188} INFO - [2024-07-24T18:07:41.155+0000] {dag.py:3089} INFO - Sync 1 DAGs
[2024-07-24T18:07:41.167+0000] {logging_mixin.py:188} INFO - [2024-07-24T18:07:41.166+0000] {dag.py:3947} INFO - Setting next_dagrun for tutorial_objectstorage to None, run_after=None
[2024-07-24T18:07:41.185+0000] {processor.py:183} INFO - Processing /home/airflow/.local/lib/python3.12/site-packages/airflow/example_dags/tutorial_objectstorage.py took 0.067 seconds
[2024-07-24T18:08:11.534+0000] {processor.py:161} INFO - Started process (PID=319) to work on /home/airflow/.local/lib/python3.12/site-packages/airflow/example_dags/tutorial_objectstorage.py
[2024-07-24T18:08:11.538+0000] {processor.py:830} INFO - Processing file /home/airflow/.local/lib/python3.12/site-packages/airflow/example_dags/tutorial_objectstorage.py for tasks to queue
[2024-07-24T18:08:11.540+0000] {logging_mixin.py:188} INFO - [2024-07-24T18:08:11.539+0000] {dagbag.py:545} INFO - Filling up the DagBag from /home/airflow/.local/lib/python3.12/site-packages/airflow/example_dags/tutorial_objectstorage.py
[2024-07-24T18:08:11.549+0000] {processor.py:840} INFO - DAG(s) 'tutorial_objectstorage' retrieved from /home/airflow/.local/lib/python3.12/site-packages/airflow/example_dags/tutorial_objectstorage.py
[2024-07-24T18:08:11.569+0000] {logging_mixin.py:188} INFO - [2024-07-24T18:08:11.568+0000] {dag.py:3089} INFO - Sync 1 DAGs
[2024-07-24T18:08:11.586+0000] {logging_mixin.py:188} INFO - [2024-07-24T18:08:11.585+0000] {dag.py:3947} INFO - Setting next_dagrun for tutorial_objectstorage to None, run_after=None
[2024-07-24T18:08:11.605+0000] {processor.py:183} INFO - Processing /home/airflow/.local/lib/python3.12/site-packages/airflow/example_dags/tutorial_objectstorage.py took 0.076 seconds
[2024-07-24T18:08:41.836+0000] {processor.py:161} INFO - Started process (PID=377) to work on /home/airflow/.local/lib/python3.12/site-packages/airflow/example_dags/tutorial_objectstorage.py
[2024-07-24T18:08:41.837+0000] {processor.py:830} INFO - Processing file /home/airflow/.local/lib/python3.12/site-packages/airflow/example_dags/tutorial_objectstorage.py for tasks to queue
[2024-07-24T18:08:41.842+0000] {logging_mixin.py:188} INFO - [2024-07-24T18:08:41.842+0000] {dagbag.py:545} INFO - Filling up the DagBag from /home/airflow/.local/lib/python3.12/site-packages/airflow/example_dags/tutorial_objectstorage.py
[2024-07-24T18:08:41.851+0000] {processor.py:840} INFO - DAG(s) 'tutorial_objectstorage' retrieved from /home/airflow/.local/lib/python3.12/site-packages/airflow/example_dags/tutorial_objectstorage.py
[2024-07-24T18:08:41.873+0000] {logging_mixin.py:188} INFO - [2024-07-24T18:08:41.873+0000] {dag.py:3089} INFO - Sync 1 DAGs
[2024-07-24T18:08:41.889+0000] {logging_mixin.py:188} INFO - [2024-07-24T18:08:41.889+0000] {dag.py:3947} INFO - Setting next_dagrun for tutorial_objectstorage to None, run_after=None
[2024-07-24T18:08:41.913+0000] {processor.py:183} INFO - Processing /home/airflow/.local/lib/python3.12/site-packages/airflow/example_dags/tutorial_objectstorage.py took 0.082 seconds
[2024-07-24T18:09:12.008+0000] {processor.py:161} INFO - Started process (PID=435) to work on /home/airflow/.local/lib/python3.12/site-packages/airflow/example_dags/tutorial_objectstorage.py
[2024-07-24T18:09:12.009+0000] {processor.py:830} INFO - Processing file /home/airflow/.local/lib/python3.12/site-packages/airflow/example_dags/tutorial_objectstorage.py for tasks to queue
[2024-07-24T18:09:12.011+0000] {logging_mixin.py:188} INFO - [2024-07-24T18:09:12.010+0000] {dagbag.py:545} INFO - Filling up the DagBag from /home/airflow/.local/lib/python3.12/site-packages/airflow/example_dags/tutorial_objectstorage.py
[2024-07-24T18:09:12.018+0000] {processor.py:840} INFO - DAG(s) 'tutorial_objectstorage' retrieved from /home/airflow/.local/lib/python3.12/site-packages/airflow/example_dags/tutorial_objectstorage.py
[2024-07-24T18:09:12.038+0000] {logging_mixin.py:188} INFO - [2024-07-24T18:09:12.038+0000] {dag.py:3089} INFO - Sync 1 DAGs
[2024-07-24T18:09:12.053+0000] {logging_mixin.py:188} INFO - [2024-07-24T18:09:12.052+0000] {dag.py:3947} INFO - Setting next_dagrun for tutorial_objectstorage to None, run_after=None
[2024-07-24T18:09:12.072+0000] {processor.py:183} INFO - Processing /home/airflow/.local/lib/python3.12/site-packages/airflow/example_dags/tutorial_objectstorage.py took 0.072 seconds
[2024-07-24T18:09:42.333+0000] {processor.py:161} INFO - Started process (PID=493) to work on /home/airflow/.local/lib/python3.12/site-packages/airflow/example_dags/tutorial_objectstorage.py
[2024-07-24T18:09:42.337+0000] {processor.py:830} INFO - Processing file /home/airflow/.local/lib/python3.12/site-packages/airflow/example_dags/tutorial_objectstorage.py for tasks to queue
[2024-07-24T18:09:42.338+0000] {logging_mixin.py:188} INFO - [2024-07-24T18:09:42.338+0000] {dagbag.py:545} INFO - Filling up the DagBag from /home/airflow/.local/lib/python3.12/site-packages/airflow/example_dags/tutorial_objectstorage.py
[2024-07-24T18:09:42.357+0000] {processor.py:840} INFO - DAG(s) 'tutorial_objectstorage' retrieved from /home/airflow/.local/lib/python3.12/site-packages/airflow/example_dags/tutorial_objectstorage.py
[2024-07-24T18:09:42.413+0000] {logging_mixin.py:188} INFO - [2024-07-24T18:09:42.413+0000] {dag.py:3089} INFO - Sync 1 DAGs
[2024-07-24T18:09:42.448+0000] {logging_mixin.py:188} INFO - [2024-07-24T18:09:42.448+0000] {dag.py:3947} INFO - Setting next_dagrun for tutorial_objectstorage to None, run_after=None
[2024-07-24T18:09:42.501+0000] {processor.py:183} INFO - Processing /home/airflow/.local/lib/python3.12/site-packages/airflow/example_dags/tutorial_objectstorage.py took 0.180 seconds
[2024-07-24T18:10:13.533+0000] {processor.py:161} INFO - Started process (PID=551) to work on /home/airflow/.local/lib/python3.12/site-packages/airflow/example_dags/tutorial_objectstorage.py
[2024-07-24T18:10:13.537+0000] {processor.py:830} INFO - Processing file /home/airflow/.local/lib/python3.12/site-packages/airflow/example_dags/tutorial_objectstorage.py for tasks to queue
[2024-07-24T18:10:13.539+0000] {logging_mixin.py:188} INFO - [2024-07-24T18:10:13.539+0000] {dagbag.py:545} INFO - Filling up the DagBag from /home/airflow/.local/lib/python3.12/site-packages/airflow/example_dags/tutorial_objectstorage.py
[2024-07-24T18:10:13.561+0000] {processor.py:840} INFO - DAG(s) 'tutorial_objectstorage' retrieved from /home/airflow/.local/lib/python3.12/site-packages/airflow/example_dags/tutorial_objectstorage.py
[2024-07-24T18:10:13.636+0000] {logging_mixin.py:188} INFO - [2024-07-24T18:10:13.636+0000] {dag.py:3089} INFO - Sync 1 DAGs
[2024-07-24T18:10:13.739+0000] {logging_mixin.py:188} INFO - [2024-07-24T18:10:13.739+0000] {dag.py:3947} INFO - Setting next_dagrun for tutorial_objectstorage to None, run_after=None
[2024-07-24T18:10:13.840+0000] {processor.py:183} INFO - Processing /home/airflow/.local/lib/python3.12/site-packages/airflow/example_dags/tutorial_objectstorage.py took 0.330 seconds
[2024-07-24T18:10:44.719+0000] {processor.py:161} INFO - Started process (PID=609) to work on /home/airflow/.local/lib/python3.12/site-packages/airflow/example_dags/tutorial_objectstorage.py
[2024-07-24T18:10:44.722+0000] {processor.py:830} INFO - Processing file /home/airflow/.local/lib/python3.12/site-packages/airflow/example_dags/tutorial_objectstorage.py for tasks to queue
[2024-07-24T18:10:44.728+0000] {logging_mixin.py:188} INFO - [2024-07-24T18:10:44.728+0000] {dagbag.py:545} INFO - Filling up the DagBag from /home/airflow/.local/lib/python3.12/site-packages/airflow/example_dags/tutorial_objectstorage.py
[2024-07-24T18:10:44.746+0000] {processor.py:840} INFO - DAG(s) 'tutorial_objectstorage' retrieved from /home/airflow/.local/lib/python3.12/site-packages/airflow/example_dags/tutorial_objectstorage.py
[2024-07-24T18:10:44.766+0000] {logging_mixin.py:188} INFO - [2024-07-24T18:10:44.766+0000] {dag.py:3089} INFO - Sync 1 DAGs
[2024-07-24T18:10:44.781+0000] {logging_mixin.py:188} INFO - [2024-07-24T18:10:44.781+0000] {dag.py:3947} INFO - Setting next_dagrun for tutorial_objectstorage to None, run_after=None
[2024-07-24T18:10:44.800+0000] {processor.py:183} INFO - Processing /home/airflow/.local/lib/python3.12/site-packages/airflow/example_dags/tutorial_objectstorage.py took 0.094 seconds
[2024-07-24T18:11:15.276+0000] {processor.py:161} INFO - Started process (PID=666) to work on /home/airflow/.local/lib/python3.12/site-packages/airflow/example_dags/tutorial_objectstorage.py
[2024-07-24T18:11:15.278+0000] {processor.py:830} INFO - Processing file /home/airflow/.local/lib/python3.12/site-packages/airflow/example_dags/tutorial_objectstorage.py for tasks to queue
[2024-07-24T18:11:15.281+0000] {logging_mixin.py:188} INFO - [2024-07-24T18:11:15.280+0000] {dagbag.py:545} INFO - Filling up the DagBag from /home/airflow/.local/lib/python3.12/site-packages/airflow/example_dags/tutorial_objectstorage.py
[2024-07-24T18:11:15.287+0000] {processor.py:840} INFO - DAG(s) 'tutorial_objectstorage' retrieved from /home/airflow/.local/lib/python3.12/site-packages/airflow/example_dags/tutorial_objectstorage.py
[2024-07-24T18:11:15.308+0000] {logging_mixin.py:188} INFO - [2024-07-24T18:11:15.306+0000] {dag.py:3089} INFO - Sync 1 DAGs
[2024-07-24T18:11:15.322+0000] {logging_mixin.py:188} INFO - [2024-07-24T18:11:15.321+0000] {dag.py:3947} INFO - Setting next_dagrun for tutorial_objectstorage to None, run_after=None
[2024-07-24T18:11:15.341+0000] {processor.py:183} INFO - Processing /home/airflow/.local/lib/python3.12/site-packages/airflow/example_dags/tutorial_objectstorage.py took 0.071 seconds
[2024-07-24T18:11:45.762+0000] {processor.py:161} INFO - Started process (PID=724) to work on /home/airflow/.local/lib/python3.12/site-packages/airflow/example_dags/tutorial_objectstorage.py
[2024-07-24T18:11:45.764+0000] {processor.py:830} INFO - Processing file /home/airflow/.local/lib/python3.12/site-packages/airflow/example_dags/tutorial_objectstorage.py for tasks to queue
[2024-07-24T18:11:45.765+0000] {logging_mixin.py:188} INFO - [2024-07-24T18:11:45.765+0000] {dagbag.py:545} INFO - Filling up the DagBag from /home/airflow/.local/lib/python3.12/site-packages/airflow/example_dags/tutorial_objectstorage.py
[2024-07-24T18:11:45.775+0000] {processor.py:840} INFO - DAG(s) 'tutorial_objectstorage' retrieved from /home/airflow/.local/lib/python3.12/site-packages/airflow/example_dags/tutorial_objectstorage.py
[2024-07-24T18:11:45.797+0000] {logging_mixin.py:188} INFO - [2024-07-24T18:11:45.796+0000] {dag.py:3089} INFO - Sync 1 DAGs
[2024-07-24T18:11:45.812+0000] {logging_mixin.py:188} INFO - [2024-07-24T18:11:45.812+0000] {dag.py:3947} INFO - Setting next_dagrun for tutorial_objectstorage to None, run_after=None
[2024-07-24T18:11:45.828+0000] {processor.py:183} INFO - Processing /home/airflow/.local/lib/python3.12/site-packages/airflow/example_dags/tutorial_objectstorage.py took 0.072 seconds
[2024-07-24T18:12:16.267+0000] {processor.py:161} INFO - Started process (PID=782) to work on /home/airflow/.local/lib/python3.12/site-packages/airflow/example_dags/tutorial_objectstorage.py
[2024-07-24T18:12:16.269+0000] {processor.py:830} INFO - Processing file /home/airflow/.local/lib/python3.12/site-packages/airflow/example_dags/tutorial_objectstorage.py for tasks to queue
[2024-07-24T18:12:16.270+0000] {logging_mixin.py:188} INFO - [2024-07-24T18:12:16.270+0000] {dagbag.py:545} INFO - Filling up the DagBag from /home/airflow/.local/lib/python3.12/site-packages/airflow/example_dags/tutorial_objectstorage.py
[2024-07-24T18:12:16.277+0000] {processor.py:840} INFO - DAG(s) 'tutorial_objectstorage' retrieved from /home/airflow/.local/lib/python3.12/site-packages/airflow/example_dags/tutorial_objectstorage.py
[2024-07-24T18:12:16.301+0000] {logging_mixin.py:188} INFO - [2024-07-24T18:12:16.298+0000] {dag.py:3089} INFO - Sync 1 DAGs
[2024-07-24T18:12:16.316+0000] {logging_mixin.py:188} INFO - [2024-07-24T18:12:16.315+0000] {dag.py:3947} INFO - Setting next_dagrun for tutorial_objectstorage to None, run_after=None
[2024-07-24T18:12:16.338+0000] {processor.py:183} INFO - Processing /home/airflow/.local/lib/python3.12/site-packages/airflow/example_dags/tutorial_objectstorage.py took 0.077 seconds
[2024-07-24T18:12:47.221+0000] {processor.py:161} INFO - Started process (PID=840) to work on /home/airflow/.local/lib/python3.12/site-packages/airflow/example_dags/tutorial_objectstorage.py
[2024-07-24T18:12:47.222+0000] {processor.py:830} INFO - Processing file /home/airflow/.local/lib/python3.12/site-packages/airflow/example_dags/tutorial_objectstorage.py for tasks to queue
[2024-07-24T18:12:47.223+0000] {logging_mixin.py:188} INFO - [2024-07-24T18:12:47.223+0000] {dagbag.py:545} INFO - Filling up the DagBag from /home/airflow/.local/lib/python3.12/site-packages/airflow/example_dags/tutorial_objectstorage.py
[2024-07-24T18:12:47.231+0000] {processor.py:840} INFO - DAG(s) 'tutorial_objectstorage' retrieved from /home/airflow/.local/lib/python3.12/site-packages/airflow/example_dags/tutorial_objectstorage.py
[2024-07-24T18:12:47.255+0000] {logging_mixin.py:188} INFO - [2024-07-24T18:12:47.255+0000] {dag.py:3089} INFO - Sync 1 DAGs
[2024-07-24T18:12:47.273+0000] {logging_mixin.py:188} INFO - [2024-07-24T18:12:47.272+0000] {dag.py:3947} INFO - Setting next_dagrun for tutorial_objectstorage to None, run_after=None
[2024-07-24T18:12:47.291+0000] {processor.py:183} INFO - Processing /home/airflow/.local/lib/python3.12/site-packages/airflow/example_dags/tutorial_objectstorage.py took 0.075 seconds
[2024-07-24T18:13:18.176+0000] {processor.py:161} INFO - Started process (PID=904) to work on /home/airflow/.local/lib/python3.12/site-packages/airflow/example_dags/tutorial_objectstorage.py
[2024-07-24T18:13:18.178+0000] {processor.py:830} INFO - Processing file /home/airflow/.local/lib/python3.12/site-packages/airflow/example_dags/tutorial_objectstorage.py for tasks to queue
[2024-07-24T18:13:18.179+0000] {logging_mixin.py:188} INFO - [2024-07-24T18:13:18.179+0000] {dagbag.py:545} INFO - Filling up the DagBag from /home/airflow/.local/lib/python3.12/site-packages/airflow/example_dags/tutorial_objectstorage.py
[2024-07-24T18:13:18.187+0000] {processor.py:840} INFO - DAG(s) 'tutorial_objectstorage' retrieved from /home/airflow/.local/lib/python3.12/site-packages/airflow/example_dags/tutorial_objectstorage.py
[2024-07-24T18:13:18.208+0000] {logging_mixin.py:188} INFO - [2024-07-24T18:13:18.208+0000] {dag.py:3089} INFO - Sync 1 DAGs
[2024-07-24T18:13:18.225+0000] {logging_mixin.py:188} INFO - [2024-07-24T18:13:18.225+0000] {dag.py:3947} INFO - Setting next_dagrun for tutorial_objectstorage to None, run_after=None
[2024-07-24T18:13:18.244+0000] {processor.py:183} INFO - Processing /home/airflow/.local/lib/python3.12/site-packages/airflow/example_dags/tutorial_objectstorage.py took 0.074 seconds
[2024-07-24T18:13:48.340+0000] {processor.py:161} INFO - Started process (PID=961) to work on /home/airflow/.local/lib/python3.12/site-packages/airflow/example_dags/tutorial_objectstorage.py
[2024-07-24T18:13:48.341+0000] {processor.py:830} INFO - Processing file /home/airflow/.local/lib/python3.12/site-packages/airflow/example_dags/tutorial_objectstorage.py for tasks to queue
[2024-07-24T18:13:48.344+0000] {logging_mixin.py:188} INFO - [2024-07-24T18:13:48.344+0000] {dagbag.py:545} INFO - Filling up the DagBag from /home/airflow/.local/lib/python3.12/site-packages/airflow/example_dags/tutorial_objectstorage.py
[2024-07-24T18:13:48.352+0000] {processor.py:840} INFO - DAG(s) 'tutorial_objectstorage' retrieved from /home/airflow/.local/lib/python3.12/site-packages/airflow/example_dags/tutorial_objectstorage.py
[2024-07-24T18:13:48.374+0000] {logging_mixin.py:188} INFO - [2024-07-24T18:13:48.374+0000] {dag.py:3089} INFO - Sync 1 DAGs
[2024-07-24T18:13:48.390+0000] {logging_mixin.py:188} INFO - [2024-07-24T18:13:48.390+0000] {dag.py:3947} INFO - Setting next_dagrun for tutorial_objectstorage to None, run_after=None
[2024-07-24T18:13:51.527+0000] {processor.py:183} INFO - Processing /home/airflow/.local/lib/python3.12/site-packages/airflow/example_dags/tutorial_objectstorage.py took 3.192 seconds
[2024-07-24T18:14:22.295+0000] {processor.py:161} INFO - Started process (PID=1019) to work on /home/airflow/.local/lib/python3.12/site-packages/airflow/example_dags/tutorial_objectstorage.py
[2024-07-24T18:14:22.297+0000] {processor.py:830} INFO - Processing file /home/airflow/.local/lib/python3.12/site-packages/airflow/example_dags/tutorial_objectstorage.py for tasks to queue
[2024-07-24T18:14:22.299+0000] {logging_mixin.py:188} INFO - [2024-07-24T18:14:22.298+0000] {dagbag.py:545} INFO - Filling up the DagBag from /home/airflow/.local/lib/python3.12/site-packages/airflow/example_dags/tutorial_objectstorage.py
[2024-07-24T18:14:22.305+0000] {processor.py:840} INFO - DAG(s) 'tutorial_objectstorage' retrieved from /home/airflow/.local/lib/python3.12/site-packages/airflow/example_dags/tutorial_objectstorage.py
[2024-07-24T18:14:22.331+0000] {logging_mixin.py:188} INFO - [2024-07-24T18:14:22.331+0000] {dag.py:3089} INFO - Sync 1 DAGs
[2024-07-24T18:14:22.343+0000] {logging_mixin.py:188} INFO - [2024-07-24T18:14:22.343+0000] {dag.py:3947} INFO - Setting next_dagrun for tutorial_objectstorage to None, run_after=None
[2024-07-24T18:14:22.359+0000] {processor.py:183} INFO - Processing /home/airflow/.local/lib/python3.12/site-packages/airflow/example_dags/tutorial_objectstorage.py took 0.069 seconds
[2024-07-24T18:14:52.878+0000] {processor.py:161} INFO - Started process (PID=1077) to work on /home/airflow/.local/lib/python3.12/site-packages/airflow/example_dags/tutorial_objectstorage.py
[2024-07-24T18:14:52.882+0000] {processor.py:830} INFO - Processing file /home/airflow/.local/lib/python3.12/site-packages/airflow/example_dags/tutorial_objectstorage.py for tasks to queue
[2024-07-24T18:14:52.884+0000] {logging_mixin.py:188} INFO - [2024-07-24T18:14:52.883+0000] {dagbag.py:545} INFO - Filling up the DagBag from /home/airflow/.local/lib/python3.12/site-packages/airflow/example_dags/tutorial_objectstorage.py
[2024-07-24T18:14:52.890+0000] {processor.py:840} INFO - DAG(s) 'tutorial_objectstorage' retrieved from /home/airflow/.local/lib/python3.12/site-packages/airflow/example_dags/tutorial_objectstorage.py
[2024-07-24T18:14:52.917+0000] {logging_mixin.py:188} INFO - [2024-07-24T18:14:52.916+0000] {dag.py:3089} INFO - Sync 1 DAGs
[2024-07-24T18:14:52.932+0000] {logging_mixin.py:188} INFO - [2024-07-24T18:14:52.932+0000] {dag.py:3947} INFO - Setting next_dagrun for tutorial_objectstorage to None, run_after=None
[2024-07-24T18:14:52.949+0000] {processor.py:183} INFO - Processing /home/airflow/.local/lib/python3.12/site-packages/airflow/example_dags/tutorial_objectstorage.py took 0.076 seconds
[2024-07-24T18:15:23.499+0000] {processor.py:161} INFO - Started process (PID=1135) to work on /home/airflow/.local/lib/python3.12/site-packages/airflow/example_dags/tutorial_objectstorage.py
[2024-07-24T18:15:23.505+0000] {processor.py:830} INFO - Processing file /home/airflow/.local/lib/python3.12/site-packages/airflow/example_dags/tutorial_objectstorage.py for tasks to queue
[2024-07-24T18:15:23.514+0000] {logging_mixin.py:188} INFO - [2024-07-24T18:15:23.507+0000] {dagbag.py:545} INFO - Filling up the DagBag from /home/airflow/.local/lib/python3.12/site-packages/airflow/example_dags/tutorial_objectstorage.py
[2024-07-24T18:15:23.533+0000] {processor.py:840} INFO - DAG(s) 'tutorial_objectstorage' retrieved from /home/airflow/.local/lib/python3.12/site-packages/airflow/example_dags/tutorial_objectstorage.py
[2024-07-24T18:15:23.560+0000] {logging_mixin.py:188} INFO - [2024-07-24T18:15:23.560+0000] {dag.py:3089} INFO - Sync 1 DAGs
[2024-07-24T18:15:23.578+0000] {logging_mixin.py:188} INFO - [2024-07-24T18:15:23.578+0000] {dag.py:3947} INFO - Setting next_dagrun for tutorial_objectstorage to None, run_after=None
[2024-07-24T18:15:23.597+0000] {processor.py:183} INFO - Processing /home/airflow/.local/lib/python3.12/site-packages/airflow/example_dags/tutorial_objectstorage.py took 0.103 seconds
[2024-07-24T18:15:53.951+0000] {processor.py:161} INFO - Started process (PID=1191) to work on /home/airflow/.local/lib/python3.12/site-packages/airflow/example_dags/tutorial_objectstorage.py
[2024-07-24T18:15:53.951+0000] {processor.py:830} INFO - Processing file /home/airflow/.local/lib/python3.12/site-packages/airflow/example_dags/tutorial_objectstorage.py for tasks to queue
[2024-07-24T18:15:53.953+0000] {logging_mixin.py:188} INFO - [2024-07-24T18:15:53.952+0000] {dagbag.py:545} INFO - Filling up the DagBag from /home/airflow/.local/lib/python3.12/site-packages/airflow/example_dags/tutorial_objectstorage.py
[2024-07-24T18:15:53.961+0000] {processor.py:840} INFO - DAG(s) 'tutorial_objectstorage' retrieved from /home/airflow/.local/lib/python3.12/site-packages/airflow/example_dags/tutorial_objectstorage.py
[2024-07-24T18:15:53.981+0000] {logging_mixin.py:188} INFO - [2024-07-24T18:15:53.981+0000] {dag.py:3089} INFO - Sync 1 DAGs
[2024-07-24T18:15:53.994+0000] {logging_mixin.py:188} INFO - [2024-07-24T18:15:53.994+0000] {dag.py:3947} INFO - Setting next_dagrun for tutorial_objectstorage to None, run_after=None
[2024-07-24T18:15:54.012+0000] {processor.py:183} INFO - Processing /home/airflow/.local/lib/python3.12/site-packages/airflow/example_dags/tutorial_objectstorage.py took 0.067 seconds
[2024-07-24T18:16:24.748+0000] {processor.py:161} INFO - Started process (PID=1250) to work on /home/airflow/.local/lib/python3.12/site-packages/airflow/example_dags/tutorial_objectstorage.py
[2024-07-24T18:16:24.752+0000] {processor.py:830} INFO - Processing file /home/airflow/.local/lib/python3.12/site-packages/airflow/example_dags/tutorial_objectstorage.py for tasks to queue
[2024-07-24T18:16:24.754+0000] {logging_mixin.py:188} INFO - [2024-07-24T18:16:24.754+0000] {dagbag.py:545} INFO - Filling up the DagBag from /home/airflow/.local/lib/python3.12/site-packages/airflow/example_dags/tutorial_objectstorage.py
[2024-07-24T18:16:24.775+0000] {processor.py:840} INFO - DAG(s) 'tutorial_objectstorage' retrieved from /home/airflow/.local/lib/python3.12/site-packages/airflow/example_dags/tutorial_objectstorage.py
[2024-07-24T18:16:24.854+0000] {logging_mixin.py:188} INFO - [2024-07-24T18:16:24.854+0000] {dag.py:3089} INFO - Sync 1 DAGs
[2024-07-24T18:16:24.891+0000] {logging_mixin.py:188} INFO - [2024-07-24T18:16:24.891+0000] {dag.py:3947} INFO - Setting next_dagrun for tutorial_objectstorage to None, run_after=None
[2024-07-24T18:16:24.949+0000] {processor.py:183} INFO - Processing /home/airflow/.local/lib/python3.12/site-packages/airflow/example_dags/tutorial_objectstorage.py took 0.216 seconds
