[2024-07-24T18:06:11.797+0000] {processor.py:161} INFO - Started process (PID=95) to work on /home/airflow/.local/lib/python3.12/site-packages/airflow/example_dags/tutorial.py
[2024-07-24T18:06:11.802+0000] {processor.py:830} INFO - Processing file /home/airflow/.local/lib/python3.12/site-packages/airflow/example_dags/tutorial.py for tasks to queue
[2024-07-24T18:06:11.804+0000] {logging_mixin.py:188} INFO - [2024-07-24T18:06:11.803+0000] {dagbag.py:545} INFO - Filling up the DagBag from /home/airflow/.local/lib/python3.12/site-packages/airflow/example_dags/tutorial.py
[2024-07-24T18:06:11.819+0000] {processor.py:840} INFO - DAG(s) 'tutorial' retrieved from /home/airflow/.local/lib/python3.12/site-packages/airflow/example_dags/tutorial.py
[2024-07-24T18:06:12.243+0000] {logging_mixin.py:188} INFO - [2024-07-24T18:06:12.243+0000] {dag.py:3089} INFO - Sync 1 DAGs
[2024-07-24T18:06:12.306+0000] {logging_mixin.py:188} INFO - [2024-07-24T18:06:12.306+0000] {dag.py:3947} INFO - Setting next_dagrun for tutorial to 2024-07-23 00:00:00+00:00, run_after=2024-07-24 00:00:00+00:00
[2024-07-24T18:06:12.368+0000] {processor.py:183} INFO - Processing /home/airflow/.local/lib/python3.12/site-packages/airflow/example_dags/tutorial.py took 0.588 seconds
[2024-07-24T18:06:42.827+0000] {processor.py:161} INFO - Started process (PID=153) to work on /home/airflow/.local/lib/python3.12/site-packages/airflow/example_dags/tutorial.py
[2024-07-24T18:06:42.831+0000] {processor.py:830} INFO - Processing file /home/airflow/.local/lib/python3.12/site-packages/airflow/example_dags/tutorial.py for tasks to queue
[2024-07-24T18:06:42.833+0000] {logging_mixin.py:188} INFO - [2024-07-24T18:06:42.832+0000] {dagbag.py:545} INFO - Filling up the DagBag from /home/airflow/.local/lib/python3.12/site-packages/airflow/example_dags/tutorial.py
[2024-07-24T18:06:42.838+0000] {processor.py:840} INFO - DAG(s) 'tutorial' retrieved from /home/airflow/.local/lib/python3.12/site-packages/airflow/example_dags/tutorial.py
[2024-07-24T18:06:42.857+0000] {logging_mixin.py:188} INFO - [2024-07-24T18:06:42.857+0000] {dag.py:3089} INFO - Sync 1 DAGs
[2024-07-24T18:06:42.889+0000] {logging_mixin.py:188} INFO - [2024-07-24T18:06:42.889+0000] {dag.py:3947} INFO - Setting next_dagrun for tutorial to 2024-07-23 00:00:00+00:00, run_after=2024-07-24 00:00:00+00:00
[2024-07-24T18:06:42.917+0000] {processor.py:183} INFO - Processing /home/airflow/.local/lib/python3.12/site-packages/airflow/example_dags/tutorial.py took 0.097 seconds
[2024-07-24T18:07:13.146+0000] {processor.py:161} INFO - Started process (PID=211) to work on /home/airflow/.local/lib/python3.12/site-packages/airflow/example_dags/tutorial.py
[2024-07-24T18:07:13.148+0000] {processor.py:830} INFO - Processing file /home/airflow/.local/lib/python3.12/site-packages/airflow/example_dags/tutorial.py for tasks to queue
[2024-07-24T18:07:13.150+0000] {logging_mixin.py:188} INFO - [2024-07-24T18:07:13.150+0000] {dagbag.py:545} INFO - Filling up the DagBag from /home/airflow/.local/lib/python3.12/site-packages/airflow/example_dags/tutorial.py
[2024-07-24T18:07:13.155+0000] {processor.py:840} INFO - DAG(s) 'tutorial' retrieved from /home/airflow/.local/lib/python3.12/site-packages/airflow/example_dags/tutorial.py
[2024-07-24T18:07:13.176+0000] {logging_mixin.py:188} INFO - [2024-07-24T18:07:13.175+0000] {dag.py:3089} INFO - Sync 1 DAGs
[2024-07-24T18:07:13.200+0000] {logging_mixin.py:188} INFO - [2024-07-24T18:07:13.200+0000] {dag.py:3947} INFO - Setting next_dagrun for tutorial to 2024-07-23 00:00:00+00:00, run_after=2024-07-24 00:00:00+00:00
[2024-07-24T18:07:13.220+0000] {processor.py:183} INFO - Processing /home/airflow/.local/lib/python3.12/site-packages/airflow/example_dags/tutorial.py took 0.080 seconds
[2024-07-24T18:07:43.479+0000] {processor.py:161} INFO - Started process (PID=269) to work on /home/airflow/.local/lib/python3.12/site-packages/airflow/example_dags/tutorial.py
[2024-07-24T18:07:43.480+0000] {processor.py:830} INFO - Processing file /home/airflow/.local/lib/python3.12/site-packages/airflow/example_dags/tutorial.py for tasks to queue
[2024-07-24T18:07:43.481+0000] {logging_mixin.py:188} INFO - [2024-07-24T18:07:43.481+0000] {dagbag.py:545} INFO - Filling up the DagBag from /home/airflow/.local/lib/python3.12/site-packages/airflow/example_dags/tutorial.py
[2024-07-24T18:07:43.487+0000] {processor.py:840} INFO - DAG(s) 'tutorial' retrieved from /home/airflow/.local/lib/python3.12/site-packages/airflow/example_dags/tutorial.py
[2024-07-24T18:07:43.508+0000] {logging_mixin.py:188} INFO - [2024-07-24T18:07:43.507+0000] {dag.py:3089} INFO - Sync 1 DAGs
[2024-07-24T18:07:43.534+0000] {logging_mixin.py:188} INFO - [2024-07-24T18:07:43.533+0000] {dag.py:3947} INFO - Setting next_dagrun for tutorial to 2024-07-23 00:00:00+00:00, run_after=2024-07-24 00:00:00+00:00
[2024-07-24T18:07:43.559+0000] {processor.py:183} INFO - Processing /home/airflow/.local/lib/python3.12/site-packages/airflow/example_dags/tutorial.py took 0.084 seconds
[2024-07-24T18:08:13.886+0000] {processor.py:161} INFO - Started process (PID=326) to work on /home/airflow/.local/lib/python3.12/site-packages/airflow/example_dags/tutorial.py
[2024-07-24T18:08:13.887+0000] {processor.py:830} INFO - Processing file /home/airflow/.local/lib/python3.12/site-packages/airflow/example_dags/tutorial.py for tasks to queue
[2024-07-24T18:08:13.888+0000] {logging_mixin.py:188} INFO - [2024-07-24T18:08:13.888+0000] {dagbag.py:545} INFO - Filling up the DagBag from /home/airflow/.local/lib/python3.12/site-packages/airflow/example_dags/tutorial.py
[2024-07-24T18:08:13.893+0000] {processor.py:840} INFO - DAG(s) 'tutorial' retrieved from /home/airflow/.local/lib/python3.12/site-packages/airflow/example_dags/tutorial.py
[2024-07-24T18:08:13.916+0000] {logging_mixin.py:188} INFO - [2024-07-24T18:08:13.915+0000] {dag.py:3089} INFO - Sync 1 DAGs
[2024-07-24T18:08:13.938+0000] {logging_mixin.py:188} INFO - [2024-07-24T18:08:13.938+0000] {dag.py:3947} INFO - Setting next_dagrun for tutorial to 2024-07-23 00:00:00+00:00, run_after=2024-07-24 00:00:00+00:00
[2024-07-24T18:08:13.956+0000] {processor.py:183} INFO - Processing /home/airflow/.local/lib/python3.12/site-packages/airflow/example_dags/tutorial.py took 0.077 seconds
[2024-07-24T18:08:44.185+0000] {processor.py:161} INFO - Started process (PID=384) to work on /home/airflow/.local/lib/python3.12/site-packages/airflow/example_dags/tutorial.py
[2024-07-24T18:08:44.186+0000] {processor.py:830} INFO - Processing file /home/airflow/.local/lib/python3.12/site-packages/airflow/example_dags/tutorial.py for tasks to queue
[2024-07-24T18:08:44.189+0000] {logging_mixin.py:188} INFO - [2024-07-24T18:08:44.189+0000] {dagbag.py:545} INFO - Filling up the DagBag from /home/airflow/.local/lib/python3.12/site-packages/airflow/example_dags/tutorial.py
[2024-07-24T18:08:44.194+0000] {processor.py:840} INFO - DAG(s) 'tutorial' retrieved from /home/airflow/.local/lib/python3.12/site-packages/airflow/example_dags/tutorial.py
[2024-07-24T18:08:44.214+0000] {logging_mixin.py:188} INFO - [2024-07-24T18:08:44.213+0000] {dag.py:3089} INFO - Sync 1 DAGs
[2024-07-24T18:08:44.238+0000] {logging_mixin.py:188} INFO - [2024-07-24T18:08:44.237+0000] {dag.py:3947} INFO - Setting next_dagrun for tutorial to 2024-07-23 00:00:00+00:00, run_after=2024-07-24 00:00:00+00:00
[2024-07-24T18:08:44.256+0000] {processor.py:183} INFO - Processing /home/airflow/.local/lib/python3.12/site-packages/airflow/example_dags/tutorial.py took 0.076 seconds
[2024-07-24T18:09:14.350+0000] {processor.py:161} INFO - Started process (PID=442) to work on /home/airflow/.local/lib/python3.12/site-packages/airflow/example_dags/tutorial.py
[2024-07-24T18:09:14.351+0000] {processor.py:830} INFO - Processing file /home/airflow/.local/lib/python3.12/site-packages/airflow/example_dags/tutorial.py for tasks to queue
[2024-07-24T18:09:14.353+0000] {logging_mixin.py:188} INFO - [2024-07-24T18:09:14.353+0000] {dagbag.py:545} INFO - Filling up the DagBag from /home/airflow/.local/lib/python3.12/site-packages/airflow/example_dags/tutorial.py
[2024-07-24T18:09:14.359+0000] {processor.py:840} INFO - DAG(s) 'tutorial' retrieved from /home/airflow/.local/lib/python3.12/site-packages/airflow/example_dags/tutorial.py
[2024-07-24T18:09:14.379+0000] {logging_mixin.py:188} INFO - [2024-07-24T18:09:14.379+0000] {dag.py:3089} INFO - Sync 1 DAGs
[2024-07-24T18:09:14.403+0000] {logging_mixin.py:188} INFO - [2024-07-24T18:09:14.403+0000] {dag.py:3947} INFO - Setting next_dagrun for tutorial to 2024-07-23 00:00:00+00:00, run_after=2024-07-24 00:00:00+00:00
[2024-07-24T18:09:14.424+0000] {processor.py:183} INFO - Processing /home/airflow/.local/lib/python3.12/site-packages/airflow/example_dags/tutorial.py took 0.081 seconds
[2024-07-24T18:09:44.971+0000] {processor.py:161} INFO - Started process (PID=500) to work on /home/airflow/.local/lib/python3.12/site-packages/airflow/example_dags/tutorial.py
[2024-07-24T18:09:44.971+0000] {processor.py:830} INFO - Processing file /home/airflow/.local/lib/python3.12/site-packages/airflow/example_dags/tutorial.py for tasks to queue
[2024-07-24T18:09:44.974+0000] {logging_mixin.py:188} INFO - [2024-07-24T18:09:44.972+0000] {dagbag.py:545} INFO - Filling up the DagBag from /home/airflow/.local/lib/python3.12/site-packages/airflow/example_dags/tutorial.py
[2024-07-24T18:09:44.979+0000] {processor.py:840} INFO - DAG(s) 'tutorial' retrieved from /home/airflow/.local/lib/python3.12/site-packages/airflow/example_dags/tutorial.py
[2024-07-24T18:09:44.999+0000] {logging_mixin.py:188} INFO - [2024-07-24T18:09:44.999+0000] {dag.py:3089} INFO - Sync 1 DAGs
[2024-07-24T18:09:45.021+0000] {logging_mixin.py:188} INFO - [2024-07-24T18:09:45.021+0000] {dag.py:3947} INFO - Setting next_dagrun for tutorial to 2024-07-23 00:00:00+00:00, run_after=2024-07-24 00:00:00+00:00
[2024-07-24T18:09:45.039+0000] {processor.py:183} INFO - Processing /home/airflow/.local/lib/python3.12/site-packages/airflow/example_dags/tutorial.py took 0.073 seconds
[2024-07-24T18:10:15.269+0000] {processor.py:161} INFO - Started process (PID=558) to work on /home/airflow/.local/lib/python3.12/site-packages/airflow/example_dags/tutorial.py
[2024-07-24T18:10:15.270+0000] {processor.py:830} INFO - Processing file /home/airflow/.local/lib/python3.12/site-packages/airflow/example_dags/tutorial.py for tasks to queue
[2024-07-24T18:10:15.272+0000] {logging_mixin.py:188} INFO - [2024-07-24T18:10:15.272+0000] {dagbag.py:545} INFO - Filling up the DagBag from /home/airflow/.local/lib/python3.12/site-packages/airflow/example_dags/tutorial.py
[2024-07-24T18:10:15.278+0000] {processor.py:840} INFO - DAG(s) 'tutorial' retrieved from /home/airflow/.local/lib/python3.12/site-packages/airflow/example_dags/tutorial.py
[2024-07-24T18:10:15.300+0000] {logging_mixin.py:188} INFO - [2024-07-24T18:10:15.300+0000] {dag.py:3089} INFO - Sync 1 DAGs
[2024-07-24T18:10:15.320+0000] {logging_mixin.py:188} INFO - [2024-07-24T18:10:15.320+0000] {dag.py:3947} INFO - Setting next_dagrun for tutorial to 2024-07-23 00:00:00+00:00, run_after=2024-07-24 00:00:00+00:00
[2024-07-24T18:10:15.347+0000] {processor.py:183} INFO - Processing /home/airflow/.local/lib/python3.12/site-packages/airflow/example_dags/tutorial.py took 0.085 seconds
[2024-07-24T18:10:46.358+0000] {processor.py:161} INFO - Started process (PID=616) to work on /home/airflow/.local/lib/python3.12/site-packages/airflow/example_dags/tutorial.py
[2024-07-24T18:10:46.360+0000] {processor.py:830} INFO - Processing file /home/airflow/.local/lib/python3.12/site-packages/airflow/example_dags/tutorial.py for tasks to queue
[2024-07-24T18:10:46.361+0000] {logging_mixin.py:188} INFO - [2024-07-24T18:10:46.361+0000] {dagbag.py:545} INFO - Filling up the DagBag from /home/airflow/.local/lib/python3.12/site-packages/airflow/example_dags/tutorial.py
[2024-07-24T18:10:46.366+0000] {processor.py:840} INFO - DAG(s) 'tutorial' retrieved from /home/airflow/.local/lib/python3.12/site-packages/airflow/example_dags/tutorial.py
[2024-07-24T18:10:46.391+0000] {logging_mixin.py:188} INFO - [2024-07-24T18:10:46.391+0000] {dag.py:3089} INFO - Sync 1 DAGs
[2024-07-24T18:10:46.412+0000] {logging_mixin.py:188} INFO - [2024-07-24T18:10:46.412+0000] {dag.py:3947} INFO - Setting next_dagrun for tutorial to 2024-07-23 00:00:00+00:00, run_after=2024-07-24 00:00:00+00:00
[2024-07-24T18:10:46.429+0000] {processor.py:183} INFO - Processing /home/airflow/.local/lib/python3.12/site-packages/airflow/example_dags/tutorial.py took 0.076 seconds
[2024-07-24T18:11:16.912+0000] {processor.py:161} INFO - Started process (PID=673) to work on /home/airflow/.local/lib/python3.12/site-packages/airflow/example_dags/tutorial.py
[2024-07-24T18:11:16.914+0000] {processor.py:830} INFO - Processing file /home/airflow/.local/lib/python3.12/site-packages/airflow/example_dags/tutorial.py for tasks to queue
[2024-07-24T18:11:16.916+0000] {logging_mixin.py:188} INFO - [2024-07-24T18:11:16.916+0000] {dagbag.py:545} INFO - Filling up the DagBag from /home/airflow/.local/lib/python3.12/site-packages/airflow/example_dags/tutorial.py
[2024-07-24T18:11:16.922+0000] {processor.py:840} INFO - DAG(s) 'tutorial' retrieved from /home/airflow/.local/lib/python3.12/site-packages/airflow/example_dags/tutorial.py
[2024-07-24T18:11:16.952+0000] {logging_mixin.py:188} INFO - [2024-07-24T18:11:16.951+0000] {dag.py:3089} INFO - Sync 1 DAGs
[2024-07-24T18:11:16.978+0000] {logging_mixin.py:188} INFO - [2024-07-24T18:11:16.978+0000] {dag.py:3947} INFO - Setting next_dagrun for tutorial to 2024-07-23 00:00:00+00:00, run_after=2024-07-24 00:00:00+00:00
[2024-07-24T18:11:16.997+0000] {processor.py:183} INFO - Processing /home/airflow/.local/lib/python3.12/site-packages/airflow/example_dags/tutorial.py took 0.092 seconds
[2024-07-24T18:11:47.345+0000] {processor.py:161} INFO - Started process (PID=731) to work on /home/airflow/.local/lib/python3.12/site-packages/airflow/example_dags/tutorial.py
[2024-07-24T18:11:47.348+0000] {processor.py:830} INFO - Processing file /home/airflow/.local/lib/python3.12/site-packages/airflow/example_dags/tutorial.py for tasks to queue
[2024-07-24T18:11:47.349+0000] {logging_mixin.py:188} INFO - [2024-07-24T18:11:47.349+0000] {dagbag.py:545} INFO - Filling up the DagBag from /home/airflow/.local/lib/python3.12/site-packages/airflow/example_dags/tutorial.py
[2024-07-24T18:11:47.354+0000] {processor.py:840} INFO - DAG(s) 'tutorial' retrieved from /home/airflow/.local/lib/python3.12/site-packages/airflow/example_dags/tutorial.py
[2024-07-24T18:11:47.377+0000] {logging_mixin.py:188} INFO - [2024-07-24T18:11:47.376+0000] {dag.py:3089} INFO - Sync 1 DAGs
[2024-07-24T18:11:47.399+0000] {logging_mixin.py:188} INFO - [2024-07-24T18:11:47.399+0000] {dag.py:3947} INFO - Setting next_dagrun for tutorial to 2024-07-23 00:00:00+00:00, run_after=2024-07-24 00:00:00+00:00
[2024-07-24T18:11:47.422+0000] {processor.py:183} INFO - Processing /home/airflow/.local/lib/python3.12/site-packages/airflow/example_dags/tutorial.py took 0.082 seconds
[2024-07-24T18:12:17.926+0000] {processor.py:161} INFO - Started process (PID=795) to work on /home/airflow/.local/lib/python3.12/site-packages/airflow/example_dags/tutorial.py
[2024-07-24T18:12:17.932+0000] {processor.py:830} INFO - Processing file /home/airflow/.local/lib/python3.12/site-packages/airflow/example_dags/tutorial.py for tasks to queue
[2024-07-24T18:12:17.934+0000] {logging_mixin.py:188} INFO - [2024-07-24T18:12:17.933+0000] {dagbag.py:545} INFO - Filling up the DagBag from /home/airflow/.local/lib/python3.12/site-packages/airflow/example_dags/tutorial.py
[2024-07-24T18:12:17.949+0000] {processor.py:840} INFO - DAG(s) 'tutorial' retrieved from /home/airflow/.local/lib/python3.12/site-packages/airflow/example_dags/tutorial.py
[2024-07-24T18:12:17.981+0000] {logging_mixin.py:188} INFO - [2024-07-24T18:12:17.981+0000] {dag.py:3089} INFO - Sync 1 DAGs
[2024-07-24T18:12:18.005+0000] {logging_mixin.py:188} INFO - [2024-07-24T18:12:18.004+0000] {dag.py:3947} INFO - Setting next_dagrun for tutorial to 2024-07-23 00:00:00+00:00, run_after=2024-07-24 00:00:00+00:00
[2024-07-24T18:12:18.024+0000] {processor.py:183} INFO - Processing /home/airflow/.local/lib/python3.12/site-packages/airflow/example_dags/tutorial.py took 0.104 seconds
[2024-07-24T18:12:48.817+0000] {processor.py:161} INFO - Started process (PID=853) to work on /home/airflow/.local/lib/python3.12/site-packages/airflow/example_dags/tutorial.py
[2024-07-24T18:12:48.818+0000] {processor.py:830} INFO - Processing file /home/airflow/.local/lib/python3.12/site-packages/airflow/example_dags/tutorial.py for tasks to queue
[2024-07-24T18:12:48.819+0000] {logging_mixin.py:188} INFO - [2024-07-24T18:12:48.819+0000] {dagbag.py:545} INFO - Filling up the DagBag from /home/airflow/.local/lib/python3.12/site-packages/airflow/example_dags/tutorial.py
[2024-07-24T18:12:48.824+0000] {processor.py:840} INFO - DAG(s) 'tutorial' retrieved from /home/airflow/.local/lib/python3.12/site-packages/airflow/example_dags/tutorial.py
[2024-07-24T18:12:48.847+0000] {logging_mixin.py:188} INFO - [2024-07-24T18:12:48.847+0000] {dag.py:3089} INFO - Sync 1 DAGs
[2024-07-24T18:12:48.874+0000] {logging_mixin.py:188} INFO - [2024-07-24T18:12:48.873+0000] {dag.py:3947} INFO - Setting next_dagrun for tutorial to 2024-07-23 00:00:00+00:00, run_after=2024-07-24 00:00:00+00:00
[2024-07-24T18:12:48.893+0000] {processor.py:183} INFO - Processing /home/airflow/.local/lib/python3.12/site-packages/airflow/example_dags/tutorial.py took 0.082 seconds
[2024-07-24T18:13:19.789+0000] {processor.py:161} INFO - Started process (PID=911) to work on /home/airflow/.local/lib/python3.12/site-packages/airflow/example_dags/tutorial.py
[2024-07-24T18:13:19.791+0000] {processor.py:830} INFO - Processing file /home/airflow/.local/lib/python3.12/site-packages/airflow/example_dags/tutorial.py for tasks to queue
[2024-07-24T18:13:19.793+0000] {logging_mixin.py:188} INFO - [2024-07-24T18:13:19.793+0000] {dagbag.py:545} INFO - Filling up the DagBag from /home/airflow/.local/lib/python3.12/site-packages/airflow/example_dags/tutorial.py
[2024-07-24T18:13:19.798+0000] {processor.py:840} INFO - DAG(s) 'tutorial' retrieved from /home/airflow/.local/lib/python3.12/site-packages/airflow/example_dags/tutorial.py
[2024-07-24T18:13:19.819+0000] {logging_mixin.py:188} INFO - [2024-07-24T18:13:19.818+0000] {dag.py:3089} INFO - Sync 1 DAGs
[2024-07-24T18:13:19.852+0000] {logging_mixin.py:188} INFO - [2024-07-24T18:13:19.852+0000] {dag.py:3947} INFO - Setting next_dagrun for tutorial to 2024-07-23 00:00:00+00:00, run_after=2024-07-24 00:00:00+00:00
[2024-07-24T18:13:19.880+0000] {processor.py:183} INFO - Processing /home/airflow/.local/lib/python3.12/site-packages/airflow/example_dags/tutorial.py took 0.097 seconds
[2024-07-24T18:13:52.372+0000] {processor.py:161} INFO - Started process (PID=969) to work on /home/airflow/.local/lib/python3.12/site-packages/airflow/example_dags/tutorial.py
[2024-07-24T18:13:52.375+0000] {processor.py:830} INFO - Processing file /home/airflow/.local/lib/python3.12/site-packages/airflow/example_dags/tutorial.py for tasks to queue
[2024-07-24T18:13:52.376+0000] {logging_mixin.py:188} INFO - [2024-07-24T18:13:52.376+0000] {dagbag.py:545} INFO - Filling up the DagBag from /home/airflow/.local/lib/python3.12/site-packages/airflow/example_dags/tutorial.py
[2024-07-24T18:13:52.381+0000] {processor.py:840} INFO - DAG(s) 'tutorial' retrieved from /home/airflow/.local/lib/python3.12/site-packages/airflow/example_dags/tutorial.py
[2024-07-24T18:13:52.403+0000] {logging_mixin.py:188} INFO - [2024-07-24T18:13:52.403+0000] {dag.py:3089} INFO - Sync 1 DAGs
[2024-07-24T18:13:52.425+0000] {logging_mixin.py:188} INFO - [2024-07-24T18:13:52.425+0000] {dag.py:3947} INFO - Setting next_dagrun for tutorial to 2024-07-23 00:00:00+00:00, run_after=2024-07-24 00:00:00+00:00
[2024-07-24T18:13:52.447+0000] {processor.py:183} INFO - Processing /home/airflow/.local/lib/python3.12/site-packages/airflow/example_dags/tutorial.py took 0.084 seconds
[2024-07-24T18:14:22.952+0000] {processor.py:161} INFO - Started process (PID=1026) to work on /home/airflow/.local/lib/python3.12/site-packages/airflow/example_dags/tutorial.py
[2024-07-24T18:14:22.953+0000] {processor.py:830} INFO - Processing file /home/airflow/.local/lib/python3.12/site-packages/airflow/example_dags/tutorial.py for tasks to queue
[2024-07-24T18:14:22.955+0000] {logging_mixin.py:188} INFO - [2024-07-24T18:14:22.954+0000] {dagbag.py:545} INFO - Filling up the DagBag from /home/airflow/.local/lib/python3.12/site-packages/airflow/example_dags/tutorial.py
[2024-07-24T18:14:22.962+0000] {processor.py:840} INFO - DAG(s) 'tutorial' retrieved from /home/airflow/.local/lib/python3.12/site-packages/airflow/example_dags/tutorial.py
[2024-07-24T18:14:22.981+0000] {logging_mixin.py:188} INFO - [2024-07-24T18:14:22.981+0000] {dag.py:3089} INFO - Sync 1 DAGs
[2024-07-24T18:14:23.004+0000] {logging_mixin.py:188} INFO - [2024-07-24T18:14:23.003+0000] {dag.py:3947} INFO - Setting next_dagrun for tutorial to 2024-07-23 00:00:00+00:00, run_after=2024-07-24 00:00:00+00:00
[2024-07-24T18:14:23.032+0000] {processor.py:183} INFO - Processing /home/airflow/.local/lib/python3.12/site-packages/airflow/example_dags/tutorial.py took 0.088 seconds
[2024-07-24T18:14:53.524+0000] {processor.py:161} INFO - Started process (PID=1084) to work on /home/airflow/.local/lib/python3.12/site-packages/airflow/example_dags/tutorial.py
[2024-07-24T18:14:53.526+0000] {processor.py:830} INFO - Processing file /home/airflow/.local/lib/python3.12/site-packages/airflow/example_dags/tutorial.py for tasks to queue
[2024-07-24T18:14:53.527+0000] {logging_mixin.py:188} INFO - [2024-07-24T18:14:53.527+0000] {dagbag.py:545} INFO - Filling up the DagBag from /home/airflow/.local/lib/python3.12/site-packages/airflow/example_dags/tutorial.py
[2024-07-24T18:14:53.532+0000] {processor.py:840} INFO - DAG(s) 'tutorial' retrieved from /home/airflow/.local/lib/python3.12/site-packages/airflow/example_dags/tutorial.py
[2024-07-24T18:14:53.554+0000] {logging_mixin.py:188} INFO - [2024-07-24T18:14:53.554+0000] {dag.py:3089} INFO - Sync 1 DAGs
[2024-07-24T18:14:53.579+0000] {logging_mixin.py:188} INFO - [2024-07-24T18:14:53.578+0000] {dag.py:3947} INFO - Setting next_dagrun for tutorial to 2024-07-23 00:00:00+00:00, run_after=2024-07-24 00:00:00+00:00
[2024-07-24T18:14:53.598+0000] {processor.py:183} INFO - Processing /home/airflow/.local/lib/python3.12/site-packages/airflow/example_dags/tutorial.py took 0.081 seconds
[2024-07-24T18:15:24.154+0000] {processor.py:161} INFO - Started process (PID=1142) to work on /home/airflow/.local/lib/python3.12/site-packages/airflow/example_dags/tutorial.py
[2024-07-24T18:15:24.156+0000] {processor.py:830} INFO - Processing file /home/airflow/.local/lib/python3.12/site-packages/airflow/example_dags/tutorial.py for tasks to queue
[2024-07-24T18:15:24.158+0000] {logging_mixin.py:188} INFO - [2024-07-24T18:15:24.158+0000] {dagbag.py:545} INFO - Filling up the DagBag from /home/airflow/.local/lib/python3.12/site-packages/airflow/example_dags/tutorial.py
[2024-07-24T18:15:24.163+0000] {processor.py:840} INFO - DAG(s) 'tutorial' retrieved from /home/airflow/.local/lib/python3.12/site-packages/airflow/example_dags/tutorial.py
[2024-07-24T18:15:24.185+0000] {logging_mixin.py:188} INFO - [2024-07-24T18:15:24.185+0000] {dag.py:3089} INFO - Sync 1 DAGs
[2024-07-24T18:15:24.207+0000] {logging_mixin.py:188} INFO - [2024-07-24T18:15:24.207+0000] {dag.py:3947} INFO - Setting next_dagrun for tutorial to 2024-07-23 00:00:00+00:00, run_after=2024-07-24 00:00:00+00:00
[2024-07-24T18:15:24.226+0000] {processor.py:183} INFO - Processing /home/airflow/.local/lib/python3.12/site-packages/airflow/example_dags/tutorial.py took 0.078 seconds
[2024-07-24T18:15:54.644+0000] {processor.py:161} INFO - Started process (PID=1199) to work on /home/airflow/.local/lib/python3.12/site-packages/airflow/example_dags/tutorial.py
[2024-07-24T18:15:54.645+0000] {processor.py:830} INFO - Processing file /home/airflow/.local/lib/python3.12/site-packages/airflow/example_dags/tutorial.py for tasks to queue
[2024-07-24T18:15:54.646+0000] {logging_mixin.py:188} INFO - [2024-07-24T18:15:54.646+0000] {dagbag.py:545} INFO - Filling up the DagBag from /home/airflow/.local/lib/python3.12/site-packages/airflow/example_dags/tutorial.py
[2024-07-24T18:15:54.653+0000] {processor.py:840} INFO - DAG(s) 'tutorial' retrieved from /home/airflow/.local/lib/python3.12/site-packages/airflow/example_dags/tutorial.py
[2024-07-24T18:15:54.672+0000] {logging_mixin.py:188} INFO - [2024-07-24T18:15:54.672+0000] {dag.py:3089} INFO - Sync 1 DAGs
[2024-07-24T18:15:54.695+0000] {logging_mixin.py:188} INFO - [2024-07-24T18:15:54.695+0000] {dag.py:3947} INFO - Setting next_dagrun for tutorial to 2024-07-23 00:00:00+00:00, run_after=2024-07-24 00:00:00+00:00
[2024-07-24T18:15:54.714+0000] {processor.py:183} INFO - Processing /home/airflow/.local/lib/python3.12/site-packages/airflow/example_dags/tutorial.py took 0.078 seconds
[2024-07-24T18:16:26.440+0000] {processor.py:161} INFO - Started process (PID=1257) to work on /home/airflow/.local/lib/python3.12/site-packages/airflow/example_dags/tutorial.py
[2024-07-24T18:16:26.441+0000] {processor.py:830} INFO - Processing file /home/airflow/.local/lib/python3.12/site-packages/airflow/example_dags/tutorial.py for tasks to queue
[2024-07-24T18:16:26.443+0000] {logging_mixin.py:188} INFO - [2024-07-24T18:16:26.443+0000] {dagbag.py:545} INFO - Filling up the DagBag from /home/airflow/.local/lib/python3.12/site-packages/airflow/example_dags/tutorial.py
[2024-07-24T18:16:26.448+0000] {processor.py:840} INFO - DAG(s) 'tutorial' retrieved from /home/airflow/.local/lib/python3.12/site-packages/airflow/example_dags/tutorial.py
[2024-07-24T18:16:26.468+0000] {logging_mixin.py:188} INFO - [2024-07-24T18:16:26.468+0000] {dag.py:3089} INFO - Sync 1 DAGs
[2024-07-24T18:16:26.494+0000] {logging_mixin.py:188} INFO - [2024-07-24T18:16:26.493+0000] {dag.py:3947} INFO - Setting next_dagrun for tutorial to 2024-07-23 00:00:00+00:00, run_after=2024-07-24 00:00:00+00:00
[2024-07-24T18:16:26.511+0000] {processor.py:183} INFO - Processing /home/airflow/.local/lib/python3.12/site-packages/airflow/example_dags/tutorial.py took 0.079 seconds
